This is pdfTeX, Version 3.141592653-2.6-1.40.25 (TeX Live 2023/Debian) (preloaded format=pdflatex 2025.5.10)  7 JUL 2025 18:35
entering extended mode
 restricted \write18 enabled.
 %&-line parsing enabled.
**refman.tex
(./refman.tex
LaTeX2e <2023-11-01> patch level 1
L3 programming layer <2024-01-22>
(/usr/share/texlive/texmf-dist/tex/latex/base/book.cls
Document Class: book 2023/05/17 v1.4n Standard LaTeX document class
(/usr/share/texlive/texmf-dist/tex/latex/base/bk10.clo
File: bk10.clo 2023/05/17 v1.4n Standard LaTeX file (size option)
)
\c@part=\count187
\c@chapter=\count188
\c@section=\count189
\c@subsection=\count190
\c@subsubsection=\count191
\c@paragraph=\count192
\c@subparagraph=\count193
\c@figure=\count194
\c@table=\count195
\abovecaptionskip=\skip48
\belowcaptionskip=\skip49
\bibindent=\dimen140
)
(/usr/share/texlive/texmf-dist/tex/latex/base/ifthen.sty
Package: ifthen 2022/04/13 v1.1d Standard LaTeX ifthen package (DPC)
)
(/usr/share/texlive/texmf-dist/tex/latex/tools/array.sty
Rollback for package 'array' requested -> date 2016-10-06.
         Best approximation is the release introduced on 2016-10-06.

(/usr/share/texlive/texmf-dist/tex/latex/tools/array-2016-10-06.sty
Package: array 2016/10/06 v2.4d Tabular extension package (FMi)
\col@sep=\dimen141
\extrarowheight=\dimen142
\NC@list=\toks17
\extratabsurround=\skip50
\backup@length=\skip51
))
(/usr/share/texlive/texmf-dist/tex/generic/infwarerr/infwarerr.sty
package info suppressed
)
(./doxygen.sty
Package: doxygen 
 (/usr/share/texlive/texmf-dist/tex/latex/base/alltt.sty
Package: alltt 2021/01/29 v2.0g defines alltt environment
)
(/usr/share/texlive/texmf-dist/tex/latex/tools/calc.sty
Package: calc 2023/07/08 v4.3 Infix arithmetic (KKT,FJ)
\calc@Acount=\count196
\calc@Bcount=\count197
\calc@Adimen=\dimen143
\calc@Bdimen=\dimen144
\calc@Askip=\skip52
\calc@Bskip=\skip53
LaTeX Info: Redefining \setlength on input line 80.
LaTeX Info: Redefining \addtolength on input line 81.
\calc@Ccount=\count198
\calc@Cskip=\skip54
)
(/usr/share/texlive/texmf-dist/tex/latex/float/float.sty
Package: float 2001/11/08 v1.3d Float enhancements (AL)
\c@float@type=\count199
\float@exts=\toks18
\float@box=\box51
\@float@everytoks=\toks19
\@floatcapt=\box52
)
(/usr/share/texlive/texmf-dist/tex/latex/tools/verbatim.sty
Package: verbatim 2023-11-06 v1.5v LaTeX2e package for verbatim enhancements
\every@verbatim=\toks20
\verbatim@line=\toks21
\verbatim@in@stream=\read2
)
(/usr/share/texlive/texmf-dist/tex/latex/xcolor/xcolor.sty
Package: xcolor 2023/11/15 v3.01 LaTeX color extensions (UK)

(/usr/share/texlive/texmf-dist/tex/latex/graphics-cfg/color.cfg
File: color.cfg 2016/01/02 v1.6 sample color configuration
)
Package xcolor Info: Driver file: pdftex.def on input line 274.

(/usr/share/texlive/texmf-dist/tex/latex/graphics-def/pdftex.def
File: pdftex.def 2022/09/22 v1.2b Graphics/color driver for pdftex
)
(/usr/share/texlive/texmf-dist/tex/latex/graphics/mathcolor.ltx)
Package xcolor Info: Model `cmy' substituted by `cmy0' on input line 1350.
Package xcolor Info: Model `hsb' substituted by `rgb' on input line 1354.
Package xcolor Info: Model `RGB' extended on input line 1366.
Package xcolor Info: Model `HTML' substituted by `rgb' on input line 1368.
Package xcolor Info: Model `Hsb' substituted by `hsb' on input line 1369.
Package xcolor Info: Model `tHsb' substituted by `hsb' on input line 1370.
Package xcolor Info: Model `HSB' substituted by `hsb' on input line 1371.
Package xcolor Info: Model `Gray' substituted by `gray' on input line 1372.
Package xcolor Info: Model `wave' substituted by `hsb' on input line 1373.
)
(/usr/share/texlive/texmf-dist/tex/latex/colortbl/colortbl.sty
Package: colortbl 2022/06/20 v1.0f Color table columns (DPC)
\everycr=\toks22
\minrowclearance=\skip55
\rownum=\count266
)
(./longtable_doxygen.sty
Package: longtable_doxygen 2014/10/28 v4.11 Multi-page Table package (DPC) - fr
ozen version for doxygen
\LTleft=\skip56
\LTright=\skip57
\LTpre=\skip58
\LTpost=\skip59
\LTchunksize=\count267
\LTcapwidth=\dimen145
\LT@head=\box53
\LT@firsthead=\box54
\LT@foot=\box55
\LT@lastfoot=\box56
\LT@cols=\count268
\LT@rows=\count269
\c@LT@tables=\count270
\c@LT@chunks=\count271
\LT@p@ftn=\toks23
) (./tabu_doxygen.sty
Package: tabu_doxygen 2011/02/26 v2.8 - flexible LaTeX tabulars (FC), frozen ve
rsion for doxygen

(/usr/share/texlive/texmf-dist/tex/latex/varwidth/varwidth.sty
Package: varwidth 2009/03/30 ver 0.92;  Variable-width minipages
\@vwid@box=\box57
\sift@deathcycles=\count272
\@vwid@loff=\dimen146
\@vwid@roff=\dimen147
)
\c@taburow=\count273
\tabu@nbcols=\count274
\tabu@cnt=\count275
\tabu@Xcol=\count276
\tabu@alloc=\count277
\tabu@nested=\count278
\tabu@target=\dimen148
\tabu@spreadtarget=\dimen149
\tabu@naturalX=\dimen150
\tabucolX=\dimen151
\tabu@Xsum=\dimen152
\extrarowdepth=\dimen153
\abovetabulinesep=\dimen154
\belowtabulinesep=\dimen155
\tabustrutrule=\dimen156
\tabu@thebody=\toks24
\tabu@footnotes=\toks25
\tabu@box=\box58
\tabu@arstrutbox=\box59
\tabu@hleads=\box60
\tabu@vleads=\box61
\tabu@cellskip=\skip60
)
(/usr/share/texlive/texmf-dist/tex/latex/fancyvrb/fancyvrb.sty
Package: fancyvrb 2024/01/20 4.5c verbatim text (tvz,hv)

(/usr/share/texlive/texmf-dist/tex/latex/graphics/keyval.sty
Package: keyval 2022/05/29 v1.15 key=value parser (DPC)
\KV@toks@=\toks26
)
\FV@CodeLineNo=\count279
\FV@InFile=\read3
\FV@TabBox=\box62
\c@FancyVerbLine=\count280
\FV@StepNumber=\count281
\FV@OutFile=\write3
)
(/usr/share/texlive/texmf-dist/tex/latex/tools/tabularx.sty
Package: tabularx 2023/07/08 v2.11c `tabularx' package (DPC)
\TX@col@width=\dimen157
\TX@old@table=\dimen158
\TX@old@col=\dimen159
\TX@target=\dimen160
\TX@delta=\dimen161
\TX@cols=\count282
\TX@ftn=\toks27
)
(/usr/share/texlive/texmf-dist/tex/latex/tools/multicol.sty
Package: multicol 2023/03/30 v1.9f multicolumn formatting (FMi)
\c@tracingmulticols=\count283
\mult@box=\box63
\multicol@leftmargin=\dimen162
\c@unbalance=\count284
\c@collectmore=\count285
\doublecol@number=\count286
\multicoltolerance=\count287
\multicolpretolerance=\count288
\full@width=\dimen163
\page@free=\dimen164
\premulticols=\dimen165
\postmulticols=\dimen166
\multicolsep=\skip61
\multicolbaselineskip=\skip62
\partial@page=\box64
\last@line=\box65
\mc@boxedresult=\box66
\maxbalancingoverflow=\dimen167
\mult@rightbox=\box67
\mult@grightbox=\box68
\mult@firstbox=\box69
\mult@gfirstbox=\box70
\@tempa=\box71
\@tempa=\box72
\@tempa=\box73
\@tempa=\box74
\@tempa=\box75
\@tempa=\box76
\@tempa=\box77
\@tempa=\box78
\@tempa=\box79
\@tempa=\box80
\@tempa=\box81
\@tempa=\box82
\@tempa=\box83
\@tempa=\box84
\@tempa=\box85
\@tempa=\box86
\@tempa=\box87
\@tempa=\box88
\@tempa=\box89
\@tempa=\box90
\@tempa=\box91
\@tempa=\box92
\@tempa=\box93
\@tempa=\box94
\@tempa=\box95
\@tempa=\box96
\@tempa=\box97
\@tempa=\box98
\@tempa=\box99
\@tempa=\box100
\@tempa=\box101
\@tempa=\box102
\@tempa=\box103
\@tempa=\box104
\@tempa=\box105
\@tempa=\box106
\c@minrows=\count289
\c@columnbadness=\count290
\c@finalcolumnbadness=\count291
\last@try=\dimen168
\multicolovershoot=\dimen169
\multicolundershoot=\dimen170
\mult@nat@firstbox=\box107
\colbreak@box=\box108
\mc@col@check@num=\count292
)
(/usr/share/texlive/texmf-dist/tex/latex/multirow/multirow.sty
Package: multirow 2021/03/15 v2.8 Span multiple rows of a table
\multirow@colwidth=\skip63
\multirow@cntb=\count293
\multirow@dima=\skip64
\bigstrutjot=\dimen171
)
(/usr/share/texlive/texmf-dist/tex/latex/hanging/hanging.sty
Package: hanging 2009/09/02 v1.2b hanging paragraphs and punctuation
\h@ngcommawd=\skip65
\h@ngfstopwd=\skip66
\h@ngquotewd=\skip67
\h@ngdquotewd=\skip68
\h@ngquerywd=\skip69
\h@ngexclwd=\skip70
\h@ngcolonwd=\skip71
\h@ngscolonwd=\skip72
)
(/usr/share/texlive/texmf-dist/tex/generic/iftex/ifpdf.sty
Package: ifpdf 2019/10/25 v3.4 ifpdf legacy package. Use iftex instead.

(/usr/share/texlive/texmf-dist/tex/generic/iftex/iftex.sty
Package: iftex 2022/02/03 v1.0f TeX engine tests
))
(/usr/share/texlive/texmf-dist/tex/latex/adjustbox/adjustbox.sty
Package: adjustbox 2022/10/17 v1.3a Adjusting TeX boxes (trim, clip, ...)

(/usr/share/texlive/texmf-dist/tex/latex/xkeyval/xkeyval.sty
Package: xkeyval 2022/06/16 v2.9 package option processing (HA)

(/usr/share/texlive/texmf-dist/tex/generic/xkeyval/xkeyval.tex
(/usr/share/texlive/texmf-dist/tex/generic/xkeyval/xkvutils.tex
\XKV@toks=\toks28
\XKV@tempa@toks=\toks29
)
\XKV@depth=\count294
File: xkeyval.tex 2014/12/03 v2.7a key=value parser (HA)
))
(/usr/share/texlive/texmf-dist/tex/latex/adjustbox/adjcalc.sty
Package: adjcalc 2012/05/16 v1.1 Provides advanced setlength with multiple back
-ends (calc, etex, pgfmath)
)
(/usr/share/texlive/texmf-dist/tex/latex/adjustbox/trimclip.sty
Package: trimclip 2020/08/19 v1.2 Trim and clip general TeX material

(/usr/share/texlive/texmf-dist/tex/latex/graphics/graphicx.sty
Package: graphicx 2021/09/16 v1.2d Enhanced LaTeX Graphics (DPC,SPQR)

(/usr/share/texlive/texmf-dist/tex/latex/graphics/graphics.sty
Package: graphics 2022/03/10 v1.4e Standard LaTeX Graphics (DPC,SPQR)

(/usr/share/texlive/texmf-dist/tex/latex/graphics/trig.sty
Package: trig 2021/08/11 v1.11 sin cos tan (DPC)
)
(/usr/share/texlive/texmf-dist/tex/latex/graphics-cfg/graphics.cfg
File: graphics.cfg 2016/06/04 v1.11 sample graphics configuration
)
Package graphics Info: Driver file: pdftex.def on input line 107.
)
\Gin@req@height=\dimen172
\Gin@req@width=\dimen173
)
(/usr/share/texlive/texmf-dist/tex/latex/collectbox/collectbox.sty
Package: collectbox 2022/10/17 v0.4c Collect macro arguments as boxes
\collectedbox=\box109
)
\tc@llx=\dimen174
\tc@lly=\dimen175
\tc@urx=\dimen176
\tc@ury=\dimen177
Package trimclip Info: Using driver 'tc-pdftex.def'.

(/usr/share/texlive/texmf-dist/tex/latex/adjustbox/tc-pdftex.def
File: tc-pdftex.def 2019/01/04 v2.2 Clipping driver for pdftex
))
\adjbox@Width=\dimen178
\adjbox@Height=\dimen179
\adjbox@Depth=\dimen180
\adjbox@Totalheight=\dimen181
\adjbox@pwidth=\dimen182
\adjbox@pheight=\dimen183
\adjbox@pdepth=\dimen184
\adjbox@ptotalheight=\dimen185

(/usr/share/texlive/texmf-dist/tex/latex/ifoddpage/ifoddpage.sty
Package: ifoddpage 2022/10/18 v1.2 Conditionals for odd/even page detection
\c@checkoddpage=\count295
))
(/usr/share/texlive/texmf-dist/tex/latex/amsfonts/amssymb.sty
Package: amssymb 2013/01/14 v3.01 AMS font symbols

(/usr/share/texlive/texmf-dist/tex/latex/amsfonts/amsfonts.sty
Package: amsfonts 2013/01/14 v3.01 Basic AMSFonts support
\@emptytoks=\toks30
\symAMSa=\mathgroup4
\symAMSb=\mathgroup5
LaTeX Font Info:    Redeclaring math symbol \hbar on input line 98.
LaTeX Font Info:    Overwriting math alphabet `\mathfrak' in version `bold'
(Font)                  U/euf/m/n --> U/euf/b/n on input line 106.
))
(/usr/share/texlive/texmf-dist/tex/latex/stackengine/stackengine.sty
Package: stackengine 2021/07/22 v4.11\ Stacking text and objects in convenient 
ways

(/usr/share/texlive/texmf-dist/tex/latex/etoolbox/etoolbox.sty
Package: etoolbox 2020/10/05 v2.5k e-TeX tools for LaTeX (JAW)
\etb@tempcnta=\count296
)
(/usr/share/texlive/texmf-dist/tex/generic/listofitems/listofitems.sty
(/usr/share/texlive/texmf-dist/tex/generic/listofitems/listofitems.tex
\loi_cnt_foreach_nest=\count297
\loi_nestcnt=\count298
)
Package: listofitems 2019/08/21 v1.63 Grab items in lists using user-specified 
sep char (CT)
)
\c@@stackindex=\count299
\@boxshift=\skip73
\stack@tmplength=\skip74
\temp@stkl=\skip75
\@stackedboxwidth=\skip76
\@addedbox=\box110
\@anchorbox=\box111
\@insetbox=\box112
\se@backgroundbox=\box113
\stackedbox=\box114
\@centerbox=\box115
\c@ROWcellindex@=\count300
)
(/usr/share/texlive/texmf-dist/tex/latex/enumitem/enumitem.sty
Package: enumitem 2019/06/20 v3.9 Customized lists
\labelindent=\skip77
\enit@outerparindent=\dimen186
\enit@toks=\toks31
\enit@inbox=\box116
\enit@count@id=\count301
\enitdp@description=\count302
)
(/usr/share/texlive/texmf-dist/tex/generic/alphalph/alphalph.sty
Package: alphalph 2019/12/09 v2.6 Convert numbers to letters (HO)

(/usr/share/texlive/texmf-dist/tex/generic/intcalc/intcalc.sty
Package: intcalc 2019/12/15 v1.3 Expandable calculations with integers (HO)
))
(/usr/share/texlive/texmf-dist/tex/generic/ulem/ulem.sty
\UL@box=\box117
\UL@hyphenbox=\box118
\UL@skip=\skip78
\UL@hook=\toks32
\UL@height=\dimen187
\UL@pe=\count303
\UL@pixel=\dimen188
\ULC@box=\box119
Package: ulem 2019/11/18
\ULdepth=\dimen189
)
\xrefbox=\box120
\xreflength=\skip79
\CodeWidthChar=\skip80
\CodeHeightChar=\skip81
\DoxyCodeWidth=\skip82
\c@DoxyEnumeratei=\count304
\c@DoxyEnumerateii=\count305
\c@DoxyEnumerateiii=\count306
\c@DoxyEnumerateiv=\count307
\c@DoxyEnumeratev=\count308
\c@DoxyEnumeratevi=\count309
\c@DoxyEnumeratevii=\count310
\c@DoxyEnumerateviii=\count311
\c@DoxyEnumerateix=\count312
\c@DoxyEnumeratex=\count313
\c@DoxyEnumeratexi=\count314
\c@DoxyEnumeratexii=\count315
\enitdp@DoxyEnumerate=\count316
\enitdp@DoxyItemize=\count317
\c@subsubsubsection=\count318
\c@subsubsubsubsection=\count319
\c@subsubsubsubsubsection=\count320
\c@subsubsubsubsubsubsection=\count321
)
(/usr/share/texlive/texmf-dist/tex/latex/base/inputenc.sty
Package: inputenc 2021/02/14 v1.3d Input encoding file
\inpenc@prehook=\toks33
\inpenc@posthook=\toks34
)
(/usr/share/texlive/texmf-dist/tex/latex/base/makeidx.sty
Package: makeidx 2021/10/04 v1.0m Standard LaTeX package
)
(/usr/share/texlive/texmf-dist/tex/latex/base/textcomp.sty
Package: textcomp 2020/02/02 v2.0n Standard LaTeX package
)
(/usr/share/texlive/texmf-dist/tex/latex/wasysym/wasysym.sty
Package: wasysym 2020/01/19 v2.4 Wasy-2 symbol support package
\symwasy=\mathgroup6
LaTeX Font Info:    Overwriting symbol font `wasy' in version `bold'
(Font)                  U/wasy/m/n --> U/wasy/b/n on input line 93.
)
(/usr/share/texlive/texmf-dist/tex/generic/iftex/ifxetex.sty
Package: ifxetex 2019/10/25 v0.7 ifxetex legacy package. Use iftex instead.
)
(/usr/share/texlive/texmf-dist/tex/latex/base/fontenc.sty
Package: fontenc 2021/04/29 v2.0v Standard LaTeX package
)
(/usr/share/texlive/texmf-dist/tex/latex/psnfss/helvet.sty
Package: helvet 2020/03/25 PSNFSS-v9.3 (WaS) 
)
(/usr/share/texlive/texmf-dist/tex/latex/psnfss/courier.sty
Package: courier 2020/03/25 PSNFSS-v9.3 (WaS) 
)
(/usr/share/texlive/texmf-dist/tex/latex/geometry/geometry.sty
Package: geometry 2020/01/02 v5.9 Page Geometry

(/usr/share/texlive/texmf-dist/tex/generic/iftex/ifvtex.sty
Package: ifvtex 2019/10/25 v1.7 ifvtex legacy package. Use iftex instead.
)
\Gm@cnth=\count322
\Gm@cntv=\count323
\c@Gm@tempcnt=\count324
\Gm@bindingoffset=\dimen190
\Gm@wd@mp=\dimen191
\Gm@odd@mp=\dimen192
\Gm@even@mp=\dimen193
\Gm@layoutwidth=\dimen194
\Gm@layoutheight=\dimen195
\Gm@layouthoffset=\dimen196
\Gm@layoutvoffset=\dimen197
\Gm@dimlist=\toks35
)
(/usr/share/texlive/texmf-dist/tex/latex/changepage/changepage.sty
Package: changepage 2009/10/20 v1.0c check page and change page layout
\c@cp@cntr=\count325
\cp@tempcnt=\count326
LaTeX Info: Redefining \checkoddpage on input line 59.
)
(/usr/share/texlive/texmf-dist/tex/latex/fancyhdr/fancyhdr.sty
Package: fancyhdr 2022/11/09 v4.1 Extensive control of page headers and footers

\f@nch@headwidth=\skip83
\f@nch@O@elh=\skip84
\f@nch@O@erh=\skip85
\f@nch@O@olh=\skip86
\f@nch@O@orh=\skip87
\f@nch@O@elf=\skip88
\f@nch@O@erf=\skip89
\f@nch@O@olf=\skip90
\f@nch@O@orf=\skip91
)
(/usr/share/texlive/texmf-dist/tex/latex/natbib/natbib.sty
Package: natbib 2010/09/13 8.31b (PWD, AO)
\bibhang=\skip92
\bibsep=\skip93
LaTeX Info: Redefining \cite on input line 694.
\c@NAT@ctr=\count327
)
(/usr/share/texlive/texmf-dist/tex/latex/tocloft/tocloft.sty
Package: tocloft 2017/08/31 v2.3i parameterised ToC, etc., typesetting
Package tocloft Info: The document has chapter divisions on input line 51.
\cftparskip=\skip94
\cftbeforetoctitleskip=\skip95
\cftaftertoctitleskip=\skip96
\cftbeforepartskip=\skip97
\cftpartnumwidth=\skip98
\cftpartindent=\skip99
\cftbeforechapskip=\skip100
\cftchapindent=\skip101
\cftchapnumwidth=\skip102
\cftbeforesecskip=\skip103
\cftsecindent=\skip104
\cftsecnumwidth=\skip105
\cftbeforesubsecskip=\skip106
\cftsubsecindent=\skip107
\cftsubsecnumwidth=\skip108
\cftbeforesubsubsecskip=\skip109
\cftsubsubsecindent=\skip110
\cftsubsubsecnumwidth=\skip111
\cftbeforeparaskip=\skip112
\cftparaindent=\skip113
\cftparanumwidth=\skip114
\cftbeforesubparaskip=\skip115
\cftsubparaindent=\skip116
\cftsubparanumwidth=\skip117
\cftbeforeloftitleskip=\skip118
\cftafterloftitleskip=\skip119
\cftbeforefigskip=\skip120
\cftfigindent=\skip121
\cftfignumwidth=\skip122
\c@lofdepth=\count328
\c@lotdepth=\count329
\cftbeforelottitleskip=\skip123
\cftafterlottitleskip=\skip124
\cftbeforetabskip=\skip125
\cfttabindent=\skip126
\cfttabnumwidth=\skip127
)
\@indexfile=\write4
\openout4 = `refman.idx'.


Writing index file refman.idx
(/usr/share/texlive/texmf-dist/tex/latex/newunicodechar/newunicodechar.sty
Package: newunicodechar 2018/04/08 v1.2 Defining Unicode characters
)
(/usr/share/texlive/texmf-dist/tex/latex/caption/caption.sty
Package: caption 2023/08/05 v3.6o Customizing captions (AR)

(/usr/share/texlive/texmf-dist/tex/latex/caption/caption3.sty
Package: caption3 2023/07/31 v2.4d caption3 kernel (AR)
\caption@tempdima=\dimen198
\captionmargin=\dimen199
\caption@leftmargin=\dimen256
\caption@rightmargin=\dimen257
\caption@width=\dimen258
\caption@indent=\dimen259
\caption@parindent=\dimen260
\caption@hangindent=\dimen261
Package caption Info: Standard document class detected.
)
\c@caption@flags=\count330
\c@continuedfloat=\count331
Package caption Info: changepage package is loaded.
\caption@adjustwidth@hsize=\dimen262
\caption@adjustwidth@linewidth=\dimen263
Package caption Info: float package is loaded.
Package caption Info: longtable package is loaded.

(/usr/share/texlive/texmf-dist/tex/latex/caption/ltcaption.sty
Package: ltcaption 2021/01/08 v1.4c longtable captions (AR)
))
(/usr/share/texlive/texmf-dist/tex/latex/etoc/etoc.sty
Package: etoc 2023/10/29 v1.2d Completely customisable TOCs (JFB)

(/usr/share/texlive/texmf-dist/tex/latex/kvoptions/kvoptions.sty
Package: kvoptions 2022-06-15 v3.15 Key value format for package options (HO)

(/usr/share/texlive/texmf-dist/tex/generic/ltxcmds/ltxcmds.sty
Package: ltxcmds 2023-12-04 v1.26 LaTeX kernel commands for general use (HO)
)
(/usr/share/texlive/texmf-dist/tex/latex/kvsetkeys/kvsetkeys.sty
Package: kvsetkeys 2022-10-05 v1.19 Key value parser (HO)
))
\Etoc@toctoks=\toks36
\c@etoc@tocid=\count332
\etoc@framed@titlebox=\box121
\etoc@framed@contentsbox=\box122
)
LaTeX Font Info:    Trying to load font information for T1+phv on input line 16
5.

(/usr/share/texlive/texmf-dist/tex/latex/psnfss/t1phv.fd
File: t1phv.fd 2020/03/25 scalable font definitions for T1/phv.
)
LaTeX Font Info:    Font shape `T1/phv/m/n' will be
(Font)              scaled to size 8.99994pt on input line 165.

(/usr/share/texlive/texmf-dist/tex/latex/l3backend/l3backend-pdftex.def
File: l3backend-pdftex.def 2024-01-04 L3 backend support: PDF output (pdfTeX)
\l__color_backend_stack_int=\count333
\l__pdf_internal_box=\box123
)
No file refman.aux.
\openout1 = `refman.aux'.

LaTeX Font Info:    Checking defaults for OML/cmm/m/it on input line 165.
LaTeX Font Info:    ... okay on input line 165.
LaTeX Font Info:    Checking defaults for OMS/cmsy/m/n on input line 165.
LaTeX Font Info:    ... okay on input line 165.
LaTeX Font Info:    Checking defaults for OT1/cmr/m/n on input line 165.
LaTeX Font Info:    ... okay on input line 165.
LaTeX Font Info:    Checking defaults for T1/cmr/m/n on input line 165.
LaTeX Font Info:    ... okay on input line 165.
LaTeX Font Info:    Checking defaults for TS1/cmr/m/n on input line 165.
LaTeX Font Info:    ... okay on input line 165.
LaTeX Font Info:    Checking defaults for OMX/cmex/m/n on input line 165.
LaTeX Font Info:    ... okay on input line 165.
LaTeX Font Info:    Checking defaults for U/cmr/m/n on input line 165.
LaTeX Font Info:    ... okay on input line 165.
(/usr/share/texlive/texmf-dist/tex/context/base/mkii/supp-pdf.mkii
[Loading MPS to PDF converter (version 2006.09.02).]
\scratchcounter=\count334
\scratchdimen=\dimen264
\scratchbox=\box124
\nofMPsegments=\count335
\nofMParguments=\count336
\everyMPshowfont=\toks37
\MPscratchCnt=\count337
\MPscratchDim=\dimen265
\MPnumerator=\count338
\makeMPintoPDFobject=\count339
\everyMPtoPDFconversion=\toks38
) (/usr/share/texlive/texmf-dist/tex/latex/epstopdf-pkg/epstopdf-base.sty
Package: epstopdf-base 2020-01-24 v2.11 Base part for package epstopdf
Package epstopdf-base Info: Redefining graphics rule for `.eps' on input line 4
85.

(/usr/share/texlive/texmf-dist/tex/latex/latexconfig/epstopdf-sys.cfg
File: epstopdf-sys.cfg 2010/07/13 v1.3 Configuration of (r)epstopdf for TeX Liv
e
))
*geometry* driver: auto-detecting
*geometry* detected driver: pdftex
*geometry* verbose mode - [ preamble ] result:
* driver: pdftex
* paper: a4paper
* layout: <same size as paper>
* layoutoffset:(h,v)=(0.0pt,0.0pt)
* modes: twoside 
* h-part:(L,W,R)=(71.13188pt, 455.24411pt, 71.13188pt)
* v-part:(T,H,B)=(71.13188pt, 702.78308pt, 71.13188pt)
* \paperwidth=597.50787pt
* \paperheight=845.04684pt
* \textwidth=455.24411pt
* \textheight=702.78308pt
* \oddsidemargin=-1.1381pt
* \evensidemargin=-1.1381pt
* \topmargin=-31.2056pt
* \headheight=12.0pt
* \headsep=18.06749pt
* \topskip=10.0pt
* \footskip=25.29494pt
* \marginparwidth=125.0pt
* \marginparsep=7.0pt
* \columnsep=10.0pt
* \skip\footins=9.0pt plus 4.0pt minus 2.0pt
* \hoffset=0.0pt
* \voffset=0.0pt
* \mag=1000
* \@twocolumnfalse
* \@twosidetrue
* \@mparswitchtrue
* \@reversemarginfalse
* (1in=72.27pt=25.4mm, 1cm=28.453pt)

Package caption Info: Begin \AtBeginDocument code.
Package caption Info: End \AtBeginDocument code.
No file refman.toc.
LaTeX Font Info:    Font shape `T1/phv/m/n' will be
(Font)              scaled to size 12.9599pt on input line 172.
LaTeX Font Info:    Font shape `T1/phv/m/n' will be
(Font)              scaled to size 10.79993pt on input line 173.
LaTeX Font Info:    Font shape `T1/phv/m/n' will be
(Font)              scaled to size 6.29996pt on input line 173.
LaTeX Font Info:    Trying to load font information for U+msa on input line 173
.
(/usr/share/texlive/texmf-dist/tex/latex/amsfonts/umsa.fd
File: umsa.fd 2013/01/14 v3.01 AMS symbols A
)
LaTeX Font Info:    Trying to load font information for U+msb on input line 173
.

(/usr/share/texlive/texmf-dist/tex/latex/amsfonts/umsb.fd
File: umsb.fd 2013/01/14 v3.01 AMS symbols B
)
LaTeX Font Info:    Trying to load font information for U+wasy on input line 17
3.

(/usr/share/texlive/texmf-dist/tex/latex/wasysym/uwasy.fd
File: uwasy.fd 2020/01/19 v2.4 Wasy-2 symbol font definitions
) [1


{/var/lib/texmf/fonts/map/pdftex/updmap/pdftex.map}{/usr/share/texlive/texmf-di
st/fonts/enc/dvips/base/8r.enc}] [2

]
\tf@toc=\write5
\openout5 = `refman.toc'.


Chapter 1.
LaTeX Font Info:    Font shape `T1/phv/m/n' will be
(Font)              scaled to size 18.66588pt on input line 184.
LaTeX Font Info:    Font shape `T1/phv/b/n' will be
(Font)              scaled to size 18.66588pt on input line 184.
LaTeX Font Info:    Font shape `T1/phv/b/n' will be
(Font)              scaled to size 22.39185pt on input line 184.
(./group__gateway__listen.tex
LaTeX Font Info:    Font shape `T1/phv/b/n' will be
(Font)              scaled to size 12.9599pt on input line 1.
) (./group__central__server.tex)
(./group__coap__resources.tex
LaTeX Font Info:    Font shape `T1/phv/b/n' will be
(Font)              scaled to size 6.29996pt on input line 1.
) (./group__coap__timeouts.tex)
(./group__ansi__colors__gw.tex) (./group__logging__macros__gw.tex)
(./group__simulation__data.tex
LaTeX Font Info:    Font shape `T1/phv/b/n' will be
(Font)              scaled to size 8.99994pt on input line 8.
 [1


]
LaTeX Font Info:    Trying to load font information for TS1+phv on input line 1
1.

(/usr/share/texlive/texmf-dist/tex/latex/psnfss/ts1phv.fd
File: ts1phv.fd 2020/03/25 scalable font definitions for TS1/phv.
)
LaTeX Font Info:    Font shape `TS1/phv/m/n' will be
(Font)              scaled to size 8.99994pt on input line 11.
LaTeX Font Info:    Font shape `T1/phv/m/n' will be
(Font)              scaled to size 8.09995pt on input line 12.
LaTeX Font Info:    Font shape `T1/phv/m/it' in size <9> not available
(Font)              Font shape `T1/phv/m/sl' tried instead on input line 12.
LaTeX Font Info:    Font shape `T1/phv/m/sl' will be
(Font)              scaled to size 8.09995pt on input line 12.
LaTeX Font Info:    Font shape `T1/phv/b/n' will be
(Font)              scaled to size 10.79993pt on input line 26.
LaTeX Font Info:    Font shape `T1/phv/m/n' will be
(Font)              scaled to size 7.19995pt on input line 36.
LaTeX Font Info:    Trying to load font information for T1+pcr on input line 36
.

(/usr/share/texlive/texmf-dist/tex/latex/psnfss/t1pcr.fd
File: t1pcr.fd 2001/06/04 font definitions for T1/pcr.
)

Package longtable Warning: Column widths have changed
(longtable)                in table 1.1 on input line 51.

) (./group__simulation__functions.tex [2]
LaTeX Font Info:    Font shape `T1/pcr/m/it' in size <8> not available
(Font)              Font shape `T1/pcr/m/sl' tried instead on input line 33.
LaTeX Font Info:    Font shape `T1/pcr/m/it' in size <7> not available
(Font)              Font shape `T1/pcr/m/sl' tried instead on input line 33.


Package longtable Warning: Column widths have changed
(longtable)                in table 1.2 on input line 45.


Underfull \hbox (badness 10000) detected at line 46
[][][]
 []

[3]
Underfull \hbox (badness 10000) detected at line 68
[][][]
 []


LaTeX Warning: Reference `group__simulation__functions_gac117e5c59e59401d320840
125a9d6e1a' on page 4 undefined on input line 69.


Package longtable Warning: Column widths have changed
(longtable)                in table 1.3 on input line 87.


Underfull \hbox (badness 10000) detected at line 88
[][][]
 []


Underfull \hbox (badness 10000) detected at line 93
[][][]
 []


LaTeX Warning: Reference `elevator__state__manager_8h_a1a5ec99e71d6b5e93656ae92
2276bf01' on page 4 undefined on input line 94.


Package longtable Warning: Column widths have changed
(longtable)                in table 1.4 on input line 112.


Underfull \hbox (badness 10000) detected at line 113
[][][]
 []

[4]
Underfull \hbox (badness 10000) detected at line 126
[][][]
 []


LaTeX Warning: Reference `mi__simulador__ascensor_8c_ad2f8184c447385d5155da6a8d
87e6c16' on page 5 undefined on input line 127.


LaTeX Warning: Reference `mi__simulador__ascensor_8c_a75bd27a88662d9e2ac061e528
5fc7ecb' on page 5 undefined on input line 129.


Package longtable Warning: Column widths have changed
(longtable)                in table 1.5 on input line 147.


Underfull \hbox (badness 10000) detected at line 150
[][][]
 []


LaTeX Warning: Reference `group__simulation__functions_ga189a79642cdf0001b3a290
62e4180af3' on page 5 undefined on input line 151.


Package longtable Warning: Column widths have changed
(longtable)                in table 1.6 on input line 167.

[5]
Underfull \hbox (badness 10000) detected at line 168
[][][]
 []


Underfull \hbox (badness 10000) detected at line 173
[][][]
 []


Underfull \hbox (badness 10000) detected at line 176
[][][]
 []

) [6]
Chapter 2.
(./structapi__request__details__for__json__t.tex [7

])
(./structapi__request__tracker__t.tex [8] [9])
(./structcan__origin__tracker__t.tex [10] [11])
(./structcentral__request__entry__t.tex) (./structdatos__simulacion__t.tex
[12]) (./structedificio__simulacion__t.tex [13])
(./structelevator__group__state__t.tex [14]) (./structelevator__status__t.tex
[15] [16]) (./structexecution__stats__t.tex [17] [18])
(./structlog__event__t.tex [19] [20]) (./structpeticion__simulacion__t.tex
[21]) (./structpsk__keys__t.tex) (./structsimulated__can__frame__t.tex [22])
[23] [24

]
Chapter 3.
(./api__common__defs_8h.tex) (./api__common__defs_8h_source.tex)
(./can__bridge_8h.tex [25]
Underfull \hbox (badness 10000) detected at line 38
[][][]
 []


Underfull \hbox (badness 10000) detected at line 41
[][][]
 []


Underfull \hbox (badness 10000) detected at line 44
[][][]
 []


Underfull \hbox (badness 10000) detected at line 67
[][][]
 []


LaTeX Warning: Reference `can__bridge_8c' on page 26 undefined on input line 68
.


LaTeX Warning: Reference `elevator__state__manager_8h' on page 26 undefined on 
input line 70.

[26]

Package longtable Warning: Column widths have changed
(longtable)                in table 3.1 on input line 91.


LaTeX Warning: Reference `can__bridge_8h_a82b3383904e65573e79b59f4b7c5ef15' on 
page 27 undefined on input line 92.


Underfull \hbox (badness 10000) detected at line 102
[][][]
 []


LaTeX Warning: Reference `can__bridge_8h_a82b3383904e65573e79b59f4b7c5ef15' on 
page 27 undefined on input line 103.


LaTeX Warning: Reference `can__bridge_8h_a5add34ce57a2d36aa902cf08b921a665' on 
page 27 undefined on input line 105.


Underfull \hbox (badness 10000) detected at line 132
[][][]
 []


LaTeX Warning: Reference `can__bridge_8h_a82b3383904e65573e79b59f4b7c5ef15' on 
page 27 undefined on input line 133.


LaTeX Warning: Reference `can__bridge_8h_a1859dd08bf918dd5bc9ebc92071ae9ca' on 
page 27 undefined on input line 135.

[27]
Underfull \hbox (badness 10000) detected at line 151
[][][]
 []


LaTeX Warning: Reference `can__bridge_8h_a82b3383904e65573e79b59f4b7c5ef15' on 
page 28 undefined on input line 152.


LaTeX Warning: Reference `can__bridge_8h_a1859dd08bf918dd5bc9ebc92071ae9ca' on 
page 28 undefined on input line 154.


Package longtable Warning: Column widths have changed
(longtable)                in table 3.2 on input line 172.

[28]
Underfull \hbox (badness 10000) detected at line 202
[][][]
 []


Underfull \hbox (badness 10000) detected at line 205
[][][]
 []


LaTeX Warning: Reference `can__bridge_8c_ad9eccdae992eb522b098df7cf4ff050d' on 
page 29 undefined on input line 206.


LaTeX Warning: Reference `can__bridge_8c_a26febc28ea92320546cd8ec40d003b87' on 
page 29 undefined on input line 208.


LaTeX Warning: Reference `structsimulated__can__frame__t' on page 29 undefined 
on input line 210.


Package longtable Warning: Column widths have changed
(longtable)                in table 3.3 on input line 220.

[29]
Underfull \hbox (badness 10000) detected at line 250
[][][]
 []


Underfull \hbox (badness 10000) detected at line 253
[][][]
 []


LaTeX Warning: Reference `can__bridge_8c_ad9eccdae992eb522b098df7cf4ff050d' on 
page 30 undefined on input line 254.


LaTeX Warning: Reference `can__bridge_8c_a26febc28ea92320546cd8ec40d003b87' on 
page 30 undefined on input line 256.


LaTeX Warning: Reference `structsimulated__can__frame__t' on page 30 undefined 
on input line 258.


Package longtable Warning: Column widths have changed
(longtable)                in table 3.4 on input line 274.


Underfull \hbox (badness 10000) detected at line 286
[][][]
 []


Underfull \hbox (badness 10000) detected at line 289
[][][]
 []


LaTeX Warning: Reference `can__bridge_8h_a1c10dfd5c89b2417f2eacc2d71c91c9a' on 
page 30 undefined on input line 290.


LaTeX Warning: Reference `can__bridge_8h_a5add34ce57a2d36aa902cf08b921a665' on 
page 30 undefined on input line 292.

[30]

Package longtable Warning: Column widths have changed
(longtable)                in table 3.5 on input line 300.


Underfull \hbox (badness 10000) detected at line 305
[][][]
 []


Underfull \hbox (badness 10000) detected at line 308
[][][]
 []


LaTeX Warning: Reference `can__bridge_8h_a1c10dfd5c89b2417f2eacc2d71c91c9a' on 
page 31 undefined on input line 309.


LaTeX Warning: Reference `can__bridge_8h_a5add34ce57a2d36aa902cf08b921a665' on 
page 31 undefined on input line 311.


Package longtable Warning: Column widths have changed
(longtable)                in table 3.6 on input line 331.

[31]
Underfull \hbox (badness 10000) detected at line 358
[][][]
 []


LaTeX Warning: Reference `can__bridge_8h_a82b3383904e65573e79b59f4b7c5ef15' on 
page 32 undefined on input line 359.


LaTeX Warning: Reference `can__bridge_8h_a1c10dfd5c89b2417f2eacc2d71c91c9a' on 
page 32 undefined on input line 361.


LaTeX Warning: Reference `structsimulated__can__frame__t' on page 32 undefined 
on input line 363.


Package longtable Warning: Column widths have changed
(longtable)                in table 3.7 on input line 379.


Underfull \hbox (badness 10000) detected at line 380
[][][]
 []


LaTeX Warning: Reference `structcan__origin__tracker__t' on page 32 undefined o
n input line 381.

[32]
Underfull \hbox (badness 10000) detected at line 401
[][][]
 []


LaTeX Warning: Reference `can__bridge_8c_a26febc28ea92320546cd8ec40d003b87' on 
page 33 undefined on input line 402.


LaTeX Warning: Reference `structcan__origin__tracker__t' on page 33 undefined o
n input line 404.


LaTeX Warning: Reference `can__bridge_8h_a5add34ce57a2d36aa902cf08b921a665' on 
page 33 undefined on input line 406.


Package longtable Warning: Column widths have changed
(longtable)                in table 3.8 on input line 414.


Underfull \hbox (badness 10000) detected at line 415
[][][]
 []


Underfull \hbox (badness 10000) detected at line 422
[][][]
 []


LaTeX Warning: Reference `can__bridge_8c_a26febc28ea92320546cd8ec40d003b87' on 
page 33 undefined on input line 423.


LaTeX Warning: Reference `structcan__origin__tracker__t' on page 33 undefined o
n input line 425.

) (./can__bridge_8h_source.tex [33]) (./coap__config_8h.tex
Underfull \hbox (badness 10000) detected at line 13
[][][]
 []


Underfull \hbox (badness 10000) detected at line 16
[][][]
 []


Underfull \hbox (badness 10000) detected at line 19
[][][]
 []

[34]
Underfull \hbox (badness 10000) detected at line 41
[][][]
 []

) (./coap__config_8h_source.tex) (./elevator__state__manager_8h.tex [35]
Underfull \hbox (badness 10000) detected at line 58
[][][]
 []


Underfull \hbox (badness 10000) detected at line 61
[][][]
 []


Underfull \hbox (badness 10000) detected at line 64
[][][]
 []

[36]
Underfull \hbox (badness 10000) detected at line 86
[][][]
 []


LaTeX Warning: Reference `elevator__state__manager_8c' on page 37 undefined on 
input line 87.


LaTeX Warning: Reference `api__common__defs_8h' on page 37 undefined on input l
ine 91.


Package longtable Warning: Column widths have changed
(longtable)                in table 3.9 on input line 127.

[37]

Package longtable Warning: Column widths have changed
(longtable)                in table 3.10 on input line 151.


Package longtable Warning: Column widths have changed
(longtable)                in table 3.11 on input line 179.


Package longtable Warning: Column widths have changed
(longtable)                in table 3.12 on input line 205.


Underfull \hbox (badness 10000) detected at line 208
[][][]
 []


LaTeX Warning: Reference `structelevator__status__t' on page 38 undefined on in
put line 209.

[38]

Package longtable Warning: Column widths have changed
(longtable)                in table 3.13 on input line 225.


Underfull \hbox (badness 10000) detected at line 226
[][][]
 []


Underfull \hbox (badness 10000) detected at line 231
[][][]
 []


LaTeX Warning: Reference `elevator__state__manager_8h_ab8ae21f2fd452f98f77170f3
dc9e2786' on page 39 undefined on input line 232.


Package longtable Warning: Column widths have changed
(longtable)                in table 3.14 on input line 238.


Underfull \hbox (badness 10000) detected at line 239
[][][]
 []


Underfull \hbox (badness 10000) in paragraph at lines 247--248

 []

[39]

Package longtable Warning: Column widths have changed
(longtable)                in table 3.15 on input line 270.


Underfull \hbox (badness 10000) detected at line 271
[][][]
 []


Underfull \hbox (badness 10000) detected at line 278
[][][]
 []


LaTeX Warning: Reference `elevator__state__manager_8h_a17e4539046553af2ffabda67
ff75cbb0' on page 40 undefined on input line 279.


LaTeX Warning: Reference `structapi__request__details__for__json__t' on page 40
 undefined on input line 281.


Package longtable Warning: Column widths have changed
(longtable)                in table 3.16 on input line 303.


Underfull \hbox (badness 10000) detected at line 306
[][][]
 []


LaTeX Warning: Reference `structelevator__group__state__t' on page 40 undefined
 on input line 307.


LaTeX Warning: Reference `structelevator__status__t' on page 40 undefined on in
put line 309.

[40]

Package longtable Warning: Column widths have changed
(longtable)                in table 3.17 on input line 323.


Underfull \hbox (badness 10000) detected at line 341
[][][]
 []


Underfull \hbox (badness 10000) detected at line 344
[][][]
 []


LaTeX Warning: Reference `structelevator__group__state__t' on page 41 undefined
 on input line 345.


LaTeX Warning: Reference `structelevator__status__t' on page 41 undefined on in
put line 347.


Package longtable Warning: Column widths have changed
(longtable)                in table 3.18 on input line 363.


Underfull \hbox (badness 10000) detected at line 364
[][][]
 []

[41]
Underfull \hbox (badness 10000) detected at line 369
[][][]
 []


LaTeX Warning: Reference `elevator__state__manager_8h_a1a5ec99e71d6b5e93656ae92
2276bf01' on page 42 undefined on input line 370.


Package longtable Warning: Column widths have changed
(longtable)                in table 3.19 on input line 376.


Underfull \hbox (badness 10000) detected at line 377
[][][]
 []

) (./elevator__state__manager_8h_source.tex [42]) (./execution__logger_8h.tex
Underfull \hbox (badness 853) in paragraph at lines 18--36
\T1/phv/b/n/10 LOG[]_[][]EVENT[]_[][]COAP[]_[][]RECEIVED \T1/phv/m/n/10 ,  \T1/
phv/b/n/10 LOG[]_[][]EVENT[]_[][]TASK[]_[][]ASSIGNED \T1/phv/m/n/10 ,  \T1/phv/
b/n/10 LOG[]_[][]EVENT[]_[][]ELEVATOR[]_[][]
 []

[43]
Underfull \hbox (badness 10000) detected at line 75
[][][]
 []


Underfull \hbox (badness 10000) detected at line 78
[][][]
 []


Underfull \hbox (badness 10000) detected at line 81
[][][]
 []

[44]

Package longtable Warning: Column widths have changed
(longtable)                in table 3.20 on input line 166.

[45]
Underfull \hbox (badness 10000) detected at line 196
[][][]
 []


Underfull \hbox (badness 10000) detected at line 209
[][][]
 []


Underfull \hbox (badness 10000) detected at line 228
[][][]
 []

[46]

Package longtable Warning: Column widths have changed
(longtable)                in table 3.21 on input line 251.


Package longtable Warning: Column widths have changed
(longtable)                in table 3.22 on input line 272.


Package longtable Warning: Column widths have changed
(longtable)                in table 3.23 on input line 289.

[47]

Package longtable Warning: Column widths have changed
(longtable)                in table 3.24 on input line 308.


Package longtable Warning: Column widths have changed
(longtable)                in table 3.25 on input line 329.


Package longtable Warning: Column widths have changed
(longtable)                in table 3.26 on input line 346.

[48]

Package longtable Warning: Column widths have changed
(longtable)                in table 3.27 on input line 365.


Package longtable Warning: Column widths have changed
(longtable)                in table 3.28 on input line 382.


Package longtable Warning: Column widths have changed
(longtable)                in table 3.29 on input line 399.


Package longtable Warning: Column widths have changed
(longtable)                in table 3.30 on input line 418.

[49]

Package longtable Warning: Column widths have changed
(longtable)                in table 3.31 on input line 437.

) (./execution__logger_8h_source.tex [50]) (./logging__gw_8h.tex
Underfull \hbox (badness 10000) detected at line 13
[][][]
 []


Underfull \hbox (badness 10000) detected at line 16
[][][]
 []


Underfull \hbox (badness 10000) detected at line 19
[][][]
 []

[51]
Underfull \hbox (badness 10000) detected at line 42
[][][]
 []


LaTeX Warning: Reference `api__common__defs_8h' on page 52 undefined on input l
ine 45.

) (./logging__gw_8h_source.tex [52]) (./simulation__loader_8h.tex [53]
Underfull \hbox (badness 10000) detected at line 42
[][][]
 []


Underfull \hbox (badness 10000) detected at line 45
[][][]
 []


Underfull \hbox (badness 10000) detected at line 48
[][][]
 []


Underfull \hbox (badness 10000) detected at line 63
[][][]
 []

) (./simulation__loader_8h_source.tex [54]) (./api__handlers_8c.tex
LaTeX Font Info:    Font shape `TS1/phv/m/it' in size <9> not available
(Font)              Font shape `TS1/phv/m/sl' tried instead on input line 23.
LaTeX Font Info:    Font shape `TS1/phv/m/sl' will be
(Font)              scaled to size 8.09995pt on input line 23.

Underfull \hbox (badness 3386) in paragraph at lines 24--25
[]\T1/phv/m/n/10 coap[]_[]response[]_[]t  \T1/phv/b/n/10 hnd[]_[]central[]_[]se
rver[]_[]response[]_[]gw \T1/phv/m/n/10 (coap[]_[]session[]_[]t $\OMS/cmsy/m/n/
10 ^^C$\T1/phv/m/n/10 session[]_[]from[]_[]server, const
 []

[55]
Underfull \hbox (badness 5847) in paragraph at lines 41--42
[]\T1/phv/m/n/10 static  \T1/phv/b/n/10 central[]_[]request[]_[]entry[]_[]t  pe
nding[]_[]central[]_[]requests \T1/phv/m/n/10 [MAX[]_[][]PENDING[]_[][]REQUESTS
[]_[][]TO[]_[][]
 []


Underfull \hbox (badness 10000) detected at line 50
[][][]
 []


Underfull \hbox (badness 10000) detected at line 53
[][][]
 []


Underfull \hbox (badness 10000) detected at line 56
[][][]
 []

[56]
Underfull \hbox (badness 10000) detected at line 77
[][][]
 []


LaTeX Warning: Reference `elevator__state__manager_8h' on page 57 undefined on 
input line 80.


LaTeX Warning: Reference `can__bridge_8h' on page 57 undefined on input line 82
.


LaTeX Warning: Reference `coap__config_8h' on page 57 undefined on input line 8
4.


Package longtable Warning: Column widths have changed
(longtable)                in table 3.32 on input line 105.


Underfull \hbox (badness 10000) detected at line 110
[][][]
 []


LaTeX Warning: Reference `api__handlers_8c_a5f19bc5f95b0869d7b25b596f6767877' o
n page 57 undefined on input line 111.

[57]

Package longtable Warning: Column widths have changed
(longtable)                in table 3.33 on input line 127.


Underfull \hbox (badness 10000) detected at line 128
[][][]
 []


Underfull \hbox (badness 10000) detected at line 135
[][][]
 []


Underfull \hbox (badness 10000) detected at line 138
[][][]
 []


LaTeX Warning: Reference `api__handlers_8c_a7292f2cbff08db77c70629ddbac256dc' o
n page 58 undefined on input line 139.


LaTeX Warning: Reference `structapi__request__tracker__t' on page 58 undefined 
on input line 151.


Package longtable Warning: Column widths have changed
(longtable)                in table 3.34 on input line 175.


Overfull \vbox (81.17177pt too high) has occurred while \output is active []


[58]

Package longtable Warning: Column widths have changed
(longtable)                in table 3.35 on input line 192.


LaTeX Warning: Reference `main_8c' on page 59 undefined on input line 195.


Package longtable Warning: Column widths have changed
(longtable)                in table 3.36 on input line 227.

[59]
Underfull \hbox (badness 10000) detected at line 228
[][][]
 []


Underfull \hbox (badness 10000) detected at line 250
[][][]
 []


LaTeX Warning: Reference `api__handlers_8c_a7292f2cbff08db77c70629ddbac256dc' o
n page 60 undefined on input line 251.


LaTeX Warning: Reference `api__handlers_8c_a5f19bc5f95b0869d7b25b596f6767877' o
n page 60 undefined on input line 253.


LaTeX Warning: Reference `can__bridge_8h' on page 60 undefined on input line 25
5.


LaTeX Warning: Reference `main_8c' on page 60 undefined on input line 290.

[60]
Underfull \hbox (badness 10000) detected at line 292
[][][]
 []


LaTeX Warning: Reference `main_8c' on page 61 undefined on input line 293.


LaTeX Warning: Reference `main_8c_a7910799dc4997ea7ff42bb0339134d94' on page 61
 undefined on input line 295.


LaTeX Warning: Reference `main_8c' on page 61 undefined on input line 307.


Underfull \hbox (badness 10000) detected at line 309
[][][]
 []


LaTeX Warning: Reference `structelevator__group__state__t' on page 61 undefined
 on input line 310.


LaTeX Warning: Reference `main_8c' on page 61 undefined on input line 312.


Underfull \hbox (badness 10000) detected at line 318
[][][]
 []


LaTeX Warning: Reference `structelevator__group__state__t' on page 61 undefined
 on input line 319.


LaTeX Warning: Reference `elevator__state__manager_8h' on page 61 undefined on 
input line 321.

[61]

LaTeX Warning: Reference `main_8c' on page 62 undefined on input line 353.


Underfull \hbox (badness 10000) detected at line 355
[][][]
 []


LaTeX Warning: Reference `api__handlers_8c_a7fd01dcda5b603f45f20d97c84d9260b' o
n page 62 undefined on input line 356.


Underfull \hbox (badness 10000) detected at line 362
[][][]
 []


LaTeX Warning: Reference `api__handlers_8c_a7fd01dcda5b603f45f20d97c84d9260b' o
n page 62 undefined on input line 363.

) (./include_2api__gateway_2api__handlers_8h.tex [62] [63]

Package longtable Warning: Column widths have changed
(longtable)                in table 3.37 on input line 63.


Underfull \hbox (badness 10000) detected at line 64
[][][]
 []


Underfull \hbox (badness 10000) in paragraph at lines 80--81

 []


Underfull \hbox (badness 10000) detected at line 86
[][][]
 []


LaTeX Warning: Reference `main_8c_a4d72c24b61707ff5f39a4123ca8cd833' on page 64
 undefined on input line 87.


LaTeX Warning: Reference `coap__config_8h' on page 64 undefined on input line 8
9.


Package longtable Warning: Column widths have changed
(longtable)                in table 3.38 on input line 107.

[64]

LaTeX Warning: Reference `main_8c' on page 65 undefined on input line 110.


Package longtable Warning: Column widths have changed
(longtable)                in table 3.39 on input line 142.


Underfull \hbox (badness 10000) detected at line 143
[][][]
 []

[65]
Underfull \hbox (badness 10000) detected at line 165
[][][]
 []


LaTeX Warning: Reference `api__handlers_8c_a7292f2cbff08db77c70629ddbac256dc' o
n page 66 undefined on input line 166.


LaTeX Warning: Reference `api__handlers_8c_a5f19bc5f95b0869d7b25b596f6767877' o
n page 66 undefined on input line 168.


LaTeX Warning: Reference `can__bridge_8h' on page 66 undefined on input line 17
0.


Underfull \hbox (badness 10000) detected at line 209
[][][]
 []


LaTeX Warning: Reference `api__handlers_8c_a7fd01dcda5b603f45f20d97c84d9260b' o
n page 66 undefined on input line 210.


LaTeX Warning: Reference `main_8c' on page 66 undefined on input line 214.

[66]
Underfull \hbox (badness 10000) detected at line 216
[][][]
 []


LaTeX Warning: Reference `api__handlers_8c_a7fd01dcda5b603f45f20d97c84d9260b' o
n page 67 undefined on input line 217.


Underfull \hbox (badness 10000) detected at line 223
[][][]
 []


LaTeX Warning: Reference `api__handlers_8c_a7fd01dcda5b603f45f20d97c84d9260b' o
n page 67 undefined on input line 224.

) (./include_2api__gateway_2api__handlers_8h_source.tex [67])
(./src_2api__handlers_8h.tex [68]

Package longtable Warning: Column widths have changed
(longtable)                in table 3.40 on input line 55.


Package longtable Warning: Column widths have changed
(longtable)                in table 3.41 on input line 73.


Package longtable Warning: Column widths have changed
(longtable)                in table 3.42 on input line 80.


LaTeX Warning: Reference `main_8c' on page 69 undefined on input line 83.


Package longtable Warning: Column widths have changed
(longtable)                in table 3.43 on input line 105.


Overfull \vbox (29.25125pt too high) has occurred while \output is active []


[69]
Underfull \hbox (badness 10000) detected at line 106
[][][]
 []


Package longtable Warning: Column widths have changed
(longtable)                in table 3.44 on input line 121.


Underfull \hbox (badness 10000) detected at line 122
[][][]
 []


Underfull \hbox (badness 10000) detected at line 144
[][][]
 []


LaTeX Warning: Reference `api__handlers_8c_a7292f2cbff08db77c70629ddbac256dc' o
n page 70 undefined on input line 145.


LaTeX Warning: Reference `api__handlers_8c_a5f19bc5f95b0869d7b25b596f6767877' o
n page 70 undefined on input line 147.


LaTeX Warning: Reference `can__bridge_8h' on page 70 undefined on input line 14
9.

) (./src_2api__handlers_8h_source.tex [70]) (./can__bridge_8c.tex [71]
Underfull \hbox (badness 1168) in paragraph at lines 23--24
[]\T1/phv/m/n/10 void  \T1/phv/b/n/10 ag[]_[]can[]_[]bridge[]_[]process[]_[]inc
oming[]_[]frame \T1/phv/m/n/10 ( \T1/phv/b/n/10 simulated[]_[]can[]_[]frame[]_[
]t $\OMS/cmsy/m/n/10 ^^C$\T1/phv/m/n/10 frame, coap[]_[]context[]_[]
 []


Underfull \hbox (badness 10000) detected at line 43
[][][]
 []


Underfull \hbox (badness 10000) detected at line 46
[][][]
 []


Underfull \hbox (badness 10000) detected at line 49
[][][]
 []

[72]
Underfull \hbox (badness 10000) detected at line 73
[][][]
 []


LaTeX Warning: Reference `can__bridge_8h' on page 73 undefined on input line 74
.


LaTeX Warning: Reference `elevator__state__manager_8h' on page 73 undefined on 
input line 78.


LaTeX Warning: Reference `coap__config_8h' on page 73 undefined on input line 8
0.


Underfull \hbox (badness 10000) detected at line 109
[][][]
 []


LaTeX Warning: Reference `can__bridge_8h_a82b3383904e65573e79b59f4b7c5ef15' on 
page 73 undefined on input line 110.


LaTeX Warning: Reference `can__bridge_8h_a1859dd08bf918dd5bc9ebc92071ae9ca' on 
page 73 undefined on input line 112.

[73]

Package longtable Warning: Column widths have changed
(longtable)                in table 3.45 on input line 132.


Underfull \hbox (badness 10000) detected at line 162
[][][]
 []


Underfull \hbox (badness 10000) detected at line 165
[][][]
 []


LaTeX Warning: Reference `can__bridge_8c_ad9eccdae992eb522b098df7cf4ff050d' on 
page 74 undefined on input line 166.


LaTeX Warning: Reference `can__bridge_8c_a26febc28ea92320546cd8ec40d003b87' on 
page 74 undefined on input line 168.


LaTeX Warning: Reference `structsimulated__can__frame__t' on page 74 undefined 
on input line 170.

[74]

Package longtable Warning: Column widths have changed
(longtable)                in table 3.46 on input line 188.


Underfull \hbox (badness 10000) detected at line 193
[][][]
 []


Underfull \hbox (badness 10000) detected at line 196
[][][]
 []


LaTeX Warning: Reference `can__bridge_8h_a1c10dfd5c89b2417f2eacc2d71c91c9a' on 
page 75 undefined on input line 197.


LaTeX Warning: Reference `can__bridge_8h_a5add34ce57a2d36aa902cf08b921a665' on 
page 75 undefined on input line 199.


Package longtable Warning: Column widths have changed
(longtable)                in table 3.47 on input line 219.

[75]
Underfull \hbox (badness 10000) detected at line 246
[][][]
 []


LaTeX Warning: Reference `can__bridge_8h_a82b3383904e65573e79b59f4b7c5ef15' on 
page 76 undefined on input line 247.


LaTeX Warning: Reference `can__bridge_8h_a1c10dfd5c89b2417f2eacc2d71c91c9a' on 
page 76 undefined on input line 249.


LaTeX Warning: Reference `structsimulated__can__frame__t' on page 76 undefined 
on input line 251.


Package longtable Warning: Column widths have changed
(longtable)                in table 3.48 on input line 269.


Underfull \hbox (badness 10000) detected at line 270
[][][]
 []

[76]
Underfull \hbox (badness 10000) detected at line 277
[][][]
 []


LaTeX Warning: Reference `can__bridge_8c_a26febc28ea92320546cd8ec40d003b87' on 
page 77 undefined on input line 278.


LaTeX Warning: Reference `structcan__origin__tracker__t' on page 77 undefined o
n input line 280.


Package longtable Warning: Column widths have changed
(longtable)                in table 3.49 on input line 304.


Package longtable Warning: Column widths have changed
(longtable)                in table 3.50 on input line 329.

[77]
Underfull \hbox (badness 10000) detected at line 332
[][][]
 []


LaTeX Warning: Reference `can__bridge_8c_a7027a900f632b8023cfd9f3b0e4a5a99' on 
page 78 undefined on input line 333.


LaTeX Warning: Reference `structcan__origin__tracker__t' on page 78 undefined o
n input line 335.


Underfull \hbox (badness 10000) detected at line 352
[][][]
 []


LaTeX Warning: Reference `structcan__origin__tracker__t' on page 78 undefined o
n input line 353.


LaTeX Warning: Reference `main_8c' on page 78 undefined on input line 365.


Underfull \hbox (badness 10000) detected at line 367
[][][]
 []


LaTeX Warning: Reference `main_8c' on page 78 undefined on input line 368.


LaTeX Warning: Reference `structelevator__group__state__t' on page 78 undefined
 on input line 370.


Underfull \hbox (badness 10000) detected at line 378
[][][]
 []


LaTeX Warning: Reference `structelevator__group__state__t' on page 78 undefined
 on input line 379.


LaTeX Warning: Reference `elevator__state__manager_8h' on page 78 undefined on 
input line 381.


LaTeX Warning: Reference `main_8c' on page 78 undefined on input line 385.

[78]
Underfull \hbox (badness 10000) detected at line 387
[][][]
 []


LaTeX Warning: Reference `structelevator__group__state__t' on page 79 undefined
 on input line 388.


LaTeX Warning: Reference `main_8c' on page 79 undefined on input line 390.


Underfull \hbox (badness 10000) detected at line 396
[][][]
 []


LaTeX Warning: Reference `structelevator__group__state__t' on page 79 undefined
 on input line 397.


LaTeX Warning: Reference `elevator__state__manager_8h' on page 79 undefined on 
input line 399.


LaTeX Warning: Reference `can__bridge_8c_a82b3383904e65573e79b59f4b7c5ef15' on 
page 79 undefined on input line 421.


Underfull \hbox (badness 10000) detected at line 423
[][][]
 []


LaTeX Warning: Reference `can__bridge_8c_a82b3383904e65573e79b59f4b7c5ef15' on 
page 79 undefined on input line 424.


LaTeX Warning: Reference `can__bridge_8h_a1c10dfd5c89b2417f2eacc2d71c91c9a' on 
page 79 undefined on input line 426.

) (./elevator__state__manager_8c.tex [79]
Underfull \hbox (badness 10000) detected at line 26
[][][]
 []


Underfull \hbox (badness 10000) detected at line 29
[][][]
 []


Underfull \hbox (badness 10000) detected at line 32
[][][]
 []


Underfull \hbox (badness 10000) detected at line 57
[][][]
 []


LaTeX Warning: Reference `elevator__state__manager_8h' on page 80 undefined on 
input line 58.


LaTeX Warning: Reference `api__common__defs_8h' on page 80 undefined on input l
ine 60.

[80]

Package longtable Warning: Column widths have changed
(longtable)                in table 3.51 on input line 89.


Underfull \hbox (badness 10000) detected at line 92
[][][]
 []


LaTeX Warning: Reference `structelevator__status__t' on page 81 undefined on in
put line 93.


Package longtable Warning: Column widths have changed
(longtable)                in table 3.52 on input line 109.


Underfull \hbox (badness 10000) detected at line 110
[][][]
 []


Underfull \hbox (badness 10000) in paragraph at lines 118--119

 []

[81]

Package longtable Warning: Column widths have changed
(longtable)                in table 3.53 on input line 141.


Underfull \hbox (badness 10000) detected at line 142
[][][]
 []


Underfull \hbox (badness 10000) detected at line 149
[][][]
 []


LaTeX Warning: Reference `elevator__state__manager_8h_a17e4539046553af2ffabda67
ff75cbb0' on page 82 undefined on input line 150.


LaTeX Warning: Reference `structapi__request__details__for__json__t' on page 82
 undefined on input line 152.

[82]

Package longtable Warning: Column widths have changed
(longtable)                in table 3.54 on input line 176.


Underfull \hbox (badness 10000) detected at line 194
[][][]
 []


Underfull \hbox (badness 10000) detected at line 197
[][][]
 []


LaTeX Warning: Reference `structelevator__group__state__t' on page 83 undefined
 on input line 198.


LaTeX Warning: Reference `structelevator__status__t' on page 83 undefined on in
put line 200.


Package longtable Warning: Column widths have changed
(longtable)                in table 3.55 on input line 216.


Underfull \hbox (badness 10000) detected at line 217
[][][]
 []

[83]) (./execution__logger_8c.tex [84]
Underfull \hbox (badness 10000) detected at line 69
[][][]
 []


Underfull \hbox (badness 10000) detected at line 72
[][][]
 []


Underfull \hbox (badness 10000) detected at line 75
[][][]
 []

[85]

Package longtable Warning: Column widths have changed
(longtable)                in table 3.56 on input line 95.


Underfull \hbox (badness 10000) detected at line 96
[][][]
 []


Underfull \hbox (badness 10000) detected at line 125
[][][]
 []


Underfull \hbox (badness 10000) detected at line 138
[][][]
 []

[86]
Underfull \hbox (badness 10000) detected at line 157
[][][]
 []


Package longtable Warning: Column widths have changed
(longtable)                in table 3.57 on input line 180.


Package longtable Warning: Column widths have changed
(longtable)                in table 3.58 on input line 201.

[87]

Package longtable Warning: Column widths have changed
(longtable)                in table 3.59 on input line 218.


Package longtable Warning: Column widths have changed
(longtable)                in table 3.60 on input line 237.


Package longtable Warning: Column widths have changed
(longtable)                in table 3.61 on input line 258.

[88]

Package longtable Warning: Column widths have changed
(longtable)                in table 3.62 on input line 275.


Package longtable Warning: Column widths have changed
(longtable)                in table 3.63 on input line 294.


Package longtable Warning: Column widths have changed
(longtable)                in table 3.64 on input line 311.


Package longtable Warning: Column widths have changed
(longtable)                in table 3.65 on input line 328.

[89]

Package longtable Warning: Column widths have changed
(longtable)                in table 3.66 on input line 347.


Package longtable Warning: Column widths have changed
(longtable)                in table 3.67 on input line 366.

[90]

Package longtable Warning: Column widths have changed
(longtable)                in table 3.68 on input line 395.

) (./main_8c.tex [91]
Underfull \hbox (badness 10000) detected at line 45
[][][]
 []


Underfull \hbox (badness 10000) detected at line 48
[][][]
 []


Underfull \hbox (badness 10000) detected at line 51
[][][]
 []

[92]
Underfull \hbox (badness 10000) detected at line 73
[][][]
 []


LaTeX Warning: Reference `elevator__state__manager_8h' on page 93 undefined on 
input line 76.


LaTeX Warning: Reference `can__bridge_8h' on page 93 undefined on input line 78
.


LaTeX Warning: Reference `coap__config_8h' on page 93 undefined on input line 8
0.

[93]

Package longtable Warning: Column widths have changed
(longtable)                in table 3.69 on input line 101.


Underfull \hbox (badness 10000) detected at line 102
[][][]
 []


Package longtable Warning: Column widths have changed
(longtable)                in table 3.70 on input line 139.


Underfull \hbox (badness 10000) detected at line 140
[][][]
 []

[94]
Underfull \hbox (badness 10000) in paragraph at lines 156--157

 []


Underfull \hbox (badness 10000) detected at line 162
[][][]
 []


LaTeX Warning: Reference `main_8c_a4d72c24b61707ff5f39a4123ca8cd833' on page 95
 undefined on input line 163.


LaTeX Warning: Reference `coap__config_8h' on page 95 undefined on input line 1
65.


Underfull \hbox (badness 10000) detected at line 187
[][][]
 []


LaTeX Warning: Reference `can__bridge_8c_a82b3383904e65573e79b59f4b7c5ef15' on 
page 95 undefined on input line 188.


LaTeX Warning: Reference `group__simulation__functions_ga189a79642cdf0001b3a290
62e4180af3' on page 95 undefined on input line 190.


LaTeX Warning: Reference `mi__simulador__ascensor_8c_adfcf33ff0806b77c246bbd870
b029566' on page 95 undefined on input line 192.

[95]

Package longtable Warning: Column widths have changed
(longtable)                in table 3.71 on input line 212.


Underfull \hbox (badness 10000) detected at line 213
[][][]
 []


Underfull \hbox (badness 10000) detected at line 247
[][][]
 []


LaTeX Warning: Reference `group__simulation__functions_ga189a79642cdf0001b3a290
62e4180af3' on page 96 undefined on input line 248.


LaTeX Warning: Reference `group__simulation__functions_ga87620ad51d06f241a3106a
36c40ac787' on page 96 undefined on input line 250.


LaTeX Warning: Reference `mi__simulador__ascensor_8c_ad2f8184c447385d5155da6a8d
87e6c16' on page 96 undefined on input line 252.


LaTeX Warning: Reference `mi__simulador__ascensor_8c_a75bd27a88662d9e2ac061e528
5fc7ecb' on page 96 undefined on input line 254.

[96]

Package longtable Warning: Column widths have changed
(longtable)                in table 3.72 on input line 274.


Underfull \hbox (badness 10000) detected at line 294
[][][]
 []


LaTeX Warning: Reference `structelevator__group__state__t' on page 97 undefined
 on input line 295.


LaTeX Warning: Reference `structelevator__status__t' on page 97 undefined on in
put line 297.

[97]
Underfull \hbox (badness 10000) detected at line 352
[][][]
 []


LaTeX Warning: Reference `structelevator__group__state__t' on page 98 undefined
 on input line 353.


LaTeX Warning: Reference `elevator__state__manager_8h' on page 98 undefined on 
input line 355.


Underfull \hbox (badness 10000) detected at line 371
[][][]
 []


LaTeX Warning: Reference `api__handlers_8c_a7fd01dcda5b603f45f20d97c84d9260b' o
n page 98 undefined on input line 372.

) (./main__dynamic__port_8c.tex [98] [99]

Package longtable Warning: Column widths have changed
(longtable)                in table 3.73 on input line 84.


Underfull \hbox (badness 10000) detected at line 85
[][][]
 []


Underfull \hbox (badness 10000) in paragraph at lines 101--102

 []


Underfull \hbox (badness 10000) detected at line 107
[][][]
 []


LaTeX Warning: Reference `main_8c_a4d72c24b61707ff5f39a4123ca8cd833' on page 10
0 undefined on input line 108.


LaTeX Warning: Reference `coap__config_8h' on page 100 undefined on input line 
110.

[100]
Underfull \hbox (badness 10000) detected at line 132
[][][]
 []


LaTeX Warning: Reference `can__bridge_8c_a82b3383904e65573e79b59f4b7c5ef15' on 
page 101 undefined on input line 133.


LaTeX Warning: Reference `group__simulation__functions_ga189a79642cdf0001b3a290
62e4180af3' on page 101 undefined on input line 135.


LaTeX Warning: Reference `mi__simulador__ascensor_8c_adfcf33ff0806b77c246bbd870
b029566' on page 101 undefined on input line 137.

[101]
Underfull \hbox (badness 10000) detected at line 176
[][][]
 []


LaTeX Warning: Reference `group__simulation__functions_ga189a79642cdf0001b3a290
62e4180af3' on page 102 undefined on input line 177.


LaTeX Warning: Reference `group__simulation__functions_ga87620ad51d06f241a3106a
36c40ac787' on page 102 undefined on input line 179.


LaTeX Warning: Reference `mi__simulador__ascensor_8c_ad2f8184c447385d5155da6a8d
87e6c16' on page 102 undefined on input line 181.


LaTeX Warning: Reference `mi__simulador__ascensor_8c_a75bd27a88662d9e2ac061e528
5fc7ecb' on page 102 undefined on input line 183.


LaTeX Warning: Reference `main_8c' on page 102 undefined on input line 212.


Underfull \hbox (badness 10000) detected at line 214
[][][]
 []


LaTeX Warning: Reference `main_8c' on page 102 undefined on input line 235.

[102]
Underfull \hbox (badness 10000) detected at line 237
[][][]
 []


LaTeX Warning: Reference `main_8c' on page 103 undefined on input line 238.


LaTeX Warning: Reference `main_8c_a7910799dc4997ea7ff42bb0339134d94' on page 10
3 undefined on input line 240.


LaTeX Warning: Reference `main_8c' on page 103 undefined on input line 258.


Underfull \hbox (badness 10000) detected at line 260
[][][]
 []


LaTeX Warning: Reference `structelevator__group__state__t' on page 103 undefine
d on input line 261.


LaTeX Warning: Reference `main_8c' on page 103 undefined on input line 263.


Underfull \hbox (badness 10000) detected at line 269
[][][]
 []


LaTeX Warning: Reference `structelevator__group__state__t' on page 103 undefine
d on input line 270.


LaTeX Warning: Reference `elevator__state__manager_8h' on page 103 undefined on
 input line 272.


LaTeX Warning: Reference `main_8c' on page 103 undefined on input line 286.


Underfull \hbox (badness 10000) detected at line 288
[][][]
 []


LaTeX Warning: Reference `api__handlers_8c_a7fd01dcda5b603f45f20d97c84d9260b' o
n page 103 undefined on input line 289.

[103]
Underfull \hbox (badness 10000) detected at line 295
[][][]
 []


LaTeX Warning: Reference `api__handlers_8c_a7fd01dcda5b603f45f20d97c84d9260b' o
n page 104 undefined on input line 296.

) (./mi__simulador__ascensor_8c.tex
Underfull \hbox (badness 10000) detected at line 35
[][][]
 []

[104]
Underfull \hbox (badness 10000) detected at line 38
[][][]
 []


Underfull \hbox (badness 10000) detected at line 41
[][][]
 []


Underfull \hbox (badness 10000) detected at line 66
[][][]
 []


LaTeX Warning: Reference `can__bridge_8h' on page 105 undefined on input line 6
7.


LaTeX Warning: Reference `elevator__state__manager_8h' on page 105 undefined on
 input line 69.


LaTeX Warning: Reference `simulation__loader_8h' on page 105 undefined on input
 line 71.


LaTeX Warning: Reference `api__common__defs_8h' on page 105 undefined on input 
line 73.

[105]
Underfull \hbox (badness 10000) detected at line 98
[][][]
 []


LaTeX Warning: Reference `can__bridge_8c_a82b3383904e65573e79b59f4b7c5ef15' on 
page 106 undefined on input line 99.


LaTeX Warning: Reference `group__simulation__functions_ga189a79642cdf0001b3a290
62e4180af3' on page 106 undefined on input line 101.


LaTeX Warning: Reference `mi__simulador__ascensor_8c_adfcf33ff0806b77c246bbd870
b029566' on page 106 undefined on input line 103.


Package longtable Warning: Column widths have changed
(longtable)                in table 3.74 on input line 119.

[106]
Underfull \hbox (badness 10000) detected at line 138
[][][]
 []


LaTeX Warning: Reference `can__bridge_8c_a82b3383904e65573e79b59f4b7c5ef15' on 
page 107 undefined on input line 139.


LaTeX Warning: Reference `structsimulated__can__frame__t' on page 107 undefined
 on input line 141.


Underfull \hbox (badness 10000) detected at line 174
[][][]
 []


LaTeX Warning: Reference `group__simulation__functions_ga189a79642cdf0001b3a290
62e4180af3' on page 107 undefined on input line 175.


LaTeX Warning: Reference `group__simulation__functions_ga87620ad51d06f241a3106a
36c40ac787' on page 107 undefined on input line 177.


LaTeX Warning: Reference `mi__simulador__ascensor_8c_ad2f8184c447385d5155da6a8d
87e6c16' on page 107 undefined on input line 179.


LaTeX Warning: Reference `mi__simulador__ascensor_8c_a75bd27a88662d9e2ac061e528
5fc7ecb' on page 107 undefined on input line 181.

[107]

Package longtable Warning: Column widths have changed
(longtable)                in table 3.75 on input line 201.


Underfull \hbox (badness 10000) detected at line 218
[][][]
 []


LaTeX Warning: Reference `can__bridge_8c_aacea58e11d63ec4a2601d1b225af2af7' on 
page 108 undefined on input line 219.


LaTeX Warning: Reference `elevator__state__manager_8h_a1a5ec99e71d6b5e93656ae92
2276bf01' on page 108 undefined on input line 221.


Package longtable Warning: Column widths have changed
(longtable)                in table 3.76 on input line 239.

[108]
Underfull \hbox (badness 10000) detected at line 256
[][][]
 []


Underfull \hbox (badness 10000) detected at line 259
[][][]
 []


LaTeX Warning: Reference `can__bridge_8c_aacea58e11d63ec4a2601d1b225af2af7' on 
page 109 undefined on input line 260.


LaTeX Warning: Reference `structsimulated__can__frame__t' on page 109 undefined
 on input line 262.


LaTeX Warning: Reference `main_8c' on page 109 undefined on input line 287.


Underfull \hbox (badness 10000) detected at line 289
[][][]
 []


LaTeX Warning: Reference `main_8c' on page 109 undefined on input line 304.


Underfull \hbox (badness 10000) detected at line 306
[][][]
 []


LaTeX Warning: Reference `structelevator__group__state__t' on page 109 undefine
d on input line 307.

[109]
Underfull \hbox (badness 10000) detected at line 317
[][][]
 []


LaTeX Warning: Reference `structelevator__group__state__t' on page 110 undefine
d on input line 318.


LaTeX Warning: Reference `elevator__state__manager_8h' on page 110 undefined on
 input line 320.


LaTeX Warning: Reference `main_8c' on page 110 undefined on input line 326.


Underfull \hbox (badness 10000) detected at line 328
[][][]
 []


LaTeX Warning: Reference `structelevator__group__state__t' on page 110 undefine
d on input line 329.


LaTeX Warning: Reference `main_8c' on page 110 undefined on input line 331.


Underfull \hbox (badness 10000) detected at line 337
[][][]
 []


LaTeX Warning: Reference `structelevator__group__state__t' on page 110 undefine
d on input line 338.


LaTeX Warning: Reference `elevator__state__manager_8h' on page 110 undefined on
 input line 340.

) (./psk__manager_8c.tex [110]
Underfull \hbox (badness 10000) detected at line 36
[][][]
 []


Underfull \hbox (badness 10000) detected at line 39
[][][]
 []


Underfull \hbox (badness 10000) detected at line 42
[][][]
 []

[111]

Package longtable Warning: Column widths have changed
(longtable)                in table 3.77 on input line 76.


Underfull \hbox (badness 10000) detected at line 77
[][][]
 []


Package longtable Warning: Column widths have changed
(longtable)                in table 3.78 on input line 96.


Underfull \hbox (badness 10000) detected at line 97
[][][]
 []


Package longtable Warning: Column widths have changed
(longtable)                in table 3.79 on input line 116.


Underfull \hbox (badness 10000) detected at line 117
[][][]
 []

[112]

Package longtable Warning: Column widths have changed
(longtable)                in table 3.80 on input line 134.


Underfull \hbox (badness 10000) detected at line 135
[][][]
 []

) (./psk__manager_8h.tex
Underfull \hbox (badness 10000) detected at line 26
[][][]
 []


Underfull \hbox (badness 10000) detected at line 29
[][][]
 []


Underfull \hbox (badness 10000) detected at line 32
[][][]
 []

[113]

Package longtable Warning: Column widths have changed
(longtable)                in table 3.81 on input line 66.


Underfull \hbox (badness 10000) detected at line 67
[][][]
 []


Package longtable Warning: Column widths have changed
(longtable)                in table 3.82 on input line 86.


Underfull \hbox (badness 10000) detected at line 87
[][][]
 []

[114]

Package longtable Warning: Column widths have changed
(longtable)                in table 3.83 on input line 106.


Underfull \hbox (badness 10000) detected at line 107
[][][]
 []


Package longtable Warning: Column widths have changed
(longtable)                in table 3.84 on input line 124.


Underfull \hbox (badness 10000) detected at line 125
[][][]
 []

) (./psk__manager_8h_source.tex) (./simulation__loader_8c.tex [115]
Underfull \hbox (badness 10000) detected at line 31
[][][]
 []


Underfull \hbox (badness 10000) detected at line 34
[][][]
 []


Underfull \hbox (badness 10000) detected at line 37
[][][]
 []


Underfull \hbox (badness 10000) detected at line 61
[][][]
 []


LaTeX Warning: Reference `structelevator__group__state__t' on page 116 undefine
d on input line 62.


LaTeX Warning: Reference `elevator__state__manager_8h' on page 116 undefined on
 input line 64.


LaTeX Warning: Reference `main_8c' on page 116 undefined on input line 72.

[116]
Underfull \hbox (badness 10000) detected at line 74
[][][]
 []


LaTeX Warning: Reference `structelevator__group__state__t' on page 117 undefine
d on input line 75.


LaTeX Warning: Reference `main_8c' on page 117 undefined on input line 77.


Underfull \hbox (badness 10000) detected at line 83
[][][]
 []


LaTeX Warning: Reference `structelevator__group__state__t' on page 117 undefine
d on input line 84.


LaTeX Warning: Reference `elevator__state__manager_8h' on page 117 undefined on
 input line 86.

) [117] [118

]
No file refman.ind.

Package longtable Warning: Table widths have changed. Rerun LaTeX.

(./refman.aux)
 ***********
LaTeX2e <2023-11-01> patch level 1
L3 programming layer <2024-01-22>
 ***********


LaTeX Warning: There were undefined references.


LaTeX Warning: Label(s) may have changed. Rerun to get cross-references right.

 ) 
Here is how much of TeX's memory you used:
 12333 strings out of 476106
 215277 string characters out of 5793933
 1955975 words of memory out of 5000000
 33956 multiletter control sequences out of 15000+600000
 611971 words of font info for 106 fonts, out of 8000000 for 9000
 59 hyphenation exceptions out of 8191
 101i,16n,117p,958b,580s stack positions out of 10000i,1000n,20000p,200000b,200000s
</usr/share/texlive/texmf-dist/fonts/type1/public/amsfonts/cm/cmmi10.pfb></us
r/share/texlive/texmf-dist/fonts/type1/public/amsfonts/cm/cmmi7.pfb></usr/share
/texlive/texmf-dist/fonts/type1/public/amsfonts/cm/cmsy10.pfb></usr/share/texli
ve/texmf-dist/fonts/type1/public/amsfonts/cm/cmsy7.pfb></usr/share/texlive/texm
f-dist/fonts/type1/public/amsfonts/cm/cmsy8.pfb></usr/share/texlive/texmf-dist/
fonts/type1/urw/courier/ucrb8a.pfb></usr/share/texlive/texmf-dist/fonts/type1/u
rw/courier/ucrr8a.pfb></usr/share/texlive/texmf-dist/fonts/type1/urw/courier/uc
rro8a.pfb></usr/share/texlive/texmf-dist/fonts/type1/urw/helvetic/uhvb8a.pfb></
usr/share/texlive/texmf-dist/fonts/type1/urw/helvetic/uhvb8ac.pfb></usr/share/t
exlive/texmf-dist/fonts/type1/urw/helvetic/uhvr8a.pfb></usr/share/texlive/texmf
-dist/fonts/type1/urw/helvetic/uhvro8a.pfb>
Output written on refman.pdf (120 pages, 320728 bytes).
PDF statistics:
 453 PDF objects out of 1000 (max. 8388607)
 303 compressed objects within 4 object streams
 0 named destinations out of 1000 (max. 500000)
 1 words of extra memory for PDF output out of 10000 (max. 10000000)

