\BOOKMARK [0][-]{chapter.1}{\376\377\0001\000\040\000C\000l\000a\000s\000s\000\040\000I\000n\000d\000e\000x}{}% 1
\BOOKMARK [1][-]{section.1.1}{\376\377\0001\000.\0001\000\040\000C\000l\000a\000s\000s\000\040\000L\000i\000s\000t}{chapter.1}% 2
\BOOKMARK [0][-]{chapter.2}{\376\377\0002\000\040\000F\000i\000l\000e\000\040\000I\000n\000d\000e\000x}{}% 3
\BOOKMARK [1][-]{section.2.1}{\376\377\0002\000.\0001\000\040\000F\000i\000l\000e\000\040\000L\000i\000s\000t}{chapter.2}% 4
\BOOKMARK [0][-]{chapter.3}{\376\377\0003\000\040\000C\000l\000a\000s\000s\000\040\000D\000o\000c\000u\000m\000e\000n\000t\000a\000t\000i\000o\000n}{}% 5
\BOOKMARK [1][-]{section.3.1}{\376\377\0003\000.\0001\000\040\000a\000p\000i\000\137\000r\000e\000q\000u\000e\000s\000t\000\137\000t\000r\000a\000c\000k\000e\000r\000\137\000t\000\040\000S\000t\000r\000u\000c\000t\000\040\000R\000e\000f\000e\000r\000e\000n\000c\000e}{chapter.3}% 6
\BOOKMARK [2][-]{subsection.3.1.1}{\376\377\0003\000.\0001\000.\0001\000\040\000D\000e\000t\000a\000i\000l\000e\000d\000\040\000D\000e\000s\000c\000r\000i\000p\000t\000i\000o\000n}{section.3.1}% 7
\BOOKMARK [2][-]{subsection.3.1.2}{\376\377\0003\000.\0001\000.\0002\000\040\000M\000e\000m\000b\000e\000r\000\040\000D\000a\000t\000a\000\040\000D\000o\000c\000u\000m\000e\000n\000t\000a\000t\000i\000o\000n}{section.3.1}% 8
\BOOKMARK [3][-]{subsubsection.3.1.2.1}{\376\377\0003\000.\0001\000.\0002\000.\0001\000\040\000l\000o\000g\000\137\000t\000a\000g}{subsection.3.1.2}% 9
\BOOKMARK [3][-]{subsubsection.3.1.2.2}{\376\377\0003\000.\0001\000.\0002\000.\0002\000\040\000o\000r\000i\000g\000i\000n\000\137\000f\000l\000o\000o\000r}{subsection.3.1.2}% 10
\BOOKMARK [3][-]{subsubsection.3.1.2.3}{\376\377\0003\000.\0001\000.\0002\000.\0003\000\040\000o\000r\000i\000g\000i\000n\000a\000l\000\137\000e\000l\000e\000v\000a\000t\000o\000r\000\137\000s\000e\000s\000s\000i\000o\000n}{subsection.3.1.2}% 11
\BOOKMARK [3][-]{subsubsection.3.1.2.4}{\376\377\0003\000.\0001\000.\0002\000.\0004\000\040\000o\000r\000i\000g\000i\000n\000a\000l\000\137\000m\000i\000d}{subsection.3.1.2}% 12
\BOOKMARK [3][-]{subsubsection.3.1.2.5}{\376\377\0003\000.\0001\000.\0002\000.\0005\000\040\000o\000r\000i\000g\000i\000n\000a\000l\000\137\000t\000o\000k\000e\000n}{subsection.3.1.2}% 13
\BOOKMARK [3][-]{subsubsection.3.1.2.6}{\376\377\0003\000.\0001\000.\0002\000.\0006\000\040\000r\000e\000q\000u\000e\000s\000t\000\137\000t\000y\000p\000e}{subsection.3.1.2}% 14
\BOOKMARK [3][-]{subsubsection.3.1.2.7}{\376\377\0003\000.\0001\000.\0002\000.\0007\000\040\000r\000e\000q\000u\000e\000s\000t\000e\000d\000\137\000d\000i\000r\000e\000c\000t\000i\000o\000n\000\137\000f\000l\000o\000o\000r}{subsection.3.1.2}% 15
\BOOKMARK [3][-]{subsubsection.3.1.2.8}{\376\377\0003\000.\0001\000.\0002\000.\0008\000\040\000r\000e\000q\000u\000e\000s\000t\000i\000n\000g\000\137\000e\000l\000e\000v\000a\000t\000o\000r\000\137\000i\000d\000\137\000c\000a\000b\000i\000n}{subsection.3.1.2}% 16
\BOOKMARK [3][-]{subsubsection.3.1.2.9}{\376\377\0003\000.\0001\000.\0002\000.\0009\000\040\000t\000a\000r\000g\000e\000t\000\137\000f\000l\000o\000o\000r\000\137\000f\000o\000r\000\137\000t\000a\000s\000k}{subsection.3.1.2}% 17
\BOOKMARK [1][-]{section.3.2}{\376\377\0003\000.\0002\000\040\000c\000e\000n\000t\000r\000a\000l\000\137\000r\000e\000q\000u\000e\000s\000t\000\137\000e\000n\000t\000r\000y\000\137\000t\000\040\000S\000t\000r\000u\000c\000t\000\040\000R\000e\000f\000e\000r\000e\000n\000c\000e}{chapter.3}% 18
\BOOKMARK [2][-]{subsection.3.2.1}{\376\377\0003\000.\0002\000.\0001\000\040\000D\000e\000t\000a\000i\000l\000e\000d\000\040\000D\000e\000s\000c\000r\000i\000p\000t\000i\000o\000n}{section.3.2}% 19
\BOOKMARK [1][-]{section.3.3}{\376\377\0003\000.\0003\000\040\000p\000s\000k\000\137\000k\000e\000y\000s\000\137\000t\000\040\000S\000t\000r\000u\000c\000t\000\040\000R\000e\000f\000e\000r\000e\000n\000c\000e}{chapter.3}% 20
\BOOKMARK [2][-]{subsection.3.3.1}{\376\377\0003\000.\0003\000.\0001\000\040\000D\000e\000t\000a\000i\000l\000e\000d\000\040\000D\000e\000s\000c\000r\000i\000p\000t\000i\000o\000n}{section.3.3}% 21
\BOOKMARK [0][-]{chapter.4}{\376\377\0004\000\040\000F\000i\000l\000e\000\040\000D\000o\000c\000u\000m\000e\000n\000t\000a\000t\000i\000o\000n}{}% 22
\BOOKMARK [1][-]{section.4.1}{\376\377\0004\000.\0001\000\040\000s\000r\000c\000/\000a\000p\000i\000\137\000h\000a\000n\000d\000l\000e\000r\000s\000.\000c\000\040\000F\000i\000l\000e\000\040\000R\000e\000f\000e\000r\000e\000n\000c\000e}{chapter.4}% 23
\BOOKMARK [2][-]{subsection.4.1.1}{\376\377\0004\000.\0001\000.\0001\000\040\000D\000e\000t\000a\000i\000l\000e\000d\000\040\000D\000e\000s\000c\000r\000i\000p\000t\000i\000o\000n}{section.4.1}% 24
\BOOKMARK [2][-]{subsection.4.1.2}{\376\377\0004\000.\0001\000.\0002\000\040\000M\000a\000c\000r\000o\000\040\000D\000e\000f\000i\000n\000i\000t\000i\000o\000n\000\040\000D\000o\000c\000u\000m\000e\000n\000t\000a\000t\000i\000o\000n}{section.4.1}% 25
\BOOKMARK [3][-]{subsubsection.4.1.2.1}{\376\377\0004\000.\0001\000.\0002\000.\0001\000\040\000M\000A\000X\000\137\000P\000E\000N\000D\000I\000N\000G\000\137\000R\000E\000Q\000U\000E\000S\000T\000S\000\137\000T\000O\000\137\000C\000E\000N\000T\000R\000A\000L}{subsection.4.1.2}% 26
\BOOKMARK [2][-]{subsection.4.1.3}{\376\377\0004\000.\0001\000.\0003\000\040\000F\000u\000n\000c\000t\000i\000o\000n\000\040\000D\000o\000c\000u\000m\000e\000n\000t\000a\000t\000i\000o\000n}{section.4.1}% 27
\BOOKMARK [3][-]{subsubsection.4.1.3.1}{\376\377\0004\000.\0001\000.\0003\000.\0001\000\040\000h\000a\000n\000d\000l\000e\000\137\000s\000i\000g\000i\000n\000t\000\137\000g\000w\000\050\000\051}{subsection.4.1.3}% 28
\BOOKMARK [3][-]{subsubsection.4.1.3.2}{\376\377\0004\000.\0001\000.\0003\000.\0002\000\040\000h\000n\000d\000\137\000c\000a\000b\000i\000n\000\137\000r\000e\000q\000u\000e\000s\000t\000\137\000f\000r\000o\000m\000\137\000e\000l\000e\000v\000a\000t\000o\000r\000\137\000g\000w\000\050\000\051}{subsection.4.1.3}% 29
\BOOKMARK [3][-]{subsubsection.4.1.3.3}{\376\377\0004\000.\0001\000.\0003\000.\0003\000\040\000h\000n\000d\000\137\000c\000e\000n\000t\000r\000a\000l\000\137\000s\000e\000r\000v\000e\000r\000\137\000r\000e\000s\000p\000o\000n\000s\000e\000\137\000g\000w\000\050\000\051}{subsection.4.1.3}% 30
\BOOKMARK [3][-]{subsubsection.4.1.3.4}{\376\377\0004\000.\0001\000.\0003\000.\0004\000\040\000h\000n\000d\000\137\000e\000l\000e\000v\000a\000t\000o\000r\000\137\000a\000p\000i\000\137\000r\000e\000q\000u\000e\000s\000t\000\137\000g\000w\000\050\000\051}{subsection.4.1.3}% 31
\BOOKMARK [3][-]{subsubsection.4.1.3.5}{\376\377\0004\000.\0001\000.\0003\000.\0005\000\040\000h\000n\000d\000\137\000f\000l\000o\000o\000r\000\137\000c\000a\000l\000l\000\137\000f\000r\000o\000m\000\137\000e\000l\000e\000v\000a\000t\000o\000r\000\137\000g\000w\000\050\000\051}{subsection.4.1.3}% 32
\BOOKMARK [2][-]{subsection.4.1.4}{\376\377\0004\000.\0001\000.\0004\000\040\000V\000a\000r\000i\000a\000b\000l\000e\000\040\000D\000o\000c\000u\000m\000e\000n\000t\000a\000t\000i\000o\000n}{section.4.1}% 33
\BOOKMARK [3][-]{subsubsection.4.1.4.1}{\376\377\0004\000.\0001\000.\0004\000.\0001\000\040\000g\000\137\000d\000t\000l\000s\000\137\000s\000e\000s\000s\000i\000o\000n\000\137\000t\000o\000\137\000c\000e\000n\000t\000r\000a\000l\000\137\000s\000e\000r\000v\000e\000r}{subsection.4.1.4}% 34
\BOOKMARK [3][-]{subsubsection.4.1.4.2}{\376\377\0004\000.\0001\000.\0004\000.\0002\000\040\000m\000a\000n\000a\000g\000e\000d\000\137\000e\000l\000e\000v\000a\000t\000o\000r\000\137\000g\000r\000o\000u\000p}{subsection.4.1.4}% 35
\BOOKMARK [3][-]{subsubsection.4.1.4.3}{\376\377\0004\000.\0001\000.\0004\000.\0003\000\040\000q\000u\000i\000t\000\137\000m\000a\000i\000n\000\137\000l\000o\000o\000p}{subsection.4.1.4}% 36
\BOOKMARK [1][-]{section.4.2}{\376\377\0004\000.\0002\000\040\000s\000r\000c\000/\000a\000p\000i\000\137\000h\000a\000n\000d\000l\000e\000r\000s\000.\000h\000\040\000F\000i\000l\000e\000\040\000R\000e\000f\000e\000r\000e\000n\000c\000e}{chapter.4}% 37
\BOOKMARK [2][-]{subsection.4.2.1}{\376\377\0004\000.\0002\000.\0001\000\040\000D\000e\000t\000a\000i\000l\000e\000d\000\040\000D\000e\000s\000c\000r\000i\000p\000t\000i\000o\000n}{section.4.2}% 38
\BOOKMARK [2][-]{subsection.4.2.2}{\376\377\0004\000.\0002\000.\0002\000\040\000F\000u\000n\000c\000t\000i\000o\000n\000\040\000D\000o\000c\000u\000m\000e\000n\000t\000a\000t\000i\000o\000n}{section.4.2}% 39
\BOOKMARK [3][-]{subsubsection.4.2.2.1}{\376\377\0004\000.\0002\000.\0002\000.\0001\000\040\000h\000a\000n\000d\000l\000e\000\137\000s\000i\000g\000i\000n\000t\000\137\000g\000w\000\050\000\051}{subsection.4.2.2}% 40
\BOOKMARK [3][-]{subsubsection.4.2.2.2}{\376\377\0004\000.\0002\000.\0002\000.\0002\000\040\000h\000n\000d\000\137\000c\000e\000n\000t\000r\000a\000l\000\137\000s\000e\000r\000v\000e\000r\000\137\000r\000e\000s\000p\000o\000n\000s\000e\000\137\000g\000w\000\050\000\051}{subsection.4.2.2}% 41
\BOOKMARK [1][-]{section.4.3}{\376\377\0004\000.\0003\000\040\000a\000p\000i\000\137\000h\000a\000n\000d\000l\000e\000r\000s\000.\000h}{chapter.4}% 42
\BOOKMARK [1][-]{section.4.4}{\376\377\0004\000.\0004\000\040\000s\000r\000c\000/\000c\000a\000n\000\137\000b\000r\000i\000d\000g\000e\000.\000c\000\040\000F\000i\000l\000e\000\040\000R\000e\000f\000e\000r\000e\000n\000c\000e}{chapter.4}% 43
\BOOKMARK [2][-]{subsection.4.4.1}{\376\377\0004\000.\0004\000.\0001\000\040\000D\000e\000t\000a\000i\000l\000e\000d\000\040\000D\000e\000s\000c\000r\000i\000p\000t\000i\000o\000n}{section.4.4}% 44
\BOOKMARK [2][-]{subsection.4.4.2}{\376\377\0004\000.\0004\000.\0002\000\040\000M\000a\000c\000r\000o\000\040\000D\000e\000f\000i\000n\000i\000t\000i\000o\000n\000\040\000D\000o\000c\000u\000m\000e\000n\000t\000a\000t\000i\000o\000n}{section.4.4}% 45
\BOOKMARK [3][-]{subsubsection.4.4.2.1}{\376\377\0004\000.\0004\000.\0002\000.\0001\000\040\000C\000A\000N\000\137\000M\000A\000X\000\137\000D\000A\000T\000A\000\137\000L\000E\000N}{subsection.4.4.2}% 46
\BOOKMARK [3][-]{subsubsection.4.4.2.2}{\376\377\0004\000.\0004\000.\0002\000.\0002\000\040\000M\000A\000X\000\137\000C\000A\000N\000\137\000O\000R\000I\000G\000I\000N\000\137\000T\000R\000A\000C\000K\000E\000R\000S}{subsection.4.4.2}% 47
\BOOKMARK [2][-]{subsection.4.4.3}{\376\377\0004\000.\0004\000.\0003\000\040\000F\000u\000n\000c\000t\000i\000o\000n\000\040\000D\000o\000c\000u\000m\000e\000n\000t\000a\000t\000i\000o\000n}{section.4.4}% 48
\BOOKMARK [3][-]{subsubsection.4.4.3.1}{\376\377\0004\000.\0004\000.\0003\000.\0001\000\040\000a\000g\000\137\000c\000a\000n\000\137\000b\000r\000i\000d\000g\000e\000\137\000i\000n\000i\000t\000\050\000\051}{subsection.4.4.3}% 49
\BOOKMARK [3][-]{subsubsection.4.4.3.2}{\376\377\0004\000.\0004\000.\0003\000.\0002\000\040\000a\000g\000\137\000c\000a\000n\000\137\000b\000r\000i\000d\000g\000e\000\137\000p\000r\000o\000c\000e\000s\000s\000\137\000i\000n\000c\000o\000m\000i\000n\000g\000\137\000f\000r\000a\000m\000e\000\050\000\051}{subsection.4.4.3}% 50
\BOOKMARK [3][-]{subsubsection.4.4.3.3}{\376\377\0004\000.\0004\000.\0003\000.\0003\000\040\000a\000g\000\137\000c\000a\000n\000\137\000b\000r\000i\000d\000g\000e\000\137\000r\000e\000g\000i\000s\000t\000e\000r\000\137\000s\000e\000n\000d\000\137\000c\000a\000l\000l\000b\000a\000c\000k\000\050\000\051}{subsection.4.4.3}% 51
\BOOKMARK [3][-]{subsubsection.4.4.3.4}{\376\377\0004\000.\0004\000.\0003\000.\0004\000\040\000f\000i\000n\000d\000\137\000c\000a\000n\000\137\000t\000r\000a\000c\000k\000e\000r\000\050\000\051}{subsection.4.4.3}% 52
\BOOKMARK [2][-]{subsection.4.4.4}{\376\377\0004\000.\0004\000.\0004\000\040\000V\000a\000r\000i\000a\000b\000l\000e\000\040\000D\000o\000c\000u\000m\000e\000n\000t\000a\000t\000i\000o\000n}{section.4.4}% 53
\BOOKMARK [3][-]{subsubsection.4.4.4.1}{\376\377\0004\000.\0004\000.\0004\000.\0001\000\040\000m\000a\000n\000a\000g\000e\000d\000\137\000e\000l\000e\000v\000a\000t\000o\000r\000\137\000g\000r\000o\000u\000p}{subsection.4.4.4}% 54
\BOOKMARK [1][-]{section.4.5}{\376\377\0004\000.\0005\000\040\000s\000r\000c\000/\000e\000l\000e\000v\000a\000t\000o\000r\000\137\000s\000t\000a\000t\000e\000\137\000m\000a\000n\000a\000g\000e\000r\000.\000c\000\040\000F\000i\000l\000e\000\040\000R\000e\000f\000e\000r\000e\000n\000c\000e}{chapter.4}% 55
\BOOKMARK [2][-]{subsection.4.5.1}{\376\377\0004\000.\0005\000.\0001\000\040\000D\000e\000t\000a\000i\000l\000e\000d\000\040\000D\000e\000s\000c\000r\000i\000p\000t\000i\000o\000n}{section.4.5}% 56
\BOOKMARK [2][-]{subsection.4.5.2}{\376\377\0004\000.\0005\000.\0002\000\040\000F\000u\000n\000c\000t\000i\000o\000n\000\040\000D\000o\000c\000u\000m\000e\000n\000t\000a\000t\000i\000o\000n}{section.4.5}% 57
\BOOKMARK [3][-]{subsubsection.4.5.2.1}{\376\377\0004\000.\0005\000.\0002\000.\0001\000\040\000a\000s\000s\000i\000g\000n\000\137\000t\000a\000s\000k\000\137\000t\000o\000\137\000e\000l\000e\000v\000a\000t\000o\000r\000\050\000\051}{subsection.4.5.2}% 58
\BOOKMARK [3][-]{subsubsection.4.5.2.2}{\376\377\0004\000.\0005\000.\0002\000.\0002\000\040\000d\000o\000o\000r\000\137\000s\000t\000a\000t\000e\000\137\000t\000o\000\137\000s\000t\000r\000i\000n\000g\000\050\000\051}{subsection.4.5.2}% 59
\BOOKMARK [3][-]{subsubsection.4.5.2.3}{\376\377\0004\000.\0005\000.\0002\000.\0003\000\040\000e\000l\000e\000v\000a\000t\000o\000r\000\137\000g\000r\000o\000u\000p\000\137\000t\000o\000\137\000j\000s\000o\000n\000\137\000f\000o\000r\000\137\000s\000e\000r\000v\000e\000r\000\050\000\051}{subsection.4.5.2}% 60
\BOOKMARK [3][-]{subsubsection.4.5.2.4}{\376\377\0004\000.\0005\000.\0002\000.\0004\000\040\000i\000n\000i\000t\000\137\000e\000l\000e\000v\000a\000t\000o\000r\000\137\000g\000r\000o\000u\000p\000\050\000\051}{subsection.4.5.2}% 61
\BOOKMARK [3][-]{subsubsection.4.5.2.5}{\376\377\0004\000.\0005\000.\0002\000.\0005\000\040\000m\000o\000v\000e\000m\000e\000n\000t\000\137\000d\000i\000r\000e\000c\000t\000i\000o\000n\000\137\000t\000o\000\137\000s\000t\000r\000i\000n\000g\000\050\000\051}{subsection.4.5.2}% 62
\BOOKMARK [1][-]{section.4.6}{\376\377\0004\000.\0006\000\040\000s\000r\000c\000/\000e\000x\000e\000c\000u\000t\000i\000o\000n\000\137\000l\000o\000g\000g\000e\000r\000.\000c\000\040\000F\000i\000l\000e\000\040\000R\000e\000f\000e\000r\000e\000n\000c\000e}{chapter.4}% 63
\BOOKMARK [2][-]{subsection.4.6.1}{\376\377\0004\000.\0006\000.\0001\000\040\000D\000e\000t\000a\000i\000l\000e\000d\000\040\000D\000e\000s\000c\000r\000i\000p\000t\000i\000o\000n}{section.4.6}% 64
\BOOKMARK [2][-]{subsection.4.6.2}{\376\377\0004\000.\0006\000.\0002\000\040\000F\000u\000n\000c\000t\000i\000o\000n\000\040\000D\000o\000c\000u\000m\000e\000n\000t\000a\000t\000i\000o\000n}{section.4.6}% 65
\BOOKMARK [3][-]{subsubsection.4.6.2.1}{\376\377\0004\000.\0006\000.\0002\000.\0001\000\040\000e\000x\000e\000c\000\137\000l\000o\000g\000g\000e\000r\000\137\000f\000i\000n\000i\000s\000h\000\050\000\051}{subsection.4.6.2}% 66
\BOOKMARK [3][-]{subsubsection.4.6.2.2}{\376\377\0004\000.\0006\000.\0002\000.\0002\000\040\000e\000x\000e\000c\000\137\000l\000o\000g\000g\000e\000r\000\137\000g\000e\000t\000\137\000s\000t\000a\000t\000s\000\050\000\051}{subsection.4.6.2}% 67
\BOOKMARK [3][-]{subsubsection.4.6.2.3}{\376\377\0004\000.\0006\000.\0002\000.\0003\000\040\000e\000x\000e\000c\000\137\000l\000o\000g\000g\000e\000r\000\137\000i\000n\000i\000t\000\050\000\051}{subsection.4.6.2}% 68
\BOOKMARK [3][-]{subsubsection.4.6.2.4}{\376\377\0004\000.\0006\000.\0002\000.\0004\000\040\000e\000x\000e\000c\000\137\000l\000o\000g\000g\000e\000r\000\137\000i\000s\000\137\000a\000c\000t\000i\000v\000e\000\050\000\051}{subsection.4.6.2}% 69
\BOOKMARK [3][-]{subsubsection.4.6.2.5}{\376\377\0004\000.\0006\000.\0002\000.\0005\000\040\000e\000x\000e\000c\000\137\000l\000o\000g\000g\000e\000r\000\137\000l\000o\000g\000\137\000c\000a\000n\000\137\000r\000e\000c\000e\000i\000v\000e\000d\000\050\000\051}{subsection.4.6.2}% 70
\BOOKMARK [3][-]{subsubsection.4.6.2.6}{\376\377\0004\000.\0006\000.\0002\000.\0006\000\040\000e\000x\000e\000c\000\137\000l\000o\000g\000g\000e\000r\000\137\000l\000o\000g\000\137\000c\000a\000n\000\137\000s\000e\000n\000t\000\050\000\051}{subsection.4.6.2}% 71
\BOOKMARK [3][-]{subsubsection.4.6.2.7}{\376\377\0004\000.\0006\000.\0002\000.\0007\000\040\000e\000x\000e\000c\000\137\000l\000o\000g\000g\000e\000r\000\137\000l\000o\000g\000\137\000c\000o\000a\000p\000\137\000r\000e\000c\000e\000i\000v\000e\000d\000\050\000\051}{subsection.4.6.2}% 72
\BOOKMARK [3][-]{subsubsection.4.6.2.8}{\376\377\0004\000.\0006\000.\0002\000.\0008\000\040\000e\000x\000e\000c\000\137\000l\000o\000g\000g\000e\000r\000\137\000l\000o\000g\000\137\000c\000o\000a\000p\000\137\000s\000e\000n\000t\000\050\000\051}{subsection.4.6.2}% 73
\BOOKMARK [3][-]{subsubsection.4.6.2.9}{\376\377\0004\000.\0006\000.\0002\000.\0009\000\040\000e\000x\000e\000c\000\137\000l\000o\000g\000g\000e\000r\000\137\000l\000o\000g\000\137\000e\000l\000e\000v\000a\000t\000o\000r\000\137\000m\000o\000v\000e\000d\000\050\000\051}{subsection.4.6.2}% 74
\BOOKMARK [3][-]{subsubsection.4.6.2.10}{\376\377\0004\000.\0006\000.\0002\000.\0001\0000\000\040\000e\000x\000e\000c\000\137\000l\000o\000g\000g\000e\000r\000\137\000l\000o\000g\000\137\000e\000r\000r\000o\000r\000\050\000\051}{subsection.4.6.2}% 75
\BOOKMARK [3][-]{subsubsection.4.6.2.11}{\376\377\0004\000.\0006\000.\0002\000.\0001\0001\000\040\000e\000x\000e\000c\000\137\000l\000o\000g\000g\000e\000r\000\137\000l\000o\000g\000\137\000e\000v\000e\000n\000t\000\050\000\051}{subsection.4.6.2}% 76
\BOOKMARK [3][-]{subsubsection.4.6.2.12}{\376\377\0004\000.\0006\000.\0002\000.\0001\0002\000\040\000e\000x\000e\000c\000\137\000l\000o\000g\000g\000e\000r\000\137\000l\000o\000g\000\137\000s\000i\000m\000u\000l\000a\000t\000i\000o\000n\000\137\000e\000n\000d\000\050\000\051}{subsection.4.6.2}% 77
\BOOKMARK [3][-]{subsubsection.4.6.2.13}{\376\377\0004\000.\0006\000.\0002\000.\0001\0003\000\040\000e\000x\000e\000c\000\137\000l\000o\000g\000g\000e\000r\000\137\000l\000o\000g\000\137\000s\000i\000m\000u\000l\000a\000t\000i\000o\000n\000\137\000s\000t\000a\000r\000t\000\050\000\051}{subsection.4.6.2}% 78
\BOOKMARK [3][-]{subsubsection.4.6.2.14}{\376\377\0004\000.\0006\000.\0002\000.\0001\0004\000\040\000e\000x\000e\000c\000\137\000l\000o\000g\000g\000e\000r\000\137\000l\000o\000g\000\137\000t\000a\000s\000k\000\137\000a\000s\000s\000i\000g\000n\000e\000d\000\050\000\051}{subsection.4.6.2}% 79
\BOOKMARK [3][-]{subsubsection.4.6.2.15}{\376\377\0004\000.\0006\000.\0002\000.\0001\0005\000\040\000e\000x\000e\000c\000\137\000l\000o\000g\000g\000e\000r\000\137\000l\000o\000g\000\137\000t\000a\000s\000k\000\137\000c\000o\000m\000p\000l\000e\000t\000e\000d\000\050\000\051}{subsection.4.6.2}% 80
\BOOKMARK [1][-]{section.4.7}{\376\377\0004\000.\0007\000\040\000s\000r\000c\000/\000m\000a\000i\000n\000.\000c\000\040\000F\000i\000l\000e\000\040\000R\000e\000f\000e\000r\000e\000n\000c\000e}{chapter.4}% 81
\BOOKMARK [2][-]{subsection.4.7.1}{\376\377\0004\000.\0007\000.\0001\000\040\000D\000e\000t\000a\000i\000l\000e\000d\000\040\000D\000e\000s\000c\000r\000i\000p\000t\000i\000o\000n}{section.4.7}% 82
\BOOKMARK [2][-]{subsection.4.7.2}{\376\377\0004\000.\0007\000.\0002\000\040\000F\000u\000n\000c\000t\000i\000o\000n\000\040\000D\000o\000c\000u\000m\000e\000n\000t\000a\000t\000i\000o\000n}{section.4.7}% 83
\BOOKMARK [3][-]{subsubsection.4.7.2.1}{\376\377\0004\000.\0007\000.\0002\000.\0001\000\040\000g\000e\000t\000\137\000o\000r\000\137\000c\000r\000e\000a\000t\000e\000\137\000c\000e\000n\000t\000r\000a\000l\000\137\000s\000e\000r\000v\000e\000r\000\137\000d\000t\000l\000s\000\137\000s\000e\000s\000s\000i\000o\000n\000\050\000\051}{subsection.4.7.2}% 84
\BOOKMARK [3][-]{subsubsection.4.7.2.2}{\376\377\0004\000.\0007\000.\0002\000.\0002\000\040\000i\000n\000i\000c\000i\000a\000l\000i\000z\000a\000r\000\137\000m\000i\000\137\000s\000i\000m\000u\000l\000a\000c\000i\000o\000n\000\137\000a\000s\000c\000e\000n\000s\000o\000r\000\050\000\051}{subsection.4.7.2}% 85
\BOOKMARK [3][-]{subsubsection.4.7.2.3}{\376\377\0004\000.\0007\000.\0002\000.\0003\000\040\000m\000a\000i\000n\000\050\000\051}{subsection.4.7.2}% 86
\BOOKMARK [3][-]{subsubsection.4.7.2.4}{\376\377\0004\000.\0007\000.\0002\000.\0004\000\040\000p\000r\000o\000c\000e\000s\000a\000r\000\137\000s\000i\000g\000u\000i\000e\000n\000t\000e\000\137\000p\000e\000t\000i\000c\000i\000o\000n\000\137\000s\000i\000m\000u\000l\000a\000c\000i\000o\000n\000\050\000\051}{subsection.4.7.2}% 87
\BOOKMARK [3][-]{subsubsection.4.7.2.5}{\376\377\0004\000.\0007\000.\0002\000.\0005\000\040\000s\000i\000m\000u\000l\000a\000r\000\137\000e\000v\000e\000n\000t\000o\000s\000\137\000a\000s\000c\000e\000n\000s\000o\000r\000\050\000\051}{subsection.4.7.2}% 88
\BOOKMARK [2][-]{subsection.4.7.3}{\376\377\0004\000.\0007\000.\0003\000\040\000V\000a\000r\000i\000a\000b\000l\000e\000\040\000D\000o\000c\000u\000m\000e\000n\000t\000a\000t\000i\000o\000n}{section.4.7}% 89
\BOOKMARK [3][-]{subsubsection.4.7.3.1}{\376\377\0004\000.\0007\000.\0003\000.\0001\000\040\000g\000\137\000c\000o\000a\000p\000\137\000c\000o\000n\000t\000e\000x\000t}{subsection.4.7.3}% 90
\BOOKMARK [3][-]{subsubsection.4.7.3.2}{\376\377\0004\000.\0007\000.\0003\000.\0002\000\040\000g\000\137\000d\000t\000l\000s\000\137\000s\000e\000s\000s\000i\000o\000n\000\137\000t\000o\000\137\000c\000e\000n\000t\000r\000a\000l\000\137\000s\000e\000r\000v\000e\000r}{subsection.4.7.3}% 91
\BOOKMARK [3][-]{subsubsection.4.7.3.3}{\376\377\0004\000.\0007\000.\0003\000.\0003\000\040\000m\000a\000n\000a\000g\000e\000d\000\137\000e\000l\000e\000v\000a\000t\000o\000r\000\137\000g\000r\000o\000u\000p}{subsection.4.7.3}% 92
\BOOKMARK [3][-]{subsubsection.4.7.3.4}{\376\377\0004\000.\0007\000.\0003\000.\0004\000\040\000q\000u\000i\000t\000\137\000m\000a\000i\000n\000\137\000l\000o\000o\000p}{subsection.4.7.3}% 93
\BOOKMARK [1][-]{section.4.8}{\376\377\0004\000.\0008\000\040\000s\000r\000c\000/\000m\000a\000i\000n\000\137\000d\000y\000n\000a\000m\000i\000c\000\137\000p\000o\000r\000t\000.\000c\000\040\000F\000i\000l\000e\000\040\000R\000e\000f\000e\000r\000e\000n\000c\000e}{chapter.4}% 94
\BOOKMARK [2][-]{subsection.4.8.1}{\376\377\0004\000.\0008\000.\0001\000\040\000D\000e\000t\000a\000i\000l\000e\000d\000\040\000D\000e\000s\000c\000r\000i\000p\000t\000i\000o\000n}{section.4.8}% 95
\BOOKMARK [2][-]{subsection.4.8.2}{\376\377\0004\000.\0008\000.\0002\000\040\000F\000u\000n\000c\000t\000i\000o\000n\000\040\000D\000o\000c\000u\000m\000e\000n\000t\000a\000t\000i\000o\000n}{section.4.8}% 96
\BOOKMARK [3][-]{subsubsection.4.8.2.1}{\376\377\0004\000.\0008\000.\0002\000.\0001\000\040\000g\000e\000t\000\137\000o\000r\000\137\000c\000r\000e\000a\000t\000e\000\137\000c\000e\000n\000t\000r\000a\000l\000\137\000s\000e\000r\000v\000e\000r\000\137\000d\000t\000l\000s\000\137\000s\000e\000s\000s\000i\000o\000n\000\050\000\051}{subsection.4.8.2}% 97
\BOOKMARK [3][-]{subsubsection.4.8.2.2}{\376\377\0004\000.\0008\000.\0002\000.\0002\000\040\000i\000n\000i\000c\000i\000a\000l\000i\000z\000a\000r\000\137\000m\000i\000\137\000s\000i\000m\000u\000l\000a\000c\000i\000o\000n\000\137\000a\000s\000c\000e\000n\000s\000o\000r\000\050\000\051}{subsection.4.8.2}% 98
\BOOKMARK [3][-]{subsubsection.4.8.2.3}{\376\377\0004\000.\0008\000.\0002\000.\0003\000\040\000m\000a\000i\000n\000\050\000\051}{subsection.4.8.2}% 99
\BOOKMARK [3][-]{subsubsection.4.8.2.4}{\376\377\0004\000.\0008\000.\0002\000.\0004\000\040\000s\000i\000m\000u\000l\000a\000r\000\137\000e\000v\000e\000n\000t\000o\000s\000\137\000a\000s\000c\000e\000n\000s\000o\000r\000\050\000\051}{subsection.4.8.2}% 100
\BOOKMARK [2][-]{subsection.4.8.3}{\376\377\0004\000.\0008\000.\0003\000\040\000V\000a\000r\000i\000a\000b\000l\000e\000\040\000D\000o\000c\000u\000m\000e\000n\000t\000a\000t\000i\000o\000n}{section.4.8}% 101
\BOOKMARK [3][-]{subsubsection.4.8.3.1}{\376\377\0004\000.\0008\000.\0003\000.\0001\000\040\000g\000\137\000c\000o\000a\000p\000\137\000c\000o\000n\000t\000e\000x\000t}{subsection.4.8.3}% 102
\BOOKMARK [3][-]{subsubsection.4.8.3.2}{\376\377\0004\000.\0008\000.\0003\000.\0002\000\040\000g\000\137\000d\000t\000l\000s\000\137\000s\000e\000s\000s\000i\000o\000n\000\137\000t\000o\000\137\000c\000e\000n\000t\000r\000a\000l\000\137\000s\000e\000r\000v\000e\000r}{subsection.4.8.3}% 103
\BOOKMARK [3][-]{subsubsection.4.8.3.3}{\376\377\0004\000.\0008\000.\0003\000.\0003\000\040\000m\000a\000n\000a\000g\000e\000d\000\137\000e\000l\000e\000v\000a\000t\000o\000r\000\137\000g\000r\000o\000u\000p}{subsection.4.8.3}% 104
\BOOKMARK [3][-]{subsubsection.4.8.3.4}{\376\377\0004\000.\0008\000.\0003\000.\0004\000\040\000q\000u\000i\000t\000\137\000m\000a\000i\000n\000\137\000l\000o\000o\000p}{subsection.4.8.3}% 105
\BOOKMARK [1][-]{section.4.9}{\376\377\0004\000.\0009\000\040\000s\000r\000c\000/\000m\000i\000\137\000s\000i\000m\000u\000l\000a\000d\000o\000r\000\137\000a\000s\000c\000e\000n\000s\000o\000r\000.\000c\000\040\000F\000i\000l\000e\000\040\000R\000e\000f\000e\000r\000e\000n\000c\000e}{chapter.4}% 106
\BOOKMARK [2][-]{subsection.4.9.1}{\376\377\0004\000.\0009\000.\0001\000\040\000D\000e\000t\000a\000i\000l\000e\000d\000\040\000D\000e\000s\000c\000r\000i\000p\000t\000i\000o\000n}{section.4.9}% 107
\BOOKMARK [2][-]{subsection.4.9.2}{\376\377\0004\000.\0009\000.\0002\000\040\000F\000u\000n\000c\000t\000i\000o\000n\000\040\000D\000o\000c\000u\000m\000e\000n\000t\000a\000t\000i\000o\000n}{section.4.9}% 108
\BOOKMARK [3][-]{subsubsection.4.9.2.1}{\376\377\0004\000.\0009\000.\0002\000.\0001\000\040\000i\000n\000i\000c\000i\000a\000l\000i\000z\000a\000r\000\137\000m\000i\000\137\000s\000i\000m\000u\000l\000a\000c\000i\000o\000n\000\137\000a\000s\000c\000e\000n\000s\000o\000r\000\050\000\051}{subsection.4.9.2}% 109
\BOOKMARK [3][-]{subsubsection.4.9.2.2}{\376\377\0004\000.\0009\000.\0002\000.\0002\000\040\000m\000i\000\137\000s\000i\000m\000u\000l\000a\000d\000o\000r\000\137\000r\000e\000c\000i\000b\000e\000\137\000c\000a\000n\000\137\000g\000w\000\050\000\051}{subsection.4.9.2}% 110
\BOOKMARK [3][-]{subsubsection.4.9.2.3}{\376\377\0004\000.\0009\000.\0002\000.\0003\000\040\000p\000r\000o\000c\000e\000s\000a\000r\000\137\000s\000i\000g\000u\000i\000e\000n\000t\000e\000\137\000p\000e\000t\000i\000c\000i\000o\000n\000\137\000s\000i\000m\000u\000l\000a\000c\000i\000o\000n\000\050\000\051}{subsection.4.9.2}% 111
\BOOKMARK [3][-]{subsubsection.4.9.2.4}{\376\377\0004\000.\0009\000.\0002\000.\0004\000\040\000s\000i\000m\000u\000l\000a\000r\000\137\000e\000v\000e\000n\000t\000o\000s\000\137\000a\000s\000c\000e\000n\000s\000o\000r\000\050\000\051}{subsection.4.9.2}% 112
\BOOKMARK [3][-]{subsubsection.4.9.2.5}{\376\377\0004\000.\0009\000.\0002\000.\0005\000\040\000s\000i\000m\000u\000l\000a\000r\000\137\000l\000l\000a\000m\000a\000d\000a\000\137\000d\000e\000\137\000p\000i\000s\000o\000\137\000v\000i\000a\000\137\000c\000a\000n\000\050\000\051}{subsection.4.9.2}% 113
\BOOKMARK [3][-]{subsubsection.4.9.2.6}{\376\377\0004\000.\0009\000.\0002\000.\0006\000\040\000s\000i\000m\000u\000l\000a\000r\000\137\000s\000o\000l\000i\000c\000i\000t\000u\000d\000\137\000c\000a\000b\000i\000n\000a\000\137\000v\000i\000a\000\137\000c\000a\000n\000\050\000\051}{subsection.4.9.2}% 114
\BOOKMARK [2][-]{subsection.4.9.3}{\376\377\0004\000.\0009\000.\0003\000\040\000V\000a\000r\000i\000a\000b\000l\000e\000\040\000D\000o\000c\000u\000m\000e\000n\000t\000a\000t\000i\000o\000n}{section.4.9}% 115
\BOOKMARK [3][-]{subsubsection.4.9.3.1}{\376\377\0004\000.\0009\000.\0003\000.\0001\000\040\000g\000\137\000c\000o\000a\000p\000\137\000c\000o\000n\000t\000e\000x\000t}{subsection.4.9.3}% 116
\BOOKMARK [3][-]{subsubsection.4.9.3.2}{\376\377\0004\000.\0009\000.\0003\000.\0002\000\040\000m\000a\000n\000a\000g\000e\000d\000\137\000e\000l\000e\000v\000a\000t\000o\000r\000\137\000g\000r\000o\000u\000p}{subsection.4.9.3}% 117
\BOOKMARK [1][-]{section.4.10}{\376\377\0004\000.\0001\0000\000\040\000s\000r\000c\000/\000p\000s\000k\000\137\000m\000a\000n\000a\000g\000e\000r\000.\000c\000\040\000F\000i\000l\000e\000\040\000R\000e\000f\000e\000r\000e\000n\000c\000e}{chapter.4}% 118
\BOOKMARK [2][-]{subsection.4.10.1}{\376\377\0004\000.\0001\0000\000.\0001\000\040\000D\000e\000t\000a\000i\000l\000e\000d\000\040\000D\000e\000s\000c\000r\000i\000p\000t\000i\000o\000n}{section.4.10}% 119
\BOOKMARK [2][-]{subsection.4.10.2}{\376\377\0004\000.\0001\0000\000.\0002\000\040\000F\000u\000n\000c\000t\000i\000o\000n\000\040\000D\000o\000c\000u\000m\000e\000n\000t\000a\000t\000i\000o\000n}{section.4.10}% 120
\BOOKMARK [3][-]{subsubsection.4.10.2.1}{\376\377\0004\000.\0001\0000\000.\0002\000.\0001\000\040\000p\000s\000k\000\137\000m\000a\000n\000a\000g\000e\000r\000\137\000g\000e\000t\000\137\000d\000e\000t\000e\000r\000m\000i\000n\000i\000s\000t\000i\000c\000\137\000k\000e\000y\000\050\000\051}{subsection.4.10.2}% 121
\BOOKMARK [3][-]{subsubsection.4.10.2.2}{\376\377\0004\000.\0001\0000\000.\0002\000.\0002\000\040\000p\000s\000k\000\137\000m\000a\000n\000a\000g\000e\000r\000\137\000g\000e\000t\000\137\000f\000i\000r\000s\000t\000\137\000k\000e\000y\000\050\000\051}{subsection.4.10.2}% 122
\BOOKMARK [3][-]{subsubsection.4.10.2.3}{\376\377\0004\000.\0001\0000\000.\0002\000.\0003\000\040\000p\000s\000k\000\137\000m\000a\000n\000a\000g\000e\000r\000\137\000g\000e\000t\000\137\000r\000a\000n\000d\000o\000m\000\137\000k\000e\000y\000\050\000\051}{subsection.4.10.2}% 123
\BOOKMARK [3][-]{subsubsection.4.10.2.4}{\376\377\0004\000.\0001\0000\000.\0002\000.\0004\000\040\000p\000s\000k\000\137\000m\000a\000n\000a\000g\000e\000r\000\137\000i\000n\000i\000t\000\050\000\051}{subsection.4.10.2}% 124
\BOOKMARK [1][-]{section.4.11}{\376\377\0004\000.\0001\0001\000\040\000s\000r\000c\000/\000p\000s\000k\000\137\000m\000a\000n\000a\000g\000e\000r\000.\000h\000\040\000F\000i\000l\000e\000\040\000R\000e\000f\000e\000r\000e\000n\000c\000e}{chapter.4}% 125
\BOOKMARK [2][-]{subsection.4.11.1}{\376\377\0004\000.\0001\0001\000.\0001\000\040\000D\000e\000t\000a\000i\000l\000e\000d\000\040\000D\000e\000s\000c\000r\000i\000p\000t\000i\000o\000n}{section.4.11}% 126
\BOOKMARK [2][-]{subsection.4.11.2}{\376\377\0004\000.\0001\0001\000.\0002\000\040\000F\000u\000n\000c\000t\000i\000o\000n\000\040\000D\000o\000c\000u\000m\000e\000n\000t\000a\000t\000i\000o\000n}{section.4.11}% 127
\BOOKMARK [3][-]{subsubsection.4.11.2.1}{\376\377\0004\000.\0001\0001\000.\0002\000.\0001\000\040\000p\000s\000k\000\137\000m\000a\000n\000a\000g\000e\000r\000\137\000g\000e\000t\000\137\000d\000e\000t\000e\000r\000m\000i\000n\000i\000s\000t\000i\000c\000\137\000k\000e\000y\000\050\000\051}{subsection.4.11.2}% 128
\BOOKMARK [3][-]{subsubsection.4.11.2.2}{\376\377\0004\000.\0001\0001\000.\0002\000.\0002\000\040\000p\000s\000k\000\137\000m\000a\000n\000a\000g\000e\000r\000\137\000g\000e\000t\000\137\000f\000i\000r\000s\000t\000\137\000k\000e\000y\000\050\000\051}{subsection.4.11.2}% 129
\BOOKMARK [3][-]{subsubsection.4.11.2.3}{\376\377\0004\000.\0001\0001\000.\0002\000.\0003\000\040\000p\000s\000k\000\137\000m\000a\000n\000a\000g\000e\000r\000\137\000g\000e\000t\000\137\000r\000a\000n\000d\000o\000m\000\137\000k\000e\000y\000\050\000\051}{subsection.4.11.2}% 130
\BOOKMARK [3][-]{subsubsection.4.11.2.4}{\376\377\0004\000.\0001\0001\000.\0002\000.\0004\000\040\000p\000s\000k\000\137\000m\000a\000n\000a\000g\000e\000r\000\137\000i\000n\000i\000t\000\050\000\051}{subsection.4.11.2}% 131
\BOOKMARK [1][-]{section.4.12}{\376\377\0004\000.\0001\0002\000\040\000p\000s\000k\000\137\000m\000a\000n\000a\000g\000e\000r\000.\000h}{chapter.4}% 132
\BOOKMARK [1][-]{section.4.13}{\376\377\0004\000.\0001\0003\000\040\000s\000r\000c\000/\000s\000i\000m\000u\000l\000a\000t\000i\000o\000n\000\137\000l\000o\000a\000d\000e\000r\000.\000c\000\040\000F\000i\000l\000e\000\040\000R\000e\000f\000e\000r\000e\000n\000c\000e}{chapter.4}% 133
\BOOKMARK [2][-]{subsection.4.13.1}{\376\377\0004\000.\0001\0003\000.\0001\000\040\000D\000e\000t\000a\000i\000l\000e\000d\000\040\000D\000e\000s\000c\000r\000i\000p\000t\000i\000o\000n}{section.4.13}% 134
\BOOKMARK [2][-]{subsection.4.13.2}{\376\377\0004\000.\0001\0003\000.\0002\000\040\000F\000u\000n\000c\000t\000i\000o\000n\000\040\000D\000o\000c\000u\000m\000e\000n\000t\000a\000t\000i\000o\000n}{section.4.13}% 135
\BOOKMARK [3][-]{subsubsection.4.13.2.1}{\376\377\0004\000.\0001\0003\000.\0002\000.\0001\000\040\000c\000a\000r\000g\000a\000r\000\137\000d\000a\000t\000o\000s\000\137\000s\000i\000m\000u\000l\000a\000c\000i\000o\000n\000\050\000\051}{subsection.4.13.2}% 136
\BOOKMARK [3][-]{subsubsection.4.13.2.2}{\376\377\0004\000.\0001\0003\000.\0002\000.\0002\000\040\000c\000o\000n\000v\000e\000r\000t\000i\000r\000\137\000d\000i\000r\000e\000c\000c\000i\000o\000n\000\137\000s\000t\000r\000i\000n\000g\000\050\000\051}{subsection.4.13.2}% 137
\BOOKMARK [3][-]{subsubsection.4.13.2.3}{\376\377\0004\000.\0001\0003\000.\0002\000.\0003\000\040\000e\000j\000e\000c\000u\000t\000a\000r\000\137\000p\000e\000t\000i\000c\000i\000o\000n\000e\000s\000\137\000e\000d\000i\000f\000i\000c\000i\000o\000\050\000\051}{subsection.4.13.2}% 138
\BOOKMARK [3][-]{subsubsection.4.13.2.4}{\376\377\0004\000.\0001\0003\000.\0002\000.\0004\000\040\000l\000i\000b\000e\000r\000a\000r\000\137\000d\000a\000t\000o\000s\000\137\000s\000i\000m\000u\000l\000a\000c\000i\000o\000n\000\050\000\051}{subsection.4.13.2}% 139
\BOOKMARK [3][-]{subsubsection.4.13.2.5}{\376\377\0004\000.\0001\0003\000.\0002\000.\0005\000\040\000s\000e\000l\000e\000c\000c\000i\000o\000n\000a\000r\000\137\000e\000d\000i\000f\000i\000c\000i\000o\000\137\000a\000l\000e\000a\000t\000o\000r\000i\000o\000\050\000\051}{subsection.4.13.2}% 140
\BOOKMARK [2][-]{subsection.4.13.3}{\376\377\0004\000.\0001\0003\000.\0003\000\040\000V\000a\000r\000i\000a\000b\000l\000e\000\040\000D\000o\000c\000u\000m\000e\000n\000t\000a\000t\000i\000o\000n}{section.4.13}% 141
\BOOKMARK [3][-]{subsubsection.4.13.3.1}{\376\377\0004\000.\0001\0003\000.\0003\000.\0001\000\040\000m\000a\000n\000a\000g\000e\000d\000\137\000e\000l\000e\000v\000a\000t\000o\000r\000\137\000g\000r\000o\000u\000p}{subsection.4.13.3}% 142
\BOOKMARK [0][-]{section*.41}{\376\377\000I\000n\000d\000e\000x}{}% 143
