API Gateway: Intentando cargar gateway.env...
API Gateway: gateway.env cargado exitosamente
API Gateway: GW_LISTEN_IP = '0.0.0.0'
API Gateway: GW_LISTEN_PORT = '5683'
API Gateway: Usando puerto personalizado 6005
[32m[INFO-GW] [0m[CAN_Bridge] Inicializando el puente CAN simulado.
[34m[DEBUG-GW] [0m[Main] Manejador de eventos CoAP global registrado.
API Gateway: Listening on 0.0.0.0:6005 for CoAP messages (UDP).
(Ctrl+C to quit)
[32m[INFO-GW] [0mStateMgr: Inicializando 4 ascensores para edificio 'E1', 14 pisos.
[34m[DEBUG-GW] [0mStateMgr: Ascensor E1A1 inicializado: Piso 0, Puerta CERRADA, Ocupado: No
[34m[DEBUG-GW] [0mStateMgr: Ascensor E1A2 inicializado: Piso 0, Puerta CERRADA, Ocupado: No
[34m[DEBUG-GW] [0mStateMgr: Ascensor E1A3 inicializado: Piso 0, Puerta CERRADA, Ocupado: No
[34m[DEBUG-GW] [0mStateMgr: Ascensor E1A4 inicializado: Piso 0, Puerta CERRADA, Ocupado: No
[32m[INFO-GW] [0mAPI Gateway: Grupo de 4 ascensores para edificio 'E1' inicializado.
PSK Manager: Cargadas 15000 claves desde psk_keys.txt
[32m[INFO-GW] [0m[Main] Gestor de claves PSK inicializado correctamente.
[32m[INFO-GW] [0m[CAN_Bridge] Registrando callback para enviar frames CAN a la simulación.
[SIM_ASCENSOR] Simulador de ascensor inicializado y callback CAN registrado.
[SIM_ASCENSOR] Intentando cargar datos de simulación desde: simulation_data.json
[SIMULATION] Intentando abrir archivo: simulation_data.json
[SIMULATION] Archivo abierto exitosamente
[SIMULATION] Tamaño del archivo: 122653 bytes
[SIMULATION] Cargados 100 edificios con 1000 peticiones totales
[SIM_ASCENSOR] Datos de simulación cargados exitosamente desde simulation_data.json
[SIM_ASCENSOR] Edificios cargados: 100, Datos válidos: Sí

[EXEC_LOGGER] Directorio de trabajo actual: /mnt/d/AATFG/API/Codigo/git/api_gateway
[EXEC_LOGGER] Usando directorio personalizado: logs/instance_6_port_6005
[EXEC_LOGGER] Intentando crear directorio 'logs/instance_6_port_6005'...
[EXEC_LOGGER] Directorio ya existe: logs/instance_6_port_6005
[EXEC_LOGGER] Intentando crear directorio 'logs/instance_6_port_6005/2025-07-11'...
[EXEC_LOGGER] Directorio ya existe: logs/instance_6_port_6005/2025-07-11
[EXEC_LOGGER] Intentando crear archivo: logs/instance_6_port_6005/2025-07-11/ejecucion_01-47-14-967.md
[EXEC_LOGGER] Sistema de logging inicializado: logs/instance_6_port_6005/2025-07-11/ejecucion_01-47-14-967.md

[SIM_ASCENSOR] === INICIANDO SIMULACIÓN NO-BLOQUEANTE DE EVENTOS CAN ===
[SIM_ASCENSOR] Configurando simulación desde JSON con 100 edificios disponibles
[SIMULATION] Edificio seleccionado: E031 (índice 30 de 100)
[32m[INFO-GW] [0mStateMgr: Inicializando 4 ascensores para edificio 'E031', 14 pisos.
[34m[DEBUG-GW] [0mStateMgr: Ascensor E031A1 inicializado: Piso 0, Puerta CERRADA, Ocupado: No
[34m[DEBUG-GW] [0mStateMgr: Ascensor E031A2 inicializado: Piso 0, Puerta CERRADA, Ocupado: No
[34m[DEBUG-GW] [0mStateMgr: Ascensor E031A3 inicializado: Piso 0, Puerta CERRADA, Ocupado: No
[34m[DEBUG-GW] [0mStateMgr: Ascensor E031A4 inicializado: Piso 0, Puerta CERRADA, Ocupado: No
[SIM_ASCENSOR] Sistema configurado para edificio: E031
[SIM_ASCENSOR] Ascensores disponibles: E031A1, E031A2, E031A3, E031A4
[SIM_ASCENSOR] Simulación NO-BLOQUEANTE: 10 peticiones con 2000ms entre cada una
[SIM_ASCENSOR] ✅ Simulación no-bloqueante activada. El main loop manejará las peticiones.
[SIM_ASCENSOR] === CONFIGURACIÓN DE SIMULACIÓN COMPLETADA ===

[34m[DEBUG-GW] [0m[SimStep] === DIAGNÓSTICO SIMULADOR === Iteración 10
[34m[DEBUG-GW] [0m[SimStep] Grupo: E031, Ascensores: 4
[34m[DEBUG-GW] [0m[SimStep] Ascensor E031A1: Piso=0, Destino=-1, Ocupado=NO, Tarea=NINGUNA
[34m[DEBUG-GW] [0m[SimStep] Ascensor E031A2: Piso=0, Destino=-1, Ocupado=NO, Tarea=NINGUNA
[34m[DEBUG-GW] [0m[SimStep] Ascensor E031A3: Piso=0, Destino=-1, Ocupado=NO, Tarea=NINGUNA
[34m[DEBUG-GW] [0m[SimStep] Ascensor E031A4: Piso=0, Destino=-1, Ocupado=NO, Tarea=NINGUNA
[34m[DEBUG-GW] [0m[SimStep] ESTADÍSTICAS: Ocupados=0, Moviendo=0, Total=4
[SIM_ASCENSOR] --- Petición 1/10 (NO-BLOQUEANTE) ---
[SIM_ASCENSOR] Ejecutando llamada de piso: Piso 8, Dirección up
[SIM_ASCENSOR] Enviando LLAMADA DE PISO a GW (vía CAN): Piso 8, Dir SUBIR
[32m[INFO-GW] [0m[CAN_Bridge] Procesando frame CAN ID: 0x100, DLC: 2
[32m[INFO-GW] [0m[CAN_Bridge] Llamada de piso CAN: Piso 8, Dirección SUBIENDO
[32m[INFO-GW] [0m[33m[CAN_FloorCall] Gateway (Origen CAN ID: 0x100): Preparando solicitud para Servidor Central.[0m

[34m[DEBUG-GW] [0m[CAN_FloorCall] Payload para Servidor Central (Origen CAN ID: 0x100): {"id_edificio":"E031","piso_origen_llamada":8,"direccion_llamada":"SUBIENDO","elevadores_estado":[{"id_ascensor":"E031A1","piso_actual":0,"estado_puerta":"CERRADA","disponible":true,"tarea_actual_id":null,"destino_actual":null},{"id_ascensor":"E031A2","piso_actual":0,"estado_puerta":"CERRADA","disponible":true,"tarea_actual_id":null,"destino_actual":null},{"id_ascensor":"E031A3","piso_actual":0,"estado_puerta":"CERRADA","disponible":true,"tarea_actual_id":null,"destino_actual":null},{"id_ascensor":"E031A4","piso_actual":0,"estado_puerta":"CERRADA","disponible":true,"tarea_actual_id":null,"destino_actual":null}]}
[32m[INFO-GW] [0m[SessionHelper] Creando NUEVA sesión DTLS-PSK con servidor central.
[32m[INFO-GW] [0m[SessionHelper] Debug - server_ip = '192.168.49.2' (longitud: 12)
[32m[INFO-GW] [0m[SessionHelper] Debug - CENTRAL_SERVER_IP env var = '192.168.49.2'
[34m[DEBUG-GW] [0m[PSK] Clave determinística para identidad 'Gateway_Client_117170_1752191236': R2wYIT}8
[32m[INFO-GW] [0m[SessionHelper] Usando identidad única: 'Gateway_Client_117170_1752191236'
[32m[INFO-GW] [0m[SessionHelper] NUEVA Sesión DTLS-PSK (0x0x58608b736120) creada con servidor central. Identity: 'Gateway_Client_117170_1752191236'
[32m[INFO-GW] [0m[SessionHelper] Esperando establecimiento de nueva sesión DTLS-PSK (0x0x58608b736120)...
[32m[INFO-GW] [0m[EventHandlerGW] Sesión DTLS global (0x0x58608b736120) establecida exitosamente con servidor central.
[32m[INFO-GW] [0m[SessionHelper] Nueva sesión DTLS-PSK (0x0x58608b736120) establecida exitosamente después de 2 intentos.
[34m[DEBUG-GW] [0m[CAN_Bridge] Stored token for CAN tracker: (len 1) 01
[34m[DEBUG-GW] [0m[CAN_Bridge] Stored CAN ID 0x100 at index 0
[32m[INFO-GW] [0m[36m[CAN_FloorCall] Gateway (Origen CAN ID: 0x100) -> Central: Enviando solicitud...[0m

[32m[INFO-GW] [0m[32m[CAN_FloorCall] Gateway (Origen CAN ID: 0x100) -> Central: Solicitud enviada, esperando rsp...[0m

[32m[INFO-GW] [0m[ResponseHandlerGW] Servidor Central -> Gateway: Respuesta recibida (Code: 2.69). MID: 14205
[34m[DEBUG-GW] [0m[ResponseHandlerGW] JSON recibido de Servidor Central: {
	"tarea_id":	"T_1752191236100",
	"ascensor_asignado_id":	"E031A1"
}
[34m[DEBUG-GW] [0m[ResponseHandlerGW] Token recibido del servidor: (len 1) 01
[34m[DEBUG-GW] [0m[CAN_Bridge] Finding token for CAN tracker: (len 1) 01
[32m[INFO-GW] [0m[ResponseHandlerGW] Respuesta CoAP corresponde a una solicitud originada por CAN (ID: 0x100). Token 01
[32m[INFO-GW] [0m[ResponseHandlerGW] Servidor Central (vía CAN origin) asignó tarea 'T_1752191236100' a ascensor 'E031A1'. Actualizando estado local.
[32m[INFO-GW] [0mStateMgr: Tarea 'T_1752191236100' asignada a ascensor E031A1. Destino: piso 8. Piso actual: 0. Dirección: SUBIENDO
[32m[INFO-GW] [0m[CAN_Bridge] Enviando respuesta CAN ID: 0x101, DLC: 8. Datos: 00 54 5F...
[SIM_ASCENSOR] Recibido frame CAN de GW: ID=0x101, DLC=8, Datos: 00 54 5F 31 37 35 32 31
    Simulador -> Respuesta de llamada de piso: Ascensor (índice 0) asignado.
    Simulador -> Tarea ID (parcial): T_17521
[34m[DEBUG-GW] [0m[ResponseHandlerGW] Respuesta recibida en la sesión DTLS global (0x0x58608b736120). No se libera aquí.
[32m[INFO-GW] [0m[SimStep] Ascensor E031A1 SUBE a piso 1 (Destino: 8, Tarea: T_1752191236100)
[32m[INFO-GW] [0m[SimStep] Ascensor E031A1 SUBE a piso 2 (Destino: 8, Tarea: T_1752191236100)
[32m[INFO-GW] [0m[SimStep] Ascensor E031A1 SUBE a piso 3 (Destino: 8, Tarea: T_1752191236100)
[32m[INFO-GW] [0m[SimStep] Ascensor E031A1 SUBE a piso 4 (Destino: 8, Tarea: T_1752191236100)
[32m[INFO-GW] [0m[SimStep] Ascensor E031A1 SUBE a piso 5 (Destino: 8, Tarea: T_1752191236100)
[32m[INFO-GW] [0m[SimStep] Ascensor E031A1 SUBE a piso 6 (Destino: 8, Tarea: T_1752191236100)
[32m[INFO-GW] [0m[SimStep] Ascensor E031A1 SUBE a piso 7 (Destino: 8, Tarea: T_1752191236100)
[32m[INFO-GW] [0m[SimStep] Ascensor E031A1 SUBE a piso 8 (Destino: 8, Tarea: T_1752191236100)
[32m[INFO-GW] [0m[SimStep] Ascensor E031A1 LLEGÓ a destino 8.
[32m[INFO-GW] [0mStateMgr: Ascensor E031A1 completó tarea T_1752191236100 en piso 8.
[32m[INFO-GW] [0m[SimStep] Tarea completada por E031A1.
[34m[DEBUG-GW] [0m[SimStep] === DIAGNÓSTICO SIMULADOR === Iteración 20
[34m[DEBUG-GW] [0m[SimStep] Grupo: E031, Ascensores: 4
[34m[DEBUG-GW] [0m[SimStep] Ascensor E031A1: Piso=8, Destino=-1, Ocupado=NO, Tarea=NINGUNA
[34m[DEBUG-GW] [0m[SimStep] Ascensor E031A2: Piso=0, Destino=-1, Ocupado=NO, Tarea=NINGUNA
[34m[DEBUG-GW] [0m[SimStep] Ascensor E031A3: Piso=0, Destino=-1, Ocupado=NO, Tarea=NINGUNA
[34m[DEBUG-GW] [0m[SimStep] Ascensor E031A4: Piso=0, Destino=-1, Ocupado=NO, Tarea=NINGUNA
[34m[DEBUG-GW] [0m[SimStep] ESTADÍSTICAS: Ocupados=0, Moviendo=0, Total=4
[SIM_ASCENSOR] --- Petición 2/10 (NO-BLOQUEANTE) ---
[SIM_ASCENSOR] Ejecutando solicitud de cabina: Ascensor 1, Destino piso 9
[SIM_ASCENSOR] Enviando SOLICITUD DE CABINA a GW (vía CAN): Ascensor idx 1, Piso Destino 9
[32m[INFO-GW] [0m[CAN_Bridge] Procesando frame CAN ID: 0x200, DLC: 2
[32m[INFO-GW] [0m[CAN_Bridge] Solicitud de cabina CAN: Ascensor E031A2 (idx 1), Piso Destino 9
[32m[INFO-GW] [0m[33m[CAN_CabinReq] Gateway (Origen CAN ID: 0x200): Preparando solicitud para Servidor Central.[0m

[34m[DEBUG-GW] [0m[CAN_CabinReq] Payload para Servidor Central (Origen CAN ID: 0x200): {"id_edificio":"E031","solicitando_ascensor_id":"E031A2","piso_destino_solicitud":9,"elevadores_estado":[{"id_ascensor":"E031A1","piso_actual":8,"estado_puerta":"ABIERTA","disponible":true,"tarea_actual_id":null,"destino_actual":null},{"id_ascensor":"E031A2","piso_actual":0,"estado_puerta":"CERRADA","disponible":true,"tarea_actual_id":null,"destino_actual":null},{"id_ascensor":"E031A3","piso_actual":0,"estado_puerta":"CERRADA","disponible":true,"tarea_actual_id":null,"destino_actual":null},{"id_ascensor":"E031A4","piso_actual":0,"estado_puerta":"CERRADA","disponible":true,"tarea_actual_id":null,"destino_actual":null}]}
[34m[DEBUG-GW] [0m[SessionHelper] Reutilizando sesión DTLS-PSK establecida (0x0x58608b736120) con servidor central.
[34m[DEBUG-GW] [0m[CAN_Bridge] Stored token for CAN tracker: (len 1) 02
[34m[DEBUG-GW] [0m[CAN_Bridge] Stored CAN ID 0x200 at index 1
[32m[INFO-GW] [0m[36m[CAN_CabinReq] Gateway (Origen CAN ID: 0x200) -> Central: Enviando solicitud...[0m

[32m[INFO-GW] [0m[32m[CAN_CabinReq] Gateway (Origen CAN ID: 0x200) -> Central: Solicitud enviada, esperando rsp...[0m

[32m[INFO-GW] [0m[ResponseHandlerGW] Servidor Central -> Gateway: Respuesta recibida (Code: 2.69). MID: 14206
[34m[DEBUG-GW] [0m[ResponseHandlerGW] JSON recibido de Servidor Central: {
	"tarea_id":	"T_1752191240924",
	"ascensor_asignado_id":	"E031A2"
}
[34m[DEBUG-GW] [0m[ResponseHandlerGW] Token recibido del servidor: (len 1) 02
[34m[DEBUG-GW] [0m[CAN_Bridge] Finding token for CAN tracker: (len 1) 02
[32m[INFO-GW] [0m[ResponseHandlerGW] Respuesta CoAP corresponde a una solicitud originada por CAN (ID: 0x200). Token 02
[32m[INFO-GW] [0m[ResponseHandlerGW] Servidor Central (vía CAN origin) asignó tarea 'T_1752191240924' a ascensor 'E031A2'. Actualizando estado local.
[32m[INFO-GW] [0mStateMgr: Tarea 'T_1752191240924' asignada a ascensor E031A2. Destino: piso 9. Piso actual: 0. Dirección: SUBIENDO
[32m[INFO-GW] [0m[CAN_Bridge] Enviando respuesta CAN ID: 0x201, DLC: 8. Datos: 01 54 5F...
[SIM_ASCENSOR] Recibido frame CAN de GW: ID=0x201, DLC=8, Datos: 01 54 5F 31 37 35 32 31
    Simulador -> Respuesta de solicitud de cabina: Datos[0]=01
    Simulador -> Tarea ID (parcial): T_17521
[34m[DEBUG-GW] [0m[ResponseHandlerGW] Respuesta recibida en la sesión DTLS global (0x0x58608b736120). No se libera aquí.
[32m[INFO-GW] [0m[SimStep] Ascensor E031A2 SUBE a piso 1 (Destino: 9, Tarea: T_1752191240924)
[32m[INFO-GW] [0m[SimStep] Ascensor E031A2 SUBE a piso 2 (Destino: 9, Tarea: T_1752191240924)
[32m[INFO-GW] [0m[SimStep] Ascensor E031A2 SUBE a piso 3 (Destino: 9, Tarea: T_1752191240924)
[32m[INFO-GW] [0m[SimStep] Ascensor E031A2 SUBE a piso 4 (Destino: 9, Tarea: T_1752191240924)
[32m[INFO-GW] [0m[SimStep] Ascensor E031A2 SUBE a piso 5 (Destino: 9, Tarea: T_1752191240924)
[34m[DEBUG-GW] [0m[SimStep] === DIAGNÓSTICO SIMULADOR === Iteración 30
[34m[DEBUG-GW] [0m[SimStep] Grupo: E031, Ascensores: 4
[34m[DEBUG-GW] [0m[SimStep] Ascensor E031A1: Piso=8, Destino=-1, Ocupado=NO, Tarea=NINGUNA
[34m[DEBUG-GW] [0m[SimStep] Ascensor E031A2: Piso=5, Destino=9, Ocupado=SÍ, Tarea=T_1752191240924
[32m[INFO-GW] [0m[SimStep] Ascensor E031A2 SUBE a piso 6 (Destino: 9, Tarea: T_1752191240924)
[34m[DEBUG-GW] [0m[SimStep] Ascensor E031A3: Piso=0, Destino=-1, Ocupado=NO, Tarea=NINGUNA
[34m[DEBUG-GW] [0m[SimStep] Ascensor E031A4: Piso=0, Destino=-1, Ocupado=NO, Tarea=NINGUNA
[34m[DEBUG-GW] [0m[SimStep] ESTADÍSTICAS: Ocupados=1, Moviendo=1, Total=4
[32m[INFO-GW] [0m[SimStep] Ascensor E031A2 SUBE a piso 7 (Destino: 9, Tarea: T_1752191240924)
[32m[INFO-GW] [0m[SimStep] Ascensor E031A2 SUBE a piso 8 (Destino: 9, Tarea: T_1752191240924)
[32m[INFO-GW] [0m[SimStep] Ascensor E031A2 SUBE a piso 9 (Destino: 9, Tarea: T_1752191240924)
[32m[INFO-GW] [0m[SimStep] Ascensor E031A2 LLEGÓ a destino 9.
[32m[INFO-GW] [0mStateMgr: Ascensor E031A2 completó tarea T_1752191240924 en piso 9.
[32m[INFO-GW] [0m[SimStep] Tarea completada por E031A2.
[SIM_ASCENSOR] --- Petición 3/10 (NO-BLOQUEANTE) ---
[SIM_ASCENSOR] Ejecutando llamada de piso: Piso 9, Dirección up
[SIM_ASCENSOR] Enviando LLAMADA DE PISO a GW (vía CAN): Piso 9, Dir SUBIR
[32m[INFO-GW] [0m[CAN_Bridge] Procesando frame CAN ID: 0x100, DLC: 2
[32m[INFO-GW] [0m[CAN_Bridge] Llamada de piso CAN: Piso 9, Dirección SUBIENDO
[32m[INFO-GW] [0m[33m[CAN_FloorCall] Gateway (Origen CAN ID: 0x100): Preparando solicitud para Servidor Central.[0m

[34m[DEBUG-GW] [0m[CAN_FloorCall] Payload para Servidor Central (Origen CAN ID: 0x100): {"id_edificio":"E031","piso_origen_llamada":9,"direccion_llamada":"SUBIENDO","elevadores_estado":[{"id_ascensor":"E031A1","piso_actual":8,"estado_puerta":"ABIERTA","disponible":true,"tarea_actual_id":null,"destino_actual":null},{"id_ascensor":"E031A2","piso_actual":9,"estado_puerta":"ABIERTA","disponible":true,"tarea_actual_id":null,"destino_actual":null},{"id_ascensor":"E031A3","piso_actual":0,"estado_puerta":"CERRADA","disponible":true,"tarea_actual_id":null,"destino_actual":null},{"id_ascensor":"E031A4","piso_actual":0,"estado_puerta":"CERRADA","disponible":true,"tarea_actual_id":null,"destino_actual":null}]}
[34m[DEBUG-GW] [0m[SessionHelper] Reutilizando sesión DTLS-PSK establecida (0x0x58608b736120) con servidor central.
[34m[DEBUG-GW] [0m[CAN_Bridge] Stored token for CAN tracker: (len 1) 03
[34m[DEBUG-GW] [0m[CAN_Bridge] Stored CAN ID 0x100 at index 2
[32m[INFO-GW] [0m[36m[CAN_FloorCall] Gateway (Origen CAN ID: 0x100) -> Central: Enviando solicitud...[0m

[32m[INFO-GW] [0m[32m[CAN_FloorCall] Gateway (Origen CAN ID: 0x100) -> Central: Solicitud enviada, esperando rsp...[0m

[32m[INFO-GW] [0m[ResponseHandlerGW] Servidor Central -> Gateway: Respuesta recibida (Code: 2.69). MID: 14207
[34m[DEBUG-GW] [0m[ResponseHandlerGW] JSON recibido de Servidor Central: {
	"tarea_id":	"T_1752191242053",
	"ascensor_asignado_id":	"E031A2"
}
[34m[DEBUG-GW] [0m[ResponseHandlerGW] Token recibido del servidor: (len 1) 03
[34m[DEBUG-GW] [0m[CAN_Bridge] Finding token for CAN tracker: (len 1) 03
[32m[INFO-GW] [0m[ResponseHandlerGW] Respuesta CoAP corresponde a una solicitud originada por CAN (ID: 0x100). Token 03
[32m[INFO-GW] [0m[ResponseHandlerGW] Servidor Central (vía CAN origin) asignó tarea 'T_1752191242053' a ascensor 'E031A2'. Actualizando estado local.
[32m[INFO-GW] [0mStateMgr: Tarea 'T_1752191242053' asignada a ascensor E031A2. Destino: piso 9. Piso actual: 9. Dirección: PARADO
[32m[INFO-GW] [0m[CAN_Bridge] Enviando respuesta CAN ID: 0x101, DLC: 8. Datos: 01 54 5F...
[SIM_ASCENSOR] Recibido frame CAN de GW: ID=0x101, DLC=8, Datos: 01 54 5F 31 37 35 32 31
    Simulador -> Respuesta de llamada de piso: Ascensor (índice 1) asignado.
    Simulador -> Tarea ID (parcial): T_17521
[34m[DEBUG-GW] [0m[ResponseHandlerGW] Respuesta recibida en la sesión DTLS global (0x0x58608b736120). No se libera aquí.
[34m[DEBUG-GW] [0m[SimStep] Ascensor E031A2 está ocupado y en su destino 9. Verificando si la tarea debe completarse.
[32m[INFO-GW] [0mStateMgr: Ascensor E031A2 completó tarea T_1752191242053 en piso 9.
[32m[INFO-GW] [0m[SimStep] Tarea completada por E031A2 (estaba en destino).
[34m[DEBUG-GW] [0m[SimStep] === DIAGNÓSTICO SIMULADOR === Iteración 40
[34m[DEBUG-GW] [0m[SimStep] Grupo: E031, Ascensores: 4
[34m[DEBUG-GW] [0m[SimStep] Ascensor E031A1: Piso=8, Destino=-1, Ocupado=NO, Tarea=NINGUNA
[34m[DEBUG-GW] [0m[SimStep] Ascensor E031A2: Piso=9, Destino=-1, Ocupado=NO, Tarea=NINGUNA
[34m[DEBUG-GW] [0m[SimStep] Ascensor E031A3: Piso=0, Destino=-1, Ocupado=NO, Tarea=NINGUNA
[34m[DEBUG-GW] [0m[SimStep] Ascensor E031A4: Piso=0, Destino=-1, Ocupado=NO, Tarea=NINGUNA
[34m[DEBUG-GW] [0m[SimStep] ESTADÍSTICAS: Ocupados=0, Moviendo=0, Total=4
[34m[DEBUG-GW] [0m[SimStep] === DIAGNÓSTICO SIMULADOR === Iteración 50
[34m[DEBUG-GW] [0m[SimStep] Grupo: E031, Ascensores: 4
[34m[DEBUG-GW] [0m[SimStep] Ascensor E031A1: Piso=8, Destino=-1, Ocupado=NO, Tarea=NINGUNA
[34m[DEBUG-GW] [0m[SimStep] Ascensor E031A2: Piso=9, Destino=-1, Ocupado=NO, Tarea=NINGUNA
[34m[DEBUG-GW] [0m[SimStep] Ascensor E031A3: Piso=0, Destino=-1, Ocupado=NO, Tarea=NINGUNA
[34m[DEBUG-GW] [0m[SimStep] Ascensor E031A4: Piso=0, Destino=-1, Ocupado=NO, Tarea=NINGUNA
[34m[DEBUG-GW] [0m[SimStep] ESTADÍSTICAS: Ocupados=0, Moviendo=0, Total=4
[SIM_ASCENSOR] --- Petición 4/10 (NO-BLOQUEANTE) ---
[SIM_ASCENSOR] Ejecutando solicitud de cabina: Ascensor 0, Destino piso 6
[SIM_ASCENSOR] Enviando SOLICITUD DE CABINA a GW (vía CAN): Ascensor idx 0, Piso Destino 6
[32m[INFO-GW] [0m[CAN_Bridge] Procesando frame CAN ID: 0x200, DLC: 2
[32m[INFO-GW] [0m[CAN_Bridge] Solicitud de cabina CAN: Ascensor E031A1 (idx 0), Piso Destino 6
[32m[INFO-GW] [0m[33m[CAN_CabinReq] Gateway (Origen CAN ID: 0x200): Preparando solicitud para Servidor Central.[0m

[34m[DEBUG-GW] [0m[CAN_CabinReq] Payload para Servidor Central (Origen CAN ID: 0x200): {"id_edificio":"E031","solicitando_ascensor_id":"E031A1","piso_destino_solicitud":6,"elevadores_estado":[{"id_ascensor":"E031A1","piso_actual":8,"estado_puerta":"ABIERTA","disponible":true,"tarea_actual_id":null,"destino_actual":null},{"id_ascensor":"E031A2","piso_actual":9,"estado_puerta":"ABIERTA","disponible":true,"tarea_actual_id":null,"destino_actual":null},{"id_ascensor":"E031A3","piso_actual":0,"estado_puerta":"CERRADA","disponible":true,"tarea_actual_id":null,"destino_actual":null},{"id_ascensor":"E031A4","piso_actual":0,"estado_puerta":"CERRADA","disponible":true,"tarea_actual_id":null,"destino_actual":null}]}
[34m[DEBUG-GW] [0m[SessionHelper] Reutilizando sesión DTLS-PSK establecida (0x0x58608b736120) con servidor central.
[34m[DEBUG-GW] [0m[CAN_Bridge] Stored token for CAN tracker: (len 1) 04
[34m[DEBUG-GW] [0m[CAN_Bridge] Stored CAN ID 0x200 at index 3
[32m[INFO-GW] [0m[36m[CAN_CabinReq] Gateway (Origen CAN ID: 0x200) -> Central: Enviando solicitud...[0m

[32m[INFO-GW] [0m[32m[CAN_CabinReq] Gateway (Origen CAN ID: 0x200) -> Central: Solicitud enviada, esperando rsp...[0m

[32m[INFO-GW] [0m[ResponseHandlerGW] Servidor Central -> Gateway: Respuesta recibida (Code: 2.69). MID: 14208
[34m[DEBUG-GW] [0m[ResponseHandlerGW] JSON recibido de Servidor Central: {
	"tarea_id":	"T_1752191244098",
	"ascensor_asignado_id":	"E031A1"
}
[34m[DEBUG-GW] [0m[ResponseHandlerGW] Token recibido del servidor: (len 1) 04
[34m[DEBUG-GW] [0m[CAN_Bridge] Finding token for CAN tracker: (len 1) 04
[32m[INFO-GW] [0m[ResponseHandlerGW] Respuesta CoAP corresponde a una solicitud originada por CAN (ID: 0x200). Token 04
[32m[INFO-GW] [0m[ResponseHandlerGW] Servidor Central (vía CAN origin) asignó tarea 'T_1752191244098' a ascensor 'E031A1'. Actualizando estado local.
[32m[INFO-GW] [0mStateMgr: Tarea 'T_1752191244098' asignada a ascensor E031A1. Destino: piso 6. Piso actual: 8. Dirección: BAJANDO
[32m[INFO-GW] [0m[CAN_Bridge] Enviando respuesta CAN ID: 0x201, DLC: 8. Datos: 00 54 5F...
[SIM_ASCENSOR] Recibido frame CAN de GW: ID=0x201, DLC=8, Datos: 00 54 5F 31 37 35 32 31
    Simulador -> Respuesta de solicitud de cabina: Datos[0]=00
    Simulador -> Tarea ID (parcial): T_17521
[34m[DEBUG-GW] [0m[ResponseHandlerGW] Respuesta recibida en la sesión DTLS global (0x0x58608b736120). No se libera aquí.
[34m[DEBUG-GW] [0m[SimStep] Ascensor E031A1 cerrando puertas en piso 8 para moverse.
[32m[INFO-GW] [0m[SimStep] Ascensor E031A1 BAJA a piso 7 (Destino: 6, Tarea: T_1752191244098)
[32m[INFO-GW] [0m[SimStep] Ascensor E031A1 BAJA a piso 6 (Destino: 6, Tarea: T_1752191244098)
[32m[INFO-GW] [0m[SimStep] Ascensor E031A1 LLEGÓ a destino 6.
[32m[INFO-GW] [0mStateMgr: Ascensor E031A1 completó tarea T_1752191244098 en piso 6.
[32m[INFO-GW] [0m[SimStep] Tarea completada por E031A1.
[34m[DEBUG-GW] [0m[SimStep] === DIAGNÓSTICO SIMULADOR === Iteración 60
[34m[DEBUG-GW] [0m[SimStep] Grupo: E031, Ascensores: 4
[34m[DEBUG-GW] [0m[SimStep] Ascensor E031A1: Piso=6, Destino=-1, Ocupado=NO, Tarea=NINGUNA
[34m[DEBUG-GW] [0m[SimStep] Ascensor E031A2: Piso=9, Destino=-1, Ocupado=NO, Tarea=NINGUNA
[34m[DEBUG-GW] [0m[SimStep] Ascensor E031A3: Piso=0, Destino=-1, Ocupado=NO, Tarea=NINGUNA
[34m[DEBUG-GW] [0m[SimStep] Ascensor E031A4: Piso=0, Destino=-1, Ocupado=NO, Tarea=NINGUNA
[34m[DEBUG-GW] [0m[SimStep] ESTADÍSTICAS: Ocupados=0, Moviendo=0, Total=4
[34m[DEBUG-GW] [0m[SimStep] === DIAGNÓSTICO SIMULADOR === Iteración 70
[34m[DEBUG-GW] [0m[SimStep] Grupo: E031, Ascensores: 4
[34m[DEBUG-GW] [0m[SimStep] Ascensor E031A1: Piso=6, Destino=-1, Ocupado=NO, Tarea=NINGUNA
[34m[DEBUG-GW] [0m[SimStep] Ascensor E031A2: Piso=9, Destino=-1, Ocupado=NO, Tarea=NINGUNA
[34m[DEBUG-GW] [0m[SimStep] Ascensor E031A3: Piso=0, Destino=-1, Ocupado=NO, Tarea=NINGUNA
[34m[DEBUG-GW] [0m[SimStep] Ascensor E031A4: Piso=0, Destino=-1, Ocupado=NO, Tarea=NINGUNA
[34m[DEBUG-GW] [0m[SimStep] ESTADÍSTICAS: Ocupados=0, Moviendo=0, Total=4
[SIM_ASCENSOR] --- Petición 5/10 (NO-BLOQUEANTE) ---
[SIM_ASCENSOR] Ejecutando llamada de piso: Piso 2, Dirección down
[SIM_ASCENSOR] Enviando LLAMADA DE PISO a GW (vía CAN): Piso 2, Dir BAJAR
[32m[INFO-GW] [0m[CAN_Bridge] Procesando frame CAN ID: 0x100, DLC: 2
[32m[INFO-GW] [0m[CAN_Bridge] Llamada de piso CAN: Piso 2, Dirección BAJANDO
[32m[INFO-GW] [0m[33m[CAN_FloorCall] Gateway (Origen CAN ID: 0x100): Preparando solicitud para Servidor Central.[0m

[34m[DEBUG-GW] [0m[CAN_FloorCall] Payload para Servidor Central (Origen CAN ID: 0x100): {"id_edificio":"E031","piso_origen_llamada":2,"direccion_llamada":"BAJANDO","elevadores_estado":[{"id_ascensor":"E031A1","piso_actual":6,"estado_puerta":"ABIERTA","disponible":true,"tarea_actual_id":null,"destino_actual":null},{"id_ascensor":"E031A2","piso_actual":9,"estado_puerta":"ABIERTA","disponible":true,"tarea_actual_id":null,"destino_actual":null},{"id_ascensor":"E031A3","piso_actual":0,"estado_puerta":"CERRADA","disponible":true,"tarea_actual_id":null,"destino_actual":null},{"id_ascensor":"E031A4","piso_actual":0,"estado_puerta":"CERRADA","disponible":true,"tarea_actual_id":null,"destino_actual":null}]}
[34m[DEBUG-GW] [0m[SessionHelper] Reutilizando sesión DTLS-PSK establecida (0x0x58608b736120) con servidor central.
[34m[DEBUG-GW] [0m[CAN_Bridge] Stored token for CAN tracker: (len 1) 05
[34m[DEBUG-GW] [0m[CAN_Bridge] Stored CAN ID 0x100 at index 4
[32m[INFO-GW] [0m[36m[CAN_FloorCall] Gateway (Origen CAN ID: 0x100) -> Central: Enviando solicitud...[0m

[32m[INFO-GW] [0m[32m[CAN_FloorCall] Gateway (Origen CAN ID: 0x100) -> Central: Solicitud enviada, esperando rsp...[0m

[32m[INFO-GW] [0m[ResponseHandlerGW] Servidor Central -> Gateway: Respuesta recibida (Code: 2.69). MID: 14209
[34m[DEBUG-GW] [0m[ResponseHandlerGW] JSON recibido de Servidor Central: {
	"tarea_id":	"T_1752191246074",
	"ascensor_asignado_id":	"E031A3"
}
[34m[DEBUG-GW] [0m[ResponseHandlerGW] Token recibido del servidor: (len 1) 05
[34m[DEBUG-GW] [0m[CAN_Bridge] Finding token for CAN tracker: (len 1) 05
[32m[INFO-GW] [0m[ResponseHandlerGW] Respuesta CoAP corresponde a una solicitud originada por CAN (ID: 0x100). Token 05
[32m[INFO-GW] [0m[ResponseHandlerGW] Servidor Central (vía CAN origin) asignó tarea 'T_1752191246074' a ascensor 'E031A3'. Actualizando estado local.
[32m[INFO-GW] [0mStateMgr: Tarea 'T_1752191246074' asignada a ascensor E031A3. Destino: piso 2. Piso actual: 0. Dirección: SUBIENDO
[32m[INFO-GW] [0m[CAN_Bridge] Enviando respuesta CAN ID: 0x101, DLC: 8. Datos: 02 54 5F...
[SIM_ASCENSOR] Recibido frame CAN de GW: ID=0x101, DLC=8, Datos: 02 54 5F 31 37 35 32 31
    Simulador -> Respuesta de llamada de piso: Ascensor (índice 2) asignado.
    Simulador -> Tarea ID (parcial): T_17521
[34m[DEBUG-GW] [0m[ResponseHandlerGW] Respuesta recibida en la sesión DTLS global (0x0x58608b736120). No se libera aquí.
[32m[INFO-GW] [0m[SimStep] Ascensor E031A3 SUBE a piso 1 (Destino: 2, Tarea: T_1752191246074)
[32m[INFO-GW] [0m[SimStep] Ascensor E031A3 SUBE a piso 2 (Destino: 2, Tarea: T_1752191246074)
[32m[INFO-GW] [0m[SimStep] Ascensor E031A3 LLEGÓ a destino 2.
[32m[INFO-GW] [0mStateMgr: Ascensor E031A3 completó tarea T_1752191246074 en piso 2.
[32m[INFO-GW] [0m[SimStep] Tarea completada por E031A3.
[34m[DEBUG-GW] [0m[SimStep] === DIAGNÓSTICO SIMULADOR === Iteración 80
[34m[DEBUG-GW] [0m[SimStep] Grupo: E031, Ascensores: 4
[34m[DEBUG-GW] [0m[SimStep] Ascensor E031A1: Piso=6, Destino=-1, Ocupado=NO, Tarea=NINGUNA
[34m[DEBUG-GW] [0m[SimStep] Ascensor E031A2: Piso=9, Destino=-1, Ocupado=NO, Tarea=NINGUNA
[34m[DEBUG-GW] [0m[SimStep] Ascensor E031A3: Piso=2, Destino=-1, Ocupado=NO, Tarea=NINGUNA
[34m[DEBUG-GW] [0m[SimStep] Ascensor E031A4: Piso=0, Destino=-1, Ocupado=NO, Tarea=NINGUNA
[34m[DEBUG-GW] [0m[SimStep] ESTADÍSTICAS: Ocupados=0, Moviendo=0, Total=4
[34m[DEBUG-GW] [0m[SimStep] === DIAGNÓSTICO SIMULADOR === Iteración 90
[34m[DEBUG-GW] [0m[SimStep] Grupo: E031, Ascensores: 4
[34m[DEBUG-GW] [0m[SimStep] Ascensor E031A1: Piso=6, Destino=-1, Ocupado=NO, Tarea=NINGUNA
[34m[DEBUG-GW] [0m[SimStep] Ascensor E031A2: Piso=9, Destino=-1, Ocupado=NO, Tarea=NINGUNA
[34m[DEBUG-GW] [0m[SimStep] Ascensor E031A3: Piso=2, Destino=-1, Ocupado=NO, Tarea=NINGUNA
[34m[DEBUG-GW] [0m[SimStep] Ascensor E031A4: Piso=0, Destino=-1, Ocupado=NO, Tarea=NINGUNA
[34m[DEBUG-GW] [0m[SimStep] ESTADÍSTICAS: Ocupados=0, Moviendo=0, Total=4
[SIM_ASCENSOR] --- Petición 6/10 (NO-BLOQUEANTE) ---
[SIM_ASCENSOR] Ejecutando solicitud de cabina: Ascensor 0, Destino piso 0
[SIM_ASCENSOR] Enviando SOLICITUD DE CABINA a GW (vía CAN): Ascensor idx 0, Piso Destino 0
[32m[INFO-GW] [0m[CAN_Bridge] Procesando frame CAN ID: 0x200, DLC: 2
[32m[INFO-GW] [0m[CAN_Bridge] Solicitud de cabina CAN: Ascensor E031A1 (idx 0), Piso Destino 0
[32m[INFO-GW] [0m[33m[CAN_CabinReq] Gateway (Origen CAN ID: 0x200): Preparando solicitud para Servidor Central.[0m

[34m[DEBUG-GW] [0m[CAN_CabinReq] Payload para Servidor Central (Origen CAN ID: 0x200): {"id_edificio":"E031","solicitando_ascensor_id":"E031A1","piso_destino_solicitud":0,"elevadores_estado":[{"id_ascensor":"E031A1","piso_actual":6,"estado_puerta":"ABIERTA","disponible":true,"tarea_actual_id":null,"destino_actual":null},{"id_ascensor":"E031A2","piso_actual":9,"estado_puerta":"ABIERTA","disponible":true,"tarea_actual_id":null,"destino_actual":null},{"id_ascensor":"E031A3","piso_actual":2,"estado_puerta":"ABIERTA","disponible":true,"tarea_actual_id":null,"destino_actual":null},{"id_ascensor":"E031A4","piso_actual":0,"estado_puerta":"CERRADA","disponible":true,"tarea_actual_id":null,"destino_actual":null}]}
[34m[DEBUG-GW] [0m[SessionHelper] Reutilizando sesión DTLS-PSK establecida (0x0x58608b736120) con servidor central.
[34m[DEBUG-GW] [0m[CAN_Bridge] Stored token for CAN tracker: (len 1) 06
[34m[DEBUG-GW] [0m[CAN_Bridge] Stored CAN ID 0x200 at index 5
[32m[INFO-GW] [0m[36m[CAN_CabinReq] Gateway (Origen CAN ID: 0x200) -> Central: Enviando solicitud...[0m

[32m[INFO-GW] [0m[32m[CAN_CabinReq] Gateway (Origen CAN ID: 0x200) -> Central: Solicitud enviada, esperando rsp...[0m

[32m[INFO-GW] [0m[ResponseHandlerGW] Servidor Central -> Gateway: Respuesta recibida (Code: 4.60). MID: 14210
[34m[DEBUG-GW] [0m[ResponseHandlerGW] JSON recibido de Servidor Central: {
	"error":	"Invalid destination floor",
	"destination_floor":	0,
	"valid_range":	"1-50"
}
[34m[DEBUG-GW] [0m[ResponseHandlerGW] Token recibido del servidor: (len 1) 06
[34m[DEBUG-GW] [0m[CAN_Bridge] Finding token for CAN tracker: (len 1) 06
[32m[INFO-GW] [0m[ResponseHandlerGW] Respuesta CoAP corresponde a una solicitud originada por CAN (ID: 0x200). Token 06
[33m[WARN-GW] [0m[CAN_Bridge] Servidor Central reportó error: Invalid destination floor. CoAP code: 0x80
[32m[INFO-GW] [0m[CAN_Bridge] Enviando respuesta CAN ID: 0xFE, DLC: 2. Datos: 00 02 00...
[SIM_ASCENSOR] Recibido frame CAN de GW: ID=0xFE, DLC=2, Datos: 00 02 00 00 00 00 00 00
    Simulador -> GW reportó un error. CAN ID Original (LSB): 0x00, Código Error GW: 0x02
[34m[DEBUG-GW] [0m[ResponseHandlerGW] Respuesta recibida en la sesión DTLS global (0x0x58608b736120). No se libera aquí.
[34m[DEBUG-GW] [0m[SimStep] === DIAGNÓSTICO SIMULADOR === Iteración 100
[34m[DEBUG-GW] [0m[SimStep] Grupo: E031, Ascensores: 4
[34m[DEBUG-GW] [0m[SimStep] Ascensor E031A1: Piso=6, Destino=-1, Ocupado=NO, Tarea=NINGUNA
[34m[DEBUG-GW] [0m[SimStep] Ascensor E031A2: Piso=9, Destino=-1, Ocupado=NO, Tarea=NINGUNA
[34m[DEBUG-GW] [0m[SimStep] Ascensor E031A3: Piso=2, Destino=-1, Ocupado=NO, Tarea=NINGUNA
[34m[DEBUG-GW] [0m[SimStep] Ascensor E031A4: Piso=0, Destino=-1, Ocupado=NO, Tarea=NINGUNA
[34m[DEBUG-GW] [0m[SimStep] ESTADÍSTICAS: Ocupados=0, Moviendo=0, Total=4
[34m[DEBUG-GW] [0m[SimStep] === DIAGNÓSTICO SIMULADOR === Iteración 110
[34m[DEBUG-GW] [0m[SimStep] Grupo: E031, Ascensores: 4
[34m[DEBUG-GW] [0m[SimStep] Ascensor E031A1: Piso=6, Destino=-1, Ocupado=NO, Tarea=NINGUNA
[34m[DEBUG-GW] [0m[SimStep] Ascensor E031A2: Piso=9, Destino=-1, Ocupado=NO, Tarea=NINGUNA
[34m[DEBUG-GW] [0m[SimStep] Ascensor E031A3: Piso=2, Destino=-1, Ocupado=NO, Tarea=NINGUNA
[34m[DEBUG-GW] [0m[SimStep] Ascensor E031A4: Piso=0, Destino=-1, Ocupado=NO, Tarea=NINGUNA
[34m[DEBUG-GW] [0m[SimStep] ESTADÍSTICAS: Ocupados=0, Moviendo=0, Total=4
[SIM_ASCENSOR] --- Petición 7/10 (NO-BLOQUEANTE) ---
[SIM_ASCENSOR] Ejecutando llamada de piso: Piso 4, Dirección down
[SIM_ASCENSOR] Enviando LLAMADA DE PISO a GW (vía CAN): Piso 4, Dir BAJAR
[32m[INFO-GW] [0m[CAN_Bridge] Procesando frame CAN ID: 0x100, DLC: 2
[32m[INFO-GW] [0m[CAN_Bridge] Llamada de piso CAN: Piso 4, Dirección BAJANDO
[32m[INFO-GW] [0m[33m[CAN_FloorCall] Gateway (Origen CAN ID: 0x100): Preparando solicitud para Servidor Central.[0m

[34m[DEBUG-GW] [0m[CAN_FloorCall] Payload para Servidor Central (Origen CAN ID: 0x100): {"id_edificio":"E031","piso_origen_llamada":4,"direccion_llamada":"BAJANDO","elevadores_estado":[{"id_ascensor":"E031A1","piso_actual":6,"estado_puerta":"ABIERTA","disponible":true,"tarea_actual_id":null,"destino_actual":null},{"id_ascensor":"E031A2","piso_actual":9,"estado_puerta":"ABIERTA","disponible":true,"tarea_actual_id":null,"destino_actual":null},{"id_ascensor":"E031A3","piso_actual":2,"estado_puerta":"ABIERTA","disponible":true,"tarea_actual_id":null,"destino_actual":null},{"id_ascensor":"E031A4","piso_actual":0,"estado_puerta":"CERRADA","disponible":true,"tarea_actual_id":null,"destino_actual":null}]}
[34m[DEBUG-GW] [0m[SessionHelper] Reutilizando sesión DTLS-PSK establecida (0x0x58608b736120) con servidor central.
[34m[DEBUG-GW] [0m[CAN_Bridge] Stored token for CAN tracker: (len 1) 07
[34m[DEBUG-GW] [0m[CAN_Bridge] Stored CAN ID 0x100 at index 6
[32m[INFO-GW] [0m[36m[CAN_FloorCall] Gateway (Origen CAN ID: 0x100) -> Central: Enviando solicitud...[0m

[32m[INFO-GW] [0m[32m[CAN_FloorCall] Gateway (Origen CAN ID: 0x100) -> Central: Solicitud enviada, esperando rsp...[0m

[32m[INFO-GW] [0m[ResponseHandlerGW] Servidor Central -> Gateway: Respuesta recibida (Code: 2.69). MID: 14211
[34m[DEBUG-GW] [0m[ResponseHandlerGW] JSON recibido de Servidor Central: {
	"tarea_id":	"T_1752191250097",
	"ascensor_asignado_id":	"E031A1"
}
[34m[DEBUG-GW] [0m[ResponseHandlerGW] Token recibido del servidor: (len 1) 07
[34m[DEBUG-GW] [0m[CAN_Bridge] Finding token for CAN tracker: (len 1) 07
[32m[INFO-GW] [0m[ResponseHandlerGW] Respuesta CoAP corresponde a una solicitud originada por CAN (ID: 0x100). Token 07
[32m[INFO-GW] [0m[ResponseHandlerGW] Servidor Central (vía CAN origin) asignó tarea 'T_1752191250097' a ascensor 'E031A1'. Actualizando estado local.
[32m[INFO-GW] [0mStateMgr: Tarea 'T_1752191250097' asignada a ascensor E031A1. Destino: piso 4. Piso actual: 6. Dirección: BAJANDO
[32m[INFO-GW] [0m[CAN_Bridge] Enviando respuesta CAN ID: 0x101, DLC: 8. Datos: 00 54 5F...
[SIM_ASCENSOR] Recibido frame CAN de GW: ID=0x101, DLC=8, Datos: 00 54 5F 31 37 35 32 31
    Simulador -> Respuesta de llamada de piso: Ascensor (índice 0) asignado.
    Simulador -> Tarea ID (parcial): T_17521
[34m[DEBUG-GW] [0m[ResponseHandlerGW] Respuesta recibida en la sesión DTLS global (0x0x58608b736120). No se libera aquí.
[34m[DEBUG-GW] [0m[SimStep] Ascensor E031A1 cerrando puertas en piso 6 para moverse.
[32m[INFO-GW] [0m[SimStep] Ascensor E031A1 BAJA a piso 5 (Destino: 4, Tarea: T_1752191250097)
[34m[DEBUG-GW] [0m[SimStep] === DIAGNÓSTICO SIMULADOR === Iteración 120
[34m[DEBUG-GW] [0m[SimStep] Grupo: E031, Ascensores: 4
[34m[DEBUG-GW] [0m[SimStep] Ascensor E031A1: Piso=5, Destino=4, Ocupado=SÍ, Tarea=T_1752191250097
[32m[INFO-GW] [0m[SimStep] Ascensor E031A1 BAJA a piso 4 (Destino: 4, Tarea: T_1752191250097)
[32m[INFO-GW] [0m[SimStep] Ascensor E031A1 LLEGÓ a destino 4.
[32m[INFO-GW] [0mStateMgr: Ascensor E031A1 completó tarea T_1752191250097 en piso 4.
[32m[INFO-GW] [0m[SimStep] Tarea completada por E031A1.
[34m[DEBUG-GW] [0m[SimStep] Ascensor E031A2: Piso=9, Destino=-1, Ocupado=NO, Tarea=NINGUNA
[34m[DEBUG-GW] [0m[SimStep] Ascensor E031A3: Piso=2, Destino=-1, Ocupado=NO, Tarea=NINGUNA
[34m[DEBUG-GW] [0m[SimStep] Ascensor E031A4: Piso=0, Destino=-1, Ocupado=NO, Tarea=NINGUNA
[34m[DEBUG-GW] [0m[SimStep] ESTADÍSTICAS: Ocupados=1, Moviendo=1, Total=4
[34m[DEBUG-GW] [0m[SimStep] === DIAGNÓSTICO SIMULADOR === Iteración 130
[34m[DEBUG-GW] [0m[SimStep] Grupo: E031, Ascensores: 4
[34m[DEBUG-GW] [0m[SimStep] Ascensor E031A1: Piso=4, Destino=-1, Ocupado=NO, Tarea=NINGUNA
[34m[DEBUG-GW] [0m[SimStep] Ascensor E031A2: Piso=9, Destino=-1, Ocupado=NO, Tarea=NINGUNA
[34m[DEBUG-GW] [0m[SimStep] Ascensor E031A3: Piso=2, Destino=-1, Ocupado=NO, Tarea=NINGUNA
[34m[DEBUG-GW] [0m[SimStep] Ascensor E031A4: Piso=0, Destino=-1, Ocupado=NO, Tarea=NINGUNA
[34m[DEBUG-GW] [0m[SimStep] ESTADÍSTICAS: Ocupados=0, Moviendo=0, Total=4
[SIM_ASCENSOR] --- Petición 8/10 (NO-BLOQUEANTE) ---
[SIM_ASCENSOR] Ejecutando solicitud de cabina: Ascensor 1, Destino piso 3
[SIM_ASCENSOR] Enviando SOLICITUD DE CABINA a GW (vía CAN): Ascensor idx 1, Piso Destino 3
[32m[INFO-GW] [0m[CAN_Bridge] Procesando frame CAN ID: 0x200, DLC: 2
[32m[INFO-GW] [0m[CAN_Bridge] Solicitud de cabina CAN: Ascensor E031A2 (idx 1), Piso Destino 3
[32m[INFO-GW] [0m[33m[CAN_CabinReq] Gateway (Origen CAN ID: 0x200): Preparando solicitud para Servidor Central.[0m

[34m[DEBUG-GW] [0m[CAN_CabinReq] Payload para Servidor Central (Origen CAN ID: 0x200): {"id_edificio":"E031","solicitando_ascensor_id":"E031A2","piso_destino_solicitud":3,"elevadores_estado":[{"id_ascensor":"E031A1","piso_actual":4,"estado_puerta":"ABIERTA","disponible":true,"tarea_actual_id":null,"destino_actual":null},{"id_ascensor":"E031A2","piso_actual":9,"estado_puerta":"ABIERTA","disponible":true,"tarea_actual_id":null,"destino_actual":null},{"id_ascensor":"E031A3","piso_actual":2,"estado_puerta":"ABIERTA","disponible":true,"tarea_actual_id":null,"destino_actual":null},{"id_ascensor":"E031A4","piso_actual":0,"estado_puerta":"CERRADA","disponible":true,"tarea_actual_id":null,"destino_actual":null}]}
[34m[DEBUG-GW] [0m[SessionHelper] Reutilizando sesión DTLS-PSK establecida (0x0x58608b736120) con servidor central.
[34m[DEBUG-GW] [0m[CAN_Bridge] Stored token for CAN tracker: (len 1) 08
[34m[DEBUG-GW] [0m[CAN_Bridge] Stored CAN ID 0x200 at index 7
[32m[INFO-GW] [0m[36m[CAN_CabinReq] Gateway (Origen CAN ID: 0x200) -> Central: Enviando solicitud...[0m

[32m[INFO-GW] [0m[32m[CAN_CabinReq] Gateway (Origen CAN ID: 0x200) -> Central: Solicitud enviada, esperando rsp...[0m

[32m[INFO-GW] [0m[ResponseHandlerGW] Servidor Central -> Gateway: Respuesta recibida (Code: 2.69). MID: 14212
[34m[DEBUG-GW] [0m[ResponseHandlerGW] JSON recibido de Servidor Central: {
	"tarea_id":	"T_1752191252032",
	"ascensor_asignado_id":	"E031A2"
}
[34m[DEBUG-GW] [0m[ResponseHandlerGW] Token recibido del servidor: (len 1) 08
[34m[DEBUG-GW] [0m[CAN_Bridge] Finding token for CAN tracker: (len 1) 08
[32m[INFO-GW] [0m[ResponseHandlerGW] Respuesta CoAP corresponde a una solicitud originada por CAN (ID: 0x200). Token 08
[32m[INFO-GW] [0m[ResponseHandlerGW] Servidor Central (vía CAN origin) asignó tarea 'T_1752191252032' a ascensor 'E031A2'. Actualizando estado local.
[32m[INFO-GW] [0mStateMgr: Tarea 'T_1752191252032' asignada a ascensor E031A2. Destino: piso 3. Piso actual: 9. Dirección: BAJANDO
[32m[INFO-GW] [0m[CAN_Bridge] Enviando respuesta CAN ID: 0x201, DLC: 8. Datos: 01 54 5F...
[SIM_ASCENSOR] Recibido frame CAN de GW: ID=0x201, DLC=8, Datos: 01 54 5F 31 37 35 32 31
    Simulador -> Respuesta de solicitud de cabina: Datos[0]=01
    Simulador -> Tarea ID (parcial): T_17521
[34m[DEBUG-GW] [0m[ResponseHandlerGW] Respuesta recibida en la sesión DTLS global (0x0x58608b736120). No se libera aquí.
[34m[DEBUG-GW] [0m[SimStep] Ascensor E031A2 cerrando puertas en piso 9 para moverse.
[32m[INFO-GW] [0m[SimStep] Ascensor E031A2 BAJA a piso 8 (Destino: 3, Tarea: T_1752191252032)
[34m[DEBUG-GW] [0m[SimStep] === DIAGNÓSTICO SIMULADOR === Iteración 140
[34m[DEBUG-GW] [0m[SimStep] Grupo: E031, Ascensores: 4
[34m[DEBUG-GW] [0m[SimStep] Ascensor E031A1: Piso=4, Destino=-1, Ocupado=NO, Tarea=NINGUNA
[34m[DEBUG-GW] [0m[SimStep] Ascensor E031A2: Piso=8, Destino=3, Ocupado=SÍ, Tarea=T_1752191252032
[32m[INFO-GW] [0m[SimStep] Ascensor E031A2 BAJA a piso 7 (Destino: 3, Tarea: T_1752191252032)
[34m[DEBUG-GW] [0m[SimStep] Ascensor E031A3: Piso=2, Destino=-1, Ocupado=NO, Tarea=NINGUNA
[34m[DEBUG-GW] [0m[SimStep] Ascensor E031A4: Piso=0, Destino=-1, Ocupado=NO, Tarea=NINGUNA
[34m[DEBUG-GW] [0m[SimStep] ESTADÍSTICAS: Ocupados=1, Moviendo=1, Total=4
[32m[INFO-GW] [0m[SimStep] Ascensor E031A2 BAJA a piso 6 (Destino: 3, Tarea: T_1752191252032)
[32m[INFO-GW] [0m[SimStep] Ascensor E031A2 BAJA a piso 5 (Destino: 3, Tarea: T_1752191252032)
[32m[INFO-GW] [0m[SimStep] Ascensor E031A2 BAJA a piso 4 (Destino: 3, Tarea: T_1752191252032)
[32m[INFO-GW] [0m[SimStep] Ascensor E031A2 BAJA a piso 3 (Destino: 3, Tarea: T_1752191252032)
[32m[INFO-GW] [0m[SimStep] Ascensor E031A2 LLEGÓ a destino 3.
[32m[INFO-GW] [0mStateMgr: Ascensor E031A2 completó tarea T_1752191252032 en piso 3.
[32m[INFO-GW] [0m[SimStep] Tarea completada por E031A2.
[34m[DEBUG-GW] [0m[SimStep] === DIAGNÓSTICO SIMULADOR === Iteración 150
[34m[DEBUG-GW] [0m[SimStep] Grupo: E031, Ascensores: 4
[34m[DEBUG-GW] [0m[SimStep] Ascensor E031A1: Piso=4, Destino=-1, Ocupado=NO, Tarea=NINGUNA
[34m[DEBUG-GW] [0m[SimStep] Ascensor E031A2: Piso=3, Destino=-1, Ocupado=NO, Tarea=NINGUNA
[34m[DEBUG-GW] [0m[SimStep] Ascensor E031A3: Piso=2, Destino=-1, Ocupado=NO, Tarea=NINGUNA
[34m[DEBUG-GW] [0m[SimStep] Ascensor E031A4: Piso=0, Destino=-1, Ocupado=NO, Tarea=NINGUNA
[34m[DEBUG-GW] [0m[SimStep] ESTADÍSTICAS: Ocupados=0, Moviendo=0, Total=4
[SIM_ASCENSOR] --- Petición 9/10 (NO-BLOQUEANTE) ---
[SIM_ASCENSOR] Ejecutando llamada de piso: Piso 7, Dirección down
[SIM_ASCENSOR] Enviando LLAMADA DE PISO a GW (vía CAN): Piso 7, Dir BAJAR
[32m[INFO-GW] [0m[CAN_Bridge] Procesando frame CAN ID: 0x100, DLC: 2
[32m[INFO-GW] [0m[CAN_Bridge] Llamada de piso CAN: Piso 7, Dirección BAJANDO
[32m[INFO-GW] [0m[33m[CAN_FloorCall] Gateway (Origen CAN ID: 0x100): Preparando solicitud para Servidor Central.[0m

[34m[DEBUG-GW] [0m[CAN_FloorCall] Payload para Servidor Central (Origen CAN ID: 0x100): {"id_edificio":"E031","piso_origen_llamada":7,"direccion_llamada":"BAJANDO","elevadores_estado":[{"id_ascensor":"E031A1","piso_actual":4,"estado_puerta":"ABIERTA","disponible":true,"tarea_actual_id":null,"destino_actual":null},{"id_ascensor":"E031A2","piso_actual":3,"estado_puerta":"ABIERTA","disponible":true,"tarea_actual_id":null,"destino_actual":null},{"id_ascensor":"E031A3","piso_actual":2,"estado_puerta":"ABIERTA","disponible":true,"tarea_actual_id":null,"destino_actual":null},{"id_ascensor":"E031A4","piso_actual":0,"estado_puerta":"CERRADA","disponible":true,"tarea_actual_id":null,"destino_actual":null}]}
[34m[DEBUG-GW] [0m[SessionHelper] Reutilizando sesión DTLS-PSK establecida (0x0x58608b736120) con servidor central.
[34m[DEBUG-GW] [0m[CAN_Bridge] Stored token for CAN tracker: (len 1) 09
[34m[DEBUG-GW] [0m[CAN_Bridge] Stored CAN ID 0x100 at index 8
[32m[INFO-GW] [0m[36m[CAN_FloorCall] Gateway (Origen CAN ID: 0x100) -> Central: Enviando solicitud...[0m

[32m[INFO-GW] [0m[32m[CAN_FloorCall] Gateway (Origen CAN ID: 0x100) -> Central: Solicitud enviada, esperando rsp...[0m

[32m[INFO-GW] [0m[ResponseHandlerGW] Servidor Central -> Gateway: Respuesta recibida (Code: 2.69). MID: 14213
[34m[DEBUG-GW] [0m[ResponseHandlerGW] JSON recibido de Servidor Central: {
	"tarea_id":	"T_1752191254062",
	"ascensor_asignado_id":	"E031A1"
}
[34m[DEBUG-GW] [0m[ResponseHandlerGW] Token recibido del servidor: (len 1) 09
[34m[DEBUG-GW] [0m[CAN_Bridge] Finding token for CAN tracker: (len 1) 09
[32m[INFO-GW] [0m[ResponseHandlerGW] Respuesta CoAP corresponde a una solicitud originada por CAN (ID: 0x100). Token 09
[32m[INFO-GW] [0m[ResponseHandlerGW] Servidor Central (vía CAN origin) asignó tarea 'T_1752191254062' a ascensor 'E031A1'. Actualizando estado local.
[32m[INFO-GW] [0mStateMgr: Tarea 'T_1752191254062' asignada a ascensor E031A1. Destino: piso 7. Piso actual: 4. Dirección: SUBIENDO
[32m[INFO-GW] [0m[CAN_Bridge] Enviando respuesta CAN ID: 0x101, DLC: 8. Datos: 00 54 5F...
[SIM_ASCENSOR] Recibido frame CAN de GW: ID=0x101, DLC=8, Datos: 00 54 5F 31 37 35 32 31
    Simulador -> Respuesta de llamada de piso: Ascensor (índice 0) asignado.
    Simulador -> Tarea ID (parcial): T_17521
[34m[DEBUG-GW] [0m[ResponseHandlerGW] Respuesta recibida en la sesión DTLS global (0x0x58608b736120). No se libera aquí.
[34m[DEBUG-GW] [0m[SimStep] === DIAGNÓSTICO SIMULADOR === Iteración 160
[34m[DEBUG-GW] [0m[SimStep] Grupo: E031, Ascensores: 4
[34m[DEBUG-GW] [0m[SimStep] Ascensor E031A1: Piso=4, Destino=7, Ocupado=SÍ, Tarea=T_1752191254062
[34m[DEBUG-GW] [0m[SimStep] Ascensor E031A1 cerrando puertas en piso 4 para moverse.
[32m[INFO-GW] [0m[SimStep] Ascensor E031A1 SUBE a piso 5 (Destino: 7, Tarea: T_1752191254062)
[34m[DEBUG-GW] [0m[SimStep] Ascensor E031A2: Piso=3, Destino=-1, Ocupado=NO, Tarea=NINGUNA
[34m[DEBUG-GW] [0m[SimStep] Ascensor E031A3: Piso=2, Destino=-1, Ocupado=NO, Tarea=NINGUNA
[34m[DEBUG-GW] [0m[SimStep] Ascensor E031A4: Piso=0, Destino=-1, Ocupado=NO, Tarea=NINGUNA
[34m[DEBUG-GW] [0m[SimStep] ESTADÍSTICAS: Ocupados=1, Moviendo=1, Total=4
[32m[INFO-GW] [0m[SimStep] Ascensor E031A1 SUBE a piso 6 (Destino: 7, Tarea: T_1752191254062)
[32m[INFO-GW] [0m[SimStep] Ascensor E031A1 SUBE a piso 7 (Destino: 7, Tarea: T_1752191254062)
[32m[INFO-GW] [0m[SimStep] Ascensor E031A1 LLEGÓ a destino 7.
[32m[INFO-GW] [0mStateMgr: Ascensor E031A1 completó tarea T_1752191254062 en piso 7.
[32m[INFO-GW] [0m[SimStep] Tarea completada por E031A1.
[34m[DEBUG-GW] [0m[SimStep] === DIAGNÓSTICO SIMULADOR === Iteración 170
[34m[DEBUG-GW] [0m[SimStep] Grupo: E031, Ascensores: 4
[34m[DEBUG-GW] [0m[SimStep] Ascensor E031A1: Piso=7, Destino=-1, Ocupado=NO, Tarea=NINGUNA
[34m[DEBUG-GW] [0m[SimStep] Ascensor E031A2: Piso=3, Destino=-1, Ocupado=NO, Tarea=NINGUNA
[34m[DEBUG-GW] [0m[SimStep] Ascensor E031A3: Piso=2, Destino=-1, Ocupado=NO, Tarea=NINGUNA
[34m[DEBUG-GW] [0m[SimStep] Ascensor E031A4: Piso=0, Destino=-1, Ocupado=NO, Tarea=NINGUNA
[34m[DEBUG-GW] [0m[SimStep] ESTADÍSTICAS: Ocupados=0, Moviendo=0, Total=4
[SIM_ASCENSOR] --- Petición 10/10 (NO-BLOQUEANTE) ---
[SIM_ASCENSOR] Ejecutando solicitud de cabina: Ascensor 1, Destino piso 6
[SIM_ASCENSOR] Enviando SOLICITUD DE CABINA a GW (vía CAN): Ascensor idx 1, Piso Destino 6
[32m[INFO-GW] [0m[CAN_Bridge] Procesando frame CAN ID: 0x200, DLC: 2
[32m[INFO-GW] [0m[CAN_Bridge] Solicitud de cabina CAN: Ascensor E031A2 (idx 1), Piso Destino 6
[32m[INFO-GW] [0m[33m[CAN_CabinReq] Gateway (Origen CAN ID: 0x200): Preparando solicitud para Servidor Central.[0m

[34m[DEBUG-GW] [0m[CAN_CabinReq] Payload para Servidor Central (Origen CAN ID: 0x200): {"id_edificio":"E031","solicitando_ascensor_id":"E031A2","piso_destino_solicitud":6,"elevadores_estado":[{"id_ascensor":"E031A1","piso_actual":7,"estado_puerta":"ABIERTA","disponible":true,"tarea_actual_id":null,"destino_actual":null},{"id_ascensor":"E031A2","piso_actual":3,"estado_puerta":"ABIERTA","disponible":true,"tarea_actual_id":null,"destino_actual":null},{"id_ascensor":"E031A3","piso_actual":2,"estado_puerta":"ABIERTA","disponible":true,"tarea_actual_id":null,"destino_actual":null},{"id_ascensor":"E031A4","piso_actual":0,"estado_puerta":"CERRADA","disponible":true,"tarea_actual_id":null,"destino_actual":null}]}
[34m[DEBUG-GW] [0m[SessionHelper] Reutilizando sesión DTLS-PSK establecida (0x0x58608b736120) con servidor central.
[34m[DEBUG-GW] [0m[CAN_Bridge] Stored token for CAN tracker: (len 1) 0a
[34m[DEBUG-GW] [0m[CAN_Bridge] Stored CAN ID 0x200 at index 9
[32m[INFO-GW] [0m[36m[CAN_CabinReq] Gateway (Origen CAN ID: 0x200) -> Central: Enviando solicitud...[0m

[32m[INFO-GW] [0m[32m[CAN_CabinReq] Gateway (Origen CAN ID: 0x200) -> Central: Solicitud enviada, esperando rsp...[0m

[34m[DEBUG-GW] [0m[SimStep] === DIAGNÓSTICO SIMULADOR === Iteración 180
[34m[DEBUG-GW] [0m[SimStep] Grupo: E031, Ascensores: 4
[34m[DEBUG-GW] [0m[SimStep] Ascensor E031A1: Piso=7, Destino=-1, Ocupado=NO, Tarea=NINGUNA
[34m[DEBUG-GW] [0m[SimStep] Ascensor E031A2: Piso=3, Destino=-1, Ocupado=NO, Tarea=NINGUNA
[34m[DEBUG-GW] [0m[SimStep] Ascensor E031A3: Piso=2, Destino=-1, Ocupado=NO, Tarea=NINGUNA
[34m[DEBUG-GW] [0m[SimStep] Ascensor E031A4: Piso=0, Destino=-1, Ocupado=NO, Tarea=NINGUNA
[34m[DEBUG-GW] [0m[SimStep] ESTADÍSTICAS: Ocupados=0, Moviendo=0, Total=4
[32m[INFO-GW] [0m[ResponseHandlerGW] Servidor Central -> Gateway: Respuesta recibida (Code: 2.69). MID: 14214
[34m[DEBUG-GW] [0m[ResponseHandlerGW] JSON recibido de Servidor Central: {
	"tarea_id":	"T_1752191256106",
	"ascensor_asignado_id":	"E031A2"
}
[34m[DEBUG-GW] [0m[ResponseHandlerGW] Token recibido del servidor: (len 1) 0a
[34m[DEBUG-GW] [0m[CAN_Bridge] Finding token for CAN tracker: (len 1) 0a
[32m[INFO-GW] [0m[ResponseHandlerGW] Respuesta CoAP corresponde a una solicitud originada por CAN (ID: 0x200). Token 0a
[32m[INFO-GW] [0m[ResponseHandlerGW] Servidor Central (vía CAN origin) asignó tarea 'T_1752191256106' a ascensor 'E031A2'. Actualizando estado local.
[32m[INFO-GW] [0mStateMgr: Tarea 'T_1752191256106' asignada a ascensor E031A2. Destino: piso 6. Piso actual: 3. Dirección: SUBIENDO
[32m[INFO-GW] [0m[CAN_Bridge] Enviando respuesta CAN ID: 0x201, DLC: 8. Datos: 01 54 5F...
[SIM_ASCENSOR] Recibido frame CAN de GW: ID=0x201, DLC=8, Datos: 01 54 5F 31 37 35 32 31
    Simulador -> Respuesta de solicitud de cabina: Datos[0]=01
    Simulador -> Tarea ID (parcial): T_17521
[34m[DEBUG-GW] [0m[ResponseHandlerGW] Respuesta recibida en la sesión DTLS global (0x0x58608b736120). No se libera aquí.
[34m[DEBUG-GW] [0m[SimStep] Ascensor E031A2 cerrando puertas en piso 3 para moverse.
[32m[INFO-GW] [0m[SimStep] Ascensor E031A2 SUBE a piso 4 (Destino: 6, Tarea: T_1752191256106)
[32m[INFO-GW] [0m[SimStep] Ascensor E031A2 SUBE a piso 5 (Destino: 6, Tarea: T_1752191256106)
[32m[INFO-GW] [0m[SimStep] Ascensor E031A2 SUBE a piso 6 (Destino: 6, Tarea: T_1752191256106)
[32m[INFO-GW] [0m[SimStep] Ascensor E031A2 LLEGÓ a destino 6.
[32m[INFO-GW] [0mStateMgr: Ascensor E031A2 completó tarea T_1752191256106 en piso 6.
[32m[INFO-GW] [0m[SimStep] Tarea completada por E031A2.
[34m[DEBUG-GW] [0m[SimStep] === DIAGNÓSTICO SIMULADOR === Iteración 190
[34m[DEBUG-GW] [0m[SimStep] Grupo: E031, Ascensores: 4
[34m[DEBUG-GW] [0m[SimStep] Ascensor E031A1: Piso=7, Destino=-1, Ocupado=NO, Tarea=NINGUNA
[34m[DEBUG-GW] [0m[SimStep] Ascensor E031A2: Piso=6, Destino=-1, Ocupado=NO, Tarea=NINGUNA
[34m[DEBUG-GW] [0m[SimStep] Ascensor E031A3: Piso=2, Destino=-1, Ocupado=NO, Tarea=NINGUNA
[34m[DEBUG-GW] [0m[SimStep] Ascensor E031A4: Piso=0, Destino=-1, Ocupado=NO, Tarea=NINGUNA
[34m[DEBUG-GW] [0m[SimStep] ESTADÍSTICAS: Ocupados=0, Moviendo=0, Total=4
[SIM_ASCENSOR] === FIN SIMULACIÓN NO-BLOQUEANTE DEL EDIFICIO E031 ===
[SIM_ASCENSOR] Peticiones ejecutadas exitosamente: 10/10
[34m[DEBUG-GW] [0m[SimStep] === DIAGNÓSTICO SIMULADOR === Iteración 200
[34m[DEBUG-GW] [0m[SimStep] Grupo: E031, Ascensores: 4
[34m[DEBUG-GW] [0m[SimStep] Ascensor E031A1: Piso=7, Destino=-1, Ocupado=NO, Tarea=NINGUNA
[34m[DEBUG-GW] [0m[SimStep] Ascensor E031A2: Piso=6, Destino=-1, Ocupado=NO, Tarea=NINGUNA
[34m[DEBUG-GW] [0m[SimStep] Ascensor E031A3: Piso=2, Destino=-1, Ocupado=NO, Tarea=NINGUNA
[34m[DEBUG-GW] [0m[SimStep] Ascensor E031A4: Piso=0, Destino=-1, Ocupado=NO, Tarea=NINGUNA
[34m[DEBUG-GW] [0m[SimStep] ESTADÍSTICAS: Ocupados=0, Moviendo=0, Total=4
[34m[DEBUG-GW] [0m[SimStep] === DIAGNÓSTICO SIMULADOR === Iteración 210
[34m[DEBUG-GW] [0m[SimStep] Grupo: E031, Ascensores: 4
[34m[DEBUG-GW] [0m[SimStep] Ascensor E031A1: Piso=7, Destino=-1, Ocupado=NO, Tarea=NINGUNA
[34m[DEBUG-GW] [0m[SimStep] Ascensor E031A2: Piso=6, Destino=-1, Ocupado=NO, Tarea=NINGUNA
[34m[DEBUG-GW] [0m[SimStep] Ascensor E031A3: Piso=2, Destino=-1, Ocupado=NO, Tarea=NINGUNA
[34m[DEBUG-GW] [0m[SimStep] Ascensor E031A4: Piso=0, Destino=-1, Ocupado=NO, Tarea=NINGUNA
[34m[DEBUG-GW] [0m[SimStep] ESTADÍSTICAS: Ocupados=0, Moviendo=0, Total=4
[34m[DEBUG-GW] [0m[SimStep] === DIAGNÓSTICO SIMULADOR === Iteración 220
[34m[DEBUG-GW] [0m[SimStep] Grupo: E031, Ascensores: 4
[34m[DEBUG-GW] [0m[SimStep] Ascensor E031A1: Piso=7, Destino=-1, Ocupado=NO, Tarea=NINGUNA
[34m[DEBUG-GW] [0m[SimStep] Ascensor E031A2: Piso=6, Destino=-1, Ocupado=NO, Tarea=NINGUNA
[34m[DEBUG-GW] [0m[SimStep] Ascensor E031A3: Piso=2, Destino=-1, Ocupado=NO, Tarea=NINGUNA
[34m[DEBUG-GW] [0m[SimStep] Ascensor E031A4: Piso=0, Destino=-1, Ocupado=NO, Tarea=NINGUNA
[34m[DEBUG-GW] [0m[SimStep] ESTADÍSTICAS: Ocupados=0, Moviendo=0, Total=4
[34m[DEBUG-GW] [0m[SimStep] === DIAGNÓSTICO SIMULADOR === Iteración 230
[34m[DEBUG-GW] [0m[SimStep] Grupo: E031, Ascensores: 4
[34m[DEBUG-GW] [0m[SimStep] Ascensor E031A1: Piso=7, Destino=-1, Ocupado=NO, Tarea=NINGUNA
[34m[DEBUG-GW] [0m[SimStep] Ascensor E031A2: Piso=6, Destino=-1, Ocupado=NO, Tarea=NINGUNA
[34m[DEBUG-GW] [0m[SimStep] Ascensor E031A3: Piso=2, Destino=-1, Ocupado=NO, Tarea=NINGUNA
[34m[DEBUG-GW] [0m[SimStep] Ascensor E031A4: Piso=0, Destino=-1, Ocupado=NO, Tarea=NINGUNA
[34m[DEBUG-GW] [0m[SimStep] ESTADÍSTICAS: Ocupados=0, Moviendo=0, Total=4
[34m[DEBUG-GW] [0m[SimStep] === DIAGNÓSTICO SIMULADOR === Iteración 240
[34m[DEBUG-GW] [0m[SimStep] Grupo: E031, Ascensores: 4
[34m[DEBUG-GW] [0m[SimStep] Ascensor E031A1: Piso=7, Destino=-1, Ocupado=NO, Tarea=NINGUNA
[34m[DEBUG-GW] [0m[SimStep] Ascensor E031A2: Piso=6, Destino=-1, Ocupado=NO, Tarea=NINGUNA
[34m[DEBUG-GW] [0m[SimStep] Ascensor E031A3: Piso=2, Destino=-1, Ocupado=NO, Tarea=NINGUNA
[34m[DEBUG-GW] [0m[SimStep] Ascensor E031A4: Piso=0, Destino=-1, Ocupado=NO, Tarea=NINGUNA
[34m[DEBUG-GW] [0m[SimStep] ESTADÍSTICAS: Ocupados=0, Moviendo=0, Total=4
[34m[DEBUG-GW] [0m[SimStep] === DIAGNÓSTICO SIMULADOR === Iteración 250
[34m[DEBUG-GW] [0m[SimStep] Grupo: E031, Ascensores: 4
[34m[DEBUG-GW] [0m[SimStep] Ascensor E031A1: Piso=7, Destino=-1, Ocupado=NO, Tarea=NINGUNA
[34m[DEBUG-GW] [0m[SimStep] Ascensor E031A2: Piso=6, Destino=-1, Ocupado=NO, Tarea=NINGUNA
[34m[DEBUG-GW] [0m[SimStep] Ascensor E031A3: Piso=2, Destino=-1, Ocupado=NO, Tarea=NINGUNA
[34m[DEBUG-GW] [0m[SimStep] Ascensor E031A4: Piso=0, Destino=-1, Ocupado=NO, Tarea=NINGUNA
[34m[DEBUG-GW] [0m[SimStep] ESTADÍSTICAS: Ocupados=0, Moviendo=0, Total=4
[34m[DEBUG-GW] [0m[SimStep] === DIAGNÓSTICO SIMULADOR === Iteración 260
[34m[DEBUG-GW] [0m[SimStep] Grupo: E031, Ascensores: 4
[34m[DEBUG-GW] [0m[SimStep] Ascensor E031A1: Piso=7, Destino=-1, Ocupado=NO, Tarea=NINGUNA
[34m[DEBUG-GW] [0m[SimStep] Ascensor E031A2: Piso=6, Destino=-1, Ocupado=NO, Tarea=NINGUNA
[34m[DEBUG-GW] [0m[SimStep] Ascensor E031A3: Piso=2, Destino=-1, Ocupado=NO, Tarea=NINGUNA
[34m[DEBUG-GW] [0m[SimStep] Ascensor E031A4: Piso=0, Destino=-1, Ocupado=NO, Tarea=NINGUNA
[34m[DEBUG-GW] [0m[SimStep] ESTADÍSTICAS: Ocupados=0, Moviendo=0, Total=4
[34m[DEBUG-GW] [0m[SimStep] === DIAGNÓSTICO SIMULADOR === Iteración 270
[34m[DEBUG-GW] [0m[SimStep] Grupo: E031, Ascensores: 4
[34m[DEBUG-GW] [0m[SimStep] Ascensor E031A1: Piso=7, Destino=-1, Ocupado=NO, Tarea=NINGUNA
[34m[DEBUG-GW] [0m[SimStep] Ascensor E031A2: Piso=6, Destino=-1, Ocupado=NO, Tarea=NINGUNA
[34m[DEBUG-GW] [0m[SimStep] Ascensor E031A3: Piso=2, Destino=-1, Ocupado=NO, Tarea=NINGUNA
[34m[DEBUG-GW] [0m[SimStep] Ascensor E031A4: Piso=0, Destino=-1, Ocupado=NO, Tarea=NINGUNA
[34m[DEBUG-GW] [0m[SimStep] ESTADÍSTICAS: Ocupados=0, Moviendo=0, Total=4
[34m[DEBUG-GW] [0m[SimStep] === DIAGNÓSTICO SIMULADOR === Iteración 280
[34m[DEBUG-GW] [0m[SimStep] Grupo: E031, Ascensores: 4
[34m[DEBUG-GW] [0m[SimStep] Ascensor E031A1: Piso=7, Destino=-1, Ocupado=NO, Tarea=NINGUNA
[34m[DEBUG-GW] [0m[SimStep] Ascensor E031A2: Piso=6, Destino=-1, Ocupado=NO, Tarea=NINGUNA
[34m[DEBUG-GW] [0m[SimStep] Ascensor E031A3: Piso=2, Destino=-1, Ocupado=NO, Tarea=NINGUNA
[34m[DEBUG-GW] [0m[SimStep] Ascensor E031A4: Piso=0, Destino=-1, Ocupado=NO, Tarea=NINGUNA
[34m[DEBUG-GW] [0m[SimStep] ESTADÍSTICAS: Ocupados=0, Moviendo=0, Total=4
[34m[DEBUG-GW] [0m[SimStep] === DIAGNÓSTICO SIMULADOR === Iteración 290
[34m[DEBUG-GW] [0m[SimStep] Grupo: E031, Ascensores: 4
[34m[DEBUG-GW] [0m[SimStep] Ascensor E031A1: Piso=7, Destino=-1, Ocupado=NO, Tarea=NINGUNA
[34m[DEBUG-GW] [0m[SimStep] Ascensor E031A2: Piso=6, Destino=-1, Ocupado=NO, Tarea=NINGUNA
[34m[DEBUG-GW] [0m[SimStep] Ascensor E031A3: Piso=2, Destino=-1, Ocupado=NO, Tarea=NINGUNA
[34m[DEBUG-GW] [0m[SimStep] Ascensor E031A4: Piso=0, Destino=-1, Ocupado=NO, Tarea=NINGUNA
[34m[DEBUG-GW] [0m[SimStep] ESTADÍSTICAS: Ocupados=0, Moviendo=0, Total=4
[34m[DEBUG-GW] [0m[SimStep] === DIAGNÓSTICO SIMULADOR === Iteración 300
[34m[DEBUG-GW] [0m[SimStep] Grupo: E031, Ascensores: 4
[34m[DEBUG-GW] [0m[SimStep] Ascensor E031A1: Piso=7, Destino=-1, Ocupado=NO, Tarea=NINGUNA
[34m[DEBUG-GW] [0m[SimStep] Ascensor E031A2: Piso=6, Destino=-1, Ocupado=NO, Tarea=NINGUNA
[34m[DEBUG-GW] [0m[SimStep] Ascensor E031A3: Piso=2, Destino=-1, Ocupado=NO, Tarea=NINGUNA
[34m[DEBUG-GW] [0m[SimStep] Ascensor E031A4: Piso=0, Destino=-1, Ocupado=NO, Tarea=NINGUNA
[34m[DEBUG-GW] [0m[SimStep] ESTADÍSTICAS: Ocupados=0, Moviendo=0, Total=4
[34m[DEBUG-GW] [0m[SimStep] === DIAGNÓSTICO SIMULADOR === Iteración 310
[34m[DEBUG-GW] [0m[SimStep] Grupo: E031, Ascensores: 4
[34m[DEBUG-GW] [0m[SimStep] Ascensor E031A1: Piso=7, Destino=-1, Ocupado=NO, Tarea=NINGUNA
[34m[DEBUG-GW] [0m[SimStep] Ascensor E031A2: Piso=6, Destino=-1, Ocupado=NO, Tarea=NINGUNA
[34m[DEBUG-GW] [0m[SimStep] Ascensor E031A3: Piso=2, Destino=-1, Ocupado=NO, Tarea=NINGUNA
[34m[DEBUG-GW] [0m[SimStep] Ascensor E031A4: Piso=0, Destino=-1, Ocupado=NO, Tarea=NINGUNA
[34m[DEBUG-GW] [0m[SimStep] ESTADÍSTICAS: Ocupados=0, Moviendo=0, Total=4
[34m[DEBUG-GW] [0m[SimStep] === DIAGNÓSTICO SIMULADOR === Iteración 320
[34m[DEBUG-GW] [0m[SimStep] Grupo: E031, Ascensores: 4
[34m[DEBUG-GW] [0m[SimStep] Ascensor E031A1: Piso=7, Destino=-1, Ocupado=NO, Tarea=NINGUNA
[34m[DEBUG-GW] [0m[SimStep] Ascensor E031A2: Piso=6, Destino=-1, Ocupado=NO, Tarea=NINGUNA
[34m[DEBUG-GW] [0m[SimStep] Ascensor E031A3: Piso=2, Destino=-1, Ocupado=NO, Tarea=NINGUNA
[34m[DEBUG-GW] [0m[SimStep] Ascensor E031A4: Piso=0, Destino=-1, Ocupado=NO, Tarea=NINGUNA
[34m[DEBUG-GW] [0m[SimStep] ESTADÍSTICAS: Ocupados=0, Moviendo=0, Total=4
[34m[DEBUG-GW] [0m[SimStep] === DIAGNÓSTICO SIMULADOR === Iteración 330
[34m[DEBUG-GW] [0m[SimStep] Grupo: E031, Ascensores: 4
[34m[DEBUG-GW] [0m[SimStep] Ascensor E031A1: Piso=7, Destino=-1, Ocupado=NO, Tarea=NINGUNA
[34m[DEBUG-GW] [0m[SimStep] Ascensor E031A2: Piso=6, Destino=-1, Ocupado=NO, Tarea=NINGUNA
[34m[DEBUG-GW] [0m[SimStep] Ascensor E031A3: Piso=2, Destino=-1, Ocupado=NO, Tarea=NINGUNA
[34m[DEBUG-GW] [0m[SimStep] Ascensor E031A4: Piso=0, Destino=-1, Ocupado=NO, Tarea=NINGUNA
[34m[DEBUG-GW] [0m[SimStep] ESTADÍSTICAS: Ocupados=0, Moviendo=0, Total=4
[34m[DEBUG-GW] [0m[SimStep] === DIAGNÓSTICO SIMULADOR === Iteración 340
[34m[DEBUG-GW] [0m[SimStep] Grupo: E031, Ascensores: 4
[34m[DEBUG-GW] [0m[SimStep] Ascensor E031A1: Piso=7, Destino=-1, Ocupado=NO, Tarea=NINGUNA
[34m[DEBUG-GW] [0m[SimStep] Ascensor E031A2: Piso=6, Destino=-1, Ocupado=NO, Tarea=NINGUNA
[34m[DEBUG-GW] [0m[SimStep] Ascensor E031A3: Piso=2, Destino=-1, Ocupado=NO, Tarea=NINGUNA
[34m[DEBUG-GW] [0m[SimStep] Ascensor E031A4: Piso=0, Destino=-1, Ocupado=NO, Tarea=NINGUNA
[34m[DEBUG-GW] [0m[SimStep] ESTADÍSTICAS: Ocupados=0, Moviendo=0, Total=4
[34m[DEBUG-GW] [0m[SimStep] === DIAGNÓSTICO SIMULADOR === Iteración 350
[34m[DEBUG-GW] [0m[SimStep] Grupo: E031, Ascensores: 4
[34m[DEBUG-GW] [0m[SimStep] Ascensor E031A1: Piso=7, Destino=-1, Ocupado=NO, Tarea=NINGUNA
[34m[DEBUG-GW] [0m[SimStep] Ascensor E031A2: Piso=6, Destino=-1, Ocupado=NO, Tarea=NINGUNA
[34m[DEBUG-GW] [0m[SimStep] Ascensor E031A3: Piso=2, Destino=-1, Ocupado=NO, Tarea=NINGUNA
[34m[DEBUG-GW] [0m[SimStep] Ascensor E031A4: Piso=0, Destino=-1, Ocupado=NO, Tarea=NINGUNA
[34m[DEBUG-GW] [0m[SimStep] ESTADÍSTICAS: Ocupados=0, Moviendo=0, Total=4
[34m[DEBUG-GW] [0m[SimStep] === DIAGNÓSTICO SIMULADOR === Iteración 360
[34m[DEBUG-GW] [0m[SimStep] Grupo: E031, Ascensores: 4
[34m[DEBUG-GW] [0m[SimStep] Ascensor E031A1: Piso=7, Destino=-1, Ocupado=NO, Tarea=NINGUNA
[34m[DEBUG-GW] [0m[SimStep] Ascensor E031A2: Piso=6, Destino=-1, Ocupado=NO, Tarea=NINGUNA
[34m[DEBUG-GW] [0m[SimStep] Ascensor E031A3: Piso=2, Destino=-1, Ocupado=NO, Tarea=NINGUNA
[34m[DEBUG-GW] [0m[SimStep] Ascensor E031A4: Piso=0, Destino=-1, Ocupado=NO, Tarea=NINGUNA
[34m[DEBUG-GW] [0m[SimStep] ESTADÍSTICAS: Ocupados=0, Moviendo=0, Total=4
[34m[DEBUG-GW] [0m[SimStep] === DIAGNÓSTICO SIMULADOR === Iteración 370
[34m[DEBUG-GW] [0m[SimStep] Grupo: E031, Ascensores: 4
[34m[DEBUG-GW] [0m[SimStep] Ascensor E031A1: Piso=7, Destino=-1, Ocupado=NO, Tarea=NINGUNA
[34m[DEBUG-GW] [0m[SimStep] Ascensor E031A2: Piso=6, Destino=-1, Ocupado=NO, Tarea=NINGUNA
[34m[DEBUG-GW] [0m[SimStep] Ascensor E031A3: Piso=2, Destino=-1, Ocupado=NO, Tarea=NINGUNA
[34m[DEBUG-GW] [0m[SimStep] Ascensor E031A4: Piso=0, Destino=-1, Ocupado=NO, Tarea=NINGUNA
[34m[DEBUG-GW] [0m[SimStep] ESTADÍSTICAS: Ocupados=0, Moviendo=0, Total=4
[34m[DEBUG-GW] [0m[SimStep] === DIAGNÓSTICO SIMULADOR === Iteración 380
[34m[DEBUG-GW] [0m[SimStep] Grupo: E031, Ascensores: 4
[34m[DEBUG-GW] [0m[SimStep] Ascensor E031A1: Piso=7, Destino=-1, Ocupado=NO, Tarea=NINGUNA
[34m[DEBUG-GW] [0m[SimStep] Ascensor E031A2: Piso=6, Destino=-1, Ocupado=NO, Tarea=NINGUNA
[34m[DEBUG-GW] [0m[SimStep] Ascensor E031A3: Piso=2, Destino=-1, Ocupado=NO, Tarea=NINGUNA
[34m[DEBUG-GW] [0m[SimStep] Ascensor E031A4: Piso=0, Destino=-1, Ocupado=NO, Tarea=NINGUNA
[34m[DEBUG-GW] [0m[SimStep] ESTADÍSTICAS: Ocupados=0, Moviendo=0, Total=4
[34m[DEBUG-GW] [0m[SimStep] === DIAGNÓSTICO SIMULADOR === Iteración 390
[34m[DEBUG-GW] [0m[SimStep] Grupo: E031, Ascensores: 4
[34m[DEBUG-GW] [0m[SimStep] Ascensor E031A1: Piso=7, Destino=-1, Ocupado=NO, Tarea=NINGUNA
[34m[DEBUG-GW] [0m[SimStep] Ascensor E031A2: Piso=6, Destino=-1, Ocupado=NO, Tarea=NINGUNA
[34m[DEBUG-GW] [0m[SimStep] Ascensor E031A3: Piso=2, Destino=-1, Ocupado=NO, Tarea=NINGUNA
[34m[DEBUG-GW] [0m[SimStep] Ascensor E031A4: Piso=0, Destino=-1, Ocupado=NO, Tarea=NINGUNA
[34m[DEBUG-GW] [0m[SimStep] ESTADÍSTICAS: Ocupados=0, Moviendo=0, Total=4
[34m[DEBUG-GW] [0m[SimStep] === DIAGNÓSTICO SIMULADOR === Iteración 400
[34m[DEBUG-GW] [0m[SimStep] Grupo: E031, Ascensores: 4
[34m[DEBUG-GW] [0m[SimStep] Ascensor E031A1: Piso=7, Destino=-1, Ocupado=NO, Tarea=NINGUNA
[34m[DEBUG-GW] [0m[SimStep] Ascensor E031A2: Piso=6, Destino=-1, Ocupado=NO, Tarea=NINGUNA
[34m[DEBUG-GW] [0m[SimStep] Ascensor E031A3: Piso=2, Destino=-1, Ocupado=NO, Tarea=NINGUNA
[34m[DEBUG-GW] [0m[SimStep] Ascensor E031A4: Piso=0, Destino=-1, Ocupado=NO, Tarea=NINGUNA
[34m[DEBUG-GW] [0m[SimStep] ESTADÍSTICAS: Ocupados=0, Moviendo=0, Total=4
[34m[DEBUG-GW] [0m[SimStep] === DIAGNÓSTICO SIMULADOR === Iteración 410
[34m[DEBUG-GW] [0m[SimStep] Grupo: E031, Ascensores: 4
[34m[DEBUG-GW] [0m[SimStep] Ascensor E031A1: Piso=7, Destino=-1, Ocupado=NO, Tarea=NINGUNA
[34m[DEBUG-GW] [0m[SimStep] Ascensor E031A2: Piso=6, Destino=-1, Ocupado=NO, Tarea=NINGUNA
[34m[DEBUG-GW] [0m[SimStep] Ascensor E031A3: Piso=2, Destino=-1, Ocupado=NO, Tarea=NINGUNA
[34m[DEBUG-GW] [0m[SimStep] Ascensor E031A4: Piso=0, Destino=-1, Ocupado=NO, Tarea=NINGUNA
[34m[DEBUG-GW] [0m[SimStep] ESTADÍSTICAS: Ocupados=0, Moviendo=0, Total=4
[34m[DEBUG-GW] [0m[SimStep] === DIAGNÓSTICO SIMULADOR === Iteración 420
[34m[DEBUG-GW] [0m[SimStep] Grupo: E031, Ascensores: 4
[34m[DEBUG-GW] [0m[SimStep] Ascensor E031A1: Piso=7, Destino=-1, Ocupado=NO, Tarea=NINGUNA
[34m[DEBUG-GW] [0m[SimStep] Ascensor E031A2: Piso=6, Destino=-1, Ocupado=NO, Tarea=NINGUNA
[34m[DEBUG-GW] [0m[SimStep] Ascensor E031A3: Piso=2, Destino=-1, Ocupado=NO, Tarea=NINGUNA
[34m[DEBUG-GW] [0m[SimStep] Ascensor E031A4: Piso=0, Destino=-1, Ocupado=NO, Tarea=NINGUNA
[34m[DEBUG-GW] [0m[SimStep] ESTADÍSTICAS: Ocupados=0, Moviendo=0, Total=4
[34m[DEBUG-GW] [0m[SimStep] === DIAGNÓSTICO SIMULADOR === Iteración 430
[34m[DEBUG-GW] [0m[SimStep] Grupo: E031, Ascensores: 4
[34m[DEBUG-GW] [0m[SimStep] Ascensor E031A1: Piso=7, Destino=-1, Ocupado=NO, Tarea=NINGUNA
[34m[DEBUG-GW] [0m[SimStep] Ascensor E031A2: Piso=6, Destino=-1, Ocupado=NO, Tarea=NINGUNA
[34m[DEBUG-GW] [0m[SimStep] Ascensor E031A3: Piso=2, Destino=-1, Ocupado=NO, Tarea=NINGUNA
[34m[DEBUG-GW] [0m[SimStep] Ascensor E031A4: Piso=0, Destino=-1, Ocupado=NO, Tarea=NINGUNA
[34m[DEBUG-GW] [0m[SimStep] ESTADÍSTICAS: Ocupados=0, Moviendo=0, Total=4
[34m[DEBUG-GW] [0m[SimStep] === DIAGNÓSTICO SIMULADOR === Iteración 440
[34m[DEBUG-GW] [0m[SimStep] Grupo: E031, Ascensores: 4
[34m[DEBUG-GW] [0m[SimStep] Ascensor E031A1: Piso=7, Destino=-1, Ocupado=NO, Tarea=NINGUNA
[34m[DEBUG-GW] [0m[SimStep] Ascensor E031A2: Piso=6, Destino=-1, Ocupado=NO, Tarea=NINGUNA
[34m[DEBUG-GW] [0m[SimStep] Ascensor E031A3: Piso=2, Destino=-1, Ocupado=NO, Tarea=NINGUNA
[34m[DEBUG-GW] [0m[SimStep] Ascensor E031A4: Piso=0, Destino=-1, Ocupado=NO, Tarea=NINGUNA
[34m[DEBUG-GW] [0m[SimStep] ESTADÍSTICAS: Ocupados=0, Moviendo=0, Total=4
[34m[DEBUG-GW] [0m[SimStep] === DIAGNÓSTICO SIMULADOR === Iteración 450
[34m[DEBUG-GW] [0m[SimStep] Grupo: E031, Ascensores: 4
[34m[DEBUG-GW] [0m[SimStep] Ascensor E031A1: Piso=7, Destino=-1, Ocupado=NO, Tarea=NINGUNA
[34m[DEBUG-GW] [0m[SimStep] Ascensor E031A2: Piso=6, Destino=-1, Ocupado=NO, Tarea=NINGUNA
[34m[DEBUG-GW] [0m[SimStep] Ascensor E031A3: Piso=2, Destino=-1, Ocupado=NO, Tarea=NINGUNA
[34m[DEBUG-GW] [0m[SimStep] Ascensor E031A4: Piso=0, Destino=-1, Ocupado=NO, Tarea=NINGUNA
[34m[DEBUG-GW] [0m[SimStep] ESTADÍSTICAS: Ocupados=0, Moviendo=0, Total=4
[34m[DEBUG-GW] [0m[SimStep] === DIAGNÓSTICO SIMULADOR === Iteración 460
[34m[DEBUG-GW] [0m[SimStep] Grupo: E031, Ascensores: 4
[34m[DEBUG-GW] [0m[SimStep] Ascensor E031A1: Piso=7, Destino=-1, Ocupado=NO, Tarea=NINGUNA
[34m[DEBUG-GW] [0m[SimStep] Ascensor E031A2: Piso=6, Destino=-1, Ocupado=NO, Tarea=NINGUNA
[34m[DEBUG-GW] [0m[SimStep] Ascensor E031A3: Piso=2, Destino=-1, Ocupado=NO, Tarea=NINGUNA
[34m[DEBUG-GW] [0m[SimStep] Ascensor E031A4: Piso=0, Destino=-1, Ocupado=NO, Tarea=NINGUNA
[34m[DEBUG-GW] [0m[SimStep] ESTADÍSTICAS: Ocupados=0, Moviendo=0, Total=4
[34m[DEBUG-GW] [0m[SimStep] === DIAGNÓSTICO SIMULADOR === Iteración 470
[34m[DEBUG-GW] [0m[SimStep] Grupo: E031, Ascensores: 4
[34m[DEBUG-GW] [0m[SimStep] Ascensor E031A1: Piso=7, Destino=-1, Ocupado=NO, Tarea=NINGUNA
[34m[DEBUG-GW] [0m[SimStep] Ascensor E031A2: Piso=6, Destino=-1, Ocupado=NO, Tarea=NINGUNA
[34m[DEBUG-GW] [0m[SimStep] Ascensor E031A3: Piso=2, Destino=-1, Ocupado=NO, Tarea=NINGUNA
[34m[DEBUG-GW] [0m[SimStep] Ascensor E031A4: Piso=0, Destino=-1, Ocupado=NO, Tarea=NINGUNA
[34m[DEBUG-GW] [0m[SimStep] ESTADÍSTICAS: Ocupados=0, Moviendo=0, Total=4
[34m[DEBUG-GW] [0m[SimStep] === DIAGNÓSTICO SIMULADOR === Iteración 480
[34m[DEBUG-GW] [0m[SimStep] Grupo: E031, Ascensores: 4
[34m[DEBUG-GW] [0m[SimStep] Ascensor E031A1: Piso=7, Destino=-1, Ocupado=NO, Tarea=NINGUNA
[34m[DEBUG-GW] [0m[SimStep] Ascensor E031A2: Piso=6, Destino=-1, Ocupado=NO, Tarea=NINGUNA
[34m[DEBUG-GW] [0m[SimStep] Ascensor E031A3: Piso=2, Destino=-1, Ocupado=NO, Tarea=NINGUNA
[34m[DEBUG-GW] [0m[SimStep] Ascensor E031A4: Piso=0, Destino=-1, Ocupado=NO, Tarea=NINGUNA
[34m[DEBUG-GW] [0m[SimStep] ESTADÍSTICAS: Ocupados=0, Moviendo=0, Total=4
[34m[DEBUG-GW] [0m[SimStep] === DIAGNÓSTICO SIMULADOR === Iteración 490
[34m[DEBUG-GW] [0m[SimStep] Grupo: E031, Ascensores: 4
[34m[DEBUG-GW] [0m[SimStep] Ascensor E031A1: Piso=7, Destino=-1, Ocupado=NO, Tarea=NINGUNA
[34m[DEBUG-GW] [0m[SimStep] Ascensor E031A2: Piso=6, Destino=-1, Ocupado=NO, Tarea=NINGUNA
[34m[DEBUG-GW] [0m[SimStep] Ascensor E031A3: Piso=2, Destino=-1, Ocupado=NO, Tarea=NINGUNA
[34m[DEBUG-GW] [0m[SimStep] Ascensor E031A4: Piso=0, Destino=-1, Ocupado=NO, Tarea=NINGUNA
[34m[DEBUG-GW] [0m[SimStep] ESTADÍSTICAS: Ocupados=0, Moviendo=0, Total=4
[34m[DEBUG-GW] [0m[SimStep] === DIAGNÓSTICO SIMULADOR === Iteración 500
[34m[DEBUG-GW] [0m[SimStep] Grupo: E031, Ascensores: 4
[34m[DEBUG-GW] [0m[SimStep] Ascensor E031A1: Piso=7, Destino=-1, Ocupado=NO, Tarea=NINGUNA
[34m[DEBUG-GW] [0m[SimStep] Ascensor E031A2: Piso=6, Destino=-1, Ocupado=NO, Tarea=NINGUNA
[34m[DEBUG-GW] [0m[SimStep] Ascensor E031A3: Piso=2, Destino=-1, Ocupado=NO, Tarea=NINGUNA
[34m[DEBUG-GW] [0m[SimStep] Ascensor E031A4: Piso=0, Destino=-1, Ocupado=NO, Tarea=NINGUNA
[34m[DEBUG-GW] [0m[SimStep] ESTADÍSTICAS: Ocupados=0, Moviendo=0, Total=4
[34m[DEBUG-GW] [0m[SimStep] === DIAGNÓSTICO SIMULADOR === Iteración 510
[34m[DEBUG-GW] [0m[SimStep] Grupo: E031, Ascensores: 4
[34m[DEBUG-GW] [0m[SimStep] Ascensor E031A1: Piso=7, Destino=-1, Ocupado=NO, Tarea=NINGUNA
[34m[DEBUG-GW] [0m[SimStep] Ascensor E031A2: Piso=6, Destino=-1, Ocupado=NO, Tarea=NINGUNA
[34m[DEBUG-GW] [0m[SimStep] Ascensor E031A3: Piso=2, Destino=-1, Ocupado=NO, Tarea=NINGUNA
[34m[DEBUG-GW] [0m[SimStep] Ascensor E031A4: Piso=0, Destino=-1, Ocupado=NO, Tarea=NINGUNA
[34m[DEBUG-GW] [0m[SimStep] ESTADÍSTICAS: Ocupados=0, Moviendo=0, Total=4
[34m[DEBUG-GW] [0m[SimStep] === DIAGNÓSTICO SIMULADOR === Iteración 520
[34m[DEBUG-GW] [0m[SimStep] Grupo: E031, Ascensores: 4
[34m[DEBUG-GW] [0m[SimStep] Ascensor E031A1: Piso=7, Destino=-1, Ocupado=NO, Tarea=NINGUNA
[34m[DEBUG-GW] [0m[SimStep] Ascensor E031A2: Piso=6, Destino=-1, Ocupado=NO, Tarea=NINGUNA
[34m[DEBUG-GW] [0m[SimStep] Ascensor E031A3: Piso=2, Destino=-1, Ocupado=NO, Tarea=NINGUNA
[34m[DEBUG-GW] [0m[SimStep] Ascensor E031A4: Piso=0, Destino=-1, Ocupado=NO, Tarea=NINGUNA
[34m[DEBUG-GW] [0m[SimStep] ESTADÍSTICAS: Ocupados=0, Moviendo=0, Total=4
[34m[DEBUG-GW] [0m[SimStep] === DIAGNÓSTICO SIMULADOR === Iteración 530
[34m[DEBUG-GW] [0m[SimStep] Grupo: E031, Ascensores: 4
[34m[DEBUG-GW] [0m[SimStep] Ascensor E031A1: Piso=7, Destino=-1, Ocupado=NO, Tarea=NINGUNA
[34m[DEBUG-GW] [0m[SimStep] Ascensor E031A2: Piso=6, Destino=-1, Ocupado=NO, Tarea=NINGUNA
[34m[DEBUG-GW] [0m[SimStep] Ascensor E031A3: Piso=2, Destino=-1, Ocupado=NO, Tarea=NINGUNA
[34m[DEBUG-GW] [0m[SimStep] Ascensor E031A4: Piso=0, Destino=-1, Ocupado=NO, Tarea=NINGUNA
[34m[DEBUG-GW] [0m[SimStep] ESTADÍSTICAS: Ocupados=0, Moviendo=0, Total=4
[34m[DEBUG-GW] [0m[SimStep] === DIAGNÓSTICO SIMULADOR === Iteración 540
[34m[DEBUG-GW] [0m[SimStep] Grupo: E031, Ascensores: 4
[34m[DEBUG-GW] [0m[SimStep] Ascensor E031A1: Piso=7, Destino=-1, Ocupado=NO, Tarea=NINGUNA
[34m[DEBUG-GW] [0m[SimStep] Ascensor E031A2: Piso=6, Destino=-1, Ocupado=NO, Tarea=NINGUNA
[34m[DEBUG-GW] [0m[SimStep] Ascensor E031A3: Piso=2, Destino=-1, Ocupado=NO, Tarea=NINGUNA
[34m[DEBUG-GW] [0m[SimStep] Ascensor E031A4: Piso=0, Destino=-1, Ocupado=NO, Tarea=NINGUNA
[34m[DEBUG-GW] [0m[SimStep] ESTADÍSTICAS: Ocupados=0, Moviendo=0, Total=4
[34m[DEBUG-GW] [0m[SimStep] === DIAGNÓSTICO SIMULADOR === Iteración 550
[34m[DEBUG-GW] [0m[SimStep] Grupo: E031, Ascensores: 4
[34m[DEBUG-GW] [0m[SimStep] Ascensor E031A1: Piso=7, Destino=-1, Ocupado=NO, Tarea=NINGUNA
[34m[DEBUG-GW] [0m[SimStep] Ascensor E031A2: Piso=6, Destino=-1, Ocupado=NO, Tarea=NINGUNA
[34m[DEBUG-GW] [0m[SimStep] Ascensor E031A3: Piso=2, Destino=-1, Ocupado=NO, Tarea=NINGUNA
[34m[DEBUG-GW] [0m[SimStep] Ascensor E031A4: Piso=0, Destino=-1, Ocupado=NO, Tarea=NINGUNA
[34m[DEBUG-GW] [0m[SimStep] ESTADÍSTICAS: Ocupados=0, Moviendo=0, Total=4
[34m[DEBUG-GW] [0m[SimStep] === DIAGNÓSTICO SIMULADOR === Iteración 560
[34m[DEBUG-GW] [0m[SimStep] Grupo: E031, Ascensores: 4
[34m[DEBUG-GW] [0m[SimStep] Ascensor E031A1: Piso=7, Destino=-1, Ocupado=NO, Tarea=NINGUNA
[34m[DEBUG-GW] [0m[SimStep] Ascensor E031A2: Piso=6, Destino=-1, Ocupado=NO, Tarea=NINGUNA
[34m[DEBUG-GW] [0m[SimStep] Ascensor E031A3: Piso=2, Destino=-1, Ocupado=NO, Tarea=NINGUNA
[34m[DEBUG-GW] [0m[SimStep] Ascensor E031A4: Piso=0, Destino=-1, Ocupado=NO, Tarea=NINGUNA
[34m[DEBUG-GW] [0m[SimStep] ESTADÍSTICAS: Ocupados=0, Moviendo=0, Total=4
[34m[DEBUG-GW] [0m[SimStep] === DIAGNÓSTICO SIMULADOR === Iteración 570
[34m[DEBUG-GW] [0m[SimStep] Grupo: E031, Ascensores: 4
[34m[DEBUG-GW] [0m[SimStep] Ascensor E031A1: Piso=7, Destino=-1, Ocupado=NO, Tarea=NINGUNA
[34m[DEBUG-GW] [0m[SimStep] Ascensor E031A2: Piso=6, Destino=-1, Ocupado=NO, Tarea=NINGUNA
[34m[DEBUG-GW] [0m[SimStep] Ascensor E031A3: Piso=2, Destino=-1, Ocupado=NO, Tarea=NINGUNA
[34m[DEBUG-GW] [0m[SimStep] Ascensor E031A4: Piso=0, Destino=-1, Ocupado=NO, Tarea=NINGUNA
[34m[DEBUG-GW] [0m[SimStep] ESTADÍSTICAS: Ocupados=0, Moviendo=0, Total=4
[34m[DEBUG-GW] [0m[SimStep] === DIAGNÓSTICO SIMULADOR === Iteración 580
[34m[DEBUG-GW] [0m[SimStep] Grupo: E031, Ascensores: 4
[34m[DEBUG-GW] [0m[SimStep] Ascensor E031A1: Piso=7, Destino=-1, Ocupado=NO, Tarea=NINGUNA
[34m[DEBUG-GW] [0m[SimStep] Ascensor E031A2: Piso=6, Destino=-1, Ocupado=NO, Tarea=NINGUNA
[34m[DEBUG-GW] [0m[SimStep] Ascensor E031A3: Piso=2, Destino=-1, Ocupado=NO, Tarea=NINGUNA
[34m[DEBUG-GW] [0m[SimStep] Ascensor E031A4: Piso=0, Destino=-1, Ocupado=NO, Tarea=NINGUNA
[34m[DEBUG-GW] [0m[SimStep] ESTADÍSTICAS: Ocupados=0, Moviendo=0, Total=4
[34m[DEBUG-GW] [0m[SimStep] === DIAGNÓSTICO SIMULADOR === Iteración 590
[34m[DEBUG-GW] [0m[SimStep] Grupo: E031, Ascensores: 4
[34m[DEBUG-GW] [0m[SimStep] Ascensor E031A1: Piso=7, Destino=-1, Ocupado=NO, Tarea=NINGUNA
[34m[DEBUG-GW] [0m[SimStep] Ascensor E031A2: Piso=6, Destino=-1, Ocupado=NO, Tarea=NINGUNA
[34m[DEBUG-GW] [0m[SimStep] Ascensor E031A3: Piso=2, Destino=-1, Ocupado=NO, Tarea=NINGUNA
[34m[DEBUG-GW] [0m[SimStep] Ascensor E031A4: Piso=0, Destino=-1, Ocupado=NO, Tarea=NINGUNA
[34m[DEBUG-GW] [0m[SimStep] ESTADÍSTICAS: Ocupados=0, Moviendo=0, Total=4
[34m[DEBUG-GW] [0m[SimStep] === DIAGNÓSTICO SIMULADOR === Iteración 600
[34m[DEBUG-GW] [0m[SimStep] Grupo: E031, Ascensores: 4
[34m[DEBUG-GW] [0m[SimStep] Ascensor E031A1: Piso=7, Destino=-1, Ocupado=NO, Tarea=NINGUNA
[34m[DEBUG-GW] [0m[SimStep] Ascensor E031A2: Piso=6, Destino=-1, Ocupado=NO, Tarea=NINGUNA
[34m[DEBUG-GW] [0m[SimStep] Ascensor E031A3: Piso=2, Destino=-1, Ocupado=NO, Tarea=NINGUNA
[34m[DEBUG-GW] [0m[SimStep] Ascensor E031A4: Piso=0, Destino=-1, Ocupado=NO, Tarea=NINGUNA
[34m[DEBUG-GW] [0m[SimStep] ESTADÍSTICAS: Ocupados=0, Moviendo=0, Total=4
[34m[DEBUG-GW] [0m[SimStep] === DIAGNÓSTICO SIMULADOR === Iteración 610
[34m[DEBUG-GW] [0m[SimStep] Grupo: E031, Ascensores: 4
[34m[DEBUG-GW] [0m[SimStep] Ascensor E031A1: Piso=7, Destino=-1, Ocupado=NO, Tarea=NINGUNA
[34m[DEBUG-GW] [0m[SimStep] Ascensor E031A2: Piso=6, Destino=-1, Ocupado=NO, Tarea=NINGUNA
[34m[DEBUG-GW] [0m[SimStep] Ascensor E031A3: Piso=2, Destino=-1, Ocupado=NO, Tarea=NINGUNA
[34m[DEBUG-GW] [0m[SimStep] Ascensor E031A4: Piso=0, Destino=-1, Ocupado=NO, Tarea=NINGUNA
[34m[DEBUG-GW] [0m[SimStep] ESTADÍSTICAS: Ocupados=0, Moviendo=0, Total=4
[34m[DEBUG-GW] [0m[SimStep] === DIAGNÓSTICO SIMULADOR === Iteración 620
[34m[DEBUG-GW] [0m[SimStep] Grupo: E031, Ascensores: 4
[34m[DEBUG-GW] [0m[SimStep] Ascensor E031A1: Piso=7, Destino=-1, Ocupado=NO, Tarea=NINGUNA
[34m[DEBUG-GW] [0m[SimStep] Ascensor E031A2: Piso=6, Destino=-1, Ocupado=NO, Tarea=NINGUNA
[34m[DEBUG-GW] [0m[SimStep] Ascensor E031A3: Piso=2, Destino=-1, Ocupado=NO, Tarea=NINGUNA
[34m[DEBUG-GW] [0m[SimStep] Ascensor E031A4: Piso=0, Destino=-1, Ocupado=NO, Tarea=NINGUNA
[34m[DEBUG-GW] [0m[SimStep] ESTADÍSTICAS: Ocupados=0, Moviendo=0, Total=4
[34m[DEBUG-GW] [0m[SimStep] === DIAGNÓSTICO SIMULADOR === Iteración 630
[34m[DEBUG-GW] [0m[SimStep] Grupo: E031, Ascensores: 4
[34m[DEBUG-GW] [0m[SimStep] Ascensor E031A1: Piso=7, Destino=-1, Ocupado=NO, Tarea=NINGUNA
[34m[DEBUG-GW] [0m[SimStep] Ascensor E031A2: Piso=6, Destino=-1, Ocupado=NO, Tarea=NINGUNA
[34m[DEBUG-GW] [0m[SimStep] Ascensor E031A3: Piso=2, Destino=-1, Ocupado=NO, Tarea=NINGUNA
[34m[DEBUG-GW] [0m[SimStep] Ascensor E031A4: Piso=0, Destino=-1, Ocupado=NO, Tarea=NINGUNA
[34m[DEBUG-GW] [0m[SimStep] ESTADÍSTICAS: Ocupados=0, Moviendo=0, Total=4
[34m[DEBUG-GW] [0m[SimStep] === DIAGNÓSTICO SIMULADOR === Iteración 640
[34m[DEBUG-GW] [0m[SimStep] Grupo: E031, Ascensores: 4
[34m[DEBUG-GW] [0m[SimStep] Ascensor E031A1: Piso=7, Destino=-1, Ocupado=NO, Tarea=NINGUNA
[34m[DEBUG-GW] [0m[SimStep] Ascensor E031A2: Piso=6, Destino=-1, Ocupado=NO, Tarea=NINGUNA
[34m[DEBUG-GW] [0m[SimStep] Ascensor E031A3: Piso=2, Destino=-1, Ocupado=NO, Tarea=NINGUNA
[34m[DEBUG-GW] [0m[SimStep] Ascensor E031A4: Piso=0, Destino=-1, Ocupado=NO, Tarea=NINGUNA
[34m[DEBUG-GW] [0m[SimStep] ESTADÍSTICAS: Ocupados=0, Moviendo=0, Total=4
[34m[DEBUG-GW] [0m[SimStep] === DIAGNÓSTICO SIMULADOR === Iteración 650
[34m[DEBUG-GW] [0m[SimStep] Grupo: E031, Ascensores: 4
[34m[DEBUG-GW] [0m[SimStep] Ascensor E031A1: Piso=7, Destino=-1, Ocupado=NO, Tarea=NINGUNA
[34m[DEBUG-GW] [0m[SimStep] Ascensor E031A2: Piso=6, Destino=-1, Ocupado=NO, Tarea=NINGUNA
[34m[DEBUG-GW] [0m[SimStep] Ascensor E031A3: Piso=2, Destino=-1, Ocupado=NO, Tarea=NINGUNA
[34m[DEBUG-GW] [0m[SimStep] Ascensor E031A4: Piso=0, Destino=-1, Ocupado=NO, Tarea=NINGUNA
[34m[DEBUG-GW] [0m[SimStep] ESTADÍSTICAS: Ocupados=0, Moviendo=0, Total=4
[34m[DEBUG-GW] [0m[SimStep] === DIAGNÓSTICO SIMULADOR === Iteración 660
[34m[DEBUG-GW] [0m[SimStep] Grupo: E031, Ascensores: 4
[34m[DEBUG-GW] [0m[SimStep] Ascensor E031A1: Piso=7, Destino=-1, Ocupado=NO, Tarea=NINGUNA
[34m[DEBUG-GW] [0m[SimStep] Ascensor E031A2: Piso=6, Destino=-1, Ocupado=NO, Tarea=NINGUNA
[34m[DEBUG-GW] [0m[SimStep] Ascensor E031A3: Piso=2, Destino=-1, Ocupado=NO, Tarea=NINGUNA
[34m[DEBUG-GW] [0m[SimStep] Ascensor E031A4: Piso=0, Destino=-1, Ocupado=NO, Tarea=NINGUNA
[34m[DEBUG-GW] [0m[SimStep] ESTADÍSTICAS: Ocupados=0, Moviendo=0, Total=4
[34m[DEBUG-GW] [0m[SimStep] === DIAGNÓSTICO SIMULADOR === Iteración 670
[34m[DEBUG-GW] [0m[SimStep] Grupo: E031, Ascensores: 4
[34m[DEBUG-GW] [0m[SimStep] Ascensor E031A1: Piso=7, Destino=-1, Ocupado=NO, Tarea=NINGUNA
[34m[DEBUG-GW] [0m[SimStep] Ascensor E031A2: Piso=6, Destino=-1, Ocupado=NO, Tarea=NINGUNA
[34m[DEBUG-GW] [0m[SimStep] Ascensor E031A3: Piso=2, Destino=-1, Ocupado=NO, Tarea=NINGUNA
[34m[DEBUG-GW] [0m[SimStep] Ascensor E031A4: Piso=0, Destino=-1, Ocupado=NO, Tarea=NINGUNA
[34m[DEBUG-GW] [0m[SimStep] ESTADÍSTICAS: Ocupados=0, Moviendo=0, Total=4
[34m[DEBUG-GW] [0m[SimStep] === DIAGNÓSTICO SIMULADOR === Iteración 680
[34m[DEBUG-GW] [0m[SimStep] Grupo: E031, Ascensores: 4
[34m[DEBUG-GW] [0m[SimStep] Ascensor E031A1: Piso=7, Destino=-1, Ocupado=NO, Tarea=NINGUNA
[34m[DEBUG-GW] [0m[SimStep] Ascensor E031A2: Piso=6, Destino=-1, Ocupado=NO, Tarea=NINGUNA
[34m[DEBUG-GW] [0m[SimStep] Ascensor E031A3: Piso=2, Destino=-1, Ocupado=NO, Tarea=NINGUNA
[34m[DEBUG-GW] [0m[SimStep] Ascensor E031A4: Piso=0, Destino=-1, Ocupado=NO, Tarea=NINGUNA
[34m[DEBUG-GW] [0m[SimStep] ESTADÍSTICAS: Ocupados=0, Moviendo=0, Total=4
[34m[DEBUG-GW] [0m[SimStep] === DIAGNÓSTICO SIMULADOR === Iteración 690
[34m[DEBUG-GW] [0m[SimStep] Grupo: E031, Ascensores: 4
[34m[DEBUG-GW] [0m[SimStep] Ascensor E031A1: Piso=7, Destino=-1, Ocupado=NO, Tarea=NINGUNA
[34m[DEBUG-GW] [0m[SimStep] Ascensor E031A2: Piso=6, Destino=-1, Ocupado=NO, Tarea=NINGUNA
[34m[DEBUG-GW] [0m[SimStep] Ascensor E031A3: Piso=2, Destino=-1, Ocupado=NO, Tarea=NINGUNA
[34m[DEBUG-GW] [0m[SimStep] Ascensor E031A4: Piso=0, Destino=-1, Ocupado=NO, Tarea=NINGUNA
[34m[DEBUG-GW] [0m[SimStep] ESTADÍSTICAS: Ocupados=0, Moviendo=0, Total=4
[34m[DEBUG-GW] [0m[SimStep] === DIAGNÓSTICO SIMULADOR === Iteración 700
[34m[DEBUG-GW] [0m[SimStep] Grupo: E031, Ascensores: 4
[34m[DEBUG-GW] [0m[SimStep] Ascensor E031A1: Piso=7, Destino=-1, Ocupado=NO, Tarea=NINGUNA
[34m[DEBUG-GW] [0m[SimStep] Ascensor E031A2: Piso=6, Destino=-1, Ocupado=NO, Tarea=NINGUNA
[34m[DEBUG-GW] [0m[SimStep] Ascensor E031A3: Piso=2, Destino=-1, Ocupado=NO, Tarea=NINGUNA
[34m[DEBUG-GW] [0m[SimStep] Ascensor E031A4: Piso=0, Destino=-1, Ocupado=NO, Tarea=NINGUNA
[34m[DEBUG-GW] [0m[SimStep] ESTADÍSTICAS: Ocupados=0, Moviendo=0, Total=4
[34m[DEBUG-GW] [0m[SimStep] === DIAGNÓSTICO SIMULADOR === Iteración 710
[34m[DEBUG-GW] [0m[SimStep] Grupo: E031, Ascensores: 4
[34m[DEBUG-GW] [0m[SimStep] Ascensor E031A1: Piso=7, Destino=-1, Ocupado=NO, Tarea=NINGUNA
[34m[DEBUG-GW] [0m[SimStep] Ascensor E031A2: Piso=6, Destino=-1, Ocupado=NO, Tarea=NINGUNA
[34m[DEBUG-GW] [0m[SimStep] Ascensor E031A3: Piso=2, Destino=-1, Ocupado=NO, Tarea=NINGUNA
[34m[DEBUG-GW] [0m[SimStep] Ascensor E031A4: Piso=0, Destino=-1, Ocupado=NO, Tarea=NINGUNA
[34m[DEBUG-GW] [0m[SimStep] ESTADÍSTICAS: Ocupados=0, Moviendo=0, Total=4
[34m[DEBUG-GW] [0m[SimStep] === DIAGNÓSTICO SIMULADOR === Iteración 720
[34m[DEBUG-GW] [0m[SimStep] Grupo: E031, Ascensores: 4
[34m[DEBUG-GW] [0m[SimStep] Ascensor E031A1: Piso=7, Destino=-1, Ocupado=NO, Tarea=NINGUNA
[34m[DEBUG-GW] [0m[SimStep] Ascensor E031A2: Piso=6, Destino=-1, Ocupado=NO, Tarea=NINGUNA
[34m[DEBUG-GW] [0m[SimStep] Ascensor E031A3: Piso=2, Destino=-1, Ocupado=NO, Tarea=NINGUNA
[34m[DEBUG-GW] [0m[SimStep] Ascensor E031A4: Piso=0, Destino=-1, Ocupado=NO, Tarea=NINGUNA
[34m[DEBUG-GW] [0m[SimStep] ESTADÍSTICAS: Ocupados=0, Moviendo=0, Total=4
[34m[DEBUG-GW] [0m[SimStep] === DIAGNÓSTICO SIMULADOR === Iteración 730
[34m[DEBUG-GW] [0m[SimStep] Grupo: E031, Ascensores: 4
[34m[DEBUG-GW] [0m[SimStep] Ascensor E031A1: Piso=7, Destino=-1, Ocupado=NO, Tarea=NINGUNA
[34m[DEBUG-GW] [0m[SimStep] Ascensor E031A2: Piso=6, Destino=-1, Ocupado=NO, Tarea=NINGUNA
[34m[DEBUG-GW] [0m[SimStep] Ascensor E031A3: Piso=2, Destino=-1, Ocupado=NO, Tarea=NINGUNA
[34m[DEBUG-GW] [0m[SimStep] Ascensor E031A4: Piso=0, Destino=-1, Ocupado=NO, Tarea=NINGUNA
[34m[DEBUG-GW] [0m[SimStep] ESTADÍSTICAS: Ocupados=0, Moviendo=0, Total=4
[34m[DEBUG-GW] [0m[SimStep] === DIAGNÓSTICO SIMULADOR === Iteración 740
[34m[DEBUG-GW] [0m[SimStep] Grupo: E031, Ascensores: 4
[34m[DEBUG-GW] [0m[SimStep] Ascensor E031A1: Piso=7, Destino=-1, Ocupado=NO, Tarea=NINGUNA
[34m[DEBUG-GW] [0m[SimStep] Ascensor E031A2: Piso=6, Destino=-1, Ocupado=NO, Tarea=NINGUNA
[34m[DEBUG-GW] [0m[SimStep] Ascensor E031A3: Piso=2, Destino=-1, Ocupado=NO, Tarea=NINGUNA
[34m[DEBUG-GW] [0m[SimStep] Ascensor E031A4: Piso=0, Destino=-1, Ocupado=NO, Tarea=NINGUNA
[34m[DEBUG-GW] [0m[SimStep] ESTADÍSTICAS: Ocupados=0, Moviendo=0, Total=4
[34m[DEBUG-GW] [0m[SimStep] === DIAGNÓSTICO SIMULADOR === Iteración 750
[34m[DEBUG-GW] [0m[SimStep] Grupo: E031, Ascensores: 4
[34m[DEBUG-GW] [0m[SimStep] Ascensor E031A1: Piso=7, Destino=-1, Ocupado=NO, Tarea=NINGUNA
[34m[DEBUG-GW] [0m[SimStep] Ascensor E031A2: Piso=6, Destino=-1, Ocupado=NO, Tarea=NINGUNA
[34m[DEBUG-GW] [0m[SimStep] Ascensor E031A3: Piso=2, Destino=-1, Ocupado=NO, Tarea=NINGUNA
[34m[DEBUG-GW] [0m[SimStep] Ascensor E031A4: Piso=0, Destino=-1, Ocupado=NO, Tarea=NINGUNA
[34m[DEBUG-GW] [0m[SimStep] ESTADÍSTICAS: Ocupados=0, Moviendo=0, Total=4
[34m[DEBUG-GW] [0m[SimStep] === DIAGNÓSTICO SIMULADOR === Iteración 760
[34m[DEBUG-GW] [0m[SimStep] Grupo: E031, Ascensores: 4
[34m[DEBUG-GW] [0m[SimStep] Ascensor E031A1: Piso=7, Destino=-1, Ocupado=NO, Tarea=NINGUNA
[34m[DEBUG-GW] [0m[SimStep] Ascensor E031A2: Piso=6, Destino=-1, Ocupado=NO, Tarea=NINGUNA
[34m[DEBUG-GW] [0m[SimStep] Ascensor E031A3: Piso=2, Destino=-1, Ocupado=NO, Tarea=NINGUNA
[34m[DEBUG-GW] [0m[SimStep] Ascensor E031A4: Piso=0, Destino=-1, Ocupado=NO, Tarea=NINGUNA
[34m[DEBUG-GW] [0m[SimStep] ESTADÍSTICAS: Ocupados=0, Moviendo=0, Total=4
[34m[DEBUG-GW] [0m[SimStep] === DIAGNÓSTICO SIMULADOR === Iteración 770
[34m[DEBUG-GW] [0m[SimStep] Grupo: E031, Ascensores: 4
[34m[DEBUG-GW] [0m[SimStep] Ascensor E031A1: Piso=7, Destino=-1, Ocupado=NO, Tarea=NINGUNA
[34m[DEBUG-GW] [0m[SimStep] Ascensor E031A2: Piso=6, Destino=-1, Ocupado=NO, Tarea=NINGUNA
[34m[DEBUG-GW] [0m[SimStep] Ascensor E031A3: Piso=2, Destino=-1, Ocupado=NO, Tarea=NINGUNA
[34m[DEBUG-GW] [0m[SimStep] Ascensor E031A4: Piso=0, Destino=-1, Ocupado=NO, Tarea=NINGUNA
[34m[DEBUG-GW] [0m[SimStep] ESTADÍSTICAS: Ocupados=0, Moviendo=0, Total=4
[34m[DEBUG-GW] [0m[SimStep] === DIAGNÓSTICO SIMULADOR === Iteración 780
[34m[DEBUG-GW] [0m[SimStep] Grupo: E031, Ascensores: 4
[34m[DEBUG-GW] [0m[SimStep] Ascensor E031A1: Piso=7, Destino=-1, Ocupado=NO, Tarea=NINGUNA
[34m[DEBUG-GW] [0m[SimStep] Ascensor E031A2: Piso=6, Destino=-1, Ocupado=NO, Tarea=NINGUNA
[34m[DEBUG-GW] [0m[SimStep] Ascensor E031A3: Piso=2, Destino=-1, Ocupado=NO, Tarea=NINGUNA
[34m[DEBUG-GW] [0m[SimStep] Ascensor E031A4: Piso=0, Destino=-1, Ocupado=NO, Tarea=NINGUNA
[34m[DEBUG-GW] [0m[SimStep] ESTADÍSTICAS: Ocupados=0, Moviendo=0, Total=4
[34m[DEBUG-GW] [0m[SimStep] === DIAGNÓSTICO SIMULADOR === Iteración 790
[34m[DEBUG-GW] [0m[SimStep] Grupo: E031, Ascensores: 4
[34m[DEBUG-GW] [0m[SimStep] Ascensor E031A1: Piso=7, Destino=-1, Ocupado=NO, Tarea=NINGUNA
[34m[DEBUG-GW] [0m[SimStep] Ascensor E031A2: Piso=6, Destino=-1, Ocupado=NO, Tarea=NINGUNA
[34m[DEBUG-GW] [0m[SimStep] Ascensor E031A3: Piso=2, Destino=-1, Ocupado=NO, Tarea=NINGUNA
[34m[DEBUG-GW] [0m[SimStep] Ascensor E031A4: Piso=0, Destino=-1, Ocupado=NO, Tarea=NINGUNA
[34m[DEBUG-GW] [0m[SimStep] ESTADÍSTICAS: Ocupados=0, Moviendo=0, Total=4
[34m[DEBUG-GW] [0m[SimStep] === DIAGNÓSTICO SIMULADOR === Iteración 800
[34m[DEBUG-GW] [0m[SimStep] Grupo: E031, Ascensores: 4
[34m[DEBUG-GW] [0m[SimStep] Ascensor E031A1: Piso=7, Destino=-1, Ocupado=NO, Tarea=NINGUNA
[34m[DEBUG-GW] [0m[SimStep] Ascensor E031A2: Piso=6, Destino=-1, Ocupado=NO, Tarea=NINGUNA
[34m[DEBUG-GW] [0m[SimStep] Ascensor E031A3: Piso=2, Destino=-1, Ocupado=NO, Tarea=NINGUNA
[34m[DEBUG-GW] [0m[SimStep] Ascensor E031A4: Piso=0, Destino=-1, Ocupado=NO, Tarea=NINGUNA
[34m[DEBUG-GW] [0m[SimStep] ESTADÍSTICAS: Ocupados=0, Moviendo=0, Total=4
[34m[DEBUG-GW] [0m[SimStep] === DIAGNÓSTICO SIMULADOR === Iteración 810
[34m[DEBUG-GW] [0m[SimStep] Grupo: E031, Ascensores: 4
[34m[DEBUG-GW] [0m[SimStep] Ascensor E031A1: Piso=7, Destino=-1, Ocupado=NO, Tarea=NINGUNA
[34m[DEBUG-GW] [0m[SimStep] Ascensor E031A2: Piso=6, Destino=-1, Ocupado=NO, Tarea=NINGUNA
[34m[DEBUG-GW] [0m[SimStep] Ascensor E031A3: Piso=2, Destino=-1, Ocupado=NO, Tarea=NINGUNA
[34m[DEBUG-GW] [0m[SimStep] Ascensor E031A4: Piso=0, Destino=-1, Ocupado=NO, Tarea=NINGUNA
[34m[DEBUG-GW] [0m[SimStep] ESTADÍSTICAS: Ocupados=0, Moviendo=0, Total=4
[34m[DEBUG-GW] [0m[SimStep] === DIAGNÓSTICO SIMULADOR === Iteración 820
[34m[DEBUG-GW] [0m[SimStep] Grupo: E031, Ascensores: 4
[34m[DEBUG-GW] [0m[SimStep] Ascensor E031A1: Piso=7, Destino=-1, Ocupado=NO, Tarea=NINGUNA
[34m[DEBUG-GW] [0m[SimStep] Ascensor E031A2: Piso=6, Destino=-1, Ocupado=NO, Tarea=NINGUNA
[34m[DEBUG-GW] [0m[SimStep] Ascensor E031A3: Piso=2, Destino=-1, Ocupado=NO, Tarea=NINGUNA
[34m[DEBUG-GW] [0m[SimStep] Ascensor E031A4: Piso=0, Destino=-1, Ocupado=NO, Tarea=NINGUNA
[34m[DEBUG-GW] [0m[SimStep] ESTADÍSTICAS: Ocupados=0, Moviendo=0, Total=4
[34m[DEBUG-GW] [0m[SimStep] === DIAGNÓSTICO SIMULADOR === Iteración 830
[34m[DEBUG-GW] [0m[SimStep] Grupo: E031, Ascensores: 4
[34m[DEBUG-GW] [0m[SimStep] Ascensor E031A1: Piso=7, Destino=-1, Ocupado=NO, Tarea=NINGUNA
[34m[DEBUG-GW] [0m[SimStep] Ascensor E031A2: Piso=6, Destino=-1, Ocupado=NO, Tarea=NINGUNA
[34m[DEBUG-GW] [0m[SimStep] Ascensor E031A3: Piso=2, Destino=-1, Ocupado=NO, Tarea=NINGUNA
[34m[DEBUG-GW] [0m[SimStep] Ascensor E031A4: Piso=0, Destino=-1, Ocupado=NO, Tarea=NINGUNA
[34m[DEBUG-GW] [0m[SimStep] ESTADÍSTICAS: Ocupados=0, Moviendo=0, Total=4
[34m[DEBUG-GW] [0m[SimStep] === DIAGNÓSTICO SIMULADOR === Iteración 840
[34m[DEBUG-GW] [0m[SimStep] Grupo: E031, Ascensores: 4
[34m[DEBUG-GW] [0m[SimStep] Ascensor E031A1: Piso=7, Destino=-1, Ocupado=NO, Tarea=NINGUNA
[34m[DEBUG-GW] [0m[SimStep] Ascensor E031A2: Piso=6, Destino=-1, Ocupado=NO, Tarea=NINGUNA
[34m[DEBUG-GW] [0m[SimStep] Ascensor E031A3: Piso=2, Destino=-1, Ocupado=NO, Tarea=NINGUNA
[34m[DEBUG-GW] [0m[SimStep] Ascensor E031A4: Piso=0, Destino=-1, Ocupado=NO, Tarea=NINGUNA
[34m[DEBUG-GW] [0m[SimStep] ESTADÍSTICAS: Ocupados=0, Moviendo=0, Total=4
[34m[DEBUG-GW] [0m[SimStep] === DIAGNÓSTICO SIMULADOR === Iteración 850
[34m[DEBUG-GW] [0m[SimStep] Grupo: E031, Ascensores: 4
[34m[DEBUG-GW] [0m[SimStep] Ascensor E031A1: Piso=7, Destino=-1, Ocupado=NO, Tarea=NINGUNA
[34m[DEBUG-GW] [0m[SimStep] Ascensor E031A2: Piso=6, Destino=-1, Ocupado=NO, Tarea=NINGUNA
[34m[DEBUG-GW] [0m[SimStep] Ascensor E031A3: Piso=2, Destino=-1, Ocupado=NO, Tarea=NINGUNA
[34m[DEBUG-GW] [0m[SimStep] Ascensor E031A4: Piso=0, Destino=-1, Ocupado=NO, Tarea=NINGUNA
[34m[DEBUG-GW] [0m[SimStep] ESTADÍSTICAS: Ocupados=0, Moviendo=0, Total=4
[34m[DEBUG-GW] [0m[SimStep] === DIAGNÓSTICO SIMULADOR === Iteración 860
[34m[DEBUG-GW] [0m[SimStep] Grupo: E031, Ascensores: 4
[34m[DEBUG-GW] [0m[SimStep] Ascensor E031A1: Piso=7, Destino=-1, Ocupado=NO, Tarea=NINGUNA
[34m[DEBUG-GW] [0m[SimStep] Ascensor E031A2: Piso=6, Destino=-1, Ocupado=NO, Tarea=NINGUNA
[34m[DEBUG-GW] [0m[SimStep] Ascensor E031A3: Piso=2, Destino=-1, Ocupado=NO, Tarea=NINGUNA
[34m[DEBUG-GW] [0m[SimStep] Ascensor E031A4: Piso=0, Destino=-1, Ocupado=NO, Tarea=NINGUNA
[34m[DEBUG-GW] [0m[SimStep] ESTADÍSTICAS: Ocupados=0, Moviendo=0, Total=4
[34m[DEBUG-GW] [0m[SimStep] === DIAGNÓSTICO SIMULADOR === Iteración 870
[34m[DEBUG-GW] [0m[SimStep] Grupo: E031, Ascensores: 4
[34m[DEBUG-GW] [0m[SimStep] Ascensor E031A1: Piso=7, Destino=-1, Ocupado=NO, Tarea=NINGUNA
[34m[DEBUG-GW] [0m[SimStep] Ascensor E031A2: Piso=6, Destino=-1, Ocupado=NO, Tarea=NINGUNA
[34m[DEBUG-GW] [0m[SimStep] Ascensor E031A3: Piso=2, Destino=-1, Ocupado=NO, Tarea=NINGUNA
[34m[DEBUG-GW] [0m[SimStep] Ascensor E031A4: Piso=0, Destino=-1, Ocupado=NO, Tarea=NINGUNA
[34m[DEBUG-GW] [0m[SimStep] ESTADÍSTICAS: Ocupados=0, Moviendo=0, Total=4
[34m[DEBUG-GW] [0m[SimStep] === DIAGNÓSTICO SIMULADOR === Iteración 880
[34m[DEBUG-GW] [0m[SimStep] Grupo: E031, Ascensores: 4
[34m[DEBUG-GW] [0m[SimStep] Ascensor E031A1: Piso=7, Destino=-1, Ocupado=NO, Tarea=NINGUNA
[34m[DEBUG-GW] [0m[SimStep] Ascensor E031A2: Piso=6, Destino=-1, Ocupado=NO, Tarea=NINGUNA
[34m[DEBUG-GW] [0m[SimStep] Ascensor E031A3: Piso=2, Destino=-1, Ocupado=NO, Tarea=NINGUNA
[34m[DEBUG-GW] [0m[SimStep] Ascensor E031A4: Piso=0, Destino=-1, Ocupado=NO, Tarea=NINGUNA
[34m[DEBUG-GW] [0m[SimStep] ESTADÍSTICAS: Ocupados=0, Moviendo=0, Total=4
