API Gateway: Intentando cargar gateway.env...
API Gateway: gateway.env cargado exitosamente
API Gateway: GW_LISTEN_IP = '0.0.0.0'
API Gateway: GW_LISTEN_PORT = '5683'
API Gateway: Usando puerto personalizado 6053
[32m[INFO-GW] [0m[CAN_Bridge] Inicializando el puente CAN simulado.
[34m[DEBUG-GW] [0m[Main] Manejador de eventos CoAP global registrado.
API Gateway: Listening on 0.0.0.0:6053 for CoAP messages (UDP).
(Ctrl+C to quit)
[32m[INFO-GW] [0mStateMgr: Inicializando 4 ascensores para edificio 'E1', 14 pisos.
[34m[DEBUG-GW] [0mStateMgr: Ascensor E1A1 inicializado: Piso 0, Puerta CERRADA, Ocupado: No
[34m[DEBUG-GW] [0mStateMgr: Ascensor E1A2 inicializado: Piso 0, Puerta CERRADA, Ocupado: No
[34m[DEBUG-GW] [0mStateMgr: Ascensor E1A3 inicializado: Piso 0, Puerta CERRADA, Ocupado: No
[34m[DEBUG-GW] [0mStateMgr: Ascensor E1A4 inicializado: Piso 0, Puerta CERRADA, Ocupado: No
[32m[INFO-GW] [0mAPI Gateway: Grupo de 4 ascensores para edificio 'E1' inicializado.
PSK Manager: Cargadas 15000 claves desde psk_keys.txt
[32m[INFO-GW] [0m[Main] Gestor de claves PSK inicializado correctamente.
[32m[INFO-GW] [0m[CAN_Bridge] Registrando callback para enviar frames CAN a la simulación.
[SIM_ASCENSOR] Simulador de ascensor inicializado y callback CAN registrado.
[SIM_ASCENSOR] Intentando cargar datos de simulación desde: simulation_data.json
[SIMULATION] Intentando abrir archivo: simulation_data.json
[SIMULATION] Archivo abierto exitosamente
[SIMULATION] Tamaño del archivo: 122653 bytes
[SIMULATION] Cargados 100 edificios con 1000 peticiones totales
[SIM_ASCENSOR] Datos de simulación cargados exitosamente desde simulation_data.json
[SIM_ASCENSOR] Edificios cargados: 100, Datos válidos: Sí

[EXEC_LOGGER] Directorio de trabajo actual: /mnt/d/AATFG/API/Codigo/git/api_gateway
[EXEC_LOGGER] Usando directorio personalizado: logs/instance_54_port_6053
[EXEC_LOGGER] Intentando crear directorio 'logs/instance_54_port_6053'...
[EXEC_LOGGER] Directorio ya existe: logs/instance_54_port_6053
[EXEC_LOGGER] Intentando crear directorio 'logs/instance_54_port_6053/2025-07-11'...
[EXEC_LOGGER] Directorio ya existe: logs/instance_54_port_6053/2025-07-11
[EXEC_LOGGER] Intentando crear archivo: logs/instance_54_port_6053/2025-07-11/ejecucion_01-47-46-936.md
[EXEC_LOGGER] Sistema de logging inicializado: logs/instance_54_port_6053/2025-07-11/ejecucion_01-47-46-936.md

[SIM_ASCENSOR] === INICIANDO SIMULACIÓN NO-BLOQUEANTE DE EVENTOS CAN ===
[SIM_ASCENSOR] Configurando simulación desde JSON con 100 edificios disponibles
[SIMULATION] Edificio seleccionado: E012 (índice 11 de 100)
[32m[INFO-GW] [0mStateMgr: Inicializando 4 ascensores para edificio 'E012', 14 pisos.
[34m[DEBUG-GW] [0mStateMgr: Ascensor E012A1 inicializado: Piso 0, Puerta CERRADA, Ocupado: No
[34m[DEBUG-GW] [0mStateMgr: Ascensor E012A2 inicializado: Piso 0, Puerta CERRADA, Ocupado: No
[34m[DEBUG-GW] [0mStateMgr: Ascensor E012A3 inicializado: Piso 0, Puerta CERRADA, Ocupado: No
[34m[DEBUG-GW] [0mStateMgr: Ascensor E012A4 inicializado: Piso 0, Puerta CERRADA, Ocupado: No
[SIM_ASCENSOR] Sistema configurado para edificio: E012
[SIM_ASCENSOR] Ascensores disponibles: E012A1, E012A2, E012A3, E012A4
[SIM_ASCENSOR] Simulación NO-BLOQUEANTE: 10 peticiones con 2000ms entre cada una
[SIM_ASCENSOR] ✅ Simulación no-bloqueante activada. El main loop manejará las peticiones.
[SIM_ASCENSOR] === CONFIGURACIÓN DE SIMULACIÓN COMPLETADA ===

[34m[DEBUG-GW] [0m[SimStep] === DIAGNÓSTICO SIMULADOR === Iteración 10
[34m[DEBUG-GW] [0m[SimStep] Grupo: E012, Ascensores: 4
[34m[DEBUG-GW] [0m[SimStep] Ascensor E012A1: Piso=0, Destino=-1, Ocupado=NO, Tarea=NINGUNA
[34m[DEBUG-GW] [0m[SimStep] Ascensor E012A2: Piso=0, Destino=-1, Ocupado=NO, Tarea=NINGUNA
[34m[DEBUG-GW] [0m[SimStep] Ascensor E012A3: Piso=0, Destino=-1, Ocupado=NO, Tarea=NINGUNA
[34m[DEBUG-GW] [0m[SimStep] Ascensor E012A4: Piso=0, Destino=-1, Ocupado=NO, Tarea=NINGUNA
[34m[DEBUG-GW] [0m[SimStep] ESTADÍSTICAS: Ocupados=0, Moviendo=0, Total=4
[SIM_ASCENSOR] --- Petición 1/10 (NO-BLOQUEANTE) ---
[SIM_ASCENSOR] Ejecutando llamada de piso: Piso 6, Dirección down
[SIM_ASCENSOR] Enviando LLAMADA DE PISO a GW (vía CAN): Piso 6, Dir BAJAR
[32m[INFO-GW] [0m[CAN_Bridge] Procesando frame CAN ID: 0x100, DLC: 2
[32m[INFO-GW] [0m[CAN_Bridge] Llamada de piso CAN: Piso 6, Dirección BAJANDO
[32m[INFO-GW] [0m[33m[CAN_FloorCall] Gateway (Origen CAN ID: 0x100): Preparando solicitud para Servidor Central.[0m

[34m[DEBUG-GW] [0m[CAN_FloorCall] Payload para Servidor Central (Origen CAN ID: 0x100): {"id_edificio":"E012","piso_origen_llamada":6,"direccion_llamada":"BAJANDO","elevadores_estado":[{"id_ascensor":"E012A1","piso_actual":0,"estado_puerta":"CERRADA","disponible":true,"tarea_actual_id":null,"destino_actual":null},{"id_ascensor":"E012A2","piso_actual":0,"estado_puerta":"CERRADA","disponible":true,"tarea_actual_id":null,"destino_actual":null},{"id_ascensor":"E012A3","piso_actual":0,"estado_puerta":"CERRADA","disponible":true,"tarea_actual_id":null,"destino_actual":null},{"id_ascensor":"E012A4","piso_actual":0,"estado_puerta":"CERRADA","disponible":true,"tarea_actual_id":null,"destino_actual":null}]}
[32m[INFO-GW] [0m[SessionHelper] Creando NUEVA sesión DTLS-PSK con servidor central.
[32m[INFO-GW] [0m[SessionHelper] Debug - server_ip = '192.168.49.2' (longitud: 12)
[32m[INFO-GW] [0m[SessionHelper] Debug - CENTRAL_SERVER_IP env var = '192.168.49.2'
[34m[DEBUG-GW] [0m[PSK] Clave determinística para identidad 'Gateway_Client_117457_1752191268': m,TLY;6yy
[32m[INFO-GW] [0m[SessionHelper] Usando identidad única: 'Gateway_Client_117457_1752191268'
[32m[INFO-GW] [0m[SessionHelper] NUEVA Sesión DTLS-PSK (0x0x61decbca3120) creada con servidor central. Identity: 'Gateway_Client_117457_1752191268'
[32m[INFO-GW] [0m[SessionHelper] Esperando establecimiento de nueva sesión DTLS-PSK (0x0x61decbca3120)...
[32m[INFO-GW] [0m[EventHandlerGW] Sesión DTLS global (0x0x61decbca3120) establecida exitosamente con servidor central.
[32m[INFO-GW] [0m[SessionHelper] Nueva sesión DTLS-PSK (0x0x61decbca3120) establecida exitosamente después de 2 intentos.
[34m[DEBUG-GW] [0m[CAN_Bridge] Stored token for CAN tracker: (len 1) 01
[34m[DEBUG-GW] [0m[CAN_Bridge] Stored CAN ID 0x100 at index 0
[32m[INFO-GW] [0m[36m[CAN_FloorCall] Gateway (Origen CAN ID: 0x100) -> Central: Enviando solicitud...[0m

[32m[INFO-GW] [0m[32m[CAN_FloorCall] Gateway (Origen CAN ID: 0x100) -> Central: Solicitud enviada, esperando rsp...[0m

[32m[INFO-GW] [0m[ResponseHandlerGW] Servidor Central -> Gateway: Respuesta recibida (Code: 2.69). MID: 62860
[34m[DEBUG-GW] [0m[ResponseHandlerGW] JSON recibido de Servidor Central: {
	"tarea_id":	"T_1752191268066",
	"ascensor_asignado_id":	"E012A1"
}
[34m[DEBUG-GW] [0m[ResponseHandlerGW] Token recibido del servidor: (len 1) 01
[34m[DEBUG-GW] [0m[CAN_Bridge] Finding token for CAN tracker: (len 1) 01
[32m[INFO-GW] [0m[ResponseHandlerGW] Respuesta CoAP corresponde a una solicitud originada por CAN (ID: 0x100). Token 01
[32m[INFO-GW] [0m[ResponseHandlerGW] Servidor Central (vía CAN origin) asignó tarea 'T_1752191268066' a ascensor 'E012A1'. Actualizando estado local.
[32m[INFO-GW] [0mStateMgr: Tarea 'T_1752191268066' asignada a ascensor E012A1. Destino: piso 6. Piso actual: 0. Dirección: SUBIENDO
[32m[INFO-GW] [0m[CAN_Bridge] Enviando respuesta CAN ID: 0x101, DLC: 8. Datos: 00 54 5F...
[SIM_ASCENSOR] Recibido frame CAN de GW: ID=0x101, DLC=8, Datos: 00 54 5F 31 37 35 32 31
    Simulador -> Respuesta de llamada de piso: Ascensor (índice 0) asignado.
    Simulador -> Tarea ID (parcial): T_17521
[34m[DEBUG-GW] [0m[ResponseHandlerGW] Respuesta recibida en la sesión DTLS global (0x0x61decbca3120). No se libera aquí.
[32m[INFO-GW] [0m[SimStep] Ascensor E012A1 SUBE a piso 1 (Destino: 6, Tarea: T_1752191268066)
[32m[INFO-GW] [0m[SimStep] Ascensor E012A1 SUBE a piso 2 (Destino: 6, Tarea: T_1752191268066)
[32m[INFO-GW] [0m[SimStep] Ascensor E012A1 SUBE a piso 3 (Destino: 6, Tarea: T_1752191268066)
[32m[INFO-GW] [0m[SimStep] Ascensor E012A1 SUBE a piso 4 (Destino: 6, Tarea: T_1752191268066)
[32m[INFO-GW] [0m[SimStep] Ascensor E012A1 SUBE a piso 5 (Destino: 6, Tarea: T_1752191268066)
[32m[INFO-GW] [0m[SimStep] Ascensor E012A1 SUBE a piso 6 (Destino: 6, Tarea: T_1752191268066)
[32m[INFO-GW] [0m[SimStep] Ascensor E012A1 LLEGÓ a destino 6.
[32m[INFO-GW] [0mStateMgr: Ascensor E012A1 completó tarea T_1752191268066 en piso 6.
[32m[INFO-GW] [0m[SimStep] Tarea completada por E012A1.
[34m[DEBUG-GW] [0m[SimStep] === DIAGNÓSTICO SIMULADOR === Iteración 20
[34m[DEBUG-GW] [0m[SimStep] Grupo: E012, Ascensores: 4
[34m[DEBUG-GW] [0m[SimStep] Ascensor E012A1: Piso=6, Destino=-1, Ocupado=NO, Tarea=NINGUNA
[34m[DEBUG-GW] [0m[SimStep] Ascensor E012A2: Piso=0, Destino=-1, Ocupado=NO, Tarea=NINGUNA
[34m[DEBUG-GW] [0m[SimStep] Ascensor E012A3: Piso=0, Destino=-1, Ocupado=NO, Tarea=NINGUNA
[34m[DEBUG-GW] [0m[SimStep] Ascensor E012A4: Piso=0, Destino=-1, Ocupado=NO, Tarea=NINGUNA
[34m[DEBUG-GW] [0m[SimStep] ESTADÍSTICAS: Ocupados=0, Moviendo=0, Total=4
[34m[DEBUG-GW] [0m[SimStep] === DIAGNÓSTICO SIMULADOR === Iteración 30
[34m[DEBUG-GW] [0m[SimStep] Grupo: E012, Ascensores: 4
[34m[DEBUG-GW] [0m[SimStep] Ascensor E012A1: Piso=6, Destino=-1, Ocupado=NO, Tarea=NINGUNA
[34m[DEBUG-GW] [0m[SimStep] Ascensor E012A2: Piso=0, Destino=-1, Ocupado=NO, Tarea=NINGUNA
[34m[DEBUG-GW] [0m[SimStep] Ascensor E012A3: Piso=0, Destino=-1, Ocupado=NO, Tarea=NINGUNA
[34m[DEBUG-GW] [0m[SimStep] Ascensor E012A4: Piso=0, Destino=-1, Ocupado=NO, Tarea=NINGUNA
[34m[DEBUG-GW] [0m[SimStep] ESTADÍSTICAS: Ocupados=0, Moviendo=0, Total=4
[SIM_ASCENSOR] --- Petición 2/10 (NO-BLOQUEANTE) ---
[SIM_ASCENSOR] Ejecutando solicitud de cabina: Ascensor 1, Destino piso 6
[SIM_ASCENSOR] Enviando SOLICITUD DE CABINA a GW (vía CAN): Ascensor idx 1, Piso Destino 6
[32m[INFO-GW] [0m[CAN_Bridge] Procesando frame CAN ID: 0x200, DLC: 2
[32m[INFO-GW] [0m[CAN_Bridge] Solicitud de cabina CAN: Ascensor E012A2 (idx 1), Piso Destino 6
[32m[INFO-GW] [0m[33m[CAN_CabinReq] Gateway (Origen CAN ID: 0x200): Preparando solicitud para Servidor Central.[0m

[34m[DEBUG-GW] [0m[CAN_CabinReq] Payload para Servidor Central (Origen CAN ID: 0x200): {"id_edificio":"E012","solicitando_ascensor_id":"E012A2","piso_destino_solicitud":6,"elevadores_estado":[{"id_ascensor":"E012A1","piso_actual":6,"estado_puerta":"ABIERTA","disponible":true,"tarea_actual_id":null,"destino_actual":null},{"id_ascensor":"E012A2","piso_actual":0,"estado_puerta":"CERRADA","disponible":true,"tarea_actual_id":null,"destino_actual":null},{"id_ascensor":"E012A3","piso_actual":0,"estado_puerta":"CERRADA","disponible":true,"tarea_actual_id":null,"destino_actual":null},{"id_ascensor":"E012A4","piso_actual":0,"estado_puerta":"CERRADA","disponible":true,"tarea_actual_id":null,"destino_actual":null}]}
[34m[DEBUG-GW] [0m[SessionHelper] Reutilizando sesión DTLS-PSK establecida (0x0x61decbca3120) con servidor central.
[34m[DEBUG-GW] [0m[CAN_Bridge] Stored token for CAN tracker: (len 1) 02
[34m[DEBUG-GW] [0m[CAN_Bridge] Stored CAN ID 0x200 at index 1
[32m[INFO-GW] [0m[36m[CAN_CabinReq] Gateway (Origen CAN ID: 0x200) -> Central: Enviando solicitud...[0m

[32m[INFO-GW] [0m[32m[CAN_CabinReq] Gateway (Origen CAN ID: 0x200) -> Central: Solicitud enviada, esperando rsp...[0m

[32m[INFO-GW] [0m[ResponseHandlerGW] Servidor Central -> Gateway: Respuesta recibida (Code: 2.69). MID: 62861
[34m[DEBUG-GW] [0m[ResponseHandlerGW] JSON recibido de Servidor Central: {
	"tarea_id":	"T_1752191270016",
	"ascensor_asignado_id":	"E012A2"
}
[34m[DEBUG-GW] [0m[ResponseHandlerGW] Token recibido del servidor: (len 1) 02
[34m[DEBUG-GW] [0m[CAN_Bridge] Finding token for CAN tracker: (len 1) 02
[32m[INFO-GW] [0m[ResponseHandlerGW] Respuesta CoAP corresponde a una solicitud originada por CAN (ID: 0x200). Token 02
[32m[INFO-GW] [0m[ResponseHandlerGW] Servidor Central (vía CAN origin) asignó tarea 'T_1752191270016' a ascensor 'E012A2'. Actualizando estado local.
[32m[INFO-GW] [0mStateMgr: Tarea 'T_1752191270016' asignada a ascensor E012A2. Destino: piso 6. Piso actual: 0. Dirección: SUBIENDO
[32m[INFO-GW] [0m[CAN_Bridge] Enviando respuesta CAN ID: 0x201, DLC: 8. Datos: 01 54 5F...
[SIM_ASCENSOR] Recibido frame CAN de GW: ID=0x201, DLC=8, Datos: 01 54 5F 31 37 35 32 31
    Simulador -> Respuesta de solicitud de cabina: Datos[0]=01
    Simulador -> Tarea ID (parcial): T_17521
[34m[DEBUG-GW] [0m[ResponseHandlerGW] Respuesta recibida en la sesión DTLS global (0x0x61decbca3120). No se libera aquí.
[32m[INFO-GW] [0m[SimStep] Ascensor E012A2 SUBE a piso 1 (Destino: 6, Tarea: T_1752191270016)
[32m[INFO-GW] [0m[SimStep] Ascensor E012A2 SUBE a piso 2 (Destino: 6, Tarea: T_1752191270016)
[32m[INFO-GW] [0m[SimStep] Ascensor E012A2 SUBE a piso 3 (Destino: 6, Tarea: T_1752191270016)
[32m[INFO-GW] [0m[SimStep] Ascensor E012A2 SUBE a piso 4 (Destino: 6, Tarea: T_1752191270016)
[32m[INFO-GW] [0m[SimStep] Ascensor E012A2 SUBE a piso 5 (Destino: 6, Tarea: T_1752191270016)
[32m[INFO-GW] [0m[SimStep] Ascensor E012A2 SUBE a piso 6 (Destino: 6, Tarea: T_1752191270016)
[32m[INFO-GW] [0m[SimStep] Ascensor E012A2 LLEGÓ a destino 6.
[32m[INFO-GW] [0mStateMgr: Ascensor E012A2 completó tarea T_1752191270016 en piso 6.
[32m[INFO-GW] [0m[SimStep] Tarea completada por E012A2.
[34m[DEBUG-GW] [0m[SimStep] === DIAGNÓSTICO SIMULADOR === Iteración 40
[34m[DEBUG-GW] [0m[SimStep] Grupo: E012, Ascensores: 4
[34m[DEBUG-GW] [0m[SimStep] Ascensor E012A1: Piso=6, Destino=-1, Ocupado=NO, Tarea=NINGUNA
[34m[DEBUG-GW] [0m[SimStep] Ascensor E012A2: Piso=6, Destino=-1, Ocupado=NO, Tarea=NINGUNA
[34m[DEBUG-GW] [0m[SimStep] Ascensor E012A3: Piso=0, Destino=-1, Ocupado=NO, Tarea=NINGUNA
[34m[DEBUG-GW] [0m[SimStep] Ascensor E012A4: Piso=0, Destino=-1, Ocupado=NO, Tarea=NINGUNA
[34m[DEBUG-GW] [0m[SimStep] ESTADÍSTICAS: Ocupados=0, Moviendo=0, Total=4
[34m[DEBUG-GW] [0m[SimStep] === DIAGNÓSTICO SIMULADOR === Iteración 50
[34m[DEBUG-GW] [0m[SimStep] Grupo: E012, Ascensores: 4
[34m[DEBUG-GW] [0m[SimStep] Ascensor E012A1: Piso=6, Destino=-1, Ocupado=NO, Tarea=NINGUNA
[34m[DEBUG-GW] [0m[SimStep] Ascensor E012A2: Piso=6, Destino=-1, Ocupado=NO, Tarea=NINGUNA
[34m[DEBUG-GW] [0m[SimStep] Ascensor E012A3: Piso=0, Destino=-1, Ocupado=NO, Tarea=NINGUNA
[34m[DEBUG-GW] [0m[SimStep] Ascensor E012A4: Piso=0, Destino=-1, Ocupado=NO, Tarea=NINGUNA
[34m[DEBUG-GW] [0m[SimStep] ESTADÍSTICAS: Ocupados=0, Moviendo=0, Total=4
[SIM_ASCENSOR] --- Petición 3/10 (NO-BLOQUEANTE) ---
[SIM_ASCENSOR] Ejecutando llamada de piso: Piso 7, Dirección up
[SIM_ASCENSOR] Enviando LLAMADA DE PISO a GW (vía CAN): Piso 7, Dir SUBIR
[32m[INFO-GW] [0m[CAN_Bridge] Procesando frame CAN ID: 0x100, DLC: 2
[32m[INFO-GW] [0m[CAN_Bridge] Llamada de piso CAN: Piso 7, Dirección SUBIENDO
[32m[INFO-GW] [0m[33m[CAN_FloorCall] Gateway (Origen CAN ID: 0x100): Preparando solicitud para Servidor Central.[0m

[34m[DEBUG-GW] [0m[CAN_FloorCall] Payload para Servidor Central (Origen CAN ID: 0x100): {"id_edificio":"E012","piso_origen_llamada":7,"direccion_llamada":"SUBIENDO","elevadores_estado":[{"id_ascensor":"E012A1","piso_actual":6,"estado_puerta":"ABIERTA","disponible":true,"tarea_actual_id":null,"destino_actual":null},{"id_ascensor":"E012A2","piso_actual":6,"estado_puerta":"ABIERTA","disponible":true,"tarea_actual_id":null,"destino_actual":null},{"id_ascensor":"E012A3","piso_actual":0,"estado_puerta":"CERRADA","disponible":true,"tarea_actual_id":null,"destino_actual":null},{"id_ascensor":"E012A4","piso_actual":0,"estado_puerta":"CERRADA","disponible":true,"tarea_actual_id":null,"destino_actual":null}]}
[34m[DEBUG-GW] [0m[SessionHelper] Reutilizando sesión DTLS-PSK establecida (0x0x61decbca3120) con servidor central.
[34m[DEBUG-GW] [0m[CAN_Bridge] Stored token for CAN tracker: (len 1) 03
[34m[DEBUG-GW] [0m[CAN_Bridge] Stored CAN ID 0x100 at index 2
[32m[INFO-GW] [0m[36m[CAN_FloorCall] Gateway (Origen CAN ID: 0x100) -> Central: Enviando solicitud...[0m

[32m[INFO-GW] [0m[32m[CAN_FloorCall] Gateway (Origen CAN ID: 0x100) -> Central: Solicitud enviada, esperando rsp...[0m

[32m[INFO-GW] [0m[ResponseHandlerGW] Servidor Central -> Gateway: Respuesta recibida (Code: 2.69). MID: 62862
[34m[DEBUG-GW] [0m[ResponseHandlerGW] JSON recibido de Servidor Central: {
	"tarea_id":	"T_1752191272129",
	"ascensor_asignado_id":	"E012A1"
}
[34m[DEBUG-GW] [0m[ResponseHandlerGW] Token recibido del servidor: (len 1) 03
[34m[DEBUG-GW] [0m[CAN_Bridge] Finding token for CAN tracker: (len 1) 03
[32m[INFO-GW] [0m[ResponseHandlerGW] Respuesta CoAP corresponde a una solicitud originada por CAN (ID: 0x100). Token 03
[32m[INFO-GW] [0m[ResponseHandlerGW] Servidor Central (vía CAN origin) asignó tarea 'T_1752191272129' a ascensor 'E012A1'. Actualizando estado local.
[32m[INFO-GW] [0mStateMgr: Tarea 'T_1752191272129' asignada a ascensor E012A1. Destino: piso 7. Piso actual: 6. Dirección: SUBIENDO
[32m[INFO-GW] [0m[CAN_Bridge] Enviando respuesta CAN ID: 0x101, DLC: 8. Datos: 00 54 5F...
[SIM_ASCENSOR] Recibido frame CAN de GW: ID=0x101, DLC=8, Datos: 00 54 5F 31 37 35 32 31
    Simulador -> Respuesta de llamada de piso: Ascensor (índice 0) asignado.
    Simulador -> Tarea ID (parcial): T_17521
[34m[DEBUG-GW] [0m[ResponseHandlerGW] Respuesta recibida en la sesión DTLS global (0x0x61decbca3120). No se libera aquí.
[34m[DEBUG-GW] [0m[SimStep] Ascensor E012A1 cerrando puertas en piso 6 para moverse.
[32m[INFO-GW] [0m[SimStep] Ascensor E012A1 SUBE a piso 7 (Destino: 7, Tarea: T_1752191272129)
[32m[INFO-GW] [0m[SimStep] Ascensor E012A1 LLEGÓ a destino 7.
[32m[INFO-GW] [0mStateMgr: Ascensor E012A1 completó tarea T_1752191272129 en piso 7.
[32m[INFO-GW] [0m[SimStep] Tarea completada por E012A1.
[34m[DEBUG-GW] [0m[SimStep] === DIAGNÓSTICO SIMULADOR === Iteración 60
[34m[DEBUG-GW] [0m[SimStep] Grupo: E012, Ascensores: 4
[34m[DEBUG-GW] [0m[SimStep] Ascensor E012A1: Piso=7, Destino=-1, Ocupado=NO, Tarea=NINGUNA
[34m[DEBUG-GW] [0m[SimStep] Ascensor E012A2: Piso=6, Destino=-1, Ocupado=NO, Tarea=NINGUNA
[34m[DEBUG-GW] [0m[SimStep] Ascensor E012A3: Piso=0, Destino=-1, Ocupado=NO, Tarea=NINGUNA
[34m[DEBUG-GW] [0m[SimStep] Ascensor E012A4: Piso=0, Destino=-1, Ocupado=NO, Tarea=NINGUNA
[34m[DEBUG-GW] [0m[SimStep] ESTADÍSTICAS: Ocupados=0, Moviendo=0, Total=4
[SIM_ASCENSOR] --- Petición 4/10 (NO-BLOQUEANTE) ---
[SIM_ASCENSOR] Ejecutando solicitud de cabina: Ascensor 2, Destino piso 1
[SIM_ASCENSOR] Enviando SOLICITUD DE CABINA a GW (vía CAN): Ascensor idx 2, Piso Destino 1
[32m[INFO-GW] [0m[CAN_Bridge] Procesando frame CAN ID: 0x200, DLC: 2
[32m[INFO-GW] [0m[CAN_Bridge] Solicitud de cabina CAN: Ascensor E012A3 (idx 2), Piso Destino 1
[32m[INFO-GW] [0m[33m[CAN_CabinReq] Gateway (Origen CAN ID: 0x200): Preparando solicitud para Servidor Central.[0m

[34m[DEBUG-GW] [0m[CAN_CabinReq] Payload para Servidor Central (Origen CAN ID: 0x200): {"id_edificio":"E012","solicitando_ascensor_id":"E012A3","piso_destino_solicitud":1,"elevadores_estado":[{"id_ascensor":"E012A1","piso_actual":7,"estado_puerta":"ABIERTA","disponible":true,"tarea_actual_id":null,"destino_actual":null},{"id_ascensor":"E012A2","piso_actual":6,"estado_puerta":"ABIERTA","disponible":true,"tarea_actual_id":null,"destino_actual":null},{"id_ascensor":"E012A3","piso_actual":0,"estado_puerta":"CERRADA","disponible":true,"tarea_actual_id":null,"destino_actual":null},{"id_ascensor":"E012A4","piso_actual":0,"estado_puerta":"CERRADA","disponible":true,"tarea_actual_id":null,"destino_actual":null}]}
[34m[DEBUG-GW] [0m[SessionHelper] Reutilizando sesión DTLS-PSK establecida (0x0x61decbca3120) con servidor central.
[34m[DEBUG-GW] [0m[CAN_Bridge] Stored token for CAN tracker: (len 1) 04
[34m[DEBUG-GW] [0m[CAN_Bridge] Stored CAN ID 0x200 at index 3
[32m[INFO-GW] [0m[36m[CAN_CabinReq] Gateway (Origen CAN ID: 0x200) -> Central: Enviando solicitud...[0m

[32m[INFO-GW] [0m[32m[CAN_CabinReq] Gateway (Origen CAN ID: 0x200) -> Central: Solicitud enviada, esperando rsp...[0m

[32m[INFO-GW] [0m[ResponseHandlerGW] Servidor Central -> Gateway: Respuesta recibida (Code: 2.69). MID: 62863
[34m[DEBUG-GW] [0m[ResponseHandlerGW] JSON recibido de Servidor Central: {
	"tarea_id":	"T_1752191276709",
	"ascensor_asignado_id":	"E012A3"
}
[34m[DEBUG-GW] [0m[ResponseHandlerGW] Token recibido del servidor: (len 1) 04
[34m[DEBUG-GW] [0m[CAN_Bridge] Finding token for CAN tracker: (len 1) 04
[32m[INFO-GW] [0m[ResponseHandlerGW] Respuesta CoAP corresponde a una solicitud originada por CAN (ID: 0x200). Token 04
[32m[INFO-GW] [0m[ResponseHandlerGW] Servidor Central (vía CAN origin) asignó tarea 'T_1752191276709' a ascensor 'E012A3'. Actualizando estado local.
[32m[INFO-GW] [0mStateMgr: Tarea 'T_1752191276709' asignada a ascensor E012A3. Destino: piso 1. Piso actual: 0. Dirección: SUBIENDO
[32m[INFO-GW] [0m[CAN_Bridge] Enviando respuesta CAN ID: 0x201, DLC: 8. Datos: 02 54 5F...
[SIM_ASCENSOR] Recibido frame CAN de GW: ID=0x201, DLC=8, Datos: 02 54 5F 31 37 35 32 31
    Simulador -> Respuesta de solicitud de cabina: Datos[0]=02
    Simulador -> Tarea ID (parcial): T_17521
[34m[DEBUG-GW] [0m[ResponseHandlerGW] Respuesta recibida en la sesión DTLS global (0x0x61decbca3120). No se libera aquí.
[32m[INFO-GW] [0m[SimStep] Ascensor E012A3 SUBE a piso 1 (Destino: 1, Tarea: T_1752191276709)
[32m[INFO-GW] [0m[SimStep] Ascensor E012A3 LLEGÓ a destino 1.
[32m[INFO-GW] [0mStateMgr: Ascensor E012A3 completó tarea T_1752191276709 en piso 1.
[32m[INFO-GW] [0m[SimStep] Tarea completada por E012A3.
[34m[DEBUG-GW] [0m[SimStep] === DIAGNÓSTICO SIMULADOR === Iteración 70
[34m[DEBUG-GW] [0m[SimStep] Grupo: E012, Ascensores: 4
[34m[DEBUG-GW] [0m[SimStep] Ascensor E012A1: Piso=7, Destino=-1, Ocupado=NO, Tarea=NINGUNA
[34m[DEBUG-GW] [0m[SimStep] Ascensor E012A2: Piso=6, Destino=-1, Ocupado=NO, Tarea=NINGUNA
[34m[DEBUG-GW] [0m[SimStep] Ascensor E012A3: Piso=1, Destino=-1, Ocupado=NO, Tarea=NINGUNA
[34m[DEBUG-GW] [0m[SimStep] Ascensor E012A4: Piso=0, Destino=-1, Ocupado=NO, Tarea=NINGUNA
[34m[DEBUG-GW] [0m[SimStep] ESTADÍSTICAS: Ocupados=0, Moviendo=0, Total=4
[SIM_ASCENSOR] --- Petición 5/10 (NO-BLOQUEANTE) ---
[SIM_ASCENSOR] Ejecutando llamada de piso: Piso 0, Dirección down
[SIM_ASCENSOR] Enviando LLAMADA DE PISO a GW (vía CAN): Piso 0, Dir BAJAR
[32m[INFO-GW] [0m[CAN_Bridge] Procesando frame CAN ID: 0x100, DLC: 2
[32m[INFO-GW] [0m[CAN_Bridge] Llamada de piso CAN: Piso 0, Dirección BAJANDO
[32m[INFO-GW] [0m[33m[CAN_FloorCall] Gateway (Origen CAN ID: 0x100): Preparando solicitud para Servidor Central.[0m

[34m[DEBUG-GW] [0m[CAN_FloorCall] Payload para Servidor Central (Origen CAN ID: 0x100): {"id_edificio":"E012","piso_origen_llamada":0,"direccion_llamada":"BAJANDO","elevadores_estado":[{"id_ascensor":"E012A1","piso_actual":7,"estado_puerta":"ABIERTA","disponible":true,"tarea_actual_id":null,"destino_actual":null},{"id_ascensor":"E012A2","piso_actual":6,"estado_puerta":"ABIERTA","disponible":true,"tarea_actual_id":null,"destino_actual":null},{"id_ascensor":"E012A3","piso_actual":1,"estado_puerta":"ABIERTA","disponible":true,"tarea_actual_id":null,"destino_actual":null},{"id_ascensor":"E012A4","piso_actual":0,"estado_puerta":"CERRADA","disponible":true,"tarea_actual_id":null,"destino_actual":null}]}
[34m[DEBUG-GW] [0m[SessionHelper] Reutilizando sesión DTLS-PSK establecida (0x0x61decbca3120) con servidor central.
[34m[DEBUG-GW] [0m[CAN_Bridge] Stored token for CAN tracker: (len 1) 05
[34m[DEBUG-GW] [0m[CAN_Bridge] Stored CAN ID 0x100 at index 4
[32m[INFO-GW] [0m[36m[CAN_FloorCall] Gateway (Origen CAN ID: 0x100) -> Central: Enviando solicitud...[0m

[32m[INFO-GW] [0m[32m[CAN_FloorCall] Gateway (Origen CAN ID: 0x100) -> Central: Solicitud enviada, esperando rsp...[0m

[32m[INFO-GW] [0m[ResponseHandlerGW] Servidor Central -> Gateway: Respuesta recibida (Code: 4.60). MID: 62864
[34m[DEBUG-GW] [0m[ResponseHandlerGW] JSON recibido de Servidor Central: {
	"error":	"Invalid floor number",
	"floor":	0,
	"valid_range":	"1-50"
}
[34m[DEBUG-GW] [0m[ResponseHandlerGW] Token recibido del servidor: (len 1) 05
[34m[DEBUG-GW] [0m[CAN_Bridge] Finding token for CAN tracker: (len 1) 05
[32m[INFO-GW] [0m[ResponseHandlerGW] Respuesta CoAP corresponde a una solicitud originada por CAN (ID: 0x100). Token 05
[33m[WARN-GW] [0m[CAN_Bridge] Servidor Central reportó error: Invalid floor number. CoAP code: 0x80
[32m[INFO-GW] [0m[CAN_Bridge] Enviando respuesta CAN ID: 0xFE, DLC: 2. Datos: 00 02 00...
[SIM_ASCENSOR] Recibido frame CAN de GW: ID=0xFE, DLC=2, Datos: 00 02 00 00 00 00 00 00
    Simulador -> GW reportó un error. CAN ID Original (LSB): 0x00, Código Error GW: 0x02
[34m[DEBUG-GW] [0m[ResponseHandlerGW] Respuesta recibida en la sesión DTLS global (0x0x61decbca3120). No se libera aquí.
[34m[DEBUG-GW] [0m[SimStep] === DIAGNÓSTICO SIMULADOR === Iteración 80
[34m[DEBUG-GW] [0m[SimStep] Grupo: E012, Ascensores: 4
[34m[DEBUG-GW] [0m[SimStep] Ascensor E012A1: Piso=7, Destino=-1, Ocupado=NO, Tarea=NINGUNA
[34m[DEBUG-GW] [0m[SimStep] Ascensor E012A2: Piso=6, Destino=-1, Ocupado=NO, Tarea=NINGUNA
[34m[DEBUG-GW] [0m[SimStep] Ascensor E012A3: Piso=1, Destino=-1, Ocupado=NO, Tarea=NINGUNA
[34m[DEBUG-GW] [0m[SimStep] Ascensor E012A4: Piso=0, Destino=-1, Ocupado=NO, Tarea=NINGUNA
[34m[DEBUG-GW] [0m[SimStep] ESTADÍSTICAS: Ocupados=0, Moviendo=0, Total=4
[34m[DEBUG-GW] [0m[SimStep] === DIAGNÓSTICO SIMULADOR === Iteración 90
[34m[DEBUG-GW] [0m[SimStep] Grupo: E012, Ascensores: 4
[34m[DEBUG-GW] [0m[SimStep] Ascensor E012A1: Piso=7, Destino=-1, Ocupado=NO, Tarea=NINGUNA
[34m[DEBUG-GW] [0m[SimStep] Ascensor E012A2: Piso=6, Destino=-1, Ocupado=NO, Tarea=NINGUNA
[34m[DEBUG-GW] [0m[SimStep] Ascensor E012A3: Piso=1, Destino=-1, Ocupado=NO, Tarea=NINGUNA
[34m[DEBUG-GW] [0m[SimStep] Ascensor E012A4: Piso=0, Destino=-1, Ocupado=NO, Tarea=NINGUNA
[34m[DEBUG-GW] [0m[SimStep] ESTADÍSTICAS: Ocupados=0, Moviendo=0, Total=4
[SIM_ASCENSOR] --- Petición 6/10 (NO-BLOQUEANTE) ---
[SIM_ASCENSOR] Ejecutando solicitud de cabina: Ascensor 2, Destino piso 5
[SIM_ASCENSOR] Enviando SOLICITUD DE CABINA a GW (vía CAN): Ascensor idx 2, Piso Destino 5
[32m[INFO-GW] [0m[CAN_Bridge] Procesando frame CAN ID: 0x200, DLC: 2
[32m[INFO-GW] [0m[CAN_Bridge] Solicitud de cabina CAN: Ascensor E012A3 (idx 2), Piso Destino 5
[32m[INFO-GW] [0m[33m[CAN_CabinReq] Gateway (Origen CAN ID: 0x200): Preparando solicitud para Servidor Central.[0m

[34m[DEBUG-GW] [0m[CAN_CabinReq] Payload para Servidor Central (Origen CAN ID: 0x200): {"id_edificio":"E012","solicitando_ascensor_id":"E012A3","piso_destino_solicitud":5,"elevadores_estado":[{"id_ascensor":"E012A1","piso_actual":7,"estado_puerta":"ABIERTA","disponible":true,"tarea_actual_id":null,"destino_actual":null},{"id_ascensor":"E012A2","piso_actual":6,"estado_puerta":"ABIERTA","disponible":true,"tarea_actual_id":null,"destino_actual":null},{"id_ascensor":"E012A3","piso_actual":1,"estado_puerta":"ABIERTA","disponible":true,"tarea_actual_id":null,"destino_actual":null},{"id_ascensor":"E012A4","piso_actual":0,"estado_puerta":"CERRADA","disponible":true,"tarea_actual_id":null,"destino_actual":null}]}
[34m[DEBUG-GW] [0m[SessionHelper] Reutilizando sesión DTLS-PSK establecida (0x0x61decbca3120) con servidor central.
[34m[DEBUG-GW] [0m[CAN_Bridge] Stored token for CAN tracker: (len 1) 06
[34m[DEBUG-GW] [0m[CAN_Bridge] Stored CAN ID 0x200 at index 5
[32m[INFO-GW] [0m[36m[CAN_CabinReq] Gateway (Origen CAN ID: 0x200) -> Central: Enviando solicitud...[0m

[32m[INFO-GW] [0m[32m[CAN_CabinReq] Gateway (Origen CAN ID: 0x200) -> Central: Solicitud enviada, esperando rsp...[0m

[32m[INFO-GW] [0m[ResponseHandlerGW] Servidor Central -> Gateway: Respuesta recibida (Code: 2.69). MID: 62865
[34m[DEBUG-GW] [0m[ResponseHandlerGW] JSON recibido de Servidor Central: {
	"tarea_id":	"T_1752191280060",
	"ascensor_asignado_id":	"E012A3"
}
[34m[DEBUG-GW] [0m[ResponseHandlerGW] Token recibido del servidor: (len 1) 06
[34m[DEBUG-GW] [0m[CAN_Bridge] Finding token for CAN tracker: (len 1) 06
[32m[INFO-GW] [0m[ResponseHandlerGW] Respuesta CoAP corresponde a una solicitud originada por CAN (ID: 0x200). Token 06
[32m[INFO-GW] [0m[ResponseHandlerGW] Servidor Central (vía CAN origin) asignó tarea 'T_1752191280060' a ascensor 'E012A3'. Actualizando estado local.
[32m[INFO-GW] [0mStateMgr: Tarea 'T_1752191280060' asignada a ascensor E012A3. Destino: piso 5. Piso actual: 1. Dirección: SUBIENDO
[32m[INFO-GW] [0m[CAN_Bridge] Enviando respuesta CAN ID: 0x201, DLC: 8. Datos: 02 54 5F...
[SIM_ASCENSOR] Recibido frame CAN de GW: ID=0x201, DLC=8, Datos: 02 54 5F 31 37 35 32 31
    Simulador -> Respuesta de solicitud de cabina: Datos[0]=02
    Simulador -> Tarea ID (parcial): T_17521
[34m[DEBUG-GW] [0m[ResponseHandlerGW] Respuesta recibida en la sesión DTLS global (0x0x61decbca3120). No se libera aquí.
[34m[DEBUG-GW] [0m[SimStep] Ascensor E012A3 cerrando puertas en piso 1 para moverse.
[32m[INFO-GW] [0m[SimStep] Ascensor E012A3 SUBE a piso 2 (Destino: 5, Tarea: T_1752191280060)
[32m[INFO-GW] [0m[SimStep] Ascensor E012A3 SUBE a piso 3 (Destino: 5, Tarea: T_1752191280060)
[32m[INFO-GW] [0m[SimStep] Ascensor E012A3 SUBE a piso 4 (Destino: 5, Tarea: T_1752191280060)
[34m[DEBUG-GW] [0m[SimStep] === DIAGNÓSTICO SIMULADOR === Iteración 100
[34m[DEBUG-GW] [0m[SimStep] Grupo: E012, Ascensores: 4
[34m[DEBUG-GW] [0m[SimStep] Ascensor E012A1: Piso=7, Destino=-1, Ocupado=NO, Tarea=NINGUNA
[34m[DEBUG-GW] [0m[SimStep] Ascensor E012A2: Piso=6, Destino=-1, Ocupado=NO, Tarea=NINGUNA
[34m[DEBUG-GW] [0m[SimStep] Ascensor E012A3: Piso=4, Destino=5, Ocupado=SÍ, Tarea=T_1752191280060
[32m[INFO-GW] [0m[SimStep] Ascensor E012A3 SUBE a piso 5 (Destino: 5, Tarea: T_1752191280060)
[32m[INFO-GW] [0m[SimStep] Ascensor E012A3 LLEGÓ a destino 5.
[32m[INFO-GW] [0mStateMgr: Ascensor E012A3 completó tarea T_1752191280060 en piso 5.
[32m[INFO-GW] [0m[SimStep] Tarea completada por E012A3.
[34m[DEBUG-GW] [0m[SimStep] Ascensor E012A4: Piso=0, Destino=-1, Ocupado=NO, Tarea=NINGUNA
[34m[DEBUG-GW] [0m[SimStep] ESTADÍSTICAS: Ocupados=1, Moviendo=1, Total=4
[34m[DEBUG-GW] [0m[SimStep] === DIAGNÓSTICO SIMULADOR === Iteración 110
[34m[DEBUG-GW] [0m[SimStep] Grupo: E012, Ascensores: 4
[34m[DEBUG-GW] [0m[SimStep] Ascensor E012A1: Piso=7, Destino=-1, Ocupado=NO, Tarea=NINGUNA
[34m[DEBUG-GW] [0m[SimStep] Ascensor E012A2: Piso=6, Destino=-1, Ocupado=NO, Tarea=NINGUNA
[34m[DEBUG-GW] [0m[SimStep] Ascensor E012A3: Piso=5, Destino=-1, Ocupado=NO, Tarea=NINGUNA
[34m[DEBUG-GW] [0m[SimStep] Ascensor E012A4: Piso=0, Destino=-1, Ocupado=NO, Tarea=NINGUNA
[34m[DEBUG-GW] [0m[SimStep] ESTADÍSTICAS: Ocupados=0, Moviendo=0, Total=4
[SIM_ASCENSOR] --- Petición 7/10 (NO-BLOQUEANTE) ---
[SIM_ASCENSOR] Ejecutando llamada de piso: Piso 1, Dirección up
[SIM_ASCENSOR] Enviando LLAMADA DE PISO a GW (vía CAN): Piso 1, Dir SUBIR
[32m[INFO-GW] [0m[CAN_Bridge] Procesando frame CAN ID: 0x100, DLC: 2
[32m[INFO-GW] [0m[CAN_Bridge] Llamada de piso CAN: Piso 1, Dirección SUBIENDO
[32m[INFO-GW] [0m[33m[CAN_FloorCall] Gateway (Origen CAN ID: 0x100): Preparando solicitud para Servidor Central.[0m

[34m[DEBUG-GW] [0m[CAN_FloorCall] Payload para Servidor Central (Origen CAN ID: 0x100): {"id_edificio":"E012","piso_origen_llamada":1,"direccion_llamada":"SUBIENDO","elevadores_estado":[{"id_ascensor":"E012A1","piso_actual":7,"estado_puerta":"ABIERTA","disponible":true,"tarea_actual_id":null,"destino_actual":null},{"id_ascensor":"E012A2","piso_actual":6,"estado_puerta":"ABIERTA","disponible":true,"tarea_actual_id":null,"destino_actual":null},{"id_ascensor":"E012A3","piso_actual":5,"estado_puerta":"ABIERTA","disponible":true,"tarea_actual_id":null,"destino_actual":null},{"id_ascensor":"E012A4","piso_actual":0,"estado_puerta":"CERRADA","disponible":true,"tarea_actual_id":null,"destino_actual":null}]}
[34m[DEBUG-GW] [0m[SessionHelper] Reutilizando sesión DTLS-PSK establecida (0x0x61decbca3120) con servidor central.
[34m[DEBUG-GW] [0m[CAN_Bridge] Stored token for CAN tracker: (len 1) 07
[34m[DEBUG-GW] [0m[CAN_Bridge] Stored CAN ID 0x100 at index 6
[32m[INFO-GW] [0m[36m[CAN_FloorCall] Gateway (Origen CAN ID: 0x100) -> Central: Enviando solicitud...[0m

[32m[INFO-GW] [0m[32m[CAN_FloorCall] Gateway (Origen CAN ID: 0x100) -> Central: Solicitud enviada, esperando rsp...[0m

[32m[INFO-GW] [0m[ResponseHandlerGW] Servidor Central -> Gateway: Respuesta recibida (Code: 2.69). MID: 62866
[34m[DEBUG-GW] [0m[ResponseHandlerGW] JSON recibido de Servidor Central: {
	"tarea_id":	"T_1752191282112",
	"ascensor_asignado_id":	"E012A4"
}
[34m[DEBUG-GW] [0m[ResponseHandlerGW] Token recibido del servidor: (len 1) 07
[34m[DEBUG-GW] [0m[CAN_Bridge] Finding token for CAN tracker: (len 1) 07
[32m[INFO-GW] [0m[ResponseHandlerGW] Respuesta CoAP corresponde a una solicitud originada por CAN (ID: 0x100). Token 07
[32m[INFO-GW] [0m[ResponseHandlerGW] Servidor Central (vía CAN origin) asignó tarea 'T_1752191282112' a ascensor 'E012A4'. Actualizando estado local.
[32m[INFO-GW] [0mStateMgr: Tarea 'T_1752191282112' asignada a ascensor E012A4. Destino: piso 1. Piso actual: 0. Dirección: SUBIENDO
[32m[INFO-GW] [0m[CAN_Bridge] Enviando respuesta CAN ID: 0x101, DLC: 8. Datos: 03 54 5F...
[SIM_ASCENSOR] Recibido frame CAN de GW: ID=0x101, DLC=8, Datos: 03 54 5F 31 37 35 32 31
    Simulador -> Respuesta de llamada de piso: Ascensor (índice 3) asignado.
    Simulador -> Tarea ID (parcial): T_17521
[34m[DEBUG-GW] [0m[ResponseHandlerGW] Respuesta recibida en la sesión DTLS global (0x0x61decbca3120). No se libera aquí.
[32m[INFO-GW] [0m[SimStep] Ascensor E012A4 SUBE a piso 1 (Destino: 1, Tarea: T_1752191282112)
[32m[INFO-GW] [0m[SimStep] Ascensor E012A4 LLEGÓ a destino 1.
[32m[INFO-GW] [0mStateMgr: Ascensor E012A4 completó tarea T_1752191282112 en piso 1.
[32m[INFO-GW] [0m[SimStep] Tarea completada por E012A4.
[34m[DEBUG-GW] [0m[SimStep] === DIAGNÓSTICO SIMULADOR === Iteración 120
[34m[DEBUG-GW] [0m[SimStep] Grupo: E012, Ascensores: 4
[34m[DEBUG-GW] [0m[SimStep] Ascensor E012A1: Piso=7, Destino=-1, Ocupado=NO, Tarea=NINGUNA
[34m[DEBUG-GW] [0m[SimStep] Ascensor E012A2: Piso=6, Destino=-1, Ocupado=NO, Tarea=NINGUNA
[34m[DEBUG-GW] [0m[SimStep] Ascensor E012A3: Piso=5, Destino=-1, Ocupado=NO, Tarea=NINGUNA
[34m[DEBUG-GW] [0m[SimStep] Ascensor E012A4: Piso=1, Destino=-1, Ocupado=NO, Tarea=NINGUNA
[34m[DEBUG-GW] [0m[SimStep] ESTADÍSTICAS: Ocupados=0, Moviendo=0, Total=4
[34m[DEBUG-GW] [0m[SimStep] === DIAGNÓSTICO SIMULADOR === Iteración 130
[34m[DEBUG-GW] [0m[SimStep] Grupo: E012, Ascensores: 4
[34m[DEBUG-GW] [0m[SimStep] Ascensor E012A1: Piso=7, Destino=-1, Ocupado=NO, Tarea=NINGUNA
[34m[DEBUG-GW] [0m[SimStep] Ascensor E012A2: Piso=6, Destino=-1, Ocupado=NO, Tarea=NINGUNA
[34m[DEBUG-GW] [0m[SimStep] Ascensor E012A3: Piso=5, Destino=-1, Ocupado=NO, Tarea=NINGUNA
[34m[DEBUG-GW] [0m[SimStep] Ascensor E012A4: Piso=1, Destino=-1, Ocupado=NO, Tarea=NINGUNA
[34m[DEBUG-GW] [0m[SimStep] ESTADÍSTICAS: Ocupados=0, Moviendo=0, Total=4
[SIM_ASCENSOR] --- Petición 8/10 (NO-BLOQUEANTE) ---
[SIM_ASCENSOR] Ejecutando solicitud de cabina: Ascensor 0, Destino piso 3
[SIM_ASCENSOR] Enviando SOLICITUD DE CABINA a GW (vía CAN): Ascensor idx 0, Piso Destino 3
[32m[INFO-GW] [0m[CAN_Bridge] Procesando frame CAN ID: 0x200, DLC: 2
[32m[INFO-GW] [0m[CAN_Bridge] Solicitud de cabina CAN: Ascensor E012A1 (idx 0), Piso Destino 3
[32m[INFO-GW] [0m[33m[CAN_CabinReq] Gateway (Origen CAN ID: 0x200): Preparando solicitud para Servidor Central.[0m

[34m[DEBUG-GW] [0m[CAN_CabinReq] Payload para Servidor Central (Origen CAN ID: 0x200): {"id_edificio":"E012","solicitando_ascensor_id":"E012A1","piso_destino_solicitud":3,"elevadores_estado":[{"id_ascensor":"E012A1","piso_actual":7,"estado_puerta":"ABIERTA","disponible":true,"tarea_actual_id":null,"destino_actual":null},{"id_ascensor":"E012A2","piso_actual":6,"estado_puerta":"ABIERTA","disponible":true,"tarea_actual_id":null,"destino_actual":null},{"id_ascensor":"E012A3","piso_actual":5,"estado_puerta":"ABIERTA","disponible":true,"tarea_actual_id":null,"destino_actual":null},{"id_ascensor":"E012A4","piso_actual":1,"estado_puerta":"ABIERTA","disponible":true,"tarea_actual_id":null,"destino_actual":null}]}
[34m[DEBUG-GW] [0m[SessionHelper] Reutilizando sesión DTLS-PSK establecida (0x0x61decbca3120) con servidor central.
[34m[DEBUG-GW] [0m[CAN_Bridge] Stored token for CAN tracker: (len 1) 08
[34m[DEBUG-GW] [0m[CAN_Bridge] Stored CAN ID 0x200 at index 7
[32m[INFO-GW] [0m[36m[CAN_CabinReq] Gateway (Origen CAN ID: 0x200) -> Central: Enviando solicitud...[0m

[32m[INFO-GW] [0m[32m[CAN_CabinReq] Gateway (Origen CAN ID: 0x200) -> Central: Solicitud enviada, esperando rsp...[0m

[32m[INFO-GW] [0m[ResponseHandlerGW] Servidor Central -> Gateway: Respuesta recibida (Code: 2.69). MID: 62867
[34m[DEBUG-GW] [0m[ResponseHandlerGW] JSON recibido de Servidor Central: {
	"tarea_id":	"T_1752191284126",
	"ascensor_asignado_id":	"E012A1"
}
[34m[DEBUG-GW] [0m[ResponseHandlerGW] Token recibido del servidor: (len 1) 08
[34m[DEBUG-GW] [0m[CAN_Bridge] Finding token for CAN tracker: (len 1) 08
[32m[INFO-GW] [0m[ResponseHandlerGW] Respuesta CoAP corresponde a una solicitud originada por CAN (ID: 0x200). Token 08
[32m[INFO-GW] [0m[ResponseHandlerGW] Servidor Central (vía CAN origin) asignó tarea 'T_1752191284126' a ascensor 'E012A1'. Actualizando estado local.
[32m[INFO-GW] [0mStateMgr: Tarea 'T_1752191284126' asignada a ascensor E012A1. Destino: piso 3. Piso actual: 7. Dirección: BAJANDO
[32m[INFO-GW] [0m[CAN_Bridge] Enviando respuesta CAN ID: 0x201, DLC: 8. Datos: 00 54 5F...
[SIM_ASCENSOR] Recibido frame CAN de GW: ID=0x201, DLC=8, Datos: 00 54 5F 31 37 35 32 31
    Simulador -> Respuesta de solicitud de cabina: Datos[0]=00
    Simulador -> Tarea ID (parcial): T_17521
[34m[DEBUG-GW] [0m[ResponseHandlerGW] Respuesta recibida en la sesión DTLS global (0x0x61decbca3120). No se libera aquí.
[34m[DEBUG-GW] [0m[SimStep] Ascensor E012A1 cerrando puertas en piso 7 para moverse.
[32m[INFO-GW] [0m[SimStep] Ascensor E012A1 BAJA a piso 6 (Destino: 3, Tarea: T_1752191284126)
[32m[INFO-GW] [0m[SimStep] Ascensor E012A1 BAJA a piso 5 (Destino: 3, Tarea: T_1752191284126)
[34m[DEBUG-GW] [0m[SimStep] === DIAGNÓSTICO SIMULADOR === Iteración 140
[34m[DEBUG-GW] [0m[SimStep] Grupo: E012, Ascensores: 4
[34m[DEBUG-GW] [0m[SimStep] Ascensor E012A1: Piso=5, Destino=3, Ocupado=SÍ, Tarea=T_1752191284126
[32m[INFO-GW] [0m[SimStep] Ascensor E012A1 BAJA a piso 4 (Destino: 3, Tarea: T_1752191284126)
[34m[DEBUG-GW] [0m[SimStep] Ascensor E012A2: Piso=6, Destino=-1, Ocupado=NO, Tarea=NINGUNA
[34m[DEBUG-GW] [0m[SimStep] Ascensor E012A3: Piso=5, Destino=-1, Ocupado=NO, Tarea=NINGUNA
[34m[DEBUG-GW] [0m[SimStep] Ascensor E012A4: Piso=1, Destino=-1, Ocupado=NO, Tarea=NINGUNA
[34m[DEBUG-GW] [0m[SimStep] ESTADÍSTICAS: Ocupados=1, Moviendo=1, Total=4
[32m[INFO-GW] [0m[SimStep] Ascensor E012A1 BAJA a piso 3 (Destino: 3, Tarea: T_1752191284126)
[32m[INFO-GW] [0m[SimStep] Ascensor E012A1 LLEGÓ a destino 3.
[32m[INFO-GW] [0mStateMgr: Ascensor E012A1 completó tarea T_1752191284126 en piso 3.
[32m[INFO-GW] [0m[SimStep] Tarea completada por E012A1.
[34m[DEBUG-GW] [0m[SimStep] === DIAGNÓSTICO SIMULADOR === Iteración 150
[34m[DEBUG-GW] [0m[SimStep] Grupo: E012, Ascensores: 4
[34m[DEBUG-GW] [0m[SimStep] Ascensor E012A1: Piso=3, Destino=-1, Ocupado=NO, Tarea=NINGUNA
[34m[DEBUG-GW] [0m[SimStep] Ascensor E012A2: Piso=6, Destino=-1, Ocupado=NO, Tarea=NINGUNA
[34m[DEBUG-GW] [0m[SimStep] Ascensor E012A3: Piso=5, Destino=-1, Ocupado=NO, Tarea=NINGUNA
[34m[DEBUG-GW] [0m[SimStep] Ascensor E012A4: Piso=1, Destino=-1, Ocupado=NO, Tarea=NINGUNA
[34m[DEBUG-GW] [0m[SimStep] ESTADÍSTICAS: Ocupados=0, Moviendo=0, Total=4
[SIM_ASCENSOR] --- Petición 9/10 (NO-BLOQUEANTE) ---
[SIM_ASCENSOR] Ejecutando llamada de piso: Piso 8, Dirección down
[SIM_ASCENSOR] Enviando LLAMADA DE PISO a GW (vía CAN): Piso 8, Dir BAJAR
[32m[INFO-GW] [0m[CAN_Bridge] Procesando frame CAN ID: 0x100, DLC: 2
[32m[INFO-GW] [0m[CAN_Bridge] Llamada de piso CAN: Piso 8, Dirección BAJANDO
[32m[INFO-GW] [0m[33m[CAN_FloorCall] Gateway (Origen CAN ID: 0x100): Preparando solicitud para Servidor Central.[0m

[34m[DEBUG-GW] [0m[CAN_FloorCall] Payload para Servidor Central (Origen CAN ID: 0x100): {"id_edificio":"E012","piso_origen_llamada":8,"direccion_llamada":"BAJANDO","elevadores_estado":[{"id_ascensor":"E012A1","piso_actual":3,"estado_puerta":"ABIERTA","disponible":true,"tarea_actual_id":null,"destino_actual":null},{"id_ascensor":"E012A2","piso_actual":6,"estado_puerta":"ABIERTA","disponible":true,"tarea_actual_id":null,"destino_actual":null},{"id_ascensor":"E012A3","piso_actual":5,"estado_puerta":"ABIERTA","disponible":true,"tarea_actual_id":null,"destino_actual":null},{"id_ascensor":"E012A4","piso_actual":1,"estado_puerta":"ABIERTA","disponible":true,"tarea_actual_id":null,"destino_actual":null}]}
[34m[DEBUG-GW] [0m[SessionHelper] Reutilizando sesión DTLS-PSK establecida (0x0x61decbca3120) con servidor central.
[34m[DEBUG-GW] [0m[CAN_Bridge] Stored token for CAN tracker: (len 1) 09
[34m[DEBUG-GW] [0m[CAN_Bridge] Stored CAN ID 0x100 at index 8
[32m[INFO-GW] [0m[36m[CAN_FloorCall] Gateway (Origen CAN ID: 0x100) -> Central: Enviando solicitud...[0m

[32m[INFO-GW] [0m[32m[CAN_FloorCall] Gateway (Origen CAN ID: 0x100) -> Central: Solicitud enviada, esperando rsp...[0m

[32m[INFO-GW] [0m[ResponseHandlerGW] Servidor Central -> Gateway: Respuesta recibida (Code: 2.69). MID: 62868
[34m[DEBUG-GW] [0m[ResponseHandlerGW] JSON recibido de Servidor Central: {
	"tarea_id":	"T_1752191286088",
	"ascensor_asignado_id":	"E012A2"
}
[34m[DEBUG-GW] [0m[ResponseHandlerGW] Token recibido del servidor: (len 1) 09
[34m[DEBUG-GW] [0m[CAN_Bridge] Finding token for CAN tracker: (len 1) 09
[32m[INFO-GW] [0m[ResponseHandlerGW] Respuesta CoAP corresponde a una solicitud originada por CAN (ID: 0x100). Token 09
[32m[INFO-GW] [0m[ResponseHandlerGW] Servidor Central (vía CAN origin) asignó tarea 'T_1752191286088' a ascensor 'E012A2'. Actualizando estado local.
[32m[INFO-GW] [0mStateMgr: Tarea 'T_1752191286088' asignada a ascensor E012A2. Destino: piso 8. Piso actual: 6. Dirección: SUBIENDO
[32m[INFO-GW] [0m[CAN_Bridge] Enviando respuesta CAN ID: 0x101, DLC: 8. Datos: 01 54 5F...
[SIM_ASCENSOR] Recibido frame CAN de GW: ID=0x101, DLC=8, Datos: 01 54 5F 31 37 35 32 31
    Simulador -> Respuesta de llamada de piso: Ascensor (índice 1) asignado.
    Simulador -> Tarea ID (parcial): T_17521
[34m[DEBUG-GW] [0m[ResponseHandlerGW] Respuesta recibida en la sesión DTLS global (0x0x61decbca3120). No se libera aquí.
[34m[DEBUG-GW] [0m[SimStep] Ascensor E012A2 cerrando puertas en piso 6 para moverse.
[32m[INFO-GW] [0m[SimStep] Ascensor E012A2 SUBE a piso 7 (Destino: 8, Tarea: T_1752191286088)
[32m[INFO-GW] [0m[SimStep] Ascensor E012A2 SUBE a piso 8 (Destino: 8, Tarea: T_1752191286088)
[32m[INFO-GW] [0m[SimStep] Ascensor E012A2 LLEGÓ a destino 8.
[32m[INFO-GW] [0mStateMgr: Ascensor E012A2 completó tarea T_1752191286088 en piso 8.
[32m[INFO-GW] [0m[SimStep] Tarea completada por E012A2.
[34m[DEBUG-GW] [0m[SimStep] === DIAGNÓSTICO SIMULADOR === Iteración 160
[34m[DEBUG-GW] [0m[SimStep] Grupo: E012, Ascensores: 4
[34m[DEBUG-GW] [0m[SimStep] Ascensor E012A1: Piso=3, Destino=-1, Ocupado=NO, Tarea=NINGUNA
[34m[DEBUG-GW] [0m[SimStep] Ascensor E012A2: Piso=8, Destino=-1, Ocupado=NO, Tarea=NINGUNA
[34m[DEBUG-GW] [0m[SimStep] Ascensor E012A3: Piso=5, Destino=-1, Ocupado=NO, Tarea=NINGUNA
[34m[DEBUG-GW] [0m[SimStep] Ascensor E012A4: Piso=1, Destino=-1, Ocupado=NO, Tarea=NINGUNA
[34m[DEBUG-GW] [0m[SimStep] ESTADÍSTICAS: Ocupados=0, Moviendo=0, Total=4
[34m[DEBUG-GW] [0m[SimStep] === DIAGNÓSTICO SIMULADOR === Iteración 170
[34m[DEBUG-GW] [0m[SimStep] Grupo: E012, Ascensores: 4
[34m[DEBUG-GW] [0m[SimStep] Ascensor E012A1: Piso=3, Destino=-1, Ocupado=NO, Tarea=NINGUNA
[34m[DEBUG-GW] [0m[SimStep] Ascensor E012A2: Piso=8, Destino=-1, Ocupado=NO, Tarea=NINGUNA
[34m[DEBUG-GW] [0m[SimStep] Ascensor E012A3: Piso=5, Destino=-1, Ocupado=NO, Tarea=NINGUNA
[34m[DEBUG-GW] [0m[SimStep] Ascensor E012A4: Piso=1, Destino=-1, Ocupado=NO, Tarea=NINGUNA
[34m[DEBUG-GW] [0m[SimStep] ESTADÍSTICAS: Ocupados=0, Moviendo=0, Total=4
[SIM_ASCENSOR] --- Petición 10/10 (NO-BLOQUEANTE) ---
[SIM_ASCENSOR] Ejecutando solicitud de cabina: Ascensor 0, Destino piso 6
[SIM_ASCENSOR] Enviando SOLICITUD DE CABINA a GW (vía CAN): Ascensor idx 0, Piso Destino 6
[32m[INFO-GW] [0m[CAN_Bridge] Procesando frame CAN ID: 0x200, DLC: 2
[32m[INFO-GW] [0m[CAN_Bridge] Solicitud de cabina CAN: Ascensor E012A1 (idx 0), Piso Destino 6
[32m[INFO-GW] [0m[33m[CAN_CabinReq] Gateway (Origen CAN ID: 0x200): Preparando solicitud para Servidor Central.[0m

[34m[DEBUG-GW] [0m[CAN_CabinReq] Payload para Servidor Central (Origen CAN ID: 0x200): {"id_edificio":"E012","solicitando_ascensor_id":"E012A1","piso_destino_solicitud":6,"elevadores_estado":[{"id_ascensor":"E012A1","piso_actual":3,"estado_puerta":"ABIERTA","disponible":true,"tarea_actual_id":null,"destino_actual":null},{"id_ascensor":"E012A2","piso_actual":8,"estado_puerta":"ABIERTA","disponible":true,"tarea_actual_id":null,"destino_actual":null},{"id_ascensor":"E012A3","piso_actual":5,"estado_puerta":"ABIERTA","disponible":true,"tarea_actual_id":null,"destino_actual":null},{"id_ascensor":"E012A4","piso_actual":1,"estado_puerta":"ABIERTA","disponible":true,"tarea_actual_id":null,"destino_actual":null}]}
[34m[DEBUG-GW] [0m[SessionHelper] Reutilizando sesión DTLS-PSK establecida (0x0x61decbca3120) con servidor central.
[34m[DEBUG-GW] [0m[CAN_Bridge] Stored token for CAN tracker: (len 1) 0a
[34m[DEBUG-GW] [0m[CAN_Bridge] Stored CAN ID 0x200 at index 9
[32m[INFO-GW] [0m[36m[CAN_CabinReq] Gateway (Origen CAN ID: 0x200) -> Central: Enviando solicitud...[0m

[32m[INFO-GW] [0m[32m[CAN_CabinReq] Gateway (Origen CAN ID: 0x200) -> Central: Solicitud enviada, esperando rsp...[0m

[32m[INFO-GW] [0m[ResponseHandlerGW] Servidor Central -> Gateway: Respuesta recibida (Code: 2.69). MID: 62869
[34m[DEBUG-GW] [0m[ResponseHandlerGW] JSON recibido de Servidor Central: {
	"tarea_id":	"T_1752191288036",
	"ascensor_asignado_id":	"E012A1"
}
[34m[DEBUG-GW] [0m[ResponseHandlerGW] Token recibido del servidor: (len 1) 0a
[34m[DEBUG-GW] [0m[CAN_Bridge] Finding token for CAN tracker: (len 1) 0a
[32m[INFO-GW] [0m[ResponseHandlerGW] Respuesta CoAP corresponde a una solicitud originada por CAN (ID: 0x200). Token 0a
[32m[INFO-GW] [0m[ResponseHandlerGW] Servidor Central (vía CAN origin) asignó tarea 'T_1752191288036' a ascensor 'E012A1'. Actualizando estado local.
[32m[INFO-GW] [0mStateMgr: Tarea 'T_1752191288036' asignada a ascensor E012A1. Destino: piso 6. Piso actual: 3. Dirección: SUBIENDO
[32m[INFO-GW] [0m[CAN_Bridge] Enviando respuesta CAN ID: 0x201, DLC: 8. Datos: 00 54 5F...
[SIM_ASCENSOR] Recibido frame CAN de GW: ID=0x201, DLC=8, Datos: 00 54 5F 31 37 35 32 31
    Simulador -> Respuesta de solicitud de cabina: Datos[0]=00
    Simulador -> Tarea ID (parcial): T_17521
[34m[DEBUG-GW] [0m[ResponseHandlerGW] Respuesta recibida en la sesión DTLS global (0x0x61decbca3120). No se libera aquí.
[34m[DEBUG-GW] [0m[SimStep] Ascensor E012A1 cerrando puertas en piso 3 para moverse.
[32m[INFO-GW] [0m[SimStep] Ascensor E012A1 SUBE a piso 4 (Destino: 6, Tarea: T_1752191288036)
[32m[INFO-GW] [0m[SimStep] Ascensor E012A1 SUBE a piso 5 (Destino: 6, Tarea: T_1752191288036)
[34m[DEBUG-GW] [0m[SimStep] === DIAGNÓSTICO SIMULADOR === Iteración 180
[34m[DEBUG-GW] [0m[SimStep] Grupo: E012, Ascensores: 4
[34m[DEBUG-GW] [0m[SimStep] Ascensor E012A1: Piso=5, Destino=6, Ocupado=SÍ, Tarea=T_1752191288036
[32m[INFO-GW] [0m[SimStep] Ascensor E012A1 SUBE a piso 6 (Destino: 6, Tarea: T_1752191288036)
[32m[INFO-GW] [0m[SimStep] Ascensor E012A1 LLEGÓ a destino 6.
[32m[INFO-GW] [0mStateMgr: Ascensor E012A1 completó tarea T_1752191288036 en piso 6.
[32m[INFO-GW] [0m[SimStep] Tarea completada por E012A1.
[34m[DEBUG-GW] [0m[SimStep] Ascensor E012A2: Piso=8, Destino=-1, Ocupado=NO, Tarea=NINGUNA
[34m[DEBUG-GW] [0m[SimStep] Ascensor E012A3: Piso=5, Destino=-1, Ocupado=NO, Tarea=NINGUNA
[34m[DEBUG-GW] [0m[SimStep] Ascensor E012A4: Piso=1, Destino=-1, Ocupado=NO, Tarea=NINGUNA
[34m[DEBUG-GW] [0m[SimStep] ESTADÍSTICAS: Ocupados=1, Moviendo=1, Total=4
[34m[DEBUG-GW] [0m[SimStep] === DIAGNÓSTICO SIMULADOR === Iteración 190
[34m[DEBUG-GW] [0m[SimStep] Grupo: E012, Ascensores: 4
[34m[DEBUG-GW] [0m[SimStep] Ascensor E012A1: Piso=6, Destino=-1, Ocupado=NO, Tarea=NINGUNA
[34m[DEBUG-GW] [0m[SimStep] Ascensor E012A2: Piso=8, Destino=-1, Ocupado=NO, Tarea=NINGUNA
[34m[DEBUG-GW] [0m[SimStep] Ascensor E012A3: Piso=5, Destino=-1, Ocupado=NO, Tarea=NINGUNA
[34m[DEBUG-GW] [0m[SimStep] Ascensor E012A4: Piso=1, Destino=-1, Ocupado=NO, Tarea=NINGUNA
[34m[DEBUG-GW] [0m[SimStep] ESTADÍSTICAS: Ocupados=0, Moviendo=0, Total=4
[SIM_ASCENSOR] === FIN SIMULACIÓN NO-BLOQUEANTE DEL EDIFICIO E012 ===
[SIM_ASCENSOR] Peticiones ejecutadas exitosamente: 10/10
[34m[DEBUG-GW] [0m[SimStep] === DIAGNÓSTICO SIMULADOR === Iteración 200
[34m[DEBUG-GW] [0m[SimStep] Grupo: E012, Ascensores: 4
[34m[DEBUG-GW] [0m[SimStep] Ascensor E012A1: Piso=6, Destino=-1, Ocupado=NO, Tarea=NINGUNA
[34m[DEBUG-GW] [0m[SimStep] Ascensor E012A2: Piso=8, Destino=-1, Ocupado=NO, Tarea=NINGUNA
[34m[DEBUG-GW] [0m[SimStep] Ascensor E012A3: Piso=5, Destino=-1, Ocupado=NO, Tarea=NINGUNA
[34m[DEBUG-GW] [0m[SimStep] Ascensor E012A4: Piso=1, Destino=-1, Ocupado=NO, Tarea=NINGUNA
[34m[DEBUG-GW] [0m[SimStep] ESTADÍSTICAS: Ocupados=0, Moviendo=0, Total=4
[34m[DEBUG-GW] [0m[SimStep] === DIAGNÓSTICO SIMULADOR === Iteración 210
[34m[DEBUG-GW] [0m[SimStep] Grupo: E012, Ascensores: 4
[34m[DEBUG-GW] [0m[SimStep] Ascensor E012A1: Piso=6, Destino=-1, Ocupado=NO, Tarea=NINGUNA
[34m[DEBUG-GW] [0m[SimStep] Ascensor E012A2: Piso=8, Destino=-1, Ocupado=NO, Tarea=NINGUNA
[34m[DEBUG-GW] [0m[SimStep] Ascensor E012A3: Piso=5, Destino=-1, Ocupado=NO, Tarea=NINGUNA
[34m[DEBUG-GW] [0m[SimStep] Ascensor E012A4: Piso=1, Destino=-1, Ocupado=NO, Tarea=NINGUNA
[34m[DEBUG-GW] [0m[SimStep] ESTADÍSTICAS: Ocupados=0, Moviendo=0, Total=4
[34m[DEBUG-GW] [0m[SimStep] === DIAGNÓSTICO SIMULADOR === Iteración 220
[34m[DEBUG-GW] [0m[SimStep] Grupo: E012, Ascensores: 4
[34m[DEBUG-GW] [0m[SimStep] Ascensor E012A1: Piso=6, Destino=-1, Ocupado=NO, Tarea=NINGUNA
[34m[DEBUG-GW] [0m[SimStep] Ascensor E012A2: Piso=8, Destino=-1, Ocupado=NO, Tarea=NINGUNA
[34m[DEBUG-GW] [0m[SimStep] Ascensor E012A3: Piso=5, Destino=-1, Ocupado=NO, Tarea=NINGUNA
[34m[DEBUG-GW] [0m[SimStep] Ascensor E012A4: Piso=1, Destino=-1, Ocupado=NO, Tarea=NINGUNA
[34m[DEBUG-GW] [0m[SimStep] ESTADÍSTICAS: Ocupados=0, Moviendo=0, Total=4
[34m[DEBUG-GW] [0m[SimStep] === DIAGNÓSTICO SIMULADOR === Iteración 230
[34m[DEBUG-GW] [0m[SimStep] Grupo: E012, Ascensores: 4
[34m[DEBUG-GW] [0m[SimStep] Ascensor E012A1: Piso=6, Destino=-1, Ocupado=NO, Tarea=NINGUNA
[34m[DEBUG-GW] [0m[SimStep] Ascensor E012A2: Piso=8, Destino=-1, Ocupado=NO, Tarea=NINGUNA
[34m[DEBUG-GW] [0m[SimStep] Ascensor E012A3: Piso=5, Destino=-1, Ocupado=NO, Tarea=NINGUNA
[34m[DEBUG-GW] [0m[SimStep] Ascensor E012A4: Piso=1, Destino=-1, Ocupado=NO, Tarea=NINGUNA
[34m[DEBUG-GW] [0m[SimStep] ESTADÍSTICAS: Ocupados=0, Moviendo=0, Total=4
[34m[DEBUG-GW] [0m[SimStep] === DIAGNÓSTICO SIMULADOR === Iteración 240
[34m[DEBUG-GW] [0m[SimStep] Grupo: E012, Ascensores: 4
[34m[DEBUG-GW] [0m[SimStep] Ascensor E012A1: Piso=6, Destino=-1, Ocupado=NO, Tarea=NINGUNA
[34m[DEBUG-GW] [0m[SimStep] Ascensor E012A2: Piso=8, Destino=-1, Ocupado=NO, Tarea=NINGUNA
[34m[DEBUG-GW] [0m[SimStep] Ascensor E012A3: Piso=5, Destino=-1, Ocupado=NO, Tarea=NINGUNA
[34m[DEBUG-GW] [0m[SimStep] Ascensor E012A4: Piso=1, Destino=-1, Ocupado=NO, Tarea=NINGUNA
[34m[DEBUG-GW] [0m[SimStep] ESTADÍSTICAS: Ocupados=0, Moviendo=0, Total=4
[34m[DEBUG-GW] [0m[SimStep] === DIAGNÓSTICO SIMULADOR === Iteración 250
[34m[DEBUG-GW] [0m[SimStep] Grupo: E012, Ascensores: 4
[34m[DEBUG-GW] [0m[SimStep] Ascensor E012A1: Piso=6, Destino=-1, Ocupado=NO, Tarea=NINGUNA
[34m[DEBUG-GW] [0m[SimStep] Ascensor E012A2: Piso=8, Destino=-1, Ocupado=NO, Tarea=NINGUNA
[34m[DEBUG-GW] [0m[SimStep] Ascensor E012A3: Piso=5, Destino=-1, Ocupado=NO, Tarea=NINGUNA
[34m[DEBUG-GW] [0m[SimStep] Ascensor E012A4: Piso=1, Destino=-1, Ocupado=NO, Tarea=NINGUNA
[34m[DEBUG-GW] [0m[SimStep] ESTADÍSTICAS: Ocupados=0, Moviendo=0, Total=4
[34m[DEBUG-GW] [0m[SimStep] === DIAGNÓSTICO SIMULADOR === Iteración 260
[34m[DEBUG-GW] [0m[SimStep] Grupo: E012, Ascensores: 4
[34m[DEBUG-GW] [0m[SimStep] Ascensor E012A1: Piso=6, Destino=-1, Ocupado=NO, Tarea=NINGUNA
[34m[DEBUG-GW] [0m[SimStep] Ascensor E012A2: Piso=8, Destino=-1, Ocupado=NO, Tarea=NINGUNA
[34m[DEBUG-GW] [0m[SimStep] Ascensor E012A3: Piso=5, Destino=-1, Ocupado=NO, Tarea=NINGUNA
[34m[DEBUG-GW] [0m[SimStep] Ascensor E012A4: Piso=1, Destino=-1, Ocupado=NO, Tarea=NINGUNA
[34m[DEBUG-GW] [0m[SimStep] ESTADÍSTICAS: Ocupados=0, Moviendo=0, Total=4
[34m[DEBUG-GW] [0m[SimStep] === DIAGNÓSTICO SIMULADOR === Iteración 270
[34m[DEBUG-GW] [0m[SimStep] Grupo: E012, Ascensores: 4
[34m[DEBUG-GW] [0m[SimStep] Ascensor E012A1: Piso=6, Destino=-1, Ocupado=NO, Tarea=NINGUNA
[34m[DEBUG-GW] [0m[SimStep] Ascensor E012A2: Piso=8, Destino=-1, Ocupado=NO, Tarea=NINGUNA
[34m[DEBUG-GW] [0m[SimStep] Ascensor E012A3: Piso=5, Destino=-1, Ocupado=NO, Tarea=NINGUNA
[34m[DEBUG-GW] [0m[SimStep] Ascensor E012A4: Piso=1, Destino=-1, Ocupado=NO, Tarea=NINGUNA
[34m[DEBUG-GW] [0m[SimStep] ESTADÍSTICAS: Ocupados=0, Moviendo=0, Total=4
[34m[DEBUG-GW] [0m[SimStep] === DIAGNÓSTICO SIMULADOR === Iteración 280
[34m[DEBUG-GW] [0m[SimStep] Grupo: E012, Ascensores: 4
[34m[DEBUG-GW] [0m[SimStep] Ascensor E012A1: Piso=6, Destino=-1, Ocupado=NO, Tarea=NINGUNA
[34m[DEBUG-GW] [0m[SimStep] Ascensor E012A2: Piso=8, Destino=-1, Ocupado=NO, Tarea=NINGUNA
[34m[DEBUG-GW] [0m[SimStep] Ascensor E012A3: Piso=5, Destino=-1, Ocupado=NO, Tarea=NINGUNA
[34m[DEBUG-GW] [0m[SimStep] Ascensor E012A4: Piso=1, Destino=-1, Ocupado=NO, Tarea=NINGUNA
[34m[DEBUG-GW] [0m[SimStep] ESTADÍSTICAS: Ocupados=0, Moviendo=0, Total=4
[34m[DEBUG-GW] [0m[SimStep] === DIAGNÓSTICO SIMULADOR === Iteración 290
[34m[DEBUG-GW] [0m[SimStep] Grupo: E012, Ascensores: 4
[34m[DEBUG-GW] [0m[SimStep] Ascensor E012A1: Piso=6, Destino=-1, Ocupado=NO, Tarea=NINGUNA
[34m[DEBUG-GW] [0m[SimStep] Ascensor E012A2: Piso=8, Destino=-1, Ocupado=NO, Tarea=NINGUNA
[34m[DEBUG-GW] [0m[SimStep] Ascensor E012A3: Piso=5, Destino=-1, Ocupado=NO, Tarea=NINGUNA
[34m[DEBUG-GW] [0m[SimStep] Ascensor E012A4: Piso=1, Destino=-1, Ocupado=NO, Tarea=NINGUNA
[34m[DEBUG-GW] [0m[SimStep] ESTADÍSTICAS: Ocupados=0, Moviendo=0, Total=4
[34m[DEBUG-GW] [0m[SimStep] === DIAGNÓSTICO SIMULADOR === Iteración 300
[34m[DEBUG-GW] [0m[SimStep] Grupo: E012, Ascensores: 4
[34m[DEBUG-GW] [0m[SimStep] Ascensor E012A1: Piso=6, Destino=-1, Ocupado=NO, Tarea=NINGUNA
[34m[DEBUG-GW] [0m[SimStep] Ascensor E012A2: Piso=8, Destino=-1, Ocupado=NO, Tarea=NINGUNA
[34m[DEBUG-GW] [0m[SimStep] Ascensor E012A3: Piso=5, Destino=-1, Ocupado=NO, Tarea=NINGUNA
[34m[DEBUG-GW] [0m[SimStep] Ascensor E012A4: Piso=1, Destino=-1, Ocupado=NO, Tarea=NINGUNA
[34m[DEBUG-GW] [0m[SimStep] ESTADÍSTICAS: Ocupados=0, Moviendo=0, Total=4
[34m[DEBUG-GW] [0m[SimStep] === DIAGNÓSTICO SIMULADOR === Iteración 310
[34m[DEBUG-GW] [0m[SimStep] Grupo: E012, Ascensores: 4
[34m[DEBUG-GW] [0m[SimStep] Ascensor E012A1: Piso=6, Destino=-1, Ocupado=NO, Tarea=NINGUNA
[34m[DEBUG-GW] [0m[SimStep] Ascensor E012A2: Piso=8, Destino=-1, Ocupado=NO, Tarea=NINGUNA
[34m[DEBUG-GW] [0m[SimStep] Ascensor E012A3: Piso=5, Destino=-1, Ocupado=NO, Tarea=NINGUNA
[34m[DEBUG-GW] [0m[SimStep] Ascensor E012A4: Piso=1, Destino=-1, Ocupado=NO, Tarea=NINGUNA
[34m[DEBUG-GW] [0m[SimStep] ESTADÍSTICAS: Ocupados=0, Moviendo=0, Total=4
[34m[DEBUG-GW] [0m[SimStep] === DIAGNÓSTICO SIMULADOR === Iteración 320
[34m[DEBUG-GW] [0m[SimStep] Grupo: E012, Ascensores: 4
[34m[DEBUG-GW] [0m[SimStep] Ascensor E012A1: Piso=6, Destino=-1, Ocupado=NO, Tarea=NINGUNA
[34m[DEBUG-GW] [0m[SimStep] Ascensor E012A2: Piso=8, Destino=-1, Ocupado=NO, Tarea=NINGUNA
[34m[DEBUG-GW] [0m[SimStep] Ascensor E012A3: Piso=5, Destino=-1, Ocupado=NO, Tarea=NINGUNA
[34m[DEBUG-GW] [0m[SimStep] Ascensor E012A4: Piso=1, Destino=-1, Ocupado=NO, Tarea=NINGUNA
[34m[DEBUG-GW] [0m[SimStep] ESTADÍSTICAS: Ocupados=0, Moviendo=0, Total=4
[34m[DEBUG-GW] [0m[SimStep] === DIAGNÓSTICO SIMULADOR === Iteración 330
[34m[DEBUG-GW] [0m[SimStep] Grupo: E012, Ascensores: 4
[34m[DEBUG-GW] [0m[SimStep] Ascensor E012A1: Piso=6, Destino=-1, Ocupado=NO, Tarea=NINGUNA
[34m[DEBUG-GW] [0m[SimStep] Ascensor E012A2: Piso=8, Destino=-1, Ocupado=NO, Tarea=NINGUNA
[34m[DEBUG-GW] [0m[SimStep] Ascensor E012A3: Piso=5, Destino=-1, Ocupado=NO, Tarea=NINGUNA
[34m[DEBUG-GW] [0m[SimStep] Ascensor E012A4: Piso=1, Destino=-1, Ocupado=NO, Tarea=NINGUNA
[34m[DEBUG-GW] [0m[SimStep] ESTADÍSTICAS: Ocupados=0, Moviendo=0, Total=4
[34m[DEBUG-GW] [0m[SimStep] === DIAGNÓSTICO SIMULADOR === Iteración 340
[34m[DEBUG-GW] [0m[SimStep] Grupo: E012, Ascensores: 4
[34m[DEBUG-GW] [0m[SimStep] Ascensor E012A1: Piso=6, Destino=-1, Ocupado=NO, Tarea=NINGUNA
[34m[DEBUG-GW] [0m[SimStep] Ascensor E012A2: Piso=8, Destino=-1, Ocupado=NO, Tarea=NINGUNA
[34m[DEBUG-GW] [0m[SimStep] Ascensor E012A3: Piso=5, Destino=-1, Ocupado=NO, Tarea=NINGUNA
[34m[DEBUG-GW] [0m[SimStep] Ascensor E012A4: Piso=1, Destino=-1, Ocupado=NO, Tarea=NINGUNA
[34m[DEBUG-GW] [0m[SimStep] ESTADÍSTICAS: Ocupados=0, Moviendo=0, Total=4
[34m[DEBUG-GW] [0m[SimStep] === DIAGNÓSTICO SIMULADOR === Iteración 350
[34m[DEBUG-GW] [0m[SimStep] Grupo: E012, Ascensores: 4
[34m[DEBUG-GW] [0m[SimStep] Ascensor E012A1: Piso=6, Destino=-1, Ocupado=NO, Tarea=NINGUNA
[34m[DEBUG-GW] [0m[SimStep] Ascensor E012A2: Piso=8, Destino=-1, Ocupado=NO, Tarea=NINGUNA
[34m[DEBUG-GW] [0m[SimStep] Ascensor E012A3: Piso=5, Destino=-1, Ocupado=NO, Tarea=NINGUNA
[34m[DEBUG-GW] [0m[SimStep] Ascensor E012A4: Piso=1, Destino=-1, Ocupado=NO, Tarea=NINGUNA
[34m[DEBUG-GW] [0m[SimStep] ESTADÍSTICAS: Ocupados=0, Moviendo=0, Total=4
[34m[DEBUG-GW] [0m[SimStep] === DIAGNÓSTICO SIMULADOR === Iteración 360
[34m[DEBUG-GW] [0m[SimStep] Grupo: E012, Ascensores: 4
[34m[DEBUG-GW] [0m[SimStep] Ascensor E012A1: Piso=6, Destino=-1, Ocupado=NO, Tarea=NINGUNA
[34m[DEBUG-GW] [0m[SimStep] Ascensor E012A2: Piso=8, Destino=-1, Ocupado=NO, Tarea=NINGUNA
[34m[DEBUG-GW] [0m[SimStep] Ascensor E012A3: Piso=5, Destino=-1, Ocupado=NO, Tarea=NINGUNA
[34m[DEBUG-GW] [0m[SimStep] Ascensor E012A4: Piso=1, Destino=-1, Ocupado=NO, Tarea=NINGUNA
[34m[DEBUG-GW] [0m[SimStep] ESTADÍSTICAS: Ocupados=0, Moviendo=0, Total=4
[34m[DEBUG-GW] [0m[SimStep] === DIAGNÓSTICO SIMULADOR === Iteración 370
[34m[DEBUG-GW] [0m[SimStep] Grupo: E012, Ascensores: 4
[34m[DEBUG-GW] [0m[SimStep] Ascensor E012A1: Piso=6, Destino=-1, Ocupado=NO, Tarea=NINGUNA
[34m[DEBUG-GW] [0m[SimStep] Ascensor E012A2: Piso=8, Destino=-1, Ocupado=NO, Tarea=NINGUNA
[34m[DEBUG-GW] [0m[SimStep] Ascensor E012A3: Piso=5, Destino=-1, Ocupado=NO, Tarea=NINGUNA
[34m[DEBUG-GW] [0m[SimStep] Ascensor E012A4: Piso=1, Destino=-1, Ocupado=NO, Tarea=NINGUNA
[34m[DEBUG-GW] [0m[SimStep] ESTADÍSTICAS: Ocupados=0, Moviendo=0, Total=4
[34m[DEBUG-GW] [0m[SimStep] === DIAGNÓSTICO SIMULADOR === Iteración 380
[34m[DEBUG-GW] [0m[SimStep] Grupo: E012, Ascensores: 4
[34m[DEBUG-GW] [0m[SimStep] Ascensor E012A1: Piso=6, Destino=-1, Ocupado=NO, Tarea=NINGUNA
[34m[DEBUG-GW] [0m[SimStep] Ascensor E012A2: Piso=8, Destino=-1, Ocupado=NO, Tarea=NINGUNA
[34m[DEBUG-GW] [0m[SimStep] Ascensor E012A3: Piso=5, Destino=-1, Ocupado=NO, Tarea=NINGUNA
[34m[DEBUG-GW] [0m[SimStep] Ascensor E012A4: Piso=1, Destino=-1, Ocupado=NO, Tarea=NINGUNA
[34m[DEBUG-GW] [0m[SimStep] ESTADÍSTICAS: Ocupados=0, Moviendo=0, Total=4
[34m[DEBUG-GW] [0m[SimStep] === DIAGNÓSTICO SIMULADOR === Iteración 390
[34m[DEBUG-GW] [0m[SimStep] Grupo: E012, Ascensores: 4
[34m[DEBUG-GW] [0m[SimStep] Ascensor E012A1: Piso=6, Destino=-1, Ocupado=NO, Tarea=NINGUNA
[34m[DEBUG-GW] [0m[SimStep] Ascensor E012A2: Piso=8, Destino=-1, Ocupado=NO, Tarea=NINGUNA
[34m[DEBUG-GW] [0m[SimStep] Ascensor E012A3: Piso=5, Destino=-1, Ocupado=NO, Tarea=NINGUNA
[34m[DEBUG-GW] [0m[SimStep] Ascensor E012A4: Piso=1, Destino=-1, Ocupado=NO, Tarea=NINGUNA
[34m[DEBUG-GW] [0m[SimStep] ESTADÍSTICAS: Ocupados=0, Moviendo=0, Total=4
[34m[DEBUG-GW] [0m[SimStep] === DIAGNÓSTICO SIMULADOR === Iteración 400
[34m[DEBUG-GW] [0m[SimStep] Grupo: E012, Ascensores: 4
[34m[DEBUG-GW] [0m[SimStep] Ascensor E012A1: Piso=6, Destino=-1, Ocupado=NO, Tarea=NINGUNA
[34m[DEBUG-GW] [0m[SimStep] Ascensor E012A2: Piso=8, Destino=-1, Ocupado=NO, Tarea=NINGUNA
[34m[DEBUG-GW] [0m[SimStep] Ascensor E012A3: Piso=5, Destino=-1, Ocupado=NO, Tarea=NINGUNA
[34m[DEBUG-GW] [0m[SimStep] Ascensor E012A4: Piso=1, Destino=-1, Ocupado=NO, Tarea=NINGUNA
[34m[DEBUG-GW] [0m[SimStep] ESTADÍSTICAS: Ocupados=0, Moviendo=0, Total=4
[34m[DEBUG-GW] [0m[SimStep] === DIAGNÓSTICO SIMULADOR === Iteración 410
[34m[DEBUG-GW] [0m[SimStep] Grupo: E012, Ascensores: 4
[34m[DEBUG-GW] [0m[SimStep] Ascensor E012A1: Piso=6, Destino=-1, Ocupado=NO, Tarea=NINGUNA
[34m[DEBUG-GW] [0m[SimStep] Ascensor E012A2: Piso=8, Destino=-1, Ocupado=NO, Tarea=NINGUNA
[34m[DEBUG-GW] [0m[SimStep] Ascensor E012A3: Piso=5, Destino=-1, Ocupado=NO, Tarea=NINGUNA
[34m[DEBUG-GW] [0m[SimStep] Ascensor E012A4: Piso=1, Destino=-1, Ocupado=NO, Tarea=NINGUNA
[34m[DEBUG-GW] [0m[SimStep] ESTADÍSTICAS: Ocupados=0, Moviendo=0, Total=4
[34m[DEBUG-GW] [0m[SimStep] === DIAGNÓSTICO SIMULADOR === Iteración 420
[34m[DEBUG-GW] [0m[SimStep] Grupo: E012, Ascensores: 4
[34m[DEBUG-GW] [0m[SimStep] Ascensor E012A1: Piso=6, Destino=-1, Ocupado=NO, Tarea=NINGUNA
[34m[DEBUG-GW] [0m[SimStep] Ascensor E012A2: Piso=8, Destino=-1, Ocupado=NO, Tarea=NINGUNA
[34m[DEBUG-GW] [0m[SimStep] Ascensor E012A3: Piso=5, Destino=-1, Ocupado=NO, Tarea=NINGUNA
[34m[DEBUG-GW] [0m[SimStep] Ascensor E012A4: Piso=1, Destino=-1, Ocupado=NO, Tarea=NINGUNA
[34m[DEBUG-GW] [0m[SimStep] ESTADÍSTICAS: Ocupados=0, Moviendo=0, Total=4
[34m[DEBUG-GW] [0m[SimStep] === DIAGNÓSTICO SIMULADOR === Iteración 430
[34m[DEBUG-GW] [0m[SimStep] Grupo: E012, Ascensores: 4
[34m[DEBUG-GW] [0m[SimStep] Ascensor E012A1: Piso=6, Destino=-1, Ocupado=NO, Tarea=NINGUNA
[34m[DEBUG-GW] [0m[SimStep] Ascensor E012A2: Piso=8, Destino=-1, Ocupado=NO, Tarea=NINGUNA
[34m[DEBUG-GW] [0m[SimStep] Ascensor E012A3: Piso=5, Destino=-1, Ocupado=NO, Tarea=NINGUNA
[34m[DEBUG-GW] [0m[SimStep] Ascensor E012A4: Piso=1, Destino=-1, Ocupado=NO, Tarea=NINGUNA
[34m[DEBUG-GW] [0m[SimStep] ESTADÍSTICAS: Ocupados=0, Moviendo=0, Total=4
[34m[DEBUG-GW] [0m[SimStep] === DIAGNÓSTICO SIMULADOR === Iteración 440
[34m[DEBUG-GW] [0m[SimStep] Grupo: E012, Ascensores: 4
[34m[DEBUG-GW] [0m[SimStep] Ascensor E012A1: Piso=6, Destino=-1, Ocupado=NO, Tarea=NINGUNA
[34m[DEBUG-GW] [0m[SimStep] Ascensor E012A2: Piso=8, Destino=-1, Ocupado=NO, Tarea=NINGUNA
[34m[DEBUG-GW] [0m[SimStep] Ascensor E012A3: Piso=5, Destino=-1, Ocupado=NO, Tarea=NINGUNA
[34m[DEBUG-GW] [0m[SimStep] Ascensor E012A4: Piso=1, Destino=-1, Ocupado=NO, Tarea=NINGUNA
[34m[DEBUG-GW] [0m[SimStep] ESTADÍSTICAS: Ocupados=0, Moviendo=0, Total=4
[34m[DEBUG-GW] [0m[SimStep] === DIAGNÓSTICO SIMULADOR === Iteración 450
[34m[DEBUG-GW] [0m[SimStep] Grupo: E012, Ascensores: 4
[34m[DEBUG-GW] [0m[SimStep] Ascensor E012A1: Piso=6, Destino=-1, Ocupado=NO, Tarea=NINGUNA
[34m[DEBUG-GW] [0m[SimStep] Ascensor E012A2: Piso=8, Destino=-1, Ocupado=NO, Tarea=NINGUNA
[34m[DEBUG-GW] [0m[SimStep] Ascensor E012A3: Piso=5, Destino=-1, Ocupado=NO, Tarea=NINGUNA
[34m[DEBUG-GW] [0m[SimStep] Ascensor E012A4: Piso=1, Destino=-1, Ocupado=NO, Tarea=NINGUNA
[34m[DEBUG-GW] [0m[SimStep] ESTADÍSTICAS: Ocupados=0, Moviendo=0, Total=4
[34m[DEBUG-GW] [0m[SimStep] === DIAGNÓSTICO SIMULADOR === Iteración 460
[34m[DEBUG-GW] [0m[SimStep] Grupo: E012, Ascensores: 4
[34m[DEBUG-GW] [0m[SimStep] Ascensor E012A1: Piso=6, Destino=-1, Ocupado=NO, Tarea=NINGUNA
[34m[DEBUG-GW] [0m[SimStep] Ascensor E012A2: Piso=8, Destino=-1, Ocupado=NO, Tarea=NINGUNA
[34m[DEBUG-GW] [0m[SimStep] Ascensor E012A3: Piso=5, Destino=-1, Ocupado=NO, Tarea=NINGUNA
[34m[DEBUG-GW] [0m[SimStep] Ascensor E012A4: Piso=1, Destino=-1, Ocupado=NO, Tarea=NINGUNA
[34m[DEBUG-GW] [0m[SimStep] ESTADÍSTICAS: Ocupados=0, Moviendo=0, Total=4
[34m[DEBUG-GW] [0m[SimStep] === DIAGNÓSTICO SIMULADOR === Iteración 470
[34m[DEBUG-GW] [0m[SimStep] Grupo: E012, Ascensores: 4
[34m[DEBUG-GW] [0m[SimStep] Ascensor E012A1: Piso=6, Destino=-1, Ocupado=NO, Tarea=NINGUNA
[34m[DEBUG-GW] [0m[SimStep] Ascensor E012A2: Piso=8, Destino=-1, Ocupado=NO, Tarea=NINGUNA
[34m[DEBUG-GW] [0m[SimStep] Ascensor E012A3: Piso=5, Destino=-1, Ocupado=NO, Tarea=NINGUNA
[34m[DEBUG-GW] [0m[SimStep] Ascensor E012A4: Piso=1, Destino=-1, Ocupado=NO, Tarea=NINGUNA
[34m[DEBUG-GW] [0m[SimStep] ESTADÍSTICAS: Ocupados=0, Moviendo=0, Total=4
[34m[DEBUG-GW] [0m[SimStep] === DIAGNÓSTICO SIMULADOR === Iteración 480
[34m[DEBUG-GW] [0m[SimStep] Grupo: E012, Ascensores: 4
[34m[DEBUG-GW] [0m[SimStep] Ascensor E012A1: Piso=6, Destino=-1, Ocupado=NO, Tarea=NINGUNA
[34m[DEBUG-GW] [0m[SimStep] Ascensor E012A2: Piso=8, Destino=-1, Ocupado=NO, Tarea=NINGUNA
[34m[DEBUG-GW] [0m[SimStep] Ascensor E012A3: Piso=5, Destino=-1, Ocupado=NO, Tarea=NINGUNA
[34m[DEBUG-GW] [0m[SimStep] Ascensor E012A4: Piso=1, Destino=-1, Ocupado=NO, Tarea=NINGUNA
[34m[DEBUG-GW] [0m[SimStep] ESTADÍSTICAS: Ocupados=0, Moviendo=0, Total=4
[34m[DEBUG-GW] [0m[SimStep] === DIAGNÓSTICO SIMULADOR === Iteración 490
[34m[DEBUG-GW] [0m[SimStep] Grupo: E012, Ascensores: 4
[34m[DEBUG-GW] [0m[SimStep] Ascensor E012A1: Piso=6, Destino=-1, Ocupado=NO, Tarea=NINGUNA
[34m[DEBUG-GW] [0m[SimStep] Ascensor E012A2: Piso=8, Destino=-1, Ocupado=NO, Tarea=NINGUNA
[34m[DEBUG-GW] [0m[SimStep] Ascensor E012A3: Piso=5, Destino=-1, Ocupado=NO, Tarea=NINGUNA
[34m[DEBUG-GW] [0m[SimStep] Ascensor E012A4: Piso=1, Destino=-1, Ocupado=NO, Tarea=NINGUNA
[34m[DEBUG-GW] [0m[SimStep] ESTADÍSTICAS: Ocupados=0, Moviendo=0, Total=4
[34m[DEBUG-GW] [0m[SimStep] === DIAGNÓSTICO SIMULADOR === Iteración 500
[34m[DEBUG-GW] [0m[SimStep] Grupo: E012, Ascensores: 4
[34m[DEBUG-GW] [0m[SimStep] Ascensor E012A1: Piso=6, Destino=-1, Ocupado=NO, Tarea=NINGUNA
[34m[DEBUG-GW] [0m[SimStep] Ascensor E012A2: Piso=8, Destino=-1, Ocupado=NO, Tarea=NINGUNA
[34m[DEBUG-GW] [0m[SimStep] Ascensor E012A3: Piso=5, Destino=-1, Ocupado=NO, Tarea=NINGUNA
[34m[DEBUG-GW] [0m[SimStep] Ascensor E012A4: Piso=1, Destino=-1, Ocupado=NO, Tarea=NINGUNA
[34m[DEBUG-GW] [0m[SimStep] ESTADÍSTICAS: Ocupados=0, Moviendo=0, Total=4
[34m[DEBUG-GW] [0m[SimStep] === DIAGNÓSTICO SIMULADOR === Iteración 510
[34m[DEBUG-GW] [0m[SimStep] Grupo: E012, Ascensores: 4
[34m[DEBUG-GW] [0m[SimStep] Ascensor E012A1: Piso=6, Destino=-1, Ocupado=NO, Tarea=NINGUNA
[34m[DEBUG-GW] [0m[SimStep] Ascensor E012A2: Piso=8, Destino=-1, Ocupado=NO, Tarea=NINGUNA
[34m[DEBUG-GW] [0m[SimStep] Ascensor E012A3: Piso=5, Destino=-1, Ocupado=NO, Tarea=NINGUNA
[34m[DEBUG-GW] [0m[SimStep] Ascensor E012A4: Piso=1, Destino=-1, Ocupado=NO, Tarea=NINGUNA
[34m[DEBUG-GW] [0m[SimStep] ESTADÍSTICAS: Ocupados=0, Moviendo=0, Total=4
[34m[DEBUG-GW] [0m[SimStep] === DIAGNÓSTICO SIMULADOR === Iteración 520
[34m[DEBUG-GW] [0m[SimStep] Grupo: E012, Ascensores: 4
[34m[DEBUG-GW] [0m[SimStep] Ascensor E012A1: Piso=6, Destino=-1, Ocupado=NO, Tarea=NINGUNA
[34m[DEBUG-GW] [0m[SimStep] Ascensor E012A2: Piso=8, Destino=-1, Ocupado=NO, Tarea=NINGUNA
[34m[DEBUG-GW] [0m[SimStep] Ascensor E012A3: Piso=5, Destino=-1, Ocupado=NO, Tarea=NINGUNA
[34m[DEBUG-GW] [0m[SimStep] Ascensor E012A4: Piso=1, Destino=-1, Ocupado=NO, Tarea=NINGUNA
[34m[DEBUG-GW] [0m[SimStep] ESTADÍSTICAS: Ocupados=0, Moviendo=0, Total=4
[34m[DEBUG-GW] [0m[SimStep] === DIAGNÓSTICO SIMULADOR === Iteración 530
[34m[DEBUG-GW] [0m[SimStep] Grupo: E012, Ascensores: 4
[34m[DEBUG-GW] [0m[SimStep] Ascensor E012A1: Piso=6, Destino=-1, Ocupado=NO, Tarea=NINGUNA
[34m[DEBUG-GW] [0m[SimStep] Ascensor E012A2: Piso=8, Destino=-1, Ocupado=NO, Tarea=NINGUNA
[34m[DEBUG-GW] [0m[SimStep] Ascensor E012A3: Piso=5, Destino=-1, Ocupado=NO, Tarea=NINGUNA
[34m[DEBUG-GW] [0m[SimStep] Ascensor E012A4: Piso=1, Destino=-1, Ocupado=NO, Tarea=NINGUNA
[34m[DEBUG-GW] [0m[SimStep] ESTADÍSTICAS: Ocupados=0, Moviendo=0, Total=4
[34m[DEBUG-GW] [0m[SimStep] === DIAGNÓSTICO SIMULADOR === Iteración 540
[34m[DEBUG-GW] [0m[SimStep] Grupo: E012, Ascensores: 4
[34m[DEBUG-GW] [0m[SimStep] Ascensor E012A1: Piso=6, Destino=-1, Ocupado=NO, Tarea=NINGUNA
[34m[DEBUG-GW] [0m[SimStep] Ascensor E012A2: Piso=8, Destino=-1, Ocupado=NO, Tarea=NINGUNA
[34m[DEBUG-GW] [0m[SimStep] Ascensor E012A3: Piso=5, Destino=-1, Ocupado=NO, Tarea=NINGUNA
[34m[DEBUG-GW] [0m[SimStep] Ascensor E012A4: Piso=1, Destino=-1, Ocupado=NO, Tarea=NINGUNA
[34m[DEBUG-GW] [0m[SimStep] ESTADÍSTICAS: Ocupados=0, Moviendo=0, Total=4
[34m[DEBUG-GW] [0m[SimStep] === DIAGNÓSTICO SIMULADOR === Iteración 550
[34m[DEBUG-GW] [0m[SimStep] Grupo: E012, Ascensores: 4
[34m[DEBUG-GW] [0m[SimStep] Ascensor E012A1: Piso=6, Destino=-1, Ocupado=NO, Tarea=NINGUNA
[34m[DEBUG-GW] [0m[SimStep] Ascensor E012A2: Piso=8, Destino=-1, Ocupado=NO, Tarea=NINGUNA
[34m[DEBUG-GW] [0m[SimStep] Ascensor E012A3: Piso=5, Destino=-1, Ocupado=NO, Tarea=NINGUNA
[34m[DEBUG-GW] [0m[SimStep] Ascensor E012A4: Piso=1, Destino=-1, Ocupado=NO, Tarea=NINGUNA
[34m[DEBUG-GW] [0m[SimStep] ESTADÍSTICAS: Ocupados=0, Moviendo=0, Total=4
[34m[DEBUG-GW] [0m[SimStep] === DIAGNÓSTICO SIMULADOR === Iteración 560
[34m[DEBUG-GW] [0m[SimStep] Grupo: E012, Ascensores: 4
[34m[DEBUG-GW] [0m[SimStep] Ascensor E012A1: Piso=6, Destino=-1, Ocupado=NO, Tarea=NINGUNA
[34m[DEBUG-GW] [0m[SimStep] Ascensor E012A2: Piso=8, Destino=-1, Ocupado=NO, Tarea=NINGUNA
[34m[DEBUG-GW] [0m[SimStep] Ascensor E012A3: Piso=5, Destino=-1, Ocupado=NO, Tarea=NINGUNA
[34m[DEBUG-GW] [0m[SimStep] Ascensor E012A4: Piso=1, Destino=-1, Ocupado=NO, Tarea=NINGUNA
[34m[DEBUG-GW] [0m[SimStep] ESTADÍSTICAS: Ocupados=0, Moviendo=0, Total=4
[34m[DEBUG-GW] [0m[SimStep] === DIAGNÓSTICO SIMULADOR === Iteración 570
[34m[DEBUG-GW] [0m[SimStep] Grupo: E012, Ascensores: 4
[34m[DEBUG-GW] [0m[SimStep] Ascensor E012A1: Piso=6, Destino=-1, Ocupado=NO, Tarea=NINGUNA
[34m[DEBUG-GW] [0m[SimStep] Ascensor E012A2: Piso=8, Destino=-1, Ocupado=NO, Tarea=NINGUNA
[34m[DEBUG-GW] [0m[SimStep] Ascensor E012A3: Piso=5, Destino=-1, Ocupado=NO, Tarea=NINGUNA
[34m[DEBUG-GW] [0m[SimStep] Ascensor E012A4: Piso=1, Destino=-1, Ocupado=NO, Tarea=NINGUNA
[34m[DEBUG-GW] [0m[SimStep] ESTADÍSTICAS: Ocupados=0, Moviendo=0, Total=4
[34m[DEBUG-GW] [0m[SimStep] === DIAGNÓSTICO SIMULADOR === Iteración 580
[34m[DEBUG-GW] [0m[SimStep] Grupo: E012, Ascensores: 4
[34m[DEBUG-GW] [0m[SimStep] Ascensor E012A1: Piso=6, Destino=-1, Ocupado=NO, Tarea=NINGUNA
[34m[DEBUG-GW] [0m[SimStep] Ascensor E012A2: Piso=8, Destino=-1, Ocupado=NO, Tarea=NINGUNA
[34m[DEBUG-GW] [0m[SimStep] Ascensor E012A3: Piso=5, Destino=-1, Ocupado=NO, Tarea=NINGUNA
[34m[DEBUG-GW] [0m[SimStep] Ascensor E012A4: Piso=1, Destino=-1, Ocupado=NO, Tarea=NINGUNA
[34m[DEBUG-GW] [0m[SimStep] ESTADÍSTICAS: Ocupados=0, Moviendo=0, Total=4
[34m[DEBUG-GW] [0m[SimStep] === DIAGNÓSTICO SIMULADOR === Iteración 590
[34m[DEBUG-GW] [0m[SimStep] Grupo: E012, Ascensores: 4
[34m[DEBUG-GW] [0m[SimStep] Ascensor E012A1: Piso=6, Destino=-1, Ocupado=NO, Tarea=NINGUNA
[34m[DEBUG-GW] [0m[SimStep] Ascensor E012A2: Piso=8, Destino=-1, Ocupado=NO, Tarea=NINGUNA
[34m[DEBUG-GW] [0m[SimStep] Ascensor E012A3: Piso=5, Destino=-1, Ocupado=NO, Tarea=NINGUNA
[34m[DEBUG-GW] [0m[SimStep] Ascensor E012A4: Piso=1, Destino=-1, Ocupado=NO, Tarea=NINGUNA
[34m[DEBUG-GW] [0m[SimStep] ESTADÍSTICAS: Ocupados=0, Moviendo=0, Total=4
[34m[DEBUG-GW] [0m[SimStep] === DIAGNÓSTICO SIMULADOR === Iteración 600
[34m[DEBUG-GW] [0m[SimStep] Grupo: E012, Ascensores: 4
[34m[DEBUG-GW] [0m[SimStep] Ascensor E012A1: Piso=6, Destino=-1, Ocupado=NO, Tarea=NINGUNA
[34m[DEBUG-GW] [0m[SimStep] Ascensor E012A2: Piso=8, Destino=-1, Ocupado=NO, Tarea=NINGUNA
[34m[DEBUG-GW] [0m[SimStep] Ascensor E012A3: Piso=5, Destino=-1, Ocupado=NO, Tarea=NINGUNA
[34m[DEBUG-GW] [0m[SimStep] Ascensor E012A4: Piso=1, Destino=-1, Ocupado=NO, Tarea=NINGUNA
[34m[DEBUG-GW] [0m[SimStep] ESTADÍSTICAS: Ocupados=0, Moviendo=0, Total=4
