API Gateway: Usando puerto personalizado 6036
[32m[INFO-GW] [0m[CAN_Bridge] Inicializando el puente CAN simulado.
[34m[DEBUG-GW] [0m[Main] Manejador de eventos CoAP global registrado.
API Gateway: Listening on 0.0.0.0:6036 for CoAP messages (UDP).
(Ctrl+C to quit)
[32m[INFO-GW] [0mStateMgr: Inicializando 4 ascensores para edificio 'E1', 14 pisos.
[34m[DEBUG-GW] [0mStateMgr: Ascensor E1A1 inicializado: Piso 0, Puerta CERRADA, Ocupado: No
[34m[DEBUG-GW] [0mStateMgr: Ascensor E1A2 inicializado: Piso 0, Puerta CERRADA, Ocupado: No
[34m[DEBUG-GW] [0mStateMgr: Ascensor E1A3 inicializado: Piso 0, Puerta CERRADA, Ocupado: No
[34m[DEBUG-GW] [0mStateMgr: Ascensor E1A4 inicializado: Piso 0, Puerta CERRADA, Ocupado: No
[32m[INFO-GW] [0mAPI Gateway: Grupo de 4 ascensores para edificio 'E1' inicializado.
[32m[INFO-GW] [0m[CAN_Bridge] Registrando callback para enviar frames CAN a la simulación.
[SIM_ASCENSOR] Simulador de ascensor inicializado y callback CAN registrado.
[SIM_ASCENSOR] Intentando cargar datos de simulación desde: simulation_data.json
[SIMULATION] Intentando abrir archivo: simulation_data.json
[SIMULATION] Archivo abierto exitosamente
[SIMULATION] Tamaño del archivo: 122653 bytes
[SIMULATION] Cargados 100 edificios con 1000 peticiones totales
[SIM_ASCENSOR] Datos de simulación cargados exitosamente desde simulation_data.json
[SIM_ASCENSOR] Edificios cargados: 100, Datos válidos: Sí

[EXEC_LOGGER] Directorio de trabajo actual: /mnt/d/AATFG/API/Codigo/api_gateway
[EXEC_LOGGER] Detectado: ejecutando desde api_gateway/, usando logs
[EXEC_LOGGER] Intentando crear directorio 'logs'...
[EXEC_LOGGER] Directorio ya existe: logs
[EXEC_LOGGER] Intentando crear directorio 'logs/2025-06-20'...
[EXEC_LOGGER] Directorio ya existe: logs/2025-06-20
[EXEC_LOGGER] Intentando crear archivo: logs/2025-06-20/ejecucion_20-30-04-991.md
[EXEC_LOGGER] Sistema de logging inicializado: logs/2025-06-20/ejecucion_20-30-04-991.md

[SIM_ASCENSOR] === INICIANDO SIMULACIÓN DE EVENTOS CAN ===
[SIM_ASCENSOR] Usando simulación desde JSON con 100 edificios disponibles
[SIMULATION] Edificio seleccionado: E001 (índice 0 de 100)
[32m[INFO-GW] [0mStateMgr: Inicializando 4 ascensores para edificio 'E001', 14 pisos.
[34m[DEBUG-GW] [0mStateMgr: Ascensor E001A1 inicializado: Piso 0, Puerta CERRADA, Ocupado: No
[34m[DEBUG-GW] [0mStateMgr: Ascensor E001A2 inicializado: Piso 0, Puerta CERRADA, Ocupado: No
[34m[DEBUG-GW] [0mStateMgr: Ascensor E001A3 inicializado: Piso 0, Puerta CERRADA, Ocupado: No
[34m[DEBUG-GW] [0mStateMgr: Ascensor E001A4 inicializado: Piso 0, Puerta CERRADA, Ocupado: No
[SIM_ASCENSOR] Sistema re-inicializado para edificio: E001
[SIM_ASCENSOR] Ascensores disponibles: E001A1, E001A2, E001A3, E001A4
[SIM_ASCENSOR] Ejecutando 10 peticiones del edificio E001...
[SIM_ASCENSOR] --- Petición 1/10 ---
[SIM_ASCENSOR] Ejecutando llamada de piso: Piso 1, Dirección up
[SIM_ASCENSOR] Enviando LLAMADA DE PISO a GW (vía CAN): Piso 1, Dir SUBIR
[32m[INFO-GW] [0m[CAN_Bridge] Procesando frame CAN ID: 0x100, DLC: 2
[32m[INFO-GW] [0m[CAN_Bridge] Llamada de piso CAN: Piso 1, Dirección SUBIENDO
[32m[INFO-GW] [0m[33m[CAN_FloorCall] Gateway (Origen CAN ID: 0x100): Preparando solicitud para Servidor Central.[0m

[34m[DEBUG-GW] [0m[CAN_FloorCall] Payload para Servidor Central (Origen CAN ID: 0x100): {"id_edificio":"E001","piso_origen_llamada":1,"direccion_llamada":"SUBIENDO","elevadores_estado":[{"id_ascensor":"E001A1","piso_actual":0,"estado_puerta":"CERRADA","disponible":true,"tarea_actual_id":null,"destino_actual":null},{"id_ascensor":"E001A2","piso_actual":0,"estado_puerta":"CERRADA","disponible":true,"tarea_actual_id":null,"destino_actual":null},{"id_ascensor":"E001A3","piso_actual":0,"estado_puerta":"CERRADA","disponible":true,"tarea_actual_id":null,"destino_actual":null},{"id_ascensor":"E001A4","piso_actual":0,"estado_puerta":"CERRADA","disponible":true,"tarea_actual_id":null,"destino_actual":null}]}
[32m[INFO-GW] [0m[SessionHelper] Creando NUEVA sesión DTLS-PSK con servidor central.
[32m[INFO-GW] [0m[SessionHelper] NUEVA Sesión DTLS-PSK (0x0x55bff4e02ce0) creada con servidor central. Identity: 'Gateway_Client_001'
[34m[DEBUG-GW] [0m[CAN_Bridge] Stored token for CAN tracker: (len 1) 01
[34m[DEBUG-GW] [0m[CAN_Bridge] Stored CAN ID 0x100 at index 0
[32m[INFO-GW] [0m[36m[CAN_FloorCall] Gateway (Origen CAN ID: 0x100) -> Central: Enviando solicitud...[0m

[32m[INFO-GW] [0m[32m[CAN_FloorCall] Gateway (Origen CAN ID: 0x100) -> Central: Solicitud enviada, esperando rsp...[0m

[SIM_ASCENSOR] Procesando I/O CoAP por 1 segundo...
[32m[INFO-GW] [0m[ResponseHandlerGW] Servidor Central -> Gateway: Respuesta recibida (Code: 2.69). MID: 12786
[34m[DEBUG-GW] [0m[ResponseHandlerGW] JSON recibido de Servidor Central: {
	"tarea_id":	"T_1750444205004",
	"ascensor_asignado_id":	"E001A1"
}
[34m[DEBUG-GW] [0m[ResponseHandlerGW] Token recibido del servidor: (len 1) 01
[34m[DEBUG-GW] [0m[CAN_Bridge] Finding token for CAN tracker: (len 1) 01
[32m[INFO-GW] [0m[ResponseHandlerGW] Respuesta CoAP corresponde a una solicitud originada por CAN (ID: 0x100). Token 01
[32m[INFO-GW] [0m[ResponseHandlerGW] Servidor Central (vía CAN origin) asignó tarea 'T_1750444205004' a ascensor 'E001A1'. Actualizando estado local.
[32m[INFO-GW] [0mStateMgr: Tarea 'T_1750444205004' asignada a ascensor E001A1. Destino: piso 1. Piso actual: 0. Dirección: SUBIENDO
[32m[INFO-GW] [0m[CAN_Bridge] Enviando respuesta CAN ID: 0x101, DLC: 8. Datos: 00 54 5F...
[SIM_ASCENSOR] Recibido frame CAN de GW: ID=0x101, DLC=8, Datos: 00 54 5F 31 37 35 30 34
    Simulador -> Respuesta de llamada de piso: Ascensor (índice 0) asignado.
    Simulador -> Tarea ID (parcial): T_17504
[34m[DEBUG-GW] [0m[ResponseHandlerGW] Respuesta recibida en la sesión DTLS global (0x0x55bff4e02ce0). No se libera aquí.
[SIM_ASCENSOR] --- Petición 2/10 ---
[SIM_ASCENSOR] Ejecutando solicitud de cabina: Ascensor 2, Destino piso 4
[SIM_ASCENSOR] Enviando SOLICITUD DE CABINA a GW (vía CAN): Ascensor idx 2, Piso Destino 4
[32m[INFO-GW] [0m[CAN_Bridge] Procesando frame CAN ID: 0x200, DLC: 2
[32m[INFO-GW] [0m[CAN_Bridge] Solicitud de cabina CAN: Ascensor E001A3 (idx 2), Piso Destino 4
[32m[INFO-GW] [0m[33m[CAN_CabinReq] Gateway (Origen CAN ID: 0x200): Preparando solicitud para Servidor Central.[0m

[34m[DEBUG-GW] [0m[CAN_CabinReq] Payload para Servidor Central (Origen CAN ID: 0x200): {"id_edificio":"E001","solicitando_ascensor_id":"E001A3","piso_destino_solicitud":4,"elevadores_estado":[{"id_ascensor":"E001A1","piso_actual":0,"estado_puerta":"CERRADA","disponible":false,"tarea_actual_id":"T_1750444205004","destino_actual":1},{"id_ascensor":"E001A2","piso_actual":0,"estado_puerta":"CERRADA","disponible":true,"tarea_actual_id":null,"destino_actual":null},{"id_ascensor":"E001A3","piso_actual":0,"estado_puerta":"CERRADA","disponible":true,"tarea_actual_id":null,"destino_actual":null},{"id_ascensor":"E001A4","piso_actual":0,"estado_puerta":"CERRADA","disponible":true,"tarea_actual_id":null,"destino_actual":null}]}
[34m[DEBUG-GW] [0m[SessionHelper] Reutilizando sesión DTLS-PSK existente (0x0x55bff4e02ce0) con servidor central.
[34m[DEBUG-GW] [0m[CAN_Bridge] Stored token for CAN tracker: (len 1) 02
[34m[DEBUG-GW] [0m[CAN_Bridge] Stored CAN ID 0x200 at index 1
[32m[INFO-GW] [0m[36m[CAN_CabinReq] Gateway (Origen CAN ID: 0x200) -> Central: Enviando solicitud...[0m

[32m[INFO-GW] [0m[32m[CAN_CabinReq] Gateway (Origen CAN ID: 0x200) -> Central: Solicitud enviada, esperando rsp...[0m

[SIM_ASCENSOR] Procesando I/O CoAP por 1 segundo...
[32m[INFO-GW] [0m[ResponseHandlerGW] Servidor Central -> Gateway: Respuesta recibida (Code: 2.69). MID: 12787
[34m[DEBUG-GW] [0m[ResponseHandlerGW] JSON recibido de Servidor Central: {
	"tarea_id":	"T_1750444205613",
	"ascensor_asignado_id":	"E001A3"
}
[34m[DEBUG-GW] [0m[ResponseHandlerGW] Token recibido del servidor: (len 1) 02
[34m[DEBUG-GW] [0m[CAN_Bridge] Finding token for CAN tracker: (len 1) 02
[32m[INFO-GW] [0m[ResponseHandlerGW] Respuesta CoAP corresponde a una solicitud originada por CAN (ID: 0x200). Token 02
[32m[INFO-GW] [0m[ResponseHandlerGW] Servidor Central (vía CAN origin) asignó tarea 'T_1750444205613' a ascensor 'E001A3'. Actualizando estado local.
[32m[INFO-GW] [0mStateMgr: Tarea 'T_1750444205613' asignada a ascensor E001A3. Destino: piso 4. Piso actual: 0. Dirección: SUBIENDO
[32m[INFO-GW] [0m[CAN_Bridge] Enviando respuesta CAN ID: 0x201, DLC: 8. Datos: 02 54 5F...
[SIM_ASCENSOR] Recibido frame CAN de GW: ID=0x201, DLC=8, Datos: 02 54 5F 31 37 35 30 34
    Simulador -> Respuesta de solicitud de cabina: Datos[0]=02
    Simulador -> Tarea ID (parcial): T_17504
[34m[DEBUG-GW] [0m[ResponseHandlerGW] Respuesta recibida en la sesión DTLS global (0x0x55bff4e02ce0). No se libera aquí.
[SIM_ASCENSOR] --- Petición 3/10 ---
[SIM_ASCENSOR] Ejecutando llamada de piso: Piso 3, Dirección up
[SIM_ASCENSOR] Enviando LLAMADA DE PISO a GW (vía CAN): Piso 3, Dir SUBIR
[32m[INFO-GW] [0m[CAN_Bridge] Procesando frame CAN ID: 0x100, DLC: 2
[32m[INFO-GW] [0m[CAN_Bridge] Llamada de piso CAN: Piso 3, Dirección SUBIENDO
[32m[INFO-GW] [0m[33m[CAN_FloorCall] Gateway (Origen CAN ID: 0x100): Preparando solicitud para Servidor Central.[0m

[34m[DEBUG-GW] [0m[CAN_FloorCall] Payload para Servidor Central (Origen CAN ID: 0x100): {"id_edificio":"E001","piso_origen_llamada":3,"direccion_llamada":"SUBIENDO","elevadores_estado":[{"id_ascensor":"E001A1","piso_actual":0,"estado_puerta":"CERRADA","disponible":false,"tarea_actual_id":"T_1750444205004","destino_actual":1},{"id_ascensor":"E001A2","piso_actual":0,"estado_puerta":"CERRADA","disponible":true,"tarea_actual_id":null,"destino_actual":null},{"id_ascensor":"E001A3","piso_actual":0,"estado_puerta":"CERRADA","disponible":false,"tarea_actual_id":"T_1750444205613","destino_actual":4},{"id_ascensor":"E001A4","piso_actual":0,"estado_puerta":"CERRADA","disponible":true,"tarea_actual_id":null,"destino_actual":null}]}
[34m[DEBUG-GW] [0m[SessionHelper] Reutilizando sesión DTLS-PSK existente (0x0x55bff4e02ce0) con servidor central.
[34m[DEBUG-GW] [0m[CAN_Bridge] Stored token for CAN tracker: (len 1) 03
[34m[DEBUG-GW] [0m[CAN_Bridge] Stored CAN ID 0x100 at index 2
[32m[INFO-GW] [0m[36m[CAN_FloorCall] Gateway (Origen CAN ID: 0x100) -> Central: Enviando solicitud...[0m

[32m[INFO-GW] [0m[32m[CAN_FloorCall] Gateway (Origen CAN ID: 0x100) -> Central: Solicitud enviada, esperando rsp...[0m

[SIM_ASCENSOR] Procesando I/O CoAP por 1 segundo...
[32m[INFO-GW] [0m[ResponseHandlerGW] Servidor Central -> Gateway: Respuesta recibida (Code: 2.69). MID: 12788
[34m[DEBUG-GW] [0m[ResponseHandlerGW] JSON recibido de Servidor Central: {
	"tarea_id":	"T_1750444206525",
	"ascensor_asignado_id":	"E001A1"
}
[34m[DEBUG-GW] [0m[ResponseHandlerGW] Token recibido del servidor: (len 1) 03
[34m[DEBUG-GW] [0m[CAN_Bridge] Finding token for CAN tracker: (len 1) 03
[32m[INFO-GW] [0m[ResponseHandlerGW] Respuesta CoAP corresponde a una solicitud originada por CAN (ID: 0x100). Token 03
[32m[INFO-GW] [0m[ResponseHandlerGW] Servidor Central (vía CAN origin) asignó tarea 'T_1750444206525' a ascensor 'E001A1'. Actualizando estado local.
[32m[INFO-GW] [0mStateMgr: Tarea 'T_1750444206525' asignada a ascensor E001A1. Destino: piso 3. Piso actual: 0. Dirección: SUBIENDO
[32m[INFO-GW] [0m[CAN_Bridge] Enviando respuesta CAN ID: 0x101, DLC: 8. Datos: 00 54 5F...
[SIM_ASCENSOR] Recibido frame CAN de GW: ID=0x101, DLC=8, Datos: 00 54 5F 31 37 35 30 34
    Simulador -> Respuesta de llamada de piso: Ascensor (índice 0) asignado.
    Simulador -> Tarea ID (parcial): T_17504
[34m[DEBUG-GW] [0m[ResponseHandlerGW] Respuesta recibida en la sesión DTLS global (0x0x55bff4e02ce0). No se libera aquí.
[SIM_ASCENSOR] --- Petición 4/10 ---
[SIM_ASCENSOR] Ejecutando solicitud de cabina: Ascensor 0, Destino piso 1
[SIM_ASCENSOR] Enviando SOLICITUD DE CABINA a GW (vía CAN): Ascensor idx 0, Piso Destino 1
[32m[INFO-GW] [0m[CAN_Bridge] Procesando frame CAN ID: 0x200, DLC: 2
[32m[INFO-GW] [0m[CAN_Bridge] Solicitud de cabina CAN: Ascensor E001A1 (idx 0), Piso Destino 1
[32m[INFO-GW] [0m[33m[CAN_CabinReq] Gateway (Origen CAN ID: 0x200): Preparando solicitud para Servidor Central.[0m

[34m[DEBUG-GW] [0m[CAN_CabinReq] Payload para Servidor Central (Origen CAN ID: 0x200): {"id_edificio":"E001","solicitando_ascensor_id":"E001A1","piso_destino_solicitud":1,"elevadores_estado":[{"id_ascensor":"E001A1","piso_actual":0,"estado_puerta":"CERRADA","disponible":false,"tarea_actual_id":"T_1750444206525","destino_actual":3},{"id_ascensor":"E001A2","piso_actual":0,"estado_puerta":"CERRADA","disponible":true,"tarea_actual_id":null,"destino_actual":null},{"id_ascensor":"E001A3","piso_actual":0,"estado_puerta":"CERRADA","disponible":false,"tarea_actual_id":"T_1750444205613","destino_actual":4},{"id_ascensor":"E001A4","piso_actual":0,"estado_puerta":"CERRADA","disponible":true,"tarea_actual_id":null,"destino_actual":null}]}
[34m[DEBUG-GW] [0m[SessionHelper] Reutilizando sesión DTLS-PSK existente (0x0x55bff4e02ce0) con servidor central.
[34m[DEBUG-GW] [0m[CAN_Bridge] Stored token for CAN tracker: (len 1) 04
[34m[DEBUG-GW] [0m[CAN_Bridge] Stored CAN ID 0x200 at index 3
[32m[INFO-GW] [0m[36m[CAN_CabinReq] Gateway (Origen CAN ID: 0x200) -> Central: Enviando solicitud...[0m

[32m[INFO-GW] [0m[32m[CAN_CabinReq] Gateway (Origen CAN ID: 0x200) -> Central: Solicitud enviada, esperando rsp...[0m

[SIM_ASCENSOR] Procesando I/O CoAP por 1 segundo...
[32m[INFO-GW] [0m[ResponseHandlerGW] Servidor Central -> Gateway: Respuesta recibida (Code: 2.69). MID: 12789
[34m[DEBUG-GW] [0m[ResponseHandlerGW] JSON recibido de Servidor Central: {
	"tarea_id":	"T_1750444207439",
	"ascensor_asignado_id":	"E001A1"
}
[34m[DEBUG-GW] [0m[ResponseHandlerGW] Token recibido del servidor: (len 1) 04
[34m[DEBUG-GW] [0m[CAN_Bridge] Finding token for CAN tracker: (len 1) 04
[32m[INFO-GW] [0m[ResponseHandlerGW] Respuesta CoAP corresponde a una solicitud originada por CAN (ID: 0x200). Token 04
[32m[INFO-GW] [0m[ResponseHandlerGW] Servidor Central (vía CAN origin) asignó tarea 'T_1750444207439' a ascensor 'E001A1'. Actualizando estado local.
[32m[INFO-GW] [0mStateMgr: Tarea 'T_1750444207439' asignada a ascensor E001A1. Destino: piso 1. Piso actual: 0. Dirección: SUBIENDO
[32m[INFO-GW] [0m[CAN_Bridge] Enviando respuesta CAN ID: 0x201, DLC: 8. Datos: 00 54 5F...
[SIM_ASCENSOR] Recibido frame CAN de GW: ID=0x201, DLC=8, Datos: 00 54 5F 31 37 35 30 34
    Simulador -> Respuesta de solicitud de cabina: Datos[0]=00
    Simulador -> Tarea ID (parcial): T_17504
[34m[DEBUG-GW] [0m[ResponseHandlerGW] Respuesta recibida en la sesión DTLS global (0x0x55bff4e02ce0). No se libera aquí.
[SIM_ASCENSOR] --- Petición 5/10 ---
[SIM_ASCENSOR] Ejecutando llamada de piso: Piso 8, Dirección up
[SIM_ASCENSOR] Enviando LLAMADA DE PISO a GW (vía CAN): Piso 8, Dir SUBIR
[32m[INFO-GW] [0m[CAN_Bridge] Procesando frame CAN ID: 0x100, DLC: 2
[32m[INFO-GW] [0m[CAN_Bridge] Llamada de piso CAN: Piso 8, Dirección SUBIENDO
[32m[INFO-GW] [0m[33m[CAN_FloorCall] Gateway (Origen CAN ID: 0x100): Preparando solicitud para Servidor Central.[0m

[34m[DEBUG-GW] [0m[CAN_FloorCall] Payload para Servidor Central (Origen CAN ID: 0x100): {"id_edificio":"E001","piso_origen_llamada":8,"direccion_llamada":"SUBIENDO","elevadores_estado":[{"id_ascensor":"E001A1","piso_actual":0,"estado_puerta":"CERRADA","disponible":false,"tarea_actual_id":"T_1750444207439","destino_actual":1},{"id_ascensor":"E001A2","piso_actual":0,"estado_puerta":"CERRADA","disponible":true,"tarea_actual_id":null,"destino_actual":null},{"id_ascensor":"E001A3","piso_actual":0,"estado_puerta":"CERRADA","disponible":false,"tarea_actual_id":"T_1750444205613","destino_actual":4},{"id_ascensor":"E001A4","piso_actual":0,"estado_puerta":"CERRADA","disponible":true,"tarea_actual_id":null,"destino_actual":null}]}
[34m[DEBUG-GW] [0m[SessionHelper] Reutilizando sesión DTLS-PSK existente (0x0x55bff4e02ce0) con servidor central.
[34m[DEBUG-GW] [0m[CAN_Bridge] Stored token for CAN tracker: (len 1) 05
[34m[DEBUG-GW] [0m[CAN_Bridge] Stored CAN ID 0x100 at index 4
[32m[INFO-GW] [0m[36m[CAN_FloorCall] Gateway (Origen CAN ID: 0x100) -> Central: Enviando solicitud...[0m

[32m[INFO-GW] [0m[32m[CAN_FloorCall] Gateway (Origen CAN ID: 0x100) -> Central: Solicitud enviada, esperando rsp...[0m

[SIM_ASCENSOR] Procesando I/O CoAP por 1 segundo...
[32m[INFO-GW] [0m[ResponseHandlerGW] Servidor Central -> Gateway: Respuesta recibida (Code: 2.69). MID: 12790
[34m[DEBUG-GW] [0m[ResponseHandlerGW] JSON recibido de Servidor Central: {
	"tarea_id":	"T_1750444208363",
	"ascensor_asignado_id":	"E001A1"
}
[34m[DEBUG-GW] [0m[ResponseHandlerGW] Token recibido del servidor: (len 1) 05
[34m[DEBUG-GW] [0m[CAN_Bridge] Finding token for CAN tracker: (len 1) 05
[32m[INFO-GW] [0m[ResponseHandlerGW] Respuesta CoAP corresponde a una solicitud originada por CAN (ID: 0x100). Token 05
[32m[INFO-GW] [0m[ResponseHandlerGW] Servidor Central (vía CAN origin) asignó tarea 'T_1750444208363' a ascensor 'E001A1'. Actualizando estado local.
[32m[INFO-GW] [0mStateMgr: Tarea 'T_1750444208363' asignada a ascensor E001A1. Destino: piso 8. Piso actual: 0. Dirección: SUBIENDO
[32m[INFO-GW] [0m[CAN_Bridge] Enviando respuesta CAN ID: 0x101, DLC: 8. Datos: 00 54 5F...
[SIM_ASCENSOR] Recibido frame CAN de GW: ID=0x101, DLC=8, Datos: 00 54 5F 31 37 35 30 34
    Simulador -> Respuesta de llamada de piso: Ascensor (índice 0) asignado.
    Simulador -> Tarea ID (parcial): T_17504
[34m[DEBUG-GW] [0m[ResponseHandlerGW] Respuesta recibida en la sesión DTLS global (0x0x55bff4e02ce0). No se libera aquí.
[SIM_ASCENSOR] --- Petición 6/10 ---
[SIM_ASCENSOR] Ejecutando solicitud de cabina: Ascensor 2, Destino piso 6
[SIM_ASCENSOR] Enviando SOLICITUD DE CABINA a GW (vía CAN): Ascensor idx 2, Piso Destino 6
[32m[INFO-GW] [0m[CAN_Bridge] Procesando frame CAN ID: 0x200, DLC: 2
[32m[INFO-GW] [0m[CAN_Bridge] Solicitud de cabina CAN: Ascensor E001A3 (idx 2), Piso Destino 6
[32m[INFO-GW] [0m[33m[CAN_CabinReq] Gateway (Origen CAN ID: 0x200): Preparando solicitud para Servidor Central.[0m

[34m[DEBUG-GW] [0m[CAN_CabinReq] Payload para Servidor Central (Origen CAN ID: 0x200): {"id_edificio":"E001","solicitando_ascensor_id":"E001A3","piso_destino_solicitud":6,"elevadores_estado":[{"id_ascensor":"E001A1","piso_actual":0,"estado_puerta":"CERRADA","disponible":false,"tarea_actual_id":"T_1750444208363","destino_actual":8},{"id_ascensor":"E001A2","piso_actual":0,"estado_puerta":"CERRADA","disponible":true,"tarea_actual_id":null,"destino_actual":null},{"id_ascensor":"E001A3","piso_actual":0,"estado_puerta":"CERRADA","disponible":false,"tarea_actual_id":"T_1750444205613","destino_actual":4},{"id_ascensor":"E001A4","piso_actual":0,"estado_puerta":"CERRADA","disponible":true,"tarea_actual_id":null,"destino_actual":null}]}
[34m[DEBUG-GW] [0m[SessionHelper] Reutilizando sesión DTLS-PSK existente (0x0x55bff4e02ce0) con servidor central.
[34m[DEBUG-GW] [0m[CAN_Bridge] Stored token for CAN tracker: (len 1) 06
[34m[DEBUG-GW] [0m[CAN_Bridge] Stored CAN ID 0x200 at index 5
[32m[INFO-GW] [0m[36m[CAN_CabinReq] Gateway (Origen CAN ID: 0x200) -> Central: Enviando solicitud...[0m

[32m[INFO-GW] [0m[32m[CAN_CabinReq] Gateway (Origen CAN ID: 0x200) -> Central: Solicitud enviada, esperando rsp...[0m

[SIM_ASCENSOR] Procesando I/O CoAP por 1 segundo...
[32m[INFO-GW] [0m[ResponseHandlerGW] Servidor Central -> Gateway: Respuesta recibida (Code: 2.69). MID: 12791
[34m[DEBUG-GW] [0m[ResponseHandlerGW] JSON recibido de Servidor Central: {
	"tarea_id":	"T_1750444209293",
	"ascensor_asignado_id":	"E001A3"
}
[34m[DEBUG-GW] [0m[ResponseHandlerGW] Token recibido del servidor: (len 1) 06
[34m[DEBUG-GW] [0m[CAN_Bridge] Finding token for CAN tracker: (len 1) 06
[32m[INFO-GW] [0m[ResponseHandlerGW] Respuesta CoAP corresponde a una solicitud originada por CAN (ID: 0x200). Token 06
[32m[INFO-GW] [0m[ResponseHandlerGW] Servidor Central (vía CAN origin) asignó tarea 'T_1750444209293' a ascensor 'E001A3'. Actualizando estado local.
[32m[INFO-GW] [0mStateMgr: Tarea 'T_1750444209293' asignada a ascensor E001A3. Destino: piso 6. Piso actual: 0. Dirección: SUBIENDO
[32m[INFO-GW] [0m[CAN_Bridge] Enviando respuesta CAN ID: 0x201, DLC: 8. Datos: 02 54 5F...
[SIM_ASCENSOR] Recibido frame CAN de GW: ID=0x201, DLC=8, Datos: 02 54 5F 31 37 35 30 34
    Simulador -> Respuesta de solicitud de cabina: Datos[0]=02
    Simulador -> Tarea ID (parcial): T_17504
[34m[DEBUG-GW] [0m[ResponseHandlerGW] Respuesta recibida en la sesión DTLS global (0x0x55bff4e02ce0). No se libera aquí.
[SIM_ASCENSOR] --- Petición 7/10 ---
[SIM_ASCENSOR] Ejecutando llamada de piso: Piso 0, Dirección up
[SIM_ASCENSOR] Enviando LLAMADA DE PISO a GW (vía CAN): Piso 0, Dir SUBIR
[32m[INFO-GW] [0m[CAN_Bridge] Procesando frame CAN ID: 0x100, DLC: 2
[32m[INFO-GW] [0m[CAN_Bridge] Llamada de piso CAN: Piso 0, Dirección SUBIENDO
[32m[INFO-GW] [0m[33m[CAN_FloorCall] Gateway (Origen CAN ID: 0x100): Preparando solicitud para Servidor Central.[0m

[34m[DEBUG-GW] [0m[CAN_FloorCall] Payload para Servidor Central (Origen CAN ID: 0x100): {"id_edificio":"E001","piso_origen_llamada":0,"direccion_llamada":"SUBIENDO","elevadores_estado":[{"id_ascensor":"E001A1","piso_actual":0,"estado_puerta":"CERRADA","disponible":false,"tarea_actual_id":"T_1750444208363","destino_actual":8},{"id_ascensor":"E001A2","piso_actual":0,"estado_puerta":"CERRADA","disponible":true,"tarea_actual_id":null,"destino_actual":null},{"id_ascensor":"E001A3","piso_actual":0,"estado_puerta":"CERRADA","disponible":false,"tarea_actual_id":"T_1750444209293","destino_actual":6},{"id_ascensor":"E001A4","piso_actual":0,"estado_puerta":"CERRADA","disponible":true,"tarea_actual_id":null,"destino_actual":null}]}
[34m[DEBUG-GW] [0m[SessionHelper] Reutilizando sesión DTLS-PSK existente (0x0x55bff4e02ce0) con servidor central.
[34m[DEBUG-GW] [0m[CAN_Bridge] Stored token for CAN tracker: (len 1) 07
[34m[DEBUG-GW] [0m[CAN_Bridge] Stored CAN ID 0x100 at index 6
[32m[INFO-GW] [0m[36m[CAN_FloorCall] Gateway (Origen CAN ID: 0x100) -> Central: Enviando solicitud...[0m

[32m[INFO-GW] [0m[32m[CAN_FloorCall] Gateway (Origen CAN ID: 0x100) -> Central: Solicitud enviada, esperando rsp...[0m

[SIM_ASCENSOR] Procesando I/O CoAP por 1 segundo...
[32m[INFO-GW] [0m[ResponseHandlerGW] Servidor Central -> Gateway: Respuesta recibida (Code: 2.69). MID: 12792
[34m[DEBUG-GW] [0m[ResponseHandlerGW] JSON recibido de Servidor Central: {
	"tarea_id":	"T_1750444210221",
	"ascensor_asignado_id":	"E001A1"
}
[34m[DEBUG-GW] [0m[ResponseHandlerGW] Token recibido del servidor: (len 1) 07
[34m[DEBUG-GW] [0m[CAN_Bridge] Finding token for CAN tracker: (len 1) 07
[32m[INFO-GW] [0m[ResponseHandlerGW] Respuesta CoAP corresponde a una solicitud originada por CAN (ID: 0x100). Token 07
[32m[INFO-GW] [0m[ResponseHandlerGW] Servidor Central (vía CAN origin) asignó tarea 'T_1750444210221' a ascensor 'E001A1'. Actualizando estado local.
[32m[INFO-GW] [0mStateMgr: Tarea 'T_1750444210221' asignada a ascensor E001A1. Destino: piso 0. Piso actual: 0. Dirección: PARADO
[32m[INFO-GW] [0m[CAN_Bridge] Enviando respuesta CAN ID: 0x101, DLC: 8. Datos: 00 54 5F...
[SIM_ASCENSOR] Recibido frame CAN de GW: ID=0x101, DLC=8, Datos: 00 54 5F 31 37 35 30 34
    Simulador -> Respuesta de llamada de piso: Ascensor (índice 0) asignado.
    Simulador -> Tarea ID (parcial): T_17504
[34m[DEBUG-GW] [0m[ResponseHandlerGW] Respuesta recibida en la sesión DTLS global (0x0x55bff4e02ce0). No se libera aquí.
[SIM_ASCENSOR] --- Petición 8/10 ---
[SIM_ASCENSOR] Ejecutando solicitud de cabina: Ascensor 0, Destino piso 3
[SIM_ASCENSOR] Enviando SOLICITUD DE CABINA a GW (vía CAN): Ascensor idx 0, Piso Destino 3
[32m[INFO-GW] [0m[CAN_Bridge] Procesando frame CAN ID: 0x200, DLC: 2
[32m[INFO-GW] [0m[CAN_Bridge] Solicitud de cabina CAN: Ascensor E001A1 (idx 0), Piso Destino 3
[32m[INFO-GW] [0m[33m[CAN_CabinReq] Gateway (Origen CAN ID: 0x200): Preparando solicitud para Servidor Central.[0m

[34m[DEBUG-GW] [0m[CAN_CabinReq] Payload para Servidor Central (Origen CAN ID: 0x200): {"id_edificio":"E001","solicitando_ascensor_id":"E001A1","piso_destino_solicitud":3,"elevadores_estado":[{"id_ascensor":"E001A1","piso_actual":0,"estado_puerta":"CERRADA","disponible":false,"tarea_actual_id":"T_1750444210221","destino_actual":0},{"id_ascensor":"E001A2","piso_actual":0,"estado_puerta":"CERRADA","disponible":true,"tarea_actual_id":null,"destino_actual":null},{"id_ascensor":"E001A3","piso_actual":0,"estado_puerta":"CERRADA","disponible":false,"tarea_actual_id":"T_1750444209293","destino_actual":6},{"id_ascensor":"E001A4","piso_actual":0,"estado_puerta":"CERRADA","disponible":true,"tarea_actual_id":null,"destino_actual":null}]}
[34m[DEBUG-GW] [0m[SessionHelper] Reutilizando sesión DTLS-PSK existente (0x0x55bff4e02ce0) con servidor central.
[34m[DEBUG-GW] [0m[CAN_Bridge] Stored token for CAN tracker: (len 1) 08
[34m[DEBUG-GW] [0m[CAN_Bridge] Stored CAN ID 0x200 at index 7
[32m[INFO-GW] [0m[36m[CAN_CabinReq] Gateway (Origen CAN ID: 0x200) -> Central: Enviando solicitud...[0m

[32m[INFO-GW] [0m[32m[CAN_CabinReq] Gateway (Origen CAN ID: 0x200) -> Central: Solicitud enviada, esperando rsp...[0m

[SIM_ASCENSOR] Procesando I/O CoAP por 1 segundo...
[32m[INFO-GW] [0m[ResponseHandlerGW] Servidor Central -> Gateway: Respuesta recibida (Code: 2.69). MID: 12793
[34m[DEBUG-GW] [0m[ResponseHandlerGW] JSON recibido de Servidor Central: {
	"tarea_id":	"T_1750444211139",
	"ascensor_asignado_id":	"E001A1"
}
[34m[DEBUG-GW] [0m[ResponseHandlerGW] Token recibido del servidor: (len 1) 08
[34m[DEBUG-GW] [0m[CAN_Bridge] Finding token for CAN tracker: (len 1) 08
[32m[INFO-GW] [0m[ResponseHandlerGW] Respuesta CoAP corresponde a una solicitud originada por CAN (ID: 0x200). Token 08
[32m[INFO-GW] [0m[ResponseHandlerGW] Servidor Central (vía CAN origin) asignó tarea 'T_1750444211139' a ascensor 'E001A1'. Actualizando estado local.
[32m[INFO-GW] [0mStateMgr: Tarea 'T_1750444211139' asignada a ascensor E001A1. Destino: piso 3. Piso actual: 0. Dirección: SUBIENDO
[32m[INFO-GW] [0m[CAN_Bridge] Enviando respuesta CAN ID: 0x201, DLC: 8. Datos: 00 54 5F...
[SIM_ASCENSOR] Recibido frame CAN de GW: ID=0x201, DLC=8, Datos: 00 54 5F 31 37 35 30 34
    Simulador -> Respuesta de solicitud de cabina: Datos[0]=00
    Simulador -> Tarea ID (parcial): T_17504
[34m[DEBUG-GW] [0m[ResponseHandlerGW] Respuesta recibida en la sesión DTLS global (0x0x55bff4e02ce0). No se libera aquí.
[SIM_ASCENSOR] --- Petición 9/10 ---
[SIM_ASCENSOR] Ejecutando llamada de piso: Piso 3, Dirección up
[SIM_ASCENSOR] Enviando LLAMADA DE PISO a GW (vía CAN): Piso 3, Dir SUBIR
[32m[INFO-GW] [0m[CAN_Bridge] Procesando frame CAN ID: 0x100, DLC: 2
[32m[INFO-GW] [0m[CAN_Bridge] Llamada de piso CAN: Piso 3, Dirección SUBIENDO
[32m[INFO-GW] [0m[33m[CAN_FloorCall] Gateway (Origen CAN ID: 0x100): Preparando solicitud para Servidor Central.[0m

[34m[DEBUG-GW] [0m[CAN_FloorCall] Payload para Servidor Central (Origen CAN ID: 0x100): {"id_edificio":"E001","piso_origen_llamada":3,"direccion_llamada":"SUBIENDO","elevadores_estado":[{"id_ascensor":"E001A1","piso_actual":0,"estado_puerta":"CERRADA","disponible":false,"tarea_actual_id":"T_1750444211139","destino_actual":3},{"id_ascensor":"E001A2","piso_actual":0,"estado_puerta":"CERRADA","disponible":true,"tarea_actual_id":null,"destino_actual":null},{"id_ascensor":"E001A3","piso_actual":0,"estado_puerta":"CERRADA","disponible":false,"tarea_actual_id":"T_1750444209293","destino_actual":6},{"id_ascensor":"E001A4","piso_actual":0,"estado_puerta":"CERRADA","disponible":true,"tarea_actual_id":null,"destino_actual":null}]}
[34m[DEBUG-GW] [0m[SessionHelper] Reutilizando sesión DTLS-PSK existente (0x0x55bff4e02ce0) con servidor central.
[34m[DEBUG-GW] [0m[CAN_Bridge] Stored token for CAN tracker: (len 1) 09
[34m[DEBUG-GW] [0m[CAN_Bridge] Stored CAN ID 0x100 at index 8
[32m[INFO-GW] [0m[36m[CAN_FloorCall] Gateway (Origen CAN ID: 0x100) -> Central: Enviando solicitud...[0m

[32m[INFO-GW] [0m[32m[CAN_FloorCall] Gateway (Origen CAN ID: 0x100) -> Central: Solicitud enviada, esperando rsp...[0m

[SIM_ASCENSOR] Procesando I/O CoAP por 1 segundo...
[32m[INFO-GW] [0m[ResponseHandlerGW] Servidor Central -> Gateway: Respuesta recibida (Code: 2.69). MID: 12794
[34m[DEBUG-GW] [0m[ResponseHandlerGW] JSON recibido de Servidor Central: {
	"tarea_id":	"T_1750444212059",
	"ascensor_asignado_id":	"E001A1"
}
[34m[DEBUG-GW] [0m[ResponseHandlerGW] Token recibido del servidor: (len 1) 09
[34m[DEBUG-GW] [0m[CAN_Bridge] Finding token for CAN tracker: (len 1) 09
[32m[INFO-GW] [0m[ResponseHandlerGW] Respuesta CoAP corresponde a una solicitud originada por CAN (ID: 0x100). Token 09
[32m[INFO-GW] [0m[ResponseHandlerGW] Servidor Central (vía CAN origin) asignó tarea 'T_1750444212059' a ascensor 'E001A1'. Actualizando estado local.
[32m[INFO-GW] [0mStateMgr: Tarea 'T_1750444212059' asignada a ascensor E001A1. Destino: piso 3. Piso actual: 0. Dirección: SUBIENDO
[32m[INFO-GW] [0m[CAN_Bridge] Enviando respuesta CAN ID: 0x101, DLC: 8. Datos: 00 54 5F...
[SIM_ASCENSOR] Recibido frame CAN de GW: ID=0x101, DLC=8, Datos: 00 54 5F 31 37 35 30 34
    Simulador -> Respuesta de llamada de piso: Ascensor (índice 0) asignado.
    Simulador -> Tarea ID (parcial): T_17504
[34m[DEBUG-GW] [0m[ResponseHandlerGW] Respuesta recibida en la sesión DTLS global (0x0x55bff4e02ce0). No se libera aquí.
[SIM_ASCENSOR] --- Petición 10/10 ---
[SIM_ASCENSOR] Ejecutando solicitud de cabina: Ascensor 2, Destino piso 3
[SIM_ASCENSOR] Enviando SOLICITUD DE CABINA a GW (vía CAN): Ascensor idx 2, Piso Destino 3
[32m[INFO-GW] [0m[CAN_Bridge] Procesando frame CAN ID: 0x200, DLC: 2
[32m[INFO-GW] [0m[CAN_Bridge] Solicitud de cabina CAN: Ascensor E001A3 (idx 2), Piso Destino 3
[32m[INFO-GW] [0m[33m[CAN_CabinReq] Gateway (Origen CAN ID: 0x200): Preparando solicitud para Servidor Central.[0m

[34m[DEBUG-GW] [0m[CAN_CabinReq] Payload para Servidor Central (Origen CAN ID: 0x200): {"id_edificio":"E001","solicitando_ascensor_id":"E001A3","piso_destino_solicitud":3,"elevadores_estado":[{"id_ascensor":"E001A1","piso_actual":0,"estado_puerta":"CERRADA","disponible":false,"tarea_actual_id":"T_1750444212059","destino_actual":3},{"id_ascensor":"E001A2","piso_actual":0,"estado_puerta":"CERRADA","disponible":true,"tarea_actual_id":null,"destino_actual":null},{"id_ascensor":"E001A3","piso_actual":0,"estado_puerta":"CERRADA","disponible":false,"tarea_actual_id":"T_1750444209293","destino_actual":6},{"id_ascensor":"E001A4","piso_actual":0,"estado_puerta":"CERRADA","disponible":true,"tarea_actual_id":null,"destino_actual":null}]}
[34m[DEBUG-GW] [0m[SessionHelper] Reutilizando sesión DTLS-PSK existente (0x0x55bff4e02ce0) con servidor central.
[34m[DEBUG-GW] [0m[CAN_Bridge] Stored token for CAN tracker: (len 1) 0a
[34m[DEBUG-GW] [0m[CAN_Bridge] Stored CAN ID 0x200 at index 9
[32m[INFO-GW] [0m[36m[CAN_CabinReq] Gateway (Origen CAN ID: 0x200) -> Central: Enviando solicitud...[0m

[32m[INFO-GW] [0m[32m[CAN_CabinReq] Gateway (Origen CAN ID: 0x200) -> Central: Solicitud enviada, esperando rsp...[0m

[SIM_ASCENSOR] Procesando I/O CoAP por 1 segundo...
[32m[INFO-GW] [0m[ResponseHandlerGW] Servidor Central -> Gateway: Respuesta recibida (Code: 2.69). MID: 12795
[34m[DEBUG-GW] [0m[ResponseHandlerGW] JSON recibido de Servidor Central: {
	"tarea_id":	"T_1750444212975",
	"ascensor_asignado_id":	"E001A3"
}
[34m[DEBUG-GW] [0m[ResponseHandlerGW] Token recibido del servidor: (len 1) 0a
[34m[DEBUG-GW] [0m[CAN_Bridge] Finding token for CAN tracker: (len 1) 0a
[32m[INFO-GW] [0m[ResponseHandlerGW] Respuesta CoAP corresponde a una solicitud originada por CAN (ID: 0x200). Token 0a
[32m[INFO-GW] [0m[ResponseHandlerGW] Servidor Central (vía CAN origin) asignó tarea 'T_1750444212975' a ascensor 'E001A3'. Actualizando estado local.
[32m[INFO-GW] [0mStateMgr: Tarea 'T_1750444212975' asignada a ascensor E001A3. Destino: piso 3. Piso actual: 0. Dirección: SUBIENDO
[32m[INFO-GW] [0m[CAN_Bridge] Enviando respuesta CAN ID: 0x201, DLC: 8. Datos: 02 54 5F...
[SIM_ASCENSOR] Recibido frame CAN de GW: ID=0x201, DLC=8, Datos: 02 54 5F 31 37 35 30 34
    Simulador -> Respuesta de solicitud de cabina: Datos[0]=02
    Simulador -> Tarea ID (parcial): T_17504
[34m[DEBUG-GW] [0m[ResponseHandlerGW] Respuesta recibida en la sesión DTLS global (0x0x55bff4e02ce0). No se libera aquí.
[SIM_ASCENSOR] === FIN SIMULACIÓN DEL EDIFICIO E001 ===
[SIM_ASCENSOR] Peticiones ejecutadas exitosamente: 10/10
[SIM_ASCENSOR] === FIN SIMULACIÓN DE EVENTOS CAN ===

[32m[INFO-GW] [0m[SimStep] Ascensor E001A1 SUBE a piso 1 (Destino: 3, Tarea: T_1750444212059)
[32m[INFO-GW] [0m[SimStep] Ascensor E001A3 SUBE a piso 1 (Destino: 3, Tarea: T_1750444212975)
[32m[INFO-GW] [0m[SimStep] Ascensor E001A1 SUBE a piso 2 (Destino: 3, Tarea: T_1750444212059)
[32m[INFO-GW] [0m[SimStep] Ascensor E001A3 SUBE a piso 2 (Destino: 3, Tarea: T_1750444212975)
[32m[INFO-GW] [0m[SimStep] Ascensor E001A1 SUBE a piso 3 (Destino: 3, Tarea: T_1750444212059)
[32m[INFO-GW] [0m[SimStep] Ascensor E001A1 LLEGÓ a destino 3.
[32m[INFO-GW] [0mStateMgr: Ascensor E001A1 completó tarea T_1750444212059 en piso 3.
[32m[INFO-GW] [0m[SimStep] Tarea completada por E001A1.
[32m[INFO-GW] [0m[SimStep] Ascensor E001A3 SUBE a piso 3 (Destino: 3, Tarea: T_1750444212975)
[32m[INFO-GW] [0m[SimStep] Ascensor E001A3 LLEGÓ a destino 3.
[32m[INFO-GW] [0mStateMgr: Ascensor E001A3 completó tarea T_1750444212975 en piso 3.
[32m[INFO-GW] [0m[SimStep] Tarea completada por E001A3.
