This is pdfTeX, Version 3.141592653-2.6-1.40.25 (TeX Live 2023/Debian) (preloaded format=pdflatex 2025.5.10)  7 JUL 2025 18:14
entering extended mode
 restricted \write18 enabled.
 %&-line parsing enabled.
**refman.tex
(./refman.tex
LaTeX2e <2023-11-01> patch level 1
L3 programming layer <2024-01-22>
(/usr/share/texlive/texmf-dist/tex/latex/base/book.cls
Document Class: book 2023/05/17 v1.4n Standard LaTeX document class
(/usr/share/texlive/texmf-dist/tex/latex/base/bk10.clo
File: bk10.clo 2023/05/17 v1.4n Standard LaTeX file (size option)
)
\c@part=\count187
\c@chapter=\count188
\c@section=\count189
\c@subsection=\count190
\c@subsubsection=\count191
\c@paragraph=\count192
\c@subparagraph=\count193
\c@figure=\count194
\c@table=\count195
\abovecaptionskip=\skip48
\belowcaptionskip=\skip49
\bibindent=\dimen140
)
(/usr/share/texlive/texmf-dist/tex/latex/base/ifthen.sty
Package: ifthen 2022/04/13 v1.1d Standard LaTeX ifthen package (DPC)
)
(/usr/share/texlive/texmf-dist/tex/latex/tools/array.sty
Rollback for package 'array' requested -> date 2016-10-06.
         Best approximation is the release introduced on 2016-10-06.

(/usr/share/texlive/texmf-dist/tex/latex/tools/array-2016-10-06.sty
Package: array 2016/10/06 v2.4d Tabular extension package (FMi)
\col@sep=\dimen141
\extrarowheight=\dimen142
\NC@list=\toks17
\extratabsurround=\skip50
\backup@length=\skip51
))
(/usr/share/texlive/texmf-dist/tex/generic/infwarerr/infwarerr.sty
package info suppressed
)
(./doxygen.sty
Package: doxygen 
 (/usr/share/texlive/texmf-dist/tex/latex/base/alltt.sty
Package: alltt 2021/01/29 v2.0g defines alltt environment
)
(/usr/share/texlive/texmf-dist/tex/latex/tools/calc.sty
Package: calc 2023/07/08 v4.3 Infix arithmetic (KKT,FJ)
\calc@Acount=\count196
\calc@Bcount=\count197
\calc@Adimen=\dimen143
\calc@Bdimen=\dimen144
\calc@Askip=\skip52
\calc@Bskip=\skip53
LaTeX Info: Redefining \setlength on input line 80.
LaTeX Info: Redefining \addtolength on input line 81.
\calc@Ccount=\count198
\calc@Cskip=\skip54
)
(/usr/share/texlive/texmf-dist/tex/latex/float/float.sty
Package: float 2001/11/08 v1.3d Float enhancements (AL)
\c@float@type=\count199
\float@exts=\toks18
\float@box=\box51
\@float@everytoks=\toks19
\@floatcapt=\box52
)
(/usr/share/texlive/texmf-dist/tex/latex/tools/verbatim.sty
Package: verbatim 2023-11-06 v1.5v LaTeX2e package for verbatim enhancements
\every@verbatim=\toks20
\verbatim@line=\toks21
\verbatim@in@stream=\read2
)
(/usr/share/texlive/texmf-dist/tex/latex/xcolor/xcolor.sty
Package: xcolor 2023/11/15 v3.01 LaTeX color extensions (UK)

(/usr/share/texlive/texmf-dist/tex/latex/graphics-cfg/color.cfg
File: color.cfg 2016/01/02 v1.6 sample color configuration
)
Package xcolor Info: Driver file: pdftex.def on input line 274.

(/usr/share/texlive/texmf-dist/tex/latex/graphics-def/pdftex.def
File: pdftex.def 2022/09/22 v1.2b Graphics/color driver for pdftex
)
(/usr/share/texlive/texmf-dist/tex/latex/graphics/mathcolor.ltx)
Package xcolor Info: Model `cmy' substituted by `cmy0' on input line 1350.
Package xcolor Info: Model `hsb' substituted by `rgb' on input line 1354.
Package xcolor Info: Model `RGB' extended on input line 1366.
Package xcolor Info: Model `HTML' substituted by `rgb' on input line 1368.
Package xcolor Info: Model `Hsb' substituted by `hsb' on input line 1369.
Package xcolor Info: Model `tHsb' substituted by `hsb' on input line 1370.
Package xcolor Info: Model `HSB' substituted by `hsb' on input line 1371.
Package xcolor Info: Model `Gray' substituted by `gray' on input line 1372.
Package xcolor Info: Model `wave' substituted by `hsb' on input line 1373.
)
(/usr/share/texlive/texmf-dist/tex/latex/colortbl/colortbl.sty
Package: colortbl 2022/06/20 v1.0f Color table columns (DPC)
\everycr=\toks22
\minrowclearance=\skip55
\rownum=\count266
)
(./longtable_doxygen.sty
Package: longtable_doxygen 2014/10/28 v4.11 Multi-page Table package (DPC) - fr
ozen version for doxygen
\LTleft=\skip56
\LTright=\skip57
\LTpre=\skip58
\LTpost=\skip59
\LTchunksize=\count267
\LTcapwidth=\dimen145
\LT@head=\box53
\LT@firsthead=\box54
\LT@foot=\box55
\LT@lastfoot=\box56
\LT@cols=\count268
\LT@rows=\count269
\c@LT@tables=\count270
\c@LT@chunks=\count271
\LT@p@ftn=\toks23
) (./tabu_doxygen.sty
Package: tabu_doxygen 2011/02/26 v2.8 - flexible LaTeX tabulars (FC), frozen ve
rsion for doxygen

(/usr/share/texlive/texmf-dist/tex/latex/varwidth/varwidth.sty
Package: varwidth 2009/03/30 ver 0.92;  Variable-width minipages
\@vwid@box=\box57
\sift@deathcycles=\count272
\@vwid@loff=\dimen146
\@vwid@roff=\dimen147
)
\c@taburow=\count273
\tabu@nbcols=\count274
\tabu@cnt=\count275
\tabu@Xcol=\count276
\tabu@alloc=\count277
\tabu@nested=\count278
\tabu@target=\dimen148
\tabu@spreadtarget=\dimen149
\tabu@naturalX=\dimen150
\tabucolX=\dimen151
\tabu@Xsum=\dimen152
\extrarowdepth=\dimen153
\abovetabulinesep=\dimen154
\belowtabulinesep=\dimen155
\tabustrutrule=\dimen156
\tabu@thebody=\toks24
\tabu@footnotes=\toks25
\tabu@box=\box58
\tabu@arstrutbox=\box59
\tabu@hleads=\box60
\tabu@vleads=\box61
\tabu@cellskip=\skip60
)
(/usr/share/texlive/texmf-dist/tex/latex/fancyvrb/fancyvrb.sty
Package: fancyvrb 2024/01/20 4.5c verbatim text (tvz,hv)

(/usr/share/texlive/texmf-dist/tex/latex/graphics/keyval.sty
Package: keyval 2022/05/29 v1.15 key=value parser (DPC)
\KV@toks@=\toks26
)
\FV@CodeLineNo=\count279
\FV@InFile=\read3
\FV@TabBox=\box62
\c@FancyVerbLine=\count280
\FV@StepNumber=\count281
\FV@OutFile=\write3
)
(/usr/share/texlive/texmf-dist/tex/latex/tools/tabularx.sty
Package: tabularx 2023/07/08 v2.11c `tabularx' package (DPC)
\TX@col@width=\dimen157
\TX@old@table=\dimen158
\TX@old@col=\dimen159
\TX@target=\dimen160
\TX@delta=\dimen161
\TX@cols=\count282
\TX@ftn=\toks27
)
(/usr/share/texlive/texmf-dist/tex/latex/tools/multicol.sty
Package: multicol 2023/03/30 v1.9f multicolumn formatting (FMi)
\c@tracingmulticols=\count283
\mult@box=\box63
\multicol@leftmargin=\dimen162
\c@unbalance=\count284
\c@collectmore=\count285
\doublecol@number=\count286
\multicoltolerance=\count287
\multicolpretolerance=\count288
\full@width=\dimen163
\page@free=\dimen164
\premulticols=\dimen165
\postmulticols=\dimen166
\multicolsep=\skip61
\multicolbaselineskip=\skip62
\partial@page=\box64
\last@line=\box65
\mc@boxedresult=\box66
\maxbalancingoverflow=\dimen167
\mult@rightbox=\box67
\mult@grightbox=\box68
\mult@firstbox=\box69
\mult@gfirstbox=\box70
\@tempa=\box71
\@tempa=\box72
\@tempa=\box73
\@tempa=\box74
\@tempa=\box75
\@tempa=\box76
\@tempa=\box77
\@tempa=\box78
\@tempa=\box79
\@tempa=\box80
\@tempa=\box81
\@tempa=\box82
\@tempa=\box83
\@tempa=\box84
\@tempa=\box85
\@tempa=\box86
\@tempa=\box87
\@tempa=\box88
\@tempa=\box89
\@tempa=\box90
\@tempa=\box91
\@tempa=\box92
\@tempa=\box93
\@tempa=\box94
\@tempa=\box95
\@tempa=\box96
\@tempa=\box97
\@tempa=\box98
\@tempa=\box99
\@tempa=\box100
\@tempa=\box101
\@tempa=\box102
\@tempa=\box103
\@tempa=\box104
\@tempa=\box105
\@tempa=\box106
\c@minrows=\count289
\c@columnbadness=\count290
\c@finalcolumnbadness=\count291
\last@try=\dimen168
\multicolovershoot=\dimen169
\multicolundershoot=\dimen170
\mult@nat@firstbox=\box107
\colbreak@box=\box108
\mc@col@check@num=\count292
)
(/usr/share/texlive/texmf-dist/tex/latex/multirow/multirow.sty
Package: multirow 2021/03/15 v2.8 Span multiple rows of a table
\multirow@colwidth=\skip63
\multirow@cntb=\count293
\multirow@dima=\skip64
\bigstrutjot=\dimen171
)
(/usr/share/texlive/texmf-dist/tex/latex/hanging/hanging.sty
Package: hanging 2009/09/02 v1.2b hanging paragraphs and punctuation
\h@ngcommawd=\skip65
\h@ngfstopwd=\skip66
\h@ngquotewd=\skip67
\h@ngdquotewd=\skip68
\h@ngquerywd=\skip69
\h@ngexclwd=\skip70
\h@ngcolonwd=\skip71
\h@ngscolonwd=\skip72
)
(/usr/share/texlive/texmf-dist/tex/generic/iftex/ifpdf.sty
Package: ifpdf 2019/10/25 v3.4 ifpdf legacy package. Use iftex instead.

(/usr/share/texlive/texmf-dist/tex/generic/iftex/iftex.sty
Package: iftex 2022/02/03 v1.0f TeX engine tests
))
(/usr/share/texlive/texmf-dist/tex/latex/adjustbox/adjustbox.sty
Package: adjustbox 2022/10/17 v1.3a Adjusting TeX boxes (trim, clip, ...)

(/usr/share/texlive/texmf-dist/tex/latex/xkeyval/xkeyval.sty
Package: xkeyval 2022/06/16 v2.9 package option processing (HA)

(/usr/share/texlive/texmf-dist/tex/generic/xkeyval/xkeyval.tex
(/usr/share/texlive/texmf-dist/tex/generic/xkeyval/xkvutils.tex
\XKV@toks=\toks28
\XKV@tempa@toks=\toks29
)
\XKV@depth=\count294
File: xkeyval.tex 2014/12/03 v2.7a key=value parser (HA)
))
(/usr/share/texlive/texmf-dist/tex/latex/adjustbox/adjcalc.sty
Package: adjcalc 2012/05/16 v1.1 Provides advanced setlength with multiple back
-ends (calc, etex, pgfmath)
)
(/usr/share/texlive/texmf-dist/tex/latex/adjustbox/trimclip.sty
Package: trimclip 2020/08/19 v1.2 Trim and clip general TeX material

(/usr/share/texlive/texmf-dist/tex/latex/graphics/graphicx.sty
Package: graphicx 2021/09/16 v1.2d Enhanced LaTeX Graphics (DPC,SPQR)

(/usr/share/texlive/texmf-dist/tex/latex/graphics/graphics.sty
Package: graphics 2022/03/10 v1.4e Standard LaTeX Graphics (DPC,SPQR)

(/usr/share/texlive/texmf-dist/tex/latex/graphics/trig.sty
Package: trig 2021/08/11 v1.11 sin cos tan (DPC)
)
(/usr/share/texlive/texmf-dist/tex/latex/graphics-cfg/graphics.cfg
File: graphics.cfg 2016/06/04 v1.11 sample graphics configuration
)
Package graphics Info: Driver file: pdftex.def on input line 107.
)
\Gin@req@height=\dimen172
\Gin@req@width=\dimen173
)
(/usr/share/texlive/texmf-dist/tex/latex/collectbox/collectbox.sty
Package: collectbox 2022/10/17 v0.4c Collect macro arguments as boxes
\collectedbox=\box109
)
\tc@llx=\dimen174
\tc@lly=\dimen175
\tc@urx=\dimen176
\tc@ury=\dimen177
Package trimclip Info: Using driver 'tc-pdftex.def'.

(/usr/share/texlive/texmf-dist/tex/latex/adjustbox/tc-pdftex.def
File: tc-pdftex.def 2019/01/04 v2.2 Clipping driver for pdftex
))
\adjbox@Width=\dimen178
\adjbox@Height=\dimen179
\adjbox@Depth=\dimen180
\adjbox@Totalheight=\dimen181
\adjbox@pwidth=\dimen182
\adjbox@pheight=\dimen183
\adjbox@pdepth=\dimen184
\adjbox@ptotalheight=\dimen185

(/usr/share/texlive/texmf-dist/tex/latex/ifoddpage/ifoddpage.sty
Package: ifoddpage 2022/10/18 v1.2 Conditionals for odd/even page detection
\c@checkoddpage=\count295
))
(/usr/share/texlive/texmf-dist/tex/latex/amsfonts/amssymb.sty
Package: amssymb 2013/01/14 v3.01 AMS font symbols

(/usr/share/texlive/texmf-dist/tex/latex/amsfonts/amsfonts.sty
Package: amsfonts 2013/01/14 v3.01 Basic AMSFonts support
\@emptytoks=\toks30
\symAMSa=\mathgroup4
\symAMSb=\mathgroup5
LaTeX Font Info:    Redeclaring math symbol \hbar on input line 98.
LaTeX Font Info:    Overwriting math alphabet `\mathfrak' in version `bold'
(Font)                  U/euf/m/n --> U/euf/b/n on input line 106.
))
(/usr/share/texlive/texmf-dist/tex/latex/stackengine/stackengine.sty
Package: stackengine 2021/07/22 v4.11\ Stacking text and objects in convenient 
ways

(/usr/share/texlive/texmf-dist/tex/latex/etoolbox/etoolbox.sty
Package: etoolbox 2020/10/05 v2.5k e-TeX tools for LaTeX (JAW)
\etb@tempcnta=\count296
)
(/usr/share/texlive/texmf-dist/tex/generic/listofitems/listofitems.sty
(/usr/share/texlive/texmf-dist/tex/generic/listofitems/listofitems.tex
\loi_cnt_foreach_nest=\count297
\loi_nestcnt=\count298
)
Package: listofitems 2019/08/21 v1.63 Grab items in lists using user-specified 
sep char (CT)
)
\c@@stackindex=\count299
\@boxshift=\skip73
\stack@tmplength=\skip74
\temp@stkl=\skip75
\@stackedboxwidth=\skip76
\@addedbox=\box110
\@anchorbox=\box111
\@insetbox=\box112
\se@backgroundbox=\box113
\stackedbox=\box114
\@centerbox=\box115
\c@ROWcellindex@=\count300
)
(/usr/share/texlive/texmf-dist/tex/latex/enumitem/enumitem.sty
Package: enumitem 2019/06/20 v3.9 Customized lists
\labelindent=\skip77
\enit@outerparindent=\dimen186
\enit@toks=\toks31
\enit@inbox=\box116
\enit@count@id=\count301
\enitdp@description=\count302
)
(/usr/share/texlive/texmf-dist/tex/generic/alphalph/alphalph.sty
Package: alphalph 2019/12/09 v2.6 Convert numbers to letters (HO)

(/usr/share/texlive/texmf-dist/tex/generic/intcalc/intcalc.sty
Package: intcalc 2019/12/15 v1.3 Expandable calculations with integers (HO)
))
(/usr/share/texlive/texmf-dist/tex/generic/ulem/ulem.sty
\UL@box=\box117
\UL@hyphenbox=\box118
\UL@skip=\skip78
\UL@hook=\toks32
\UL@height=\dimen187
\UL@pe=\count303
\UL@pixel=\dimen188
\ULC@box=\box119
Package: ulem 2019/11/18
\ULdepth=\dimen189
)
\xrefbox=\box120
\xreflength=\skip79
\CodeWidthChar=\skip80
\CodeHeightChar=\skip81
\DoxyCodeWidth=\skip82
\c@DoxyEnumeratei=\count304
\c@DoxyEnumerateii=\count305
\c@DoxyEnumerateiii=\count306
\c@DoxyEnumerateiv=\count307
\c@DoxyEnumeratev=\count308
\c@DoxyEnumeratevi=\count309
\c@DoxyEnumeratevii=\count310
\c@DoxyEnumerateviii=\count311
\c@DoxyEnumerateix=\count312
\c@DoxyEnumeratex=\count313
\c@DoxyEnumeratexi=\count314
\c@DoxyEnumeratexii=\count315
\enitdp@DoxyEnumerate=\count316
\enitdp@DoxyItemize=\count317
\c@subsubsubsection=\count318
\c@subsubsubsubsection=\count319
\c@subsubsubsubsubsection=\count320
\c@subsubsubsubsubsubsection=\count321
)
(/usr/share/texlive/texmf-dist/tex/latex/base/inputenc.sty
Package: inputenc 2021/02/14 v1.3d Input encoding file
\inpenc@prehook=\toks33
\inpenc@posthook=\toks34
)
(/usr/share/texlive/texmf-dist/tex/latex/base/makeidx.sty
Package: makeidx 2021/10/04 v1.0m Standard LaTeX package
)
(/usr/share/texlive/texmf-dist/tex/latex/base/textcomp.sty
Package: textcomp 2020/02/02 v2.0n Standard LaTeX package
)
(/usr/share/texlive/texmf-dist/tex/latex/wasysym/wasysym.sty
Package: wasysym 2020/01/19 v2.4 Wasy-2 symbol support package
\symwasy=\mathgroup6
LaTeX Font Info:    Overwriting symbol font `wasy' in version `bold'
(Font)                  U/wasy/m/n --> U/wasy/b/n on input line 93.
)
(/usr/share/texlive/texmf-dist/tex/generic/iftex/ifxetex.sty
Package: ifxetex 2019/10/25 v0.7 ifxetex legacy package. Use iftex instead.
)
(/usr/share/texlive/texmf-dist/tex/latex/base/fontenc.sty
Package: fontenc 2021/04/29 v2.0v Standard LaTeX package
)
(/usr/share/texlive/texmf-dist/tex/latex/psnfss/helvet.sty
Package: helvet 2020/03/25 PSNFSS-v9.3 (WaS) 
)
(/usr/share/texlive/texmf-dist/tex/latex/psnfss/courier.sty
Package: courier 2020/03/25 PSNFSS-v9.3 (WaS) 
)
(/usr/share/texlive/texmf-dist/tex/latex/geometry/geometry.sty
Package: geometry 2020/01/02 v5.9 Page Geometry

(/usr/share/texlive/texmf-dist/tex/generic/iftex/ifvtex.sty
Package: ifvtex 2019/10/25 v1.7 ifvtex legacy package. Use iftex instead.
)
\Gm@cnth=\count322
\Gm@cntv=\count323
\c@Gm@tempcnt=\count324
\Gm@bindingoffset=\dimen190
\Gm@wd@mp=\dimen191
\Gm@odd@mp=\dimen192
\Gm@even@mp=\dimen193
\Gm@layoutwidth=\dimen194
\Gm@layoutheight=\dimen195
\Gm@layouthoffset=\dimen196
\Gm@layoutvoffset=\dimen197
\Gm@dimlist=\toks35
)
(/usr/share/texlive/texmf-dist/tex/latex/changepage/changepage.sty
Package: changepage 2009/10/20 v1.0c check page and change page layout
\c@cp@cntr=\count325
\cp@tempcnt=\count326
LaTeX Info: Redefining \checkoddpage on input line 59.
)
(/usr/share/texlive/texmf-dist/tex/latex/fancyhdr/fancyhdr.sty
Package: fancyhdr 2022/11/09 v4.1 Extensive control of page headers and footers

\f@nch@headwidth=\skip83
\f@nch@O@elh=\skip84
\f@nch@O@erh=\skip85
\f@nch@O@olh=\skip86
\f@nch@O@orh=\skip87
\f@nch@O@elf=\skip88
\f@nch@O@erf=\skip89
\f@nch@O@olf=\skip90
\f@nch@O@orf=\skip91
)
(/usr/share/texlive/texmf-dist/tex/latex/natbib/natbib.sty
Package: natbib 2010/09/13 8.31b (PWD, AO)
\bibhang=\skip92
\bibsep=\skip93
LaTeX Info: Redefining \cite on input line 694.
\c@NAT@ctr=\count327
)
(/usr/share/texlive/texmf-dist/tex/latex/tocloft/tocloft.sty
Package: tocloft 2017/08/31 v2.3i parameterised ToC, etc., typesetting
Package tocloft Info: The document has chapter divisions on input line 51.
\cftparskip=\skip94
\cftbeforetoctitleskip=\skip95
\cftaftertoctitleskip=\skip96
\cftbeforepartskip=\skip97
\cftpartnumwidth=\skip98
\cftpartindent=\skip99
\cftbeforechapskip=\skip100
\cftchapindent=\skip101
\cftchapnumwidth=\skip102
\cftbeforesecskip=\skip103
\cftsecindent=\skip104
\cftsecnumwidth=\skip105
\cftbeforesubsecskip=\skip106
\cftsubsecindent=\skip107
\cftsubsecnumwidth=\skip108
\cftbeforesubsubsecskip=\skip109
\cftsubsubsecindent=\skip110
\cftsubsubsecnumwidth=\skip111
\cftbeforeparaskip=\skip112
\cftparaindent=\skip113
\cftparanumwidth=\skip114
\cftbeforesubparaskip=\skip115
\cftsubparaindent=\skip116
\cftsubparanumwidth=\skip117
\cftbeforeloftitleskip=\skip118
\cftafterloftitleskip=\skip119
\cftbeforefigskip=\skip120
\cftfigindent=\skip121
\cftfignumwidth=\skip122
\c@lofdepth=\count328
\c@lotdepth=\count329
\cftbeforelottitleskip=\skip123
\cftafterlottitleskip=\skip124
\cftbeforetabskip=\skip125
\cfttabindent=\skip126
\cfttabnumwidth=\skip127
)
\@indexfile=\write4
\openout4 = `refman.idx'.


Writing index file refman.idx
(/usr/share/texlive/texmf-dist/tex/latex/newunicodechar/newunicodechar.sty
Package: newunicodechar 2018/04/08 v1.2 Defining Unicode characters
)
(/usr/share/texlive/texmf-dist/tex/latex/caption/caption.sty
Package: caption 2023/08/05 v3.6o Customizing captions (AR)

(/usr/share/texlive/texmf-dist/tex/latex/caption/caption3.sty
Package: caption3 2023/07/31 v2.4d caption3 kernel (AR)
\caption@tempdima=\dimen198
\captionmargin=\dimen199
\caption@leftmargin=\dimen256
\caption@rightmargin=\dimen257
\caption@width=\dimen258
\caption@indent=\dimen259
\caption@parindent=\dimen260
\caption@hangindent=\dimen261
Package caption Info: Standard document class detected.
)
\c@caption@flags=\count330
\c@continuedfloat=\count331
Package caption Info: changepage package is loaded.
\caption@adjustwidth@hsize=\dimen262
\caption@adjustwidth@linewidth=\dimen263
Package caption Info: float package is loaded.
Package caption Info: longtable package is loaded.

(/usr/share/texlive/texmf-dist/tex/latex/caption/ltcaption.sty
Package: ltcaption 2021/01/08 v1.4c longtable captions (AR)
))
(/usr/share/texlive/texmf-dist/tex/latex/etoc/etoc.sty
Package: etoc 2023/10/29 v1.2d Completely customisable TOCs (JFB)

(/usr/share/texlive/texmf-dist/tex/latex/kvoptions/kvoptions.sty
Package: kvoptions 2022-06-15 v3.15 Key value format for package options (HO)

(/usr/share/texlive/texmf-dist/tex/generic/ltxcmds/ltxcmds.sty
Package: ltxcmds 2023-12-04 v1.26 LaTeX kernel commands for general use (HO)
)
(/usr/share/texlive/texmf-dist/tex/latex/kvsetkeys/kvsetkeys.sty
Package: kvsetkeys 2022-10-05 v1.19 Key value parser (HO)
))
\Etoc@toctoks=\toks36
\c@etoc@tocid=\count332
\etoc@framed@titlebox=\box121
\etoc@framed@contentsbox=\box122
)
LaTeX Font Info:    Trying to load font information for T1+phv on input line 16
5.

(/usr/share/texlive/texmf-dist/tex/latex/psnfss/t1phv.fd
File: t1phv.fd 2020/03/25 scalable font definitions for T1/phv.
)
LaTeX Font Info:    Font shape `T1/phv/m/n' will be
(Font)              scaled to size 8.99994pt on input line 165.

(/usr/share/texlive/texmf-dist/tex/latex/l3backend/l3backend-pdftex.def
File: l3backend-pdftex.def 2024-01-04 L3 backend support: PDF output (pdfTeX)
\l__color_backend_stack_int=\count333
\l__pdf_internal_box=\box123
)
No file refman.aux.
\openout1 = `refman.aux'.

LaTeX Font Info:    Checking defaults for OML/cmm/m/it on input line 165.
LaTeX Font Info:    ... okay on input line 165.
LaTeX Font Info:    Checking defaults for OMS/cmsy/m/n on input line 165.
LaTeX Font Info:    ... okay on input line 165.
LaTeX Font Info:    Checking defaults for OT1/cmr/m/n on input line 165.
LaTeX Font Info:    ... okay on input line 165.
LaTeX Font Info:    Checking defaults for T1/cmr/m/n on input line 165.
LaTeX Font Info:    ... okay on input line 165.
LaTeX Font Info:    Checking defaults for TS1/cmr/m/n on input line 165.
LaTeX Font Info:    ... okay on input line 165.
LaTeX Font Info:    Checking defaults for OMX/cmex/m/n on input line 165.
LaTeX Font Info:    ... okay on input line 165.
LaTeX Font Info:    Checking defaults for U/cmr/m/n on input line 165.
LaTeX Font Info:    ... okay on input line 165.
(/usr/share/texlive/texmf-dist/tex/context/base/mkii/supp-pdf.mkii
[Loading MPS to PDF converter (version 2006.09.02).]
\scratchcounter=\count334
\scratchdimen=\dimen264
\scratchbox=\box124
\nofMPsegments=\count335
\nofMParguments=\count336
\everyMPshowfont=\toks37
\MPscratchCnt=\count337
\MPscratchDim=\dimen265
\MPnumerator=\count338
\makeMPintoPDFobject=\count339
\everyMPtoPDFconversion=\toks38
) (/usr/share/texlive/texmf-dist/tex/latex/epstopdf-pkg/epstopdf-base.sty
Package: epstopdf-base 2020-01-24 v2.11 Base part for package epstopdf
Package epstopdf-base Info: Redefining graphics rule for `.eps' on input line 4
85.

(/usr/share/texlive/texmf-dist/tex/latex/latexconfig/epstopdf-sys.cfg
File: epstopdf-sys.cfg 2010/07/13 v1.3 Configuration of (r)epstopdf for TeX Liv
e
))
*geometry* driver: auto-detecting
*geometry* detected driver: pdftex
*geometry* verbose mode - [ preamble ] result:
* driver: pdftex
* paper: a4paper
* layout: <same size as paper>
* layoutoffset:(h,v)=(0.0pt,0.0pt)
* modes: twoside 
* h-part:(L,W,R)=(71.13188pt, 455.24411pt, 71.13188pt)
* v-part:(T,H,B)=(71.13188pt, 702.78308pt, 71.13188pt)
* \paperwidth=597.50787pt
* \paperheight=845.04684pt
* \textwidth=455.24411pt
* \textheight=702.78308pt
* \oddsidemargin=-1.1381pt
* \evensidemargin=-1.1381pt
* \topmargin=-31.2056pt
* \headheight=12.0pt
* \headsep=18.06749pt
* \topskip=10.0pt
* \footskip=25.29494pt
* \marginparwidth=125.0pt
* \marginparsep=7.0pt
* \columnsep=10.0pt
* \skip\footins=9.0pt plus 4.0pt minus 2.0pt
* \hoffset=0.0pt
* \voffset=0.0pt
* \mag=1000
* \@twocolumnfalse
* \@twosidetrue
* \@mparswitchtrue
* \@reversemarginfalse
* (1in=72.27pt=25.4mm, 1cm=28.453pt)

Package caption Info: Begin \AtBeginDocument code.
Package caption Info: End \AtBeginDocument code.
No file refman.toc.
LaTeX Font Info:    Font shape `T1/phv/m/n' will be
(Font)              scaled to size 12.9599pt on input line 172.
LaTeX Font Info:    Font shape `T1/phv/m/n' will be
(Font)              scaled to size 10.79993pt on input line 173.
LaTeX Font Info:    Font shape `T1/phv/m/n' will be
(Font)              scaled to size 6.29996pt on input line 173.
LaTeX Font Info:    Trying to load font information for U+msa on input line 173
.
(/usr/share/texlive/texmf-dist/tex/latex/amsfonts/umsa.fd
File: umsa.fd 2013/01/14 v3.01 AMS symbols A
)
LaTeX Font Info:    Trying to load font information for U+msb on input line 173
.

(/usr/share/texlive/texmf-dist/tex/latex/amsfonts/umsb.fd
File: umsb.fd 2013/01/14 v3.01 AMS symbols B
)
LaTeX Font Info:    Trying to load font information for U+wasy on input line 17
3.

(/usr/share/texlive/texmf-dist/tex/latex/wasysym/uwasy.fd
File: uwasy.fd 2020/01/19 v2.4 Wasy-2 symbol font definitions
) [1


{/var/lib/texmf/fonts/map/pdftex/updmap/pdftex.map}{/usr/share/texlive/texmf-di
st/fonts/enc/dvips/base/8r.enc}] [2

]
\tf@toc=\write5
\openout5 = `refman.toc'.


Chapter 1.
LaTeX Font Info:    Font shape `T1/phv/m/n' will be
(Font)              scaled to size 18.66588pt on input line 184.
LaTeX Font Info:    Font shape `T1/phv/b/n' will be
(Font)              scaled to size 18.66588pt on input line 184.
LaTeX Font Info:    Font shape `T1/phv/b/n' will be
(Font)              scaled to size 22.39185pt on input line 184.
(./structdtls__config__t.tex
LaTeX Font Info:    Font shape `T1/phv/b/n' will be
(Font)              scaled to size 12.9599pt on input line 1.
LaTeX Font Info:    Font shape `T1/phv/b/n' will be
(Font)              scaled to size 6.29996pt on input line 1.
LaTeX Font Info:    Trying to load font information for T1+pcr on input line 10
.

(/usr/share/texlive/texmf-dist/tex/latex/psnfss/t1pcr.fd
File: t1pcr.fd 2001/06/04 font definitions for T1/pcr.
)
LaTeX Font Info:    Font shape `T1/phv/b/n' will be
(Font)              scaled to size 8.99994pt on input line 12.
LaTeX Font Info:    Trying to load font information for TS1+phv on input line 1
5.

(/usr/share/texlive/texmf-dist/tex/latex/psnfss/ts1phv.fd
File: ts1phv.fd 2020/03/25 scalable font definitions for TS1/phv.
)
LaTeX Font Info:    Font shape `TS1/phv/m/n' will be
(Font)              scaled to size 8.99994pt on input line 15.
LaTeX Font Info:    Font shape `T1/phv/b/n' will be
(Font)              scaled to size 10.79993pt on input line 29.
LaTeX Font Info:    Font shape `T1/phv/m/n' will be
(Font)              scaled to size 7.19995pt on input line 39.
 [1


])
(./structlogging__config__t.tex [2]) (./structpsk__valid__keys__t.tex [3])
(./structserver__context__t.tex [4]) [5] [6

]
Chapter 2.
(./dtls__common__config_8h.tex
LaTeX Font Info:    Font shape `T1/phv/m/n' will be
(Font)              scaled to size 8.09995pt on input line 12.
LaTeX Font Info:    Font shape `T1/phv/m/it' in size <9> not available
(Font)              Font shape `T1/phv/m/sl' tried instead on input line 12.
LaTeX Font Info:    Font shape `T1/phv/m/sl' will be
(Font)              scaled to size 8.09995pt on input line 12.
LaTeX Font Info:    Font shape `T1/phv/m/it' in size <7> not available
(Font)              Font shape `T1/phv/m/sl' tried instead on input line 12.
LaTeX Font Info:    Font shape `T1/phv/m/sl' will be
(Font)              scaled to size 6.29996pt on input line 12.
LaTeX Font Info:    Font shape `T1/phv/bc/n' will be
(Font)              scaled to size 8.99994pt on input line 35.

Underfull \hbox (badness 10000) detected at line 35
[][][]
 []


Underfull \hbox (badness 10000) detected at line 38
[][][]
 []


Underfull \hbox (badness 10000) detected at line 41
[][][]
 []

[7]
Underfull \hbox (badness 10000) detected at line 46
[][][]
 []


LaTeX Warning: Reference `server__functions_8h' on page 8 undefined on input li
ne 47.


LaTeX Warning: Reference `psk__validator_8h' on page 8 undefined on input line 
49.

LaTeX Font Info:    Font shape `T1/pcr/m/it' in size <8> not available
(Font)              Font shape `T1/pcr/m/sl' tried instead on input line 58.
LaTeX Font Info:    Font shape `T1/pcr/m/it' in size <7> not available
(Font)              Font shape `T1/pcr/m/sl' tried instead on input line 58.

Package longtable Warning: Column widths have changed
(longtable)                in table 2.1 on input line 68.


Underfull \hbox (badness 10000) detected at line 76
[][][]
 []


Underfull \hbox (badness 10000) detected at line 79
[][][]
 []


LaTeX Warning: Reference `dtls__common__config_8h_a492bd3dd9796905085db586454ca
2e5e' on page 8 undefined on input line 80.

[8]

Package longtable Warning: Column widths have changed
(longtable)                in table 2.2 on input line 98.


Underfull \hbox (badness 10000) detected at line 99
[][][]
 []


Underfull \hbox (badness 10000) detected at line 110
[][][]
 []


Package longtable Warning: Column widths have changed
(longtable)                in table 2.3 on input line 127.


Underfull \hbox (badness 10000) detected at line 128
[][][]
 []

[9]
Underfull \hbox (badness 10000) detected at line 141
[][][]
 []


Package longtable Warning: Column widths have changed
(longtable)                in table 2.4 on input line 160.


Underfull \hbox (badness 10000) detected at line 161
[][][]
 []


Underfull \hbox (badness 10000) detected at line 173
[][][]
 []


Underfull \hbox (badness 10000) detected at line 176
[][][]
 []


LaTeX Warning: Reference `dtls__common__config_8h_ac56fdbed0e9cf4f0e445dc8fbbac
ce28' on page 10 undefined on input line 177.

[10]

Package longtable Warning: Column widths have changed
(longtable)                in table 2.5 on input line 199.


Underfull \hbox (badness 10000) detected at line 200
[][][]
 []


Underfull \hbox (badness 10000) detected at line 211
[][][]
 []


Underfull \hbox (badness 10000) detected at line 214
[][][]
 []


LaTeX Warning: Reference `server__functions_8h_a1990dde3c205e63d4c093448a4b3ef3
4' on page 11 undefined on input line 215.


Package longtable Warning: Column widths have changed
(longtable)                in table 2.6 on input line 235.


Overfull \vbox (31.81224pt too high) has occurred while \output is active []


[11]
Underfull \hbox (badness 10000) detected at line 236
[][][]
 []


Underfull \hbox (badness 10000) detected at line 247
[][][]
 []


Package longtable Warning: Column widths have changed
(longtable)                in table 2.7 on input line 268.


Underfull \hbox (badness 10000) detected at line 269
[][][]
 []


Underfull \hbox (badness 10000) detected at line 280
[][][]
 []


Underfull \hbox (badness 10000) detected at line 283
[][][]
 []


LaTeX Warning: Reference `dtls__common__config_8h_a2dee2805093e4e864f1a257aef14
13ec' on page 12 undefined on input line 284.

) (./dtls__common__config_8h_source.tex [12]) (./logging_8h.tex [13]
Underfull \hbox (badness 10000) detected at line 43
[][][]
 []


Underfull \hbox (badness 10000) detected at line 46
[][][]
 []


Underfull \hbox (badness 10000) detected at line 49
[][][]
 []


Underfull \hbox (badness 10000) detected at line 54
[][][]
 []


LaTeX Warning: Reference `server__functions_8h' on page 14 undefined on input l
ine 55.


LaTeX Warning: Reference `main_8c' on page 14 undefined on input line 57.

[14]

Package longtable Warning: Column widths have changed
(longtable)                in table 2.8 on input line 93.


Package longtable Warning: Column widths have changed
(longtable)                in table 2.9 on input line 121.


Underfull \hbox (badness 10000) detected at line 139
[][][]
 []

[15]
Underfull \hbox (badness 10000) detected at line 142
[][][]
 []


LaTeX Warning: Reference `logging_8h_aef84f1c7d25b676ceb0d8071cf7e6680' on page
 16 undefined on input line 143.


Underfull \hbox (badness 10000) detected at line 155
[][][]
 []


Package longtable Warning: Column widths have changed
(longtable)                in table 2.10 on input line 174.


Underfull \hbox (badness 10000) detected at line 175
[][][]
 []


Underfull \hbox (badness 10000) detected at line 186
[][][]
 []

[16]
Underfull \hbox (badness 10000) detected at line 189
[][][]
 []


LaTeX Warning: Reference `logging_8h_ac42027cad4076d432c44b52142dd10dd' on page
 17 undefined on input line 190.


Package longtable Warning: Column widths have changed
(longtable)                in table 2.11 on input line 206.


Underfull \hbox (badness 10000) detected at line 209
[][][]
 []

) (./logging_8h_source.tex [17]) (./psk__validator_8h.tex [18]
Underfull \hbox (badness 10000) detected at line 30
[][][]
 []


Underfull \hbox (badness 10000) detected at line 33
[][][]
 []


Underfull \hbox (badness 10000) detected at line 36
[][][]
 []


Underfull \hbox (badness 10000) detected at line 41
[][][]
 []


LaTeX Warning: Reference `dtls__common__config_8h' on page 19 undefined on inpu
t line 42.


LaTeX Warning: Reference `server__functions_8h' on page 19 undefined on input l
ine 44.


Package longtable Warning: Column widths have changed
(longtable)                in table 2.12 on input line 65.


Underfull \hbox (badness 10000) detected at line 66
[][][]
 []

[19]
Underfull \hbox (badness 10000) detected at line 76
[][][]
 []


Underfull \hbox (badness 10000) detected at line 79
[][][]
 []


LaTeX Warning: Reference `psk__validator_8c_a9cf6c3d9a1ca4ecafc27b4b5cf059d9c' 
on page 20 undefined on input line 80.


Package longtable Warning: Column widths have changed
(longtable)                in table 2.13 on input line 88.


Underfull \hbox (badness 10000) detected at line 89
[][][]
 []


Underfull \hbox (badness 10000) detected at line 100
[][][]
 []


Underfull \hbox (badness 10000) detected at line 105
[][][]
 []


LaTeX Warning: Reference `psk__validator_8c_a9cf6c3d9a1ca4ecafc27b4b5cf059d9c' 
on page 20 undefined on input line 106.


Underfull \hbox (badness 10000) detected at line 126
[][][]
 []


Underfull \hbox (badness 10000) detected at line 129
[][][]
 []


LaTeX Warning: Reference `psk__validator_8c_af84bfa633858d22629eeb419e53a30c1' 
on page 20 undefined on input line 130.

[20]
Underfull \hbox (badness 10000) detected at line 140
[][][]
 []


Underfull \hbox (badness 10000) detected at line 145
[][][]
 []


LaTeX Warning: Reference `psk__validator_8c_af84bfa633858d22629eeb419e53a30c1' 
on page 21 undefined on input line 146.


Package longtable Warning: Column widths have changed
(longtable)                in table 2.14 on input line 166.


Underfull \hbox (badness 10000) detected at line 167
[][][]
 []

[21]
Underfull \hbox (badness 10000) detected at line 178
[][][]
 []


Underfull \hbox (badness 10000) detected at line 181
[][][]
 []


LaTeX Warning: Reference `psk__validator_8c_a9cf6c3d9a1ca4ecafc27b4b5cf059d9c' 
on page 22 undefined on input line 182.


Package longtable Warning: Column widths have changed
(longtable)                in table 2.15 on input line 192.


Underfull \hbox (badness 10000) detected at line 193
[][][]
 []


Underfull \hbox (badness 10000) detected at line 204
[][][]
 []


Underfull \hbox (badness 10000) detected at line 207
[][][]
 []


LaTeX Warning: Reference `psk__validator_8c_a9cf6c3d9a1ca4ecafc27b4b5cf059d9c' 
on page 22 undefined on input line 208.


Underfull \hbox (badness 10000) detected at line 220
[][][]
 []


Underfull \hbox (badness 10000) detected at line 225
[][][]
 []

[22]

Package longtable Warning: Column widths have changed
(longtable)                in table 2.16 on input line 246.


Underfull \hbox (badness 10000) detected at line 247
[][][]
 []


Underfull \hbox (badness 10000) detected at line 258
[][][]
 []


Underfull \hbox (badness 10000) detected at line 261
[][][]
 []


LaTeX Warning: Reference `psk__validator_8c_a27dde0ae78aff86e6e10e2fa34c04380' 
on page 23 undefined on input line 262.


Package longtable Warning: Column widths have changed
(longtable)                in table 2.17 on input line 272.


Underfull \hbox (badness 10000) detected at line 273
[][][]
 []

[23]
Underfull \hbox (badness 10000) detected at line 284
[][][]
 []


Underfull \hbox (badness 10000) detected at line 289
[][][]
 []


LaTeX Warning: Reference `psk__validator_8c_a27dde0ae78aff86e6e10e2fa34c04380' 
on page 24 undefined on input line 290.


Package longtable Warning: Column widths have changed
(longtable)                in table 2.18 on input line 306.


Underfull \hbox (badness 10000) detected at line 307
[][][]
 []


Underfull \hbox (badness 10000) detected at line 318
[][][]
 []


Underfull \hbox (badness 10000) detected at line 323
[][][]
 []


LaTeX Warning: Reference `psk__validator_8c_aec3fccc28ea8546380cd0c4efaacf603' 
on page 24 undefined on input line 324.

[24]

Package longtable Warning: Column widths have changed
(longtable)                in table 2.19 on input line 330.


Underfull \hbox (badness 10000) detected at line 331
[][][]
 []


Underfull \hbox (badness 10000) detected at line 343
[][][]
 []


Underfull \hbox (badness 10000) detected at line 348
[][][]
 []


LaTeX Warning: Reference `psk__validator_8c_aec3fccc28ea8546380cd0c4efaacf603' 
on page 25 undefined on input line 349.


Underfull \hbox (badness 10000) detected at line 361
[][][]
 []


Underfull \hbox (badness 10000) detected at line 366
[][][]
 []

) (./psk__validator_8h_source.tex [25]) (./server__functions_8h.tex [26]
Underfull \hbox (badness 10000) detected at line 37
[][][]
 []


Underfull \hbox (badness 10000) detected at line 40
[][][]
 []


Underfull \hbox (badness 10000) detected at line 43
[][][]
 []


Underfull \hbox (badness 10000) detected at line 48
[][][]
 []


LaTeX Warning: Reference `main_8c' on page 27 undefined on input line 49.


LaTeX Warning: Reference `dtls__common__config_8h' on page 27 undefined on inpu
t line 51.


LaTeX Warning: Reference `logging_8h' on page 27 undefined on input line 53.


Package longtable Warning: Column widths have changed
(longtable)                in table 2.20 on input line 82.

[27]
Underfull \hbox (badness 10000) detected at line 83
[][][]
 []


Underfull \hbox (badness 10000) detected at line 95
[][][]
 []


Package longtable Warning: Column widths have changed
(longtable)                in table 2.21 on input line 112.


Underfull \hbox (badness 10000) detected at line 121
[][][]
 []


Underfull \hbox (badness 10000) detected at line 124
[][][]
 []


LaTeX Warning: Reference `server__functions_8h_a4f61b5d1b962aae94872249c599e663
4' on page 28 undefined on input line 125.

[28]

Package longtable Warning: Column widths have changed
(longtable)                in table 2.22 on input line 147.


Underfull \hbox (badness 10000) detected at line 148
[][][]
 []


Underfull \hbox (badness 10000) detected at line 160
[][][]
 []


Package longtable Warning: Column widths have changed
(longtable)                in table 2.23 on input line 183.


Overfull \vbox (15.74144pt too high) has occurred while \output is active []


[29]
Underfull \hbox (badness 10000) detected at line 184
[][][]
 []


Underfull \hbox (badness 10000) detected at line 196
[][][]
 []


Package longtable Warning: Column widths have changed
(longtable)                in table 2.24 on input line 217.


Underfull \hbox (badness 10000) detected at line 218
[][][]
 []


Underfull \hbox (badness 10000) detected at line 229
[][][]
 []


Underfull \hbox (badness 10000) detected at line 232
[][][]
 []


LaTeX Warning: Reference `server__functions_8h_aa60a9510f2df860643e310eb0148448
7' on page 30 undefined on input line 233.

[30]

Package longtable Warning: Column widths have changed
(longtable)                in table 2.25 on input line 249.


Underfull \hbox (badness 10000) detected at line 250
[][][]
 []


Underfull \hbox (badness 10000) detected at line 262
[][][]
 []


Underfull \hbox (badness 10000) detected at line 265
[][][]
 []


LaTeX Warning: Reference `server__functions_8h_a4f61b5d1b962aae94872249c599e663
4' on page 31 undefined on input line 266.


Package longtable Warning: Column widths have changed
(longtable)                in table 2.26 on input line 282.


Underfull \hbox (badness 10000) detected at line 283
[][][]
 []

[31]
Underfull \hbox (badness 10000) detected at line 293
[][][]
 []


Package longtable Warning: Column widths have changed
(longtable)                in table 2.27 on input line 314.


Underfull \hbox (badness 10000) detected at line 315
[][][]
 []


Underfull \hbox (badness 10000) detected at line 326
[][][]
 []


Underfull \hbox (badness 10000) detected at line 329
[][][]
 []


LaTeX Warning: Reference `psk__validator_8h' on page 32 undefined on input line
 330.

) (./server__functions_8h_source.tex [32]) (./main_8c.tex [33]
Underfull \hbox (badness 10000) detected at line 37
[][][]
 []


Underfull \hbox (badness 10000) detected at line 40
[][][]
 []


Underfull \hbox (badness 10000) detected at line 43
[][][]
 []


LaTeX Warning: Reference `main_8c_accc4b71950f29e6ddc4293d30f7e5ea0' on page 34
 undefined on input line 65.

[34]
Underfull \hbox (badness 10000) detected at line 97
[][][]
 []


LaTeX Warning: Reference `logging_8h' on page 35 undefined on input line 98.


LaTeX Warning: Reference `dtls__common__config_8h' on page 35 undefined on inpu
t line 100.


LaTeX Warning: Reference `psk__validator_8h' on page 35 undefined on input line
 102.

[35]

Package longtable Warning: Column widths have changed
(longtable)                in table 2.28 on input line 127.


Underfull \hbox (badness 10000) detected at line 171
[][][]
 []


Underfull \hbox (badness 10000) detected at line 176
[][][]
 []

[36]

Package longtable Warning: Column widths have changed
(longtable)                in table 2.29 on input line 199.


Underfull \hbox (badness 10000) detected at line 200
[][][]
 []


LaTeX Warning: Reference `psk__validator_8c_a9cf6c3d9a1ca4ecafc27b4b5cf059d9c' 
on page 37 undefined on input line 221.


Underfull \hbox (badness 10000) detected at line 233
[][][]
 []


Underfull \hbox (badness 10000) detected at line 236
[][][]
 []


LaTeX Warning: Reference `psk__validator_8c_a9cf6c3d9a1ca4ecafc27b4b5cf059d9c' 
on page 37 undefined on input line 237.

[37]

Package longtable Warning: Column widths have changed
(longtable)                in table 2.30 on input line 255.


LaTeX Warning: Reference `main_8c_a3c04138a5bfe5d72780bb7e82a18e627' on page 38
 undefined on input line 272.


Underfull \hbox (badness 10000) detected at line 282
[][][]
 []


Underfull \hbox (badness 10000) detected at line 287
[][][]
 []


LaTeX Warning: Reference `main_8c_a2f45113638a0b749a8a205d2cd7fb42b' on page 38
 undefined on input line 288.


LaTeX Warning: Reference `main_8c_a3c04138a5bfe5d72780bb7e82a18e627' on page 38
 undefined on input line 290.

[38]

Package longtable Warning: Column widths have changed
(longtable)                in table 2.31 on input line 314.

[39]
Underfull \hbox (badness 10000) detected at line 381
[][][]
 []


Underfull \hbox (badness 10000) detected at line 386
[][][]
 []


LaTeX Warning: Reference `main_8c_aa7115e126eb6986fa2e1f6fb95ea839c' on page 40
 undefined on input line 387.


Package longtable Warning: Column widths have changed
(longtable)                in table 2.32 on input line 415.

[40]

LaTeX Warning: Reference `main_8c_accc4b71950f29e6ddc4293d30f7e5ea0' on page 41
 undefined on input line 458.


Underfull \hbox (badness 10000) detected at line 482
[][][]
 []


Underfull \hbox (badness 10000) detected at line 487
[][][]
 []


LaTeX Warning: Reference `main_8c_accc4b71950f29e6ddc4293d30f7e5ea0' on page 41
 undefined on input line 488.


LaTeX Warning: Reference `main_8c_aa7115e126eb6986fa2e1f6fb95ea839c' on page 41
 undefined on input line 490.

[41]

Package longtable Warning: Column widths have changed
(longtable)                in table 2.33 on input line 512.


Underfull \hbox (badness 10000) detected at line 513
[][][]
 []

[42]
Underfull \hbox (badness 10000) detected at line 566
[][][]
 []


Underfull \hbox (badness 10000) detected at line 571
[][][]
 []


LaTeX Warning: Reference `main_8c_a83a44dda389e573327d70022c12d354b' on page 43
 undefined on input line 572.


LaTeX Warning: Reference `main_8c_acab7a6032b51f15d6a5757d72869f63d' on page 43
 undefined on input line 574.


LaTeX Warning: Reference `main_8c_a621fbdb414850866e6bcb447ff161ee8' on page 43
 undefined on input line 576.


LaTeX Warning: Reference `psk__validator_8c_af84bfa633858d22629eeb419e53a30c1' 
on page 43 undefined on input line 578.


LaTeX Warning: Reference `main_8c_a8a4a57e67a69aa2cffe4be09356a41a1' on page 43
 undefined on input line 580.


LaTeX Warning: Reference `main_8c_ad9f6850cb60aa823fb4577f8754aec89' on page 43
 undefined on input line 582.


Package longtable Warning: Column widths have changed
(longtable)                in table 2.34 on input line 602.


Overfull \vbox (10.5702pt too high) has occurred while \output is active []


[43]
Underfull \hbox (badness 10000) detected at line 603
[][][]
 []


Underfull \hbox (badness 10000) detected at line 647
[][][]
 []


Underfull \hbox (badness 10000) detected at line 652
[][][]
 []


LaTeX Warning: Reference `main_8c_a8a4a57e67a69aa2cffe4be09356a41a1' on page 44
 undefined on input line 653.

[44]

Package longtable Warning: Column widths have changed
(longtable)                in table 2.35 on input line 675.


Underfull \hbox (badness 10000) detected at line 676
[][][]
 []


Underfull \hbox (badness 10000) detected at line 696
[][][]
 []


Underfull \hbox (badness 10000) detected at line 699
[][][]
 []


Underfull \hbox (badness 10000) detected at line 721
[][][]
 []


LaTeX Warning: Reference `main_8c_a83a44dda389e573327d70022c12d354b' on page 45
 undefined on input line 722.

) (./psk__validator_8c.tex [45]
Underfull \hbox (badness 10000) detected at line 40
[][][]
 []


Underfull \hbox (badness 10000) detected at line 43
[][][]
 []


Underfull \hbox (badness 10000) detected at line 46
[][][]
 []


Underfull \hbox (badness 10000) detected at line 51
[][][]
 []


LaTeX Warning: Reference `psk__validator_8h' on page 46 undefined on input line
 52.


LaTeX Warning: Reference `dtls__common__config_8h' on page 46 undefined on inpu
t line 54.

[46]

Package longtable Warning: Column widths have changed
(longtable)                in table 2.36 on input line 75.


Underfull \hbox (badness 10000) detected at line 76
[][][]
 []


Underfull \hbox (badness 10000) detected at line 87
[][][]
 []


Underfull \hbox (badness 10000) detected at line 92
[][][]
 []


LaTeX Warning: Reference `psk__validator_8c_a9cf6c3d9a1ca4ecafc27b4b5cf059d9c' 
on page 47 undefined on input line 93.


Underfull \hbox (badness 10000) detected at line 113
[][][]
 []

[47]
Underfull \hbox (badness 10000) detected at line 118
[][][]
 []


LaTeX Warning: Reference `psk__validator_8c_af84bfa633858d22629eeb419e53a30c1' 
on page 48 undefined on input line 119.


Package longtable Warning: Column widths have changed
(longtable)                in table 2.37 on input line 139.


Underfull \hbox (badness 10000) detected at line 140
[][][]
 []


Underfull \hbox (badness 10000) detected at line 151
[][][]
 []


Underfull \hbox (badness 10000) detected at line 154
[][][]
 []


LaTeX Warning: Reference `psk__validator_8c_a9cf6c3d9a1ca4ecafc27b4b5cf059d9c' 
on page 48 undefined on input line 155.


Underfull \hbox (badness 10000) detected at line 167
[][][]
 []

[48]
Underfull \hbox (badness 10000) detected at line 172
[][][]
 []


Package longtable Warning: Column widths have changed
(longtable)                in table 2.38 on input line 193.


Underfull \hbox (badness 10000) detected at line 194
[][][]
 []


Underfull \hbox (badness 10000) detected at line 205
[][][]
 []


Underfull \hbox (badness 10000) detected at line 210
[][][]
 []


LaTeX Warning: Reference `psk__validator_8c_a27dde0ae78aff86e6e10e2fa34c04380' 
on page 49 undefined on input line 211.

[49]

Package longtable Warning: Column widths have changed
(longtable)                in table 2.39 on input line 227.


Underfull \hbox (badness 10000) detected at line 228
[][][]
 []


Underfull \hbox (badness 10000) detected at line 240
[][][]
 []


Underfull \hbox (badness 10000) detected at line 245
[][][]
 []


LaTeX Warning: Reference `psk__validator_8c_aec3fccc28ea8546380cd0c4efaacf603' 
on page 50 undefined on input line 246.


Underfull \hbox (badness 10000) detected at line 258
[][][]
 []


Underfull \hbox (badness 10000) detected at line 263
[][][]
 []

) [50]
No file refman.ind.

Package longtable Warning: Table widths have changed. Rerun LaTeX.

(./refman.aux)
 ***********
LaTeX2e <2023-11-01> patch level 1
L3 programming layer <2024-01-22>
 ***********


LaTeX Warning: There were undefined references.


LaTeX Warning: Label(s) may have changed. Rerun to get cross-references right.

 ) 
Here is how much of TeX's memory you used:
 11770 strings out of 476106
 192623 string characters out of 5793933
 1943975 words of memory out of 5000000
 33502 multiletter control sequences out of 15000+600000
 611620 words of font info for 105 fonts, out of 8000000 for 9000
 59 hyphenation exceptions out of 8191
 101i,16n,117p,611b,562s stack positions out of 10000i,1000n,20000p,200000b,200000s
</usr/share/texlive/texmf-dist/fonts/type1/public/amsfonts/cm/cmmi10.pfb></us
r/share/texlive/texmf-dist/fonts/type1/public/amsfonts/cm/cmmi7.pfb></usr/share
/texlive/texmf-dist/fonts/type1/public/amsfonts/cm/cmsy10.pfb></usr/share/texli
ve/texmf-dist/fonts/type1/public/amsfonts/cm/cmsy7.pfb></usr/share/texlive/texm
f-dist/fonts/type1/public/amsfonts/cm/cmsy8.pfb></usr/share/texlive/texmf-dist/
fonts/type1/urw/courier/ucrb8a.pfb></usr/share/texlive/texmf-dist/fonts/type1/u
rw/courier/ucrr8a.pfb></usr/share/texlive/texmf-dist/fonts/type1/urw/courier/uc
rro8a.pfb></usr/share/texlive/texmf-dist/fonts/type1/urw/helvetic/uhvb8a.pfb></
usr/share/texlive/texmf-dist/fonts/type1/urw/helvetic/uhvb8ac.pfb></usr/share/t
exlive/texmf-dist/fonts/type1/urw/helvetic/uhvr8a.pfb></usr/share/texlive/texmf
-dist/fonts/type1/urw/helvetic/uhvro8a.pfb>
Output written on refman.pdf (52 pages, 207289 bytes).
PDF statistics:
 234 PDF objects out of 1000 (max. 8388607)
 154 compressed objects within 2 object streams
 0 named destinations out of 1000 (max. 500000)
 1 words of extra memory for PDF output out of 10000 (max. 10000000)

