\BOOKMARK [0][-]{chapter.1}{\376\377\0001\000\040\000C\000l\000a\000s\000s\000\040\000I\000n\000d\000e\000x}{}% 1
\BOOKMARK [1][-]{section.1.1}{\376\377\0001\000.\0001\000\040\000C\000l\000a\000s\000s\000\040\000L\000i\000s\000t}{chapter.1}% 2
\BOOKMARK [0][-]{chapter.2}{\376\377\0002\000\040\000F\000i\000l\000e\000\040\000I\000n\000d\000e\000x}{}% 3
\BOOKMARK [1][-]{section.2.1}{\376\377\0002\000.\0001\000\040\000F\000i\000l\000e\000\040\000L\000i\000s\000t}{chapter.2}% 4
\BOOKMARK [0][-]{chapter.3}{\376\377\0003\000\040\000C\000l\000a\000s\000s\000\040\000D\000o\000c\000u\000m\000e\000n\000t\000a\000t\000i\000o\000n}{}% 5
\BOOKMARK [1][-]{section.3.1}{\376\377\0003\000.\0001\000\040\000p\000s\000k\000\137\000v\000a\000l\000i\000d\000\137\000k\000e\000y\000s\000\137\000t\000\040\000S\000t\000r\000u\000c\000t\000\040\000R\000e\000f\000e\000r\000e\000n\000c\000e}{chapter.3}% 6
\BOOKMARK [2][-]{subsection.3.1.1}{\376\377\0003\000.\0001\000.\0001\000\040\000D\000e\000t\000a\000i\000l\000e\000d\000\040\000D\000e\000s\000c\000r\000i\000p\000t\000i\000o\000n}{section.3.1}% 7
\BOOKMARK [2][-]{subsection.3.1.2}{\376\377\0003\000.\0001\000.\0002\000\040\000M\000e\000m\000b\000e\000r\000\040\000D\000a\000t\000a\000\040\000D\000o\000c\000u\000m\000e\000n\000t\000a\000t\000i\000o\000n}{section.3.1}% 8
\BOOKMARK [3][-]{subsubsection.3.1.2.1}{\376\377\0003\000.\0001\000.\0002\000.\0001\000\040\000c\000a\000p\000a\000c\000i\000t\000y}{subsection.3.1.2}% 9
\BOOKMARK [3][-]{subsubsection.3.1.2.2}{\376\377\0003\000.\0001\000.\0002\000.\0002\000\040\000c\000o\000u\000n\000t}{subsection.3.1.2}% 10
\BOOKMARK [3][-]{subsubsection.3.1.2.3}{\376\377\0003\000.\0001\000.\0002\000.\0003\000\040\000k\000e\000y\000s}{subsection.3.1.2}% 11
\BOOKMARK [0][-]{chapter.4}{\376\377\0004\000\040\000F\000i\000l\000e\000\040\000D\000o\000c\000u\000m\000e\000n\000t\000a\000t\000i\000o\000n}{}% 12
\BOOKMARK [1][-]{section.4.1}{\376\377\0004\000.\0001\000\040\000s\000r\000c\000/\000m\000a\000i\000n\000.\000c\000\040\000F\000i\000l\000e\000\040\000R\000e\000f\000e\000r\000e\000n\000c\000e}{chapter.4}% 13
\BOOKMARK [2][-]{subsection.4.1.1}{\376\377\0004\000.\0001\000.\0001\000\040\000D\000e\000t\000a\000i\000l\000e\000d\000\040\000D\000e\000s\000c\000r\000i\000p\000t\000i\000o\000n}{section.4.1}% 14
\BOOKMARK [2][-]{subsection.4.1.2}{\376\377\0004\000.\0001\000.\0002\000\040\000M\000a\000c\000r\000o\000\040\000D\000e\000f\000i\000n\000i\000t\000i\000o\000n\000\040\000D\000o\000c\000u\000m\000e\000n\000t\000a\000t\000i\000o\000n}{section.4.1}% 15
\BOOKMARK [3][-]{subsubsection.4.1.2.1}{\376\377\0004\000.\0001\000.\0002\000.\0001\000\040\000R\000E\000S\000O\000U\000R\000C\000E\000\137\000C\000A\000B\000I\000N\000\137\000R\000E\000Q\000U\000E\000S\000T}{subsection.4.1.2}% 16
\BOOKMARK [3][-]{subsubsection.4.1.2.2}{\376\377\0004\000.\0001\000.\0002\000.\0002\000\040\000R\000E\000S\000O\000U\000R\000C\000E\000\137\000F\000L\000O\000O\000R\000\137\000C\000A\000L\000L}{subsection.4.1.2}% 17
\BOOKMARK [3][-]{subsubsection.4.1.2.3}{\376\377\0004\000.\0001\000.\0002\000.\0003\000\040\000S\000E\000R\000V\000E\000R\000\137\000I\000P}{subsection.4.1.2}% 18
\BOOKMARK [3][-]{subsubsection.4.1.2.4}{\376\377\0004\000.\0001\000.\0002\000.\0004\000\040\000S\000E\000R\000V\000E\000R\000\137\000P\000O\000R\000T}{subsection.4.1.2}% 19
\BOOKMARK [2][-]{subsection.4.1.3}{\376\377\0004\000.\0001\000.\0003\000\040\000F\000u\000n\000c\000t\000i\000o\000n\000\040\000D\000o\000c\000u\000m\000e\000n\000t\000a\000t\000i\000o\000n}{section.4.1}% 20
\BOOKMARK [3][-]{subsubsection.4.1.3.1}{\376\377\0004\000.\0001\000.\0003\000.\0001\000\040\000g\000e\000n\000e\000r\000a\000t\000e\000\137\000u\000n\000i\000q\000u\000e\000\137\000t\000a\000s\000k\000\137\000i\000d\000\050\000\051}{subsection.4.1.3}% 21
\BOOKMARK [3][-]{subsubsection.4.1.3.2}{\376\377\0004\000.\0001\000.\0003\000.\0002\000\040\000h\000a\000n\000d\000l\000e\000\137\000s\000i\000g\000i\000n\000t\000\050\000\051}{subsection.4.1.3}% 22
\BOOKMARK [3][-]{subsubsection.4.1.3.3}{\376\377\0004\000.\0001\000.\0003\000.\0003\000\040\000m\000a\000i\000n\000\050\000\051}{subsection.4.1.3}% 23
\BOOKMARK [1][-]{section.4.2}{\376\377\0004\000.\0002\000\040\000s\000r\000c\000/\000p\000s\000k\000\137\000v\000a\000l\000i\000d\000a\000t\000o\000r\000.\000c\000\040\000F\000i\000l\000e\000\040\000R\000e\000f\000e\000r\000e\000n\000c\000e}{chapter.4}% 24
\BOOKMARK [2][-]{subsection.4.2.1}{\376\377\0004\000.\0002\000.\0001\000\040\000D\000e\000t\000a\000i\000l\000e\000d\000\040\000D\000e\000s\000c\000r\000i\000p\000t\000i\000o\000n}{section.4.2}% 25
\BOOKMARK [2][-]{subsection.4.2.2}{\376\377\0004\000.\0002\000.\0002\000\040\000F\000u\000n\000c\000t\000i\000o\000n\000\040\000D\000o\000c\000u\000m\000e\000n\000t\000a\000t\000i\000o\000n}{section.4.2}% 26
\BOOKMARK [3][-]{subsubsection.4.2.2.1}{\376\377\0004\000.\0002\000.\0002\000.\0001\000\040\000p\000s\000k\000\137\000v\000a\000l\000i\000d\000a\000t\000o\000r\000\137\000c\000h\000e\000c\000k\000\137\000k\000e\000y\000\050\000\051}{subsection.4.2.2}% 27
\BOOKMARK [3][-]{subsubsection.4.2.2.2}{\376\377\0004\000.\0002\000.\0002\000.\0002\000\040\000p\000s\000k\000\137\000v\000a\000l\000i\000d\000a\000t\000o\000r\000\137\000c\000l\000e\000a\000n\000u\000p\000\050\000\051}{subsection.4.2.2}% 28
\BOOKMARK [3][-]{subsubsection.4.2.2.3}{\376\377\0004\000.\0002\000.\0002\000.\0003\000\040\000p\000s\000k\000\137\000v\000a\000l\000i\000d\000a\000t\000o\000r\000\137\000g\000e\000t\000\137\000k\000e\000y\000\137\000b\000y\000\137\000i\000n\000d\000e\000x\000\050\000\051}{subsection.4.2.2}% 29
\BOOKMARK [3][-]{subsubsection.4.2.2.4}{\376\377\0004\000.\0002\000.\0002\000.\0004\000\040\000p\000s\000k\000\137\000v\000a\000l\000i\000d\000a\000t\000o\000r\000\137\000g\000e\000t\000\137\000k\000e\000y\000\137\000c\000o\000u\000n\000t\000\050\000\051}{subsection.4.2.2}% 30
\BOOKMARK [3][-]{subsubsection.4.2.2.5}{\376\377\0004\000.\0002\000.\0002\000.\0005\000\040\000p\000s\000k\000\137\000v\000a\000l\000i\000d\000a\000t\000o\000r\000\137\000g\000e\000t\000\137\000k\000e\000y\000\137\000f\000o\000r\000\137\000i\000d\000e\000n\000t\000i\000t\000y\000\050\000\051}{subsection.4.2.2}% 31
\BOOKMARK [3][-]{subsubsection.4.2.2.6}{\376\377\0004\000.\0002\000.\0002\000.\0006\000\040\000p\000s\000k\000\137\000v\000a\000l\000i\000d\000a\000t\000o\000r\000\137\000i\000n\000i\000t\000\050\000\051}{subsection.4.2.2}% 32
\BOOKMARK [3][-]{subsubsection.4.2.2.7}{\376\377\0004\000.\0002\000.\0002\000.\0007\000\040\000p\000s\000k\000\137\000v\000a\000l\000i\000d\000a\000t\000o\000r\000\137\000i\000s\000\137\000i\000n\000i\000t\000i\000a\000l\000i\000z\000e\000d\000\050\000\051}{subsection.4.2.2}% 33
\BOOKMARK [0][-]{section*.8}{\376\377\000I\000n\000d\000e\000x}{}% 34
